2025/03/07 16:06:56 --- MTP Music Manager Started ---
2025/03/07 16:06:56 OS: darwin, Architecture: arm64
2025/03/07 16:06:56 Verbose logging: false
2025/03/07 16:06:56 [INFO] Starting MTP Music Manager
2025/03/07 16:06:56 [INFO] Running on darwin/arm64
2025/03/07 16:06:56 [INFO] Initializing device with timeout of 30s...
2025/03/07 16:06:56 [INFO] Starting MTP device detection in background goroutine
2025/03/07 16:06:56 [INFO] MTP device found successfully
2025/03/07 16:06:56 [INFO] Device initialized successfully
2025/03/07 16:06:56 [INFO] Fetching storages with timeout of 30s...
2025/03/07 16:06:56 [INFO] Found 1 storage(s) on device
2025/03/07 16:06:56 [INFO] Storages fetched successfully
2025/03/07 16:07:08 [ERROR] Error selecting storage: invalid storage selection
2025/03/07 16:07:14 [INFO] Found existing Music folder with ID: 16777218
2025/03/07 16:07:28 [INFO] Found existing folder 'JOYRYDE_Skrillex' with ID: 16777312
2025/03/07 16:07:28 [INFO] Folder 'AGEN_WIDA' not found, creating it
2025/03/07 16:07:29 [INFO] Created folder 'AGEN_WIDA' with ID: 16783469
2025/03/07 16:07:29 [INFO] Uploading AGEN WIDA.mp3 to album folder (storage ID: 131073, folder ID: 16783469)
2025/03/07 16:07:29 [INFO] Successfully uploaded AGEN WIDA.mp3 (object ID: 16783470) to /Music/JOYRYDE_Skrillex/AGEN_WIDA/AGEN WIDA.mp3
2025/03/07 16:07:29 [INFO] Found existing folder 'ISOxo_Knock2' with ID: 16777307
2025/03/07 16:07:29 [INFO] Found existing folder 'niteharts' with ID: 16777784
2025/03/07 16:07:29 [INFO] Uploading Aarena (Knock2 Remix).mp3 to album folder (storage ID: 131073, folder ID: 16777784)
2025/03/07 16:07:29 [INFO] Successfully uploaded Aarena (Knock2 Remix).mp3 (object ID: 16783471) to /Music/ISOxo_Knock2/niteharts/Aarena (Knock2 Remix).mp3
2025/03/07 16:07:30 [INFO] Found existing folder 'Jauz' with ID: 16777313
2025/03/07 16:07:30 [INFO] Found existing folder 'Alpha' with ID: 16777795
2025/03/07 16:07:30 [INFO] Uploading Alpha.mp3 to album folder (storage ID: 131073, folder ID: 16777795)
2025/03/07 16:07:30 [INFO] Successfully uploaded Alpha.mp3 (object ID: 16783472) to /Music/Jauz/Alpha/Alpha.mp3
2025/03/07 16:07:30 [INFO] Found existing folder 'Herobust' with ID: 16777314
2025/03/07 16:07:30 [INFO] Folder 'BRUH' not found, creating it
2025/03/07 16:07:30 [INFO] Created folder 'BRUH' with ID: 16783473
2025/03/07 16:07:30 [INFO] Uploading BRUH!.mp3 to album folder (storage ID: 131073, folder ID: 16783473)
2025/03/07 16:07:31 [INFO] Successfully uploaded BRUH!.mp3 (object ID: 16783474) to /Music/Herobust/BRUH/BRUH!.mp3
2025/03/07 16:07:31 [INFO] Folder 'Bro_Safari_Tank_Parade' not found, creating it
2025/03/07 16:07:31 [INFO] Created folder 'Bro_Safari_Tank_Parade' with ID: 16783475
2025/03/07 16:07:31 [INFO] Folder 'Blitz' not found, creating it
2025/03/07 16:07:31 [INFO] Created folder 'Blitz' with ID: 16783476
2025/03/07 16:07:31 [INFO] Uploading Blitz.mp3 to album folder (storage ID: 131073, folder ID: 16783476)
2025/03/07 16:07:32 [INFO] Successfully uploaded Blitz.mp3 (object ID: 16783477) to /Music/Bro_Safari_Tank_Parade/Blitz/Blitz.mp3
2025/03/07 16:07:32 [INFO] Found existing folder 'Herobust' with ID: 16777314
2025/03/07 16:07:32 [INFO] Folder 'Blockbuster_VIP' not found, creating it
2025/03/07 16:07:32 [INFO] Created folder 'Blockbuster_VIP' with ID: 16783478
2025/03/07 16:07:32 [INFO] Uploading Blockbuster VIP.mp3 to album folder (storage ID: 131073, folder ID: 16783478)
2025/03/07 16:07:32 [INFO] Successfully uploaded Blockbuster VIP.mp3 (object ID: 16783479) to /Music/Herobust/Blockbuster_VIP/Blockbuster VIP.mp3
2025/03/07 16:07:32 [INFO] Found existing folder 'Rusko_Subtronics' with ID: 16777316
2025/03/07 16:07:32 [INFO] Found existing folder 'Bounce' with ID: 16777805
2025/03/07 16:07:32 [INFO] Uploading Bounce.mp3 to album folder (storage ID: 131073, folder ID: 16777805)
2025/03/07 16:07:33 [INFO] Successfully uploaded Bounce.mp3 (object ID: 16783480) to /Music/Rusko_Subtronics/Bounce/Bounce.mp3
2025/03/07 16:07:33 [INFO] Folder '12th_Planet' not found, creating it
2025/03/07 16:07:33 [INFO] Created folder '12th_Planet' with ID: 16783481
2025/03/07 16:07:33 [INFO] Folder 'Clairvoyant' not found, creating it
2025/03/07 16:07:33 [INFO] Created folder 'Clairvoyant' with ID: 16783482
2025/03/07 16:07:33 [INFO] Uploading Clairvoyant.mp3 to album folder (storage ID: 131073, folder ID: 16783482)
2025/03/07 16:07:34 [INFO] Successfully uploaded Clairvoyant.mp3 (object ID: 16783483) to /Music/12th_Planet/Clairvoyant/Clairvoyant.mp3
2025/03/07 16:07:34 [INFO] Found existing folder '4B_NvrLeft' with ID: 16777318
2025/03/07 16:07:34 [INFO] Found existing folder 'DOPE' with ID: 16777808
2025/03/07 16:07:34 [INFO] Uploading DOPE.mp3 to album folder (storage ID: 131073, folder ID: 16777808)
2025/03/07 16:07:34 [INFO] Successfully uploaded DOPE.mp3 (object ID: 16783484) to /Music/4B_NvrLeft/DOPE/DOPE.mp3
2025/03/07 16:07:34 [INFO] Found existing folder 'RIOT' with ID: 16777311
2025/03/07 16:07:34 [INFO] Folder 'Down_With_Your_Love' not found, creating it
2025/03/07 16:07:34 [INFO] Created folder 'Down_With_Your_Love' with ID: 16783485
2025/03/07 16:07:34 [INFO] Uploading Down With Your Love.mp3 to album folder (storage ID: 131073, folder ID: 16783485)
2025/03/07 16:07:35 [INFO] Successfully uploaded Down With Your Love.mp3 (object ID: 16783486) to /Music/RIOT/Down_With_Your_Love/Down With Your Love.mp3
2025/03/07 16:07:35 [INFO] Found existing folder 'Brainrack_Eyezic_ALLEYCVT' with ID: 16777319
2025/03/07 16:07:35 [INFO] Folder 'Eyes_Closed' not found, creating it
2025/03/07 16:07:35 [INFO] Created folder 'Eyes_Closed' with ID: 16783487
2025/03/07 16:07:35 [INFO] Uploading Eyes Closed.mp3 to album folder (storage ID: 131073, folder ID: 16783487)
2025/03/07 16:07:35 [INFO] Successfully uploaded Eyes Closed.mp3 (object ID: 16783488) to /Music/Brainrack_Eyezic_ALLEYCVT/Eyes_Closed/Eyes Closed.mp3
2025/03/07 16:07:35 [INFO] Found existing folder 'Jauz' with ID: 16777313
2025/03/07 16:07:35 [INFO] Folder 'Feel_The_Volume' not found, creating it
2025/03/07 16:07:35 [INFO] Created folder 'Feel_The_Volume' with ID: 16783489
2025/03/07 16:07:35 [INFO] Uploading Feel The Volume.mp3 to album folder (storage ID: 131073, folder ID: 16783489)
2025/03/07 16:07:36 [INFO] Successfully uploaded Feel The Volume.mp3 (object ID: 16783490) to /Music/Jauz/Feel_The_Volume/Feel The Volume.mp3
2025/03/07 16:07:36 [INFO] Folder '12th_Planet_Katie_Sky' not found, creating it
2025/03/07 16:07:36 [INFO] Created folder '12th_Planet_Katie_Sky' with ID: 16783491
2025/03/07 16:07:36 [INFO] Folder 'Follow' not found, creating it
2025/03/07 16:07:36 [INFO] Created folder 'Follow' with ID: 16783492
2025/03/07 16:07:36 [INFO] Uploading Follow.mp3 to album folder (storage ID: 131073, folder ID: 16783492)
2025/03/07 16:07:37 [INFO] Successfully uploaded Follow.mp3 (object ID: 16783493) to /Music/12th_Planet_Katie_Sky/Follow/Follow.mp3
2025/03/07 16:07:37 [INFO] Found existing folder 'Buku_Bassnectar' with ID: 16777373
2025/03/07 16:07:37 [INFO] Folder 'Front_To_Back_(Bassnectar_Remix)' not found, creating it
2025/03/07 16:07:37 [INFO] Created folder 'Front_To_Back_(Bassnectar_Remix)' with ID: 16783494
2025/03/07 16:07:37 [INFO] Uploading Front To Back - Bassnectar Remix.mp3 to album folder (storage ID: 131073, folder ID: 16783494)
2025/03/07 16:07:37 [INFO] Successfully uploaded Front To Back - Bassnectar Remix.mp3 (object ID: 16783495) to /Music/Buku_Bassnectar/Front_To_Back_(Bassnectar_Remix)/Front To Back - Bassnectar Remix.mp3
2025/03/07 16:07:38 [INFO] Found existing folder 'Knock2' with ID: 16777332
2025/03/07 16:07:38 [INFO] Folder 'Sable_Valley_Summer_Vol_1' not found, creating it
2025/03/07 16:07:38 [INFO] Created folder 'Sable_Valley_Summer_Vol_1' with ID: 16783496
2025/03/07 16:07:38 [INFO] Uploading GEMS.mp3 to album folder (storage ID: 131073, folder ID: 16783496)
2025/03/07 16:07:38 [INFO] Successfully uploaded GEMS.mp3 (object ID: 16783497) to /Music/Knock2/Sable_Valley_Summer_Vol_1/GEMS.mp3
2025/03/07 16:07:38 [INFO] Found existing folder 'Jauz' with ID: 16777313
2025/03/07 16:07:38 [INFO] Folder 'Get_to_Me' not found, creating it
2025/03/07 16:07:38 [INFO] Created folder 'Get_to_Me' with ID: 16783498
2025/03/07 16:07:38 [INFO] Uploading Get to Me.mp3 to album folder (storage ID: 131073, folder ID: 16783498)
2025/03/07 16:07:39 [INFO] Successfully uploaded Get to Me.mp3 (object ID: 16783499) to /Music/Jauz/Get_to_Me/Get to Me.mp3
2025/03/07 16:07:39 [INFO] Folder 'deadmau5_Rob_Swire_Jauz' not found, creating it
2025/03/07 16:07:39 [INFO] Created folder 'deadmau5_Rob_Swire_Jauz' with ID: 16783500
2025/03/07 16:07:39 [INFO] Folder 'Ghosts_n_Stuff_(Jauz_Remix)' not found, creating it
2025/03/07 16:07:39 [INFO] Created folder 'Ghosts_n_Stuff_(Jauz_Remix)' with ID: 16783501
2025/03/07 16:07:39 [INFO] Uploading Ghosts 'n' Stuff - Jauz Remix.mp3 to album folder (storage ID: 131073, folder ID: 16783501)
2025/03/07 16:07:40 [INFO] Successfully uploaded Ghosts 'n' Stuff - Jauz Remix.mp3 (object ID: 16783502) to /Music/deadmau5_Rob_Swire_Jauz/Ghosts_n_Stuff_(Jauz_Remix)/Ghosts 'n' Stuff - Jauz Remix.mp3
2025/03/07 16:07:40 [INFO] Folder 'Rootkit_Tylor_Maurer' not found, creating it
2025/03/07 16:07:40 [INFO] Created folder 'Rootkit_Tylor_Maurer' with ID: 16783503
2025/03/07 16:07:40 [INFO] Folder 'Good_2_Go' not found, creating it
2025/03/07 16:07:40 [INFO] Created folder 'Good_2_Go' with ID: 16783504
2025/03/07 16:07:40 [INFO] Uploading Good 2 Go.mp3 to album folder (storage ID: 131073, folder ID: 16783504)
2025/03/07 16:07:41 [INFO] Successfully uploaded Good 2 Go.mp3 (object ID: 16783505) to /Music/Rootkit_Tylor_Maurer/Good_2_Go/Good 2 Go.mp3
2025/03/07 16:07:41 [INFO] Found existing folder 'Jauz' with ID: 16777313
2025/03/07 16:07:41 [INFO] Found existing folder 'Goodiez' with ID: 16777798
2025/03/07 16:07:41 [INFO] Uploading Goodiez.mp3 to album folder (storage ID: 131073, folder ID: 16777798)
2025/03/07 16:07:41 [INFO] Successfully uploaded Goodiez.mp3 (object ID: 16783506) to /Music/Jauz/Goodiez/Goodiez.mp3
2025/03/07 16:07:41 [INFO] Found existing folder 'QUIX' with ID: 16777375
2025/03/07 16:07:41 [INFO] Found existing folder 'Grenade' with ID: 16777867
2025/03/07 16:07:41 [INFO] Uploading Grenade.mp3 to album folder (storage ID: 131073, folder ID: 16777867)
2025/03/07 16:07:42 [INFO] Successfully uploaded Grenade.mp3 (object ID: 16783507) to /Music/QUIX/Grenade/Grenade.mp3
2025/03/07 16:07:42 [INFO] Found existing folder 'JOYRYDE' with ID: 16777310
2025/03/07 16:07:42 [INFO] Folder 'HOT_DRUM' not found, creating it
2025/03/07 16:07:42 [INFO] Created folder 'HOT_DRUM' with ID: 16783508
2025/03/07 16:07:42 [INFO] Uploading HOT DRUM.mp3 to album folder (storage ID: 131073, folder ID: 16783508)
2025/03/07 16:07:43 [INFO] Successfully uploaded HOT DRUM.mp3 (object ID: 16783509) to /Music/JOYRYDE/HOT_DRUM/HOT DRUM.mp3
2025/03/07 16:07:43 [INFO] Folder 'QUIX_Amba_Shepherd' not found, creating it
2025/03/07 16:07:43 [INFO] Created folder 'QUIX_Amba_Shepherd' with ID: 16783510
2025/03/07 16:07:43 [INFO] Folder 'Heads_or_Tails' not found, creating it
2025/03/07 16:07:43 [INFO] Created folder 'Heads_or_Tails' with ID: 16783511
2025/03/07 16:07:43 [INFO] Uploading Heads Or Tails.mp3 to album folder (storage ID: 131073, folder ID: 16783511)
2025/03/07 16:07:43 [INFO] Successfully uploaded Heads Or Tails.mp3 (object ID: 16783512) to /Music/QUIX_Amba_Shepherd/Heads_or_Tails/Heads Or Tails.mp3
2025/03/07 16:07:43 [INFO] Found existing folder 'Ephwurd_SWAGE' with ID: 16777323
2025/03/07 16:07:44 [INFO] Found existing folder 'Hectic' with ID: 16777813
2025/03/07 16:07:44 [INFO] Uploading Hectic.mp3 to album folder (storage ID: 131073, folder ID: 16777813)
2025/03/07 16:07:44 [INFO] Successfully uploaded Hectic.mp3 (object ID: 16783513) to /Music/Ephwurd_SWAGE/Hectic/Hectic.mp3
2025/03/07 16:07:44 [INFO] Found existing folder 'AHEE_Defunk' with ID: 16777324
2025/03/07 16:07:44 [INFO] Folder 'I_Feel_It' not found, creating it
2025/03/07 16:07:44 [INFO] Created folder 'I_Feel_It' with ID: 16783514
2025/03/07 16:07:44 [INFO] Uploading I Feel It.mp3 to album folder (storage ID: 131073, folder ID: 16783514)
2025/03/07 16:07:45 [INFO] Successfully uploaded I Feel It.mp3 (object ID: 16783515) to /Music/AHEE_Defunk/I_Feel_It/I Feel It.mp3
2025/03/07 16:07:45 [INFO] Found existing folder 'JOYRYDE' with ID: 16777310
2025/03/07 16:07:45 [INFO] Found existing folder 'BRAVE' with ID: 16777790
2025/03/07 16:07:45 [INFO] Uploading IM GONE.mp3 to album folder (storage ID: 131073, folder ID: 16777790)
2025/03/07 16:07:45 [INFO] Successfully uploaded IM GONE.mp3 (object ID: 16783516) to /Music/JOYRYDE/BRAVE/IM GONE.mp3
2025/03/07 16:07:45 [INFO] Found existing folder 'Jauz_Example' with ID: 16777325
2025/03/07 16:07:45 [INFO] Folder 'The_Wise_and_the_Wicked' not found, creating it
2025/03/07 16:07:45 [INFO] Created folder 'The_Wise_and_the_Wicked' with ID: 16783517
2025/03/07 16:07:45 [INFO] Uploading In the Zone.mp3 to album folder (storage ID: 131073, folder ID: 16783517)
2025/03/07 16:07:46 [INFO] Successfully uploaded In the Zone.mp3 (object ID: 16783518) to /Music/Jauz_Example/The_Wise_and_the_Wicked/In the Zone.mp3
2025/03/07 16:07:46 [INFO] Found existing folder 'Tiësto_Jauz' with ID: 16777326
2025/03/07 16:07:46 [INFO] Found existing folder 'Infected' with ID: 16777816
2025/03/07 16:07:46 [INFO] Uploading Infected.mp3 to album folder (storage ID: 131073, folder ID: 16777816)
2025/03/07 16:07:46 [INFO] Successfully uploaded Infected.mp3 (object ID: 16783519) to /Music/Tiësto_Jauz/Infected/Infected.mp3
2025/03/07 16:07:47 [INFO] Folder 'Zeds_Dead_Jauz_Subtronics' not found, creating it
2025/03/07 16:07:47 [INFO] Created folder 'Zeds_Dead_Jauz_Subtronics' with ID: 16783520
2025/03/07 16:07:47 [INFO] Folder 'Lights_Go_Down_(Remixes)' not found, creating it
2025/03/07 16:07:47 [INFO] Created folder 'Lights_Go_Down_(Remixes)' with ID: 16783521
2025/03/07 16:07:47 [INFO] Uploading Lights Go Down - Subtronics Remix.mp3 to album folder (storage ID: 131073, folder ID: 16783521)
2025/03/07 16:07:47 [INFO] Successfully uploaded Lights Go Down - Subtronics Remix.mp3 (object ID: 16783522) to /Music/Zeds_Dead_Jauz_Subtronics/Lights_Go_Down_(Remixes)/Lights Go Down - Subtronics Remix.mp3
2025/03/07 16:07:47 [INFO] Found existing folder 'JOYRYDE' with ID: 16777310
2025/03/07 16:07:48 [INFO] Found existing folder 'BRAVE' with ID: 16777790
2025/03/07 16:07:48 [INFO] Uploading MADDEN.mp3 to album folder (storage ID: 131073, folder ID: 16777790)
2025/03/07 16:07:48 [INFO] Successfully uploaded MADDEN.mp3 (object ID: 16783523) to /Music/JOYRYDE/BRAVE/MADDEN.mp3
2025/03/07 16:07:48 [INFO] Found existing folder 'Drezo' with ID: 16777328
2025/03/07 16:07:48 [INFO] Found existing folder 'Malice' with ID: 16777818
2025/03/07 16:07:48 [INFO] Uploading Malice.mp3 to album folder (storage ID: 131073, folder ID: 16777818)
2025/03/07 16:07:48 [INFO] Successfully uploaded Malice.mp3 (object ID: 16783524) to /Music/Drezo/Malice/Malice.mp3
2025/03/07 16:07:49 [INFO] Found existing folder 'Herobust' with ID: 16777314
2025/03/07 16:07:49 [INFO] Folder 'Vertebreaker_(Remixes)' not found, creating it
2025/03/07 16:07:49 [INFO] Created folder 'Vertebreaker_(Remixes)' with ID: 16783525
2025/03/07 16:07:49 [INFO] Uploading Move Mint - VIP.mp3 to album folder (storage ID: 131073, folder ID: 16783525)
2025/03/07 16:07:49 [INFO] Successfully uploaded Move Mint - VIP.mp3 (object ID: 16783526) to /Music/Herobust/Vertebreaker_(Remixes)/Move Mint - VIP.mp3
2025/03/07 16:07:50 [INFO] Folder 'Jauz_San_Holo' not found, creating it
2025/03/07 16:07:50 [INFO] Created folder 'Jauz_San_Holo' with ID: 16783527
2025/03/07 16:07:50 [INFO] Folder 'OK' not found, creating it
2025/03/07 16:07:50 [INFO] Created folder 'OK' with ID: 16783528
2025/03/07 16:07:50 [INFO] Uploading OK!.mp3 to album folder (storage ID: 131073, folder ID: 16783528)
2025/03/07 16:07:50 [INFO] Successfully uploaded OK!.mp3 (object ID: 16783529) to /Music/Jauz_San_Holo/OK/OK!.mp3
2025/03/07 16:07:50 [INFO] Folder 'BONNIE_X_CLYDE' not found, creating it
2025/03/07 16:07:51 [INFO] Created folder 'BONNIE_X_CLYDE' with ID: 16783530
2025/03/07 16:07:51 [INFO] Folder 'OURS' not found, creating it
2025/03/07 16:07:51 [INFO] Created folder 'OURS' with ID: 16783531
2025/03/07 16:07:51 [INFO] Uploading OURS.mp3 to album folder (storage ID: 131073, folder ID: 16783531)
2025/03/07 16:07:51 [INFO] Successfully uploaded OURS.mp3 (object ID: 16783532) to /Music/BONNIE_X_CLYDE/OURS/OURS.mp3
2025/03/07 16:07:51 [INFO] Found existing folder 'Monxx' with ID: 16777331
2025/03/07 16:07:51 [INFO] Folder 'On_You' not found, creating it
2025/03/07 16:07:51 [INFO] Created folder 'On_You' with ID: 16783533
2025/03/07 16:07:51 [INFO] Uploading On You.mp3 to album folder (storage ID: 131073, folder ID: 16783533)
2025/03/07 16:07:51 [INFO] Successfully uploaded On You.mp3 (object ID: 16783534) to /Music/Monxx/On_You/On You.mp3
2025/03/07 16:07:51 [INFO] Found existing folder 'Knock2' with ID: 16777332
2025/03/07 16:07:51 [INFO] Found existing folder 'PARANOiD' with ID: 16777822
2025/03/07 16:07:51 [INFO] Uploading PARANOiD.mp3 to album folder (storage ID: 131073, folder ID: 16777822)
2025/03/07 16:07:52 [INFO] Successfully uploaded PARANOiD.mp3 (object ID: 16783535) to /Music/Knock2/PARANOiD/PARANOiD.mp3
2025/03/07 16:07:52 [INFO] Folder 'Knife_Party_Jauz' not found, creating it
2025/03/07 16:07:52 [INFO] Created folder 'Knife_Party_Jauz' with ID: 16783536
2025/03/07 16:07:52 [INFO] Folder 'Trigger_Warning' not found, creating it
2025/03/07 16:07:52 [INFO] Created folder 'Trigger_Warning' with ID: 16783537
2025/03/07 16:07:52 [INFO] Uploading PLUR Police - Jauz Remix.mp3 to album folder (storage ID: 131073, folder ID: 16783537)
2025/03/07 16:07:53 [INFO] Successfully uploaded PLUR Police - Jauz Remix.mp3 (object ID: 16783538) to /Music/Knife_Party_Jauz/Trigger_Warning/PLUR Police - Jauz Remix.mp3
2025/03/07 16:07:53 [INFO] Folder 'Bro_Safari_Sarah_Hudson' not found, creating it
2025/03/07 16:07:53 [INFO] Created folder 'Bro_Safari_Sarah_Hudson' with ID: 16783539
2025/03/07 16:07:53 [INFO] Folder 'Collisions' not found, creating it
2025/03/07 16:07:53 [INFO] Created folder 'Collisions' with ID: 16783540
2025/03/07 16:07:53 [INFO] Uploading Reality.mp3 to album folder (storage ID: 131073, folder ID: 16783540)
2025/03/07 16:07:54 [INFO] Successfully uploaded Reality.mp3 (object ID: 16783541) to /Music/Bro_Safari_Sarah_Hudson/Collisions/Reality.mp3
2025/03/07 16:07:54 [INFO] Found existing folder 'Jauz_Ephwurd' with ID: 16777335
2025/03/07 16:07:54 [INFO] Folder 'Rock_The_Party' not found, creating it
2025/03/07 16:07:54 [INFO] Created folder 'Rock_The_Party' with ID: 16783542
2025/03/07 16:07:54 [INFO] Uploading Rock The Party.mp3 to album folder (storage ID: 131073, folder ID: 16783542)
2025/03/07 16:07:55 [INFO] Successfully uploaded Rock The Party.mp3 (object ID: 16783543) to /Music/Jauz_Ephwurd/Rock_The_Party/Rock The Party.mp3
2025/03/07 16:07:55 [INFO] Found existing folder 'JOYRYDE' with ID: 16777310
2025/03/07 16:07:55 [INFO] Found existing folder 'BRAVE' with ID: 16777790
2025/03/07 16:07:55 [INFO] Uploading SELECTA 19.mp3 to album folder (storage ID: 131073, folder ID: 16777790)
2025/03/07 16:07:56 [INFO] Successfully uploaded SELECTA 19.mp3 (object ID: 16783544) to /Music/JOYRYDE/BRAVE/SELECTA 19.mp3
2025/03/07 16:07:56 [INFO] Found existing folder 'JOYRYDE' with ID: 16777310
2025/03/07 16:07:56 [INFO] Folder 'SPEED_TRAP' not found, creating it
2025/03/07 16:07:56 [INFO] Created folder 'SPEED_TRAP' with ID: 16783545
2025/03/07 16:07:56 [INFO] Uploading SPEED TRAP.mp3 to album folder (storage ID: 131073, folder ID: 16783545)
2025/03/07 16:07:57 [INFO] Successfully uploaded SPEED TRAP.mp3 (object ID: 16783546) to /Music/JOYRYDE/SPEED_TRAP/SPEED TRAP.mp3
2025/03/07 16:07:58 [INFO] Found existing folder '12th_Planet' with ID: 16783481
2025/03/07 16:07:58 [INFO] Folder 'Shipwreck_d' not found, creating it
2025/03/07 16:07:58 [INFO] Created folder 'Shipwreck_d' with ID: 16783547
2025/03/07 16:07:58 [INFO] Uploading Shipwreck'd.mp3 to album folder (storage ID: 131073, folder ID: 16783547)
2025/03/07 16:07:59 [INFO] Successfully uploaded Shipwreck'd.mp3 (object ID: 16783548) to /Music/12th_Planet/Shipwreck_d/Shipwreck'd.mp3
2025/03/07 16:07:59 [INFO] Folder 'Sikdope_LOUD_ABOUT_US' not found, creating it
2025/03/07 16:07:59 [INFO] Created folder 'Sikdope_LOUD_ABOUT_US' with ID: 16783549
2025/03/07 16:07:59 [INFO] Folder 'Slow_It_Down' not found, creating it
2025/03/07 16:08:00 [INFO] Created folder 'Slow_It_Down' with ID: 16783550
2025/03/07 16:08:00 [INFO] Uploading Slow It Down.mp3 to album folder (storage ID: 131073, folder ID: 16783550)
2025/03/07 16:08:00 [INFO] Successfully uploaded Slow It Down.mp3 (object ID: 16783551) to /Music/Sikdope_LOUD_ABOUT_US/Slow_It_Down/Slow It Down.mp3
2025/03/07 16:08:01 [INFO] Found existing folder 'Jauz_666' with ID: 16777337
2025/03/07 16:08:01 [INFO] Folder 'The_Wise_and_the_Wicked' not found, creating it
2025/03/07 16:08:01 [INFO] Created folder 'The_Wise_and_the_Wicked' with ID: 16783552
2025/03/07 16:08:01 [INFO] Uploading Super Fly.mp3 to album folder (storage ID: 131073, folder ID: 16783552)
2025/03/07 16:08:02 [INFO] Successfully uploaded Super Fly.mp3 (object ID: 16783553) to /Music/Jauz_666/The_Wise_and_the_Wicked/Super Fly.mp3
2025/03/07 16:08:02 [INFO] Found existing folder 'Jauz_Nonsens' with ID: 16777377
2025/03/07 16:08:02 [INFO] Folder 'The_Beat' not found, creating it
2025/03/07 16:08:02 [INFO] Created folder 'The_Beat' with ID: 16783554
2025/03/07 16:08:02 [INFO] Uploading The Beat.mp3 to album folder (storage ID: 131073, folder ID: 16783554)
2025/03/07 16:08:03 [INFO] Successfully uploaded The Beat.mp3 (object ID: 16783555) to /Music/Jauz_Nonsens/The_Beat/The Beat.mp3
2025/03/07 16:08:03 [INFO] Found existing folder 'Jauz' with ID: 16777313
2025/03/07 16:08:03 [INFO] Folder 'The_Game' not found, creating it
2025/03/07 16:08:03 [INFO] Created folder 'The_Game' with ID: 16783556
2025/03/07 16:08:03 [INFO] Uploading The Game.mp3 to album folder (storage ID: 131073, folder ID: 16783556)
2025/03/07 16:08:04 [INFO] Successfully uploaded The Game.mp3 (object ID: 16783557) to /Music/Jauz/The_Game/The Game.mp3
2025/03/07 16:08:04 [INFO] Found existing folder '4B' with ID: 16777338
2025/03/07 16:08:05 [INFO] Folder 'There_4_You' not found, creating it
2025/03/07 16:08:05 [INFO] Created folder 'There_4_You' with ID: 16783558
2025/03/07 16:08:05 [INFO] Uploading There 4 You.mp3 to album folder (storage ID: 131073, folder ID: 16783558)
2025/03/07 16:08:05 [INFO] Successfully uploaded There 4 You.mp3 (object ID: 16783559) to /Music/4B/There_4_You/There 4 You.mp3
2025/03/07 16:08:06 [INFO] Folder 'Apashe_LEVEL_UP_Sami_Chaouki' not found, creating it
2025/03/07 16:08:06 [INFO] Created folder 'Apashe_LEVEL_UP_Sami_Chaouki' with ID: 16783560
2025/03/07 16:08:06 [INFO] Folder 'Time_Warp_(Level_Up_Remix)' not found, creating it
2025/03/07 16:08:06 [INFO] Created folder 'Time_Warp_(Level_Up_Remix)' with ID: 16783561
2025/03/07 16:08:06 [INFO] Uploading Time Warp - Level Up Remix.mp3 to album folder (storage ID: 131073, folder ID: 16783561)
2025/03/07 16:08:07 [INFO] Successfully uploaded Time Warp - Level Up Remix.mp3 (object ID: 16783562) to /Music/Apashe_LEVEL_UP_Sami_Chaouki/Time_Warp_(Level_Up_Remix)/Time Warp - Level Up Remix.mp3
2025/03/07 16:08:07 [INFO] Found existing folder 'Herobust' with ID: 16777314
2025/03/07 16:08:07 [INFO] Found existing folder 'WTF' with ID: 16777803
2025/03/07 16:08:07 [INFO] Uploading WTF.mp3 to album folder (storage ID: 131073, folder ID: 16777803)
2025/03/07 16:08:08 [INFO] Successfully uploaded WTF.mp3 (object ID: 16783563) to /Music/Herobust/WTF/WTF.mp3
2025/03/07 16:08:08 [INFO] Folder 'FuntCase_Dani_Poppitt' not found, creating it
2025/03/07 16:08:08 [INFO] Created folder 'FuntCase_Dani_Poppitt' with ID: 16783564
2025/03/07 16:08:08 [INFO] Folder 'Next_Chapter' not found, creating it
2025/03/07 16:08:09 [INFO] Created folder 'Next_Chapter' with ID: 16783565
2025/03/07 16:08:09 [INFO] Uploading Without.mp3 to album folder (storage ID: 131073, folder ID: 16783565)
2025/03/07 16:08:09 [INFO] Successfully uploaded Without.mp3 (object ID: 16783566) to /Music/FuntCase_Dani_Poppitt/Next_Chapter/Without.mp3
2025/03/07 16:08:10 [INFO] Using alternative transfer method for data of size 4302 bytes
2025/03/07 16:08:10 [INFO] Successfully created and uploaded playlist Jauz3.m3u8 (object ID: 16783567) with 49 songs
2025/03/07 16:08:10 [INFO] Verifying playlist upload for Jauz3.m3u8
2025/03/07 16:08:10 [INFO] Playlist verification: Found playlist Jauz3.m3u8 directly in parent folder (ID: 16783567)
2025/03/07 16:08:10 [INFO] Attempting to read content of playlist Jauz3.m3u8 (ID: 16783567)
2025/03/07 16:08:16 [INFO] Program completed
