2025/03/08 15:46:56 --- MTP Music Manager Started ---
2025/03/08 15:46:56 OS: darwin, Architecture: arm64
2025/03/08 15:46:56 Verbose logging: true
2025/03/08 15:46:56 [VERBOSE] (main.go:25) Starting MTP Music Manager
2025/03/08 15:46:56 [VERBOSE] (connect.go:15) Initializing device with timeout of 30s...
2025/03/08 15:46:56 [VERBOSE] (connect.go:28) Starting MTP device detection in background goroutine
2025/03/08 15:46:56 [VERBOSE] (connect.go:40) MTP device found successfully
2025/03/08 15:46:56 [VERBOSE] (connect.go:54) Device initialized successfully
2025/03/08 15:46:56 [VERBOSE] (storage.go:21) Fetching storages with timeout of 30s...
2025/03/08 15:46:56 [VERBOSE] (storage.go:48) Found 1 storage(s) on device
2025/03/08 15:46:56 [VERBOSE] (storage.go:61) Storage #1:  (ID: 131073)
2025/03/08 15:46:58 [INFO] (upload.go:1232) Automatically selected storage:  (ID: 131073)
2025/03/08 15:46:58 [VERBOSE] (upload.go:1165) Found existing Music folder with ID: 16777218
2025/03/08 15:47:02 [ERROR] (storage.go:288) Error getting object info for handle 16783169: GeneralError
2025/03/08 15:47:02 [ERROR] (storage.go:288) Error getting object info for handle 16783202: GeneralError
2025/03/08 15:47:02 [VERBOSE] (upload.go:1180) Folder 'HWLS' not found, attempting to create it
2025/03/08 15:47:02 [VERBOSE] (upload.go:1180) Folder 'HWLS' not found, attempting to create it
2025/03/08 15:47:03 [VERBOSE] (upload.go:776) Uploading 001.MP3 to album folder (storage ID: 131073, folder ID: 16783224)
2025/03/08 15:47:03 [VERBOSE] (upload.go:850) Successfully uploaded 001.MP3 (object ID: 16783225) to /MUSIC/HWLS/HWLS/001.MP3
2025/03/08 15:47:03 [INFO] (upload.go:1020) Verifying file upload for 001.MP3 (ID: 16783225)
2025/03/08 15:47:03 [INFO] (upload.go:1029) Direct verification successful: 001.MP3 exists with correct size 3875427 bytes
2025/03/08 15:47:03 [ERROR] (storage.go:288) Error getting object info for handle 16783169: GeneralError
2025/03/08 15:47:03 [ERROR] (storage.go:288) Error getting object info for handle 16783202: GeneralError
2025/03/08 15:47:03 [VERBOSE] (upload.go:1180) Folder 'OF_THE_TREES' not found, attempting to create it
2025/03/08 15:47:03 [VERBOSE] (upload.go:1180) Folder 'DREAM_ATLAS' not found, attempting to create it
2025/03/08 15:47:03 [VERBOSE] (upload.go:776) Uploading 6AM.MP3 to album folder (storage ID: 131073, folder ID: 16783227)
2025/03/08 15:47:04 [VERBOSE] (upload.go:850) Successfully uploaded 6AM.MP3 (object ID: 16783228) to /MUSIC/OF_THE_TREES/DREAM_ATLAS/6AM.MP3
2025/03/08 15:47:04 [INFO] (upload.go:1020) Verifying file upload for 6AM.MP3 (ID: 16783228)
2025/03/08 15:47:04 [INFO] (upload.go:1029) Direct verification successful: 6AM.MP3 exists with correct size 5148063 bytes
2025/03/08 15:47:04 [ERROR] (storage.go:288) Error getting object info for handle 16783169: GeneralError
2025/03/08 15:47:04 [ERROR] (storage.go:288) Error getting object info for handle 16783202: GeneralError
2025/03/08 15:47:04 [VERBOSE] (upload.go:1180) Folder 'GRIZMATIK_GRIZ_GRAMATIK' not found, attempting to create it
2025/03/08 15:47:04 [VERBOSE] (upload.go:1180) Folder 'AS_WE_PROCEED' not found, attempting to create it
2025/03/08 15:47:04 [VERBOSE] (upload.go:776) Uploading AS_WE_PROCEED.MP3 to album folder (storage ID: 131073, folder ID: 16783230)
2025/03/08 15:47:05 [VERBOSE] (upload.go:850) Successfully uploaded AS_WE_PROCEED.MP3 (object ID: 16783231) to /MUSIC/GRIZMATIK_GRIZ_GRAMATIK/AS_WE_PROCEED/AS_WE_PROCEED.MP3
2025/03/08 15:47:05 [INFO] (upload.go:1020) Verifying file upload for AS_WE_PROCEED.MP3 (ID: 16783231)
2025/03/08 15:47:05 [INFO] (upload.go:1029) Direct verification successful: AS_WE_PROCEED.MP3 exists with correct size 4527705 bytes
2025/03/08 15:47:05 [ERROR] (storage.go:288) Error getting object info for handle 16783169: GeneralError
2025/03/08 15:47:05 [ERROR] (storage.go:288) Error getting object info for handle 16783202: GeneralError
2025/03/08 15:47:05 [VERBOSE] (upload.go:1180) Folder 'CAPTAIN_PLANET_SHUNGUDZO' not found, attempting to create it
2025/03/08 15:47:05 [VERBOSE] (upload.go:1180) Folder 'NO_VISA' not found, attempting to create it
2025/03/08 15:47:05 [VERBOSE] (upload.go:776) Uploading BIG_MAN.MP3 to album folder (storage ID: 131073, folder ID: 16783233)
2025/03/08 15:47:05 [VERBOSE] (upload.go:850) Successfully uploaded BIG_MAN.MP3 (object ID: 16783234) to /MUSIC/CAPTAIN_PLANET_SHUNGUDZO/NO_VISA/BIG_MAN.MP3
2025/03/08 15:47:05 [INFO] (upload.go:1020) Verifying file upload for BIG_MAN.MP3 (ID: 16783234)
2025/03/08 15:47:05 [INFO] (upload.go:1029) Direct verification successful: BIG_MAN.MP3 exists with correct size 3779247 bytes
2025/03/08 15:47:06 [ERROR] (storage.go:288) Error getting object info for handle 16783169: GeneralError
2025/03/08 15:47:06 [ERROR] (storage.go:288) Error getting object info for handle 16783202: GeneralError
2025/03/08 15:47:06 [VERBOSE] (upload.go:1180) Folder 'THE_POLISH_AMBASSADOR' not found, attempting to create it
2025/03/08 15:47:06 [VERBOSE] (upload.go:1180) Folder 'TIME'S_RUNNING_IN' not found, attempting to create it
2025/03/08 15:47:06 [VERBOSE] (upload.go:776) Uploading BEBE.MP3 to album folder (storage ID: 131073, folder ID: 16783236)
2025/03/08 15:47:06 [VERBOSE] (upload.go:850) Successfully uploaded BEBE.MP3 (object ID: 16783237) to /MUSIC/THE_POLISH_AMBASSADOR/TIME'S_RUNNING_IN/BEBE.MP3
2025/03/08 15:47:06 [INFO] (upload.go:1020) Verifying file upload for BEBE.MP3 (ID: 16783237)
2025/03/08 15:47:06 [INFO] (upload.go:1029) Direct verification successful: BEBE.MP3 exists with correct size 7358898 bytes
2025/03/08 15:47:06 [ERROR] (storage.go:288) Error getting object info for handle 16783169: GeneralError
2025/03/08 15:47:06 [ERROR] (storage.go:288) Error getting object info for handle 16783202: GeneralError
2025/03/08 15:47:06 [VERBOSE] (upload.go:1180) Folder 'SHUB_BLACK_LODGE_SINGERS' not found, attempting to create it
2025/03/08 15:47:07 [VERBOSE] (upload.go:1180) Folder 'POWWOWSTEP' not found, attempting to create it
2025/03/08 15:47:07 [VERBOSE] (upload.go:776) Uploading BIG_CROW.MP3 to album folder (storage ID: 131073, folder ID: 16783239)
2025/03/08 15:47:07 [VERBOSE] (upload.go:850) Successfully uploaded BIG_CROW.MP3 (object ID: 16783240) to /MUSIC/SHUB_BLACK_LODGE_SINGERS/POWWOWSTEP/BIG_CROW.MP3
2025/03/08 15:47:07 [INFO] (upload.go:1020) Verifying file upload for BIG_CROW.MP3 (ID: 16783240)
2025/03/08 15:47:07 [INFO] (upload.go:1029) Direct verification successful: BIG_CROW.MP3 exists with correct size 4084850 bytes
2025/03/08 15:47:07 [ERROR] (storage.go:288) Error getting object info for handle 16783169: GeneralError
2025/03/08 15:47:07 [ERROR] (storage.go:288) Error getting object info for handle 16783202: GeneralError
2025/03/08 15:47:07 [VERBOSE] (upload.go:1180) Folder 'STICKYBUDS_K+LAB_KWADI' not found, attempting to create it
2025/03/08 15:47:07 [VERBOSE] (upload.go:1180) Folder 'CLAP_YA_HANDS_NOW' not found, attempting to create it
2025/03/08 15:47:07 [VERBOSE] (upload.go:776) Uploading CLAP_YA_HANDS_NOW.MP3 to album folder (storage ID: 131073, folder ID: 16783242)
2025/03/08 15:47:08 [VERBOSE] (upload.go:850) Successfully uploaded CLAP_YA_HANDS_NOW.MP3 (object ID: 16783243) to /MUSIC/STICKYBUDS_K+LAB_KWADI/CLAP_YA_HANDS_NOW/CLAP_YA_HANDS_NOW.MP3
2025/03/08 15:47:08 [INFO] (upload.go:1020) Verifying file upload for CLAP_YA_HANDS_NOW.MP3 (ID: 16783243)
2025/03/08 15:47:08 [INFO] (upload.go:1029) Direct verification successful: CLAP_YA_HANDS_NOW.MP3 exists with correct size 4199670 bytes
2025/03/08 15:47:08 [ERROR] (storage.go:288) Error getting object info for handle 16783169: GeneralError
2025/03/08 15:47:08 [ERROR] (storage.go:288) Error getting object info for handle 16783202: GeneralError
2025/03/08 15:47:08 [VERBOSE] (upload.go:1180) Folder 'WOO2TECH' not found, attempting to create it
2025/03/08 15:47:08 [VERBOSE] (upload.go:1180) Folder 'DON'T_BE_LATE_EP' not found, attempting to create it
2025/03/08 15:47:08 [VERBOSE] (upload.go:776) Uploading DON'T_BE_LATE_-_ORIGINAL_MIX.MP3 to album folder (storage ID: 131073, folder ID: 16783245)
2025/03/08 15:47:09 [VERBOSE] (upload.go:850) Successfully uploaded DON'T_BE_LATE_-_ORIGINAL_MIX.MP3 (object ID: 16783246) to /MUSIC/WOO2TECH/DON'T_BE_LATE_EP/DON'T_BE_LATE_-_ORIGINAL_MIX.MP3
2025/03/08 15:47:09 [INFO] (upload.go:1020) Verifying file upload for DON'T_BE_LATE_-_ORIGINAL_MIX.MP3 (ID: 16783246)
2025/03/08 15:47:09 [INFO] (upload.go:1029) Direct verification successful: DON'T_BE_LATE_-_ORIGINAL_MIX.MP3 exists with correct size 6624179 bytes
2025/03/08 15:47:09 [ERROR] (storage.go:288) Error getting object info for handle 16783169: GeneralError
2025/03/08 15:47:09 [ERROR] (storage.go:288) Error getting object info for handle 16783202: GeneralError
2025/03/08 15:47:09 [VERBOSE] (upload.go:1180) Folder 'SUPAMAN_WALKING_BUFFALO' not found, attempting to create it
2025/03/08 15:47:09 [VERBOSE] (upload.go:1180) Folder 'MEDICINE_BUNDLE' not found, attempting to create it
2025/03/08 15:47:09 [VERBOSE] (upload.go:776) Uploading ETHNOCIDE.MP3 to album folder (storage ID: 131073, folder ID: 16783248)
2025/03/08 15:47:09 [VERBOSE] (upload.go:850) Successfully uploaded ETHNOCIDE.MP3 (object ID: 16783249) to /MUSIC/SUPAMAN_WALKING_BUFFALO/MEDICINE_BUNDLE/ETHNOCIDE.MP3
2025/03/08 15:47:09 [INFO] (upload.go:1020) Verifying file upload for ETHNOCIDE.MP3 (ID: 16783249)
2025/03/08 15:47:10 [INFO] (upload.go:1029) Direct verification successful: ETHNOCIDE.MP3 exists with correct size 2242365 bytes
2025/03/08 15:47:10 [ERROR] (storage.go:288) Error getting object info for handle 16783169: GeneralError
2025/03/08 15:47:10 [ERROR] (storage.go:288) Error getting object info for handle 16783202: GeneralError
2025/03/08 15:47:10 [VERBOSE] (upload.go:1180) Folder 'THE_FUNK_HUNTERS_MOONTRICKS' not found, attempting to create it
2025/03/08 15:47:10 [VERBOSE] (upload.go:1180) Folder 'MUSIC_W_FRIENDS' not found, attempting to create it
2025/03/08 15:47:10 [VERBOSE] (upload.go:776) Uploading GET_UP_N_GO.MP3 to album folder (storage ID: 131073, folder ID: 16783251)
2025/03/08 15:47:10 [VERBOSE] (upload.go:850) Successfully uploaded GET_UP_N_GO.MP3 (object ID: 16783252) to /MUSIC/THE_FUNK_HUNTERS_MOONTRICKS/MUSIC_W_FRIENDS/GET_UP_N_GO.MP3
2025/03/08 15:47:10 [INFO] (upload.go:1020) Verifying file upload for GET_UP_N_GO.MP3 (ID: 16783252)
2025/03/08 15:47:10 [INFO] (upload.go:1029) Direct verification successful: GET_UP_N_GO.MP3 exists with correct size 3922502 bytes
2025/03/08 15:47:11 [ERROR] (storage.go:288) Error getting object info for handle 16783169: GeneralError
2025/03/08 15:47:11 [ERROR] (storage.go:288) Error getting object info for handle 16783202: GeneralError
2025/03/08 15:47:11 [VERBOSE] (upload.go:1180) Folder 'TNGHT_HUDSON_MOHAWKE_LUNICE' not found, attempting to create it
2025/03/08 15:47:11 [VERBOSE] (upload.go:1180) Folder 'TNGHT' not found, attempting to create it
2025/03/08 15:47:11 [VERBOSE] (upload.go:776) Uploading GOOOO.MP3 to album folder (storage ID: 131073, folder ID: 16783254)
2025/03/08 15:47:11 [VERBOSE] (upload.go:850) Successfully uploaded GOOOO.MP3 (object ID: 16783255) to /MUSIC/TNGHT_HUDSON_MOHAWKE_LUNICE/TNGHT/GOOOO.MP3
2025/03/08 15:47:11 [INFO] (upload.go:1020) Verifying file upload for GOOOO.MP3 (ID: 16783255)
2025/03/08 15:47:11 [INFO] (upload.go:1029) Direct verification successful: GOOOO.MP3 exists with correct size 3450270 bytes
2025/03/08 15:47:11 [ERROR] (storage.go:288) Error getting object info for handle 16783169: GeneralError
2025/03/08 15:47:11 [ERROR] (storage.go:288) Error getting object info for handle 16783202: GeneralError
2025/03/08 15:47:11 [VERBOSE] (upload.go:1180) Folder 'DIRTYPHONICS_SULLIVAN_KING' not found, attempting to create it
2025/03/08 15:47:11 [VERBOSE] (upload.go:1180) Folder 'VANTABLACK' not found, attempting to create it
2025/03/08 15:47:11 [VERBOSE] (upload.go:776) Uploading HAMMER.MP3 to album folder (storage ID: 131073, folder ID: 16783257)
2025/03/08 15:47:12 [VERBOSE] (upload.go:850) Successfully uploaded HAMMER.MP3 (object ID: 16783258) to /MUSIC/DIRTYPHONICS_SULLIVAN_KING/VANTABLACK/HAMMER.MP3
2025/03/08 15:47:12 [INFO] (upload.go:1020) Verifying file upload for HAMMER.MP3 (ID: 16783258)
2025/03/08 15:47:12 [INFO] (upload.go:1029) Direct verification successful: HAMMER.MP3 exists with correct size 3259939 bytes
2025/03/08 15:47:12 [ERROR] (storage.go:288) Error getting object info for handle 16783169: GeneralError
2025/03/08 15:47:12 [ERROR] (storage.go:288) Error getting object info for handle 16783202: GeneralError
2025/03/08 15:47:12 [VERBOSE] (upload.go:1180) Folder 'ALANIS_MORISSETTE' not found, attempting to create it
2025/03/08 15:47:12 [VERBOSE] (upload.go:1180) Folder 'JAGGED_LITTLE_PILL_(2015_REMASTER)' not found, attempting to create it
2025/03/08 15:47:12 [VERBOSE] (upload.go:776) Uploading HAND_IN_MY_POCKET_-_2015_REMASTER.MP3 to album folder (storage ID: 131073, folder ID: 16783260)
2025/03/08 15:47:12 [VERBOSE] (upload.go:850) Successfully uploaded HAND_IN_MY_POCKET_-_2015_REMASTER.MP3 (object ID: 16783261) to /MUSIC/ALANIS_MORISSETTE/JAGGED_LITTLE_PILL_(2015_REMASTER)/HAND_IN_MY_POCKET_-_2015_REMASTER.MP3
2025/03/08 15:47:12 [INFO] (upload.go:1020) Verifying file upload for HAND_IN_MY_POCKET_-_2015_REMASTER.MP3 (ID: 16783261)
2025/03/08 15:47:13 [INFO] (upload.go:1029) Direct verification successful: HAND_IN_MY_POCKET_-_2015_REMASTER.MP3 exists with correct size 3687189 bytes
2025/03/08 15:47:13 [ERROR] (storage.go:288) Error getting object info for handle 16783169: GeneralError
2025/03/08 15:47:13 [ERROR] (storage.go:288) Error getting object info for handle 16783202: GeneralError
2025/03/08 15:47:13 [VERBOSE] (upload.go:1180) Folder 'STYLUST_LAFA_TAYLOR_NEON_STEVE' not found, attempting to create it
2025/03/08 15:47:13 [VERBOSE] (upload.go:1180) Folder 'HEATROCKS' not found, attempting to create it
2025/03/08 15:47:13 [VERBOSE] (upload.go:776) Uploading HEAVY_METAL_SHIT_(FEAT._LAFA_TAYLOR_&_NEON_STEVE).MP3 to album folder (storage ID: 131073, folder ID: 16783263)
2025/03/08 15:47:13 [VERBOSE] (upload.go:850) Successfully uploaded HEAVY_METAL_SHIT_(FEAT._LAFA_TAYLOR_&_NEON_STEVE).MP3 (object ID: 16783264) to /MUSIC/STYLUST_LAFA_TAYLOR_NEON_STEVE/HEATROCKS/HEAVY_METAL_SHIT_(FEAT._LAFA_TAYLOR_&_NEON_STEVE).MP3
2025/03/08 15:47:13 [INFO] (upload.go:1020) Verifying file upload for HEAVY_METAL_SHIT_(FEAT._LAFA_TAYLOR_&_NEON_STEVE).MP3 (ID: 16783264)
2025/03/08 15:47:13 [INFO] (upload.go:1029) Direct verification successful: HEAVY_METAL_SHIT_(FEAT._LAFA_TAYLOR_&_NEON_STEVE).MP3 exists with correct size 2991015 bytes
2025/03/08 15:47:13 [ERROR] (storage.go:288) Error getting object info for handle 16783169: GeneralError
2025/03/08 15:47:13 [ERROR] (storage.go:288) Error getting object info for handle 16783202: GeneralError
2025/03/08 15:47:13 [VERBOSE] (upload.go:1180) Folder 'PAUL_CAUTHEN_ELECTROPHUNCK' not found, attempting to create it
2025/03/08 15:47:13 [VERBOSE] (upload.go:1180) Folder 'HOLY_GHOST_FIRE_(ELECTROPHUNCK_REMIX)' not found, attempting to create it
2025/03/08 15:47:14 [VERBOSE] (upload.go:776) Uploading HOLY_GHOST_FIRE_-_ELECTROPHUNCK_REMIX.MP3 to album folder (storage ID: 131073, folder ID: 16783266)
2025/03/08 15:47:14 [VERBOSE] (upload.go:850) Successfully uploaded HOLY_GHOST_FIRE_-_ELECTROPHUNCK_REMIX.MP3 (object ID: 16783267) to /MUSIC/PAUL_CAUTHEN_ELECTROPHUNCK/HOLY_GHOST_FIRE_(ELECTROPHUNCK_REMIX)/HOLY_GHOST_FIRE_-_ELECTROPHUNCK_REMIX.MP3
2025/03/08 15:47:14 [INFO] (upload.go:1020) Verifying file upload for HOLY_GHOST_FIRE_-_ELECTROPHUNCK_REMIX.MP3 (ID: 16783267)
2025/03/08 15:47:14 [INFO] (upload.go:1029) Direct verification successful: HOLY_GHOST_FIRE_-_ELECTROPHUNCK_REMIX.MP3 exists with correct size 4180755 bytes
2025/03/08 15:47:14 [ERROR] (storage.go:288) Error getting object info for handle 16783169: GeneralError
2025/03/08 15:47:14 [ERROR] (storage.go:288) Error getting object info for handle 16783202: GeneralError
2025/03/08 15:47:14 [VERBOSE] (upload.go:1180) Folder 'AMP_LIVE' not found, attempting to create it
2025/03/08 15:47:14 [VERBOSE] (upload.go:1180) Folder 'THE_SPACE_BURRITO_EXPERIMENT' not found, attempting to create it
2025/03/08 15:47:14 [VERBOSE] (upload.go:776) Uploading I_GOT_5.MP3 to album folder (storage ID: 131073, folder ID: 16783269)
2025/03/08 15:47:15 [VERBOSE] (upload.go:850) Successfully uploaded I_GOT_5.MP3 (object ID: 16783270) to /MUSIC/AMP_LIVE/THE_SPACE_BURRITO_EXPERIMENT/I_GOT_5.MP3
2025/03/08 15:47:15 [INFO] (upload.go:1020) Verifying file upload for I_GOT_5.MP3 (ID: 16783270)
2025/03/08 15:47:15 [INFO] (upload.go:1029) Direct verification successful: I_GOT_5.MP3 exists with correct size 3108644 bytes
2025/03/08 15:47:15 [ERROR] (storage.go:288) Error getting object info for handle 16783169: GeneralError
2025/03/08 15:47:15 [ERROR] (storage.go:288) Error getting object info for handle 16783202: GeneralError
2025/03/08 15:47:15 [VERBOSE] (upload.go:1180) Folder 'DENM_LANDON_MCNAMARA_JESSE_JAMES_PARIAH' not found, attempting to create it
2025/03/08 15:47:15 [VERBOSE] (upload.go:1180) Folder 'SLUM_BEACH_POSSE._VOL._1' not found, attempting to create it
2025/03/08 15:47:15 [VERBOSE] (upload.go:776) Uploading LOSE_MYSELF_(FEAT._JESSE_JAMES_PARIAH).MP3 to album folder (storage ID: 131073, folder ID: 16783272)
2025/03/08 15:47:16 [VERBOSE] (upload.go:850) Successfully uploaded LOSE_MYSELF_(FEAT._JESSE_JAMES_PARIAH).MP3 (object ID: 16783273) to /MUSIC/DENM_LANDON_MCNAMARA_JESSE_JAMES_PARIAH/SLUM_BEACH_POSSE._VOL._1/LOSE_MYSELF_(FEAT._JESSE_JAMES_PARIAH).MP3
2025/03/08 15:47:16 [INFO] (upload.go:1020) Verifying file upload for LOSE_MYSELF_(FEAT._JESSE_JAMES_PARIAH).MP3 (ID: 16783273)
2025/03/08 15:47:16 [INFO] (upload.go:1029) Direct verification successful: LOSE_MYSELF_(FEAT._JESSE_JAMES_PARIAH).MP3 exists with correct size 3638674 bytes
2025/03/08 15:47:16 [ERROR] (storage.go:288) Error getting object info for handle 16783169: GeneralError
2025/03/08 15:47:16 [ERROR] (storage.go:288) Error getting object info for handle 16783202: GeneralError
2025/03/08 15:47:16 [VERBOSE] (upload.go:1180) Folder 'GHOSTLAND_OBSERVATORY' not found, attempting to create it
2025/03/08 15:47:16 [VERBOSE] (upload.go:1180) Folder 'PAPARAZZI_LIGHTNING' not found, attempting to create it
2025/03/08 15:47:16 [VERBOSE] (upload.go:776) Uploading MIDNIGHT_VOYAGE.MP3 to album folder (storage ID: 131073, folder ID: 16783275)
2025/03/08 15:47:17 [VERBOSE] (upload.go:850) Successfully uploaded MIDNIGHT_VOYAGE.MP3 (object ID: 16783276) to /MUSIC/GHOSTLAND_OBSERVATORY/PAPARAZZI_LIGHTNING/MIDNIGHT_VOYAGE.MP3
2025/03/08 15:47:17 [INFO] (upload.go:1020) Verifying file upload for MIDNIGHT_VOYAGE.MP3 (ID: 16783276)
2025/03/08 15:47:17 [INFO] (upload.go:1029) Direct verification successful: MIDNIGHT_VOYAGE.MP3 exists with correct size 6134642 bytes
2025/03/08 15:47:17 [ERROR] (storage.go:288) Error getting object info for handle 16783169: GeneralError
2025/03/08 15:47:17 [ERROR] (storage.go:288) Error getting object info for handle 16783202: GeneralError
2025/03/08 15:47:17 [VERBOSE] (upload.go:1180) Folder 'BOOGIE_T.RIO' not found, attempting to create it
2025/03/08 15:47:17 [VERBOSE] (upload.go:1180) Folder 'THREE_FOR_ALL_EP' not found, attempting to create it
2025/03/08 15:47:17 [VERBOSE] (upload.go:776) Uploading PACKING_BAGS.MP3 to album folder (storage ID: 131073, folder ID: 16783278)
2025/03/08 15:47:18 [VERBOSE] (upload.go:850) Successfully uploaded PACKING_BAGS.MP3 (object ID: 16783279) to /MUSIC/BOOGIE_T.RIO/THREE_FOR_ALL_EP/PACKING_BAGS.MP3
2025/03/08 15:47:18 [INFO] (upload.go:1020) Verifying file upload for PACKING_BAGS.MP3 (ID: 16783279)
2025/03/08 15:47:18 [INFO] (upload.go:1029) Direct verification successful: PACKING_BAGS.MP3 exists with correct size 5634788 bytes
2025/03/08 15:47:18 [ERROR] (storage.go:288) Error getting object info for handle 16783169: GeneralError
2025/03/08 15:47:18 [ERROR] (storage.go:288) Error getting object info for handle 16783202: GeneralError
2025/03/08 15:47:18 [VERBOSE] (upload.go:1180) Folder 'HIGH_STEP_SOCIETY' not found, attempting to create it
2025/03/08 15:47:18 [VERBOSE] (upload.go:1180) Folder 'PERCEPTION' not found, attempting to create it
2025/03/08 15:47:18 [VERBOSE] (upload.go:776) Uploading PERCEPTION.MP3 to album folder (storage ID: 131073, folder ID: 16783281)
2025/03/08 15:47:18 [VERBOSE] (upload.go:850) Successfully uploaded PERCEPTION.MP3 (object ID: 16783282) to /MUSIC/HIGH_STEP_SOCIETY/PERCEPTION/PERCEPTION.MP3
2025/03/08 15:47:18 [INFO] (upload.go:1020) Verifying file upload for PERCEPTION.MP3 (ID: 16783282)
2025/03/08 15:47:18 [INFO] (upload.go:1029) Direct verification successful: PERCEPTION.MP3 exists with correct size 3933976 bytes
2025/03/08 15:47:19 [ERROR] (storage.go:288) Error getting object info for handle 16783169: GeneralError
2025/03/08 15:47:19 [ERROR] (storage.go:288) Error getting object info for handle 16783202: GeneralError
2025/03/08 15:47:19 [VERBOSE] (upload.go:1180) Folder 'THE_FLOOZIES' not found, attempting to create it
2025/03/08 15:47:19 [VERBOSE] (upload.go:1180) Folder 'POTATOES' not found, attempting to create it
2025/03/08 15:47:19 [VERBOSE] (upload.go:776) Uploading POTATOES.MP3 to album folder (storage ID: 131073, folder ID: 16783284)
2025/03/08 15:47:19 [VERBOSE] (upload.go:850) Successfully uploaded POTATOES.MP3 (object ID: 16783285) to /MUSIC/THE_FLOOZIES/POTATOES/POTATOES.MP3
2025/03/08 15:47:19 [INFO] (upload.go:1020) Verifying file upload for POTATOES.MP3 (ID: 16783285)
2025/03/08 15:47:19 [INFO] (upload.go:1029) Direct verification successful: POTATOES.MP3 exists with correct size 2499548 bytes
2025/03/08 15:47:19 [ERROR] (storage.go:288) Error getting object info for handle 16783169: GeneralError
2025/03/08 15:47:19 [ERROR] (storage.go:288) Error getting object info for handle 16783202: GeneralError
2025/03/08 15:47:19 [VERBOSE] (upload.go:1180) Folder 'K+LAB_MELODOWNZ_MUSTAFA_AKBAR' not found, attempting to create it
2025/03/08 15:47:19 [VERBOSE] (upload.go:1180) Folder 'THE_WORLDLY'S' not found, attempting to create it
2025/03/08 15:47:19 [VERBOSE] (upload.go:776) Uploading PULL_UP.MP3 to album folder (storage ID: 131073, folder ID: 16783287)
2025/03/08 15:47:20 [VERBOSE] (upload.go:850) Successfully uploaded PULL_UP.MP3 (object ID: 16783288) to /MUSIC/K+LAB_MELODOWNZ_MUSTAFA_AKBAR/THE_WORLDLY'S/PULL_UP.MP3
2025/03/08 15:47:20 [INFO] (upload.go:1020) Verifying file upload for PULL_UP.MP3 (ID: 16783288)
2025/03/08 15:47:20 [INFO] (upload.go:1029) Direct verification successful: PULL_UP.MP3 exists with correct size 3356911 bytes
2025/03/08 15:47:20 [ERROR] (storage.go:288) Error getting object info for handle 16783169: GeneralError
2025/03/08 15:47:20 [ERROR] (storage.go:288) Error getting object info for handle 16783202: GeneralError
2025/03/08 15:47:20 [VERBOSE] (upload.go:1180) Folder 'OPIUO' not found, attempting to create it
2025/03/08 15:47:20 [VERBOSE] (upload.go:1180) Folder 'SLURP_AND_GIGGLE' not found, attempting to create it
2025/03/08 15:47:20 [VERBOSE] (upload.go:776) Uploading ROBO_BOOTY.MP3 to album folder (storage ID: 131073, folder ID: 16783290)
2025/03/08 15:47:21 [VERBOSE] (upload.go:850) Successfully uploaded ROBO_BOOTY.MP3 (object ID: 16783291) to /MUSIC/OPIUO/SLURP_AND_GIGGLE/ROBO_BOOTY.MP3
2025/03/08 15:47:21 [INFO] (upload.go:1020) Verifying file upload for ROBO_BOOTY.MP3 (ID: 16783291)
2025/03/08 15:47:21 [INFO] (upload.go:1029) Direct verification successful: ROBO_BOOTY.MP3 exists with correct size 4648674 bytes
2025/03/08 15:47:21 [ERROR] (storage.go:288) Error getting object info for handle 16783169: GeneralError
2025/03/08 15:47:21 [ERROR] (storage.go:288) Error getting object info for handle 16783202: GeneralError
2025/03/08 15:47:21 [VERBOSE] (upload.go:1180) Folder 'HABITAAT_BLIMES' not found, attempting to create it
2025/03/08 15:47:21 [VERBOSE] (upload.go:1180) Folder 'FALL_IN_DEEP' not found, attempting to create it
2025/03/08 15:47:21 [VERBOSE] (upload.go:776) Uploading SHAKE.MP3 to album folder (storage ID: 131073, folder ID: 16783293)
2025/03/08 15:47:22 [VERBOSE] (upload.go:850) Successfully uploaded SHAKE.MP3 (object ID: 16783294) to /MUSIC/HABITAAT_BLIMES/FALL_IN_DEEP/SHAKE.MP3
2025/03/08 15:47:22 [INFO] (upload.go:1020) Verifying file upload for SHAKE.MP3 (ID: 16783294)
2025/03/08 15:47:22 [INFO] (upload.go:1029) Direct verification successful: SHAKE.MP3 exists with correct size 2866072 bytes
2025/03/08 15:47:22 [ERROR] (storage.go:288) Error getting object info for handle 16783169: GeneralError
2025/03/08 15:47:22 [ERROR] (storage.go:288) Error getting object info for handle 16783202: GeneralError
2025/03/08 15:47:22 [VERBOSE] (upload.go:1180) Folder 'BOOMBOX' not found, attempting to create it
2025/03/08 15:47:22 [VERBOSE] (upload.go:1180) Folder 'DOWNRIVERELECTRIC' not found, attempting to create it
2025/03/08 15:47:22 [VERBOSE] (upload.go:776) Uploading SHAKEDOWN_STREET.MP3 to album folder (storage ID: 131073, folder ID: 16783296)
2025/03/08 15:47:22 [VERBOSE] (upload.go:850) Successfully uploaded SHAKEDOWN_STREET.MP3 (object ID: 16783297) to /MUSIC/BOOMBOX/DOWNRIVERELECTRIC/SHAKEDOWN_STREET.MP3
2025/03/08 15:47:22 [INFO] (upload.go:1020) Verifying file upload for SHAKEDOWN_STREET.MP3 (ID: 16783297)
2025/03/08 15:47:22 [INFO] (upload.go:1029) Direct verification successful: SHAKEDOWN_STREET.MP3 exists with correct size 3394282 bytes
2025/03/08 15:47:23 [ERROR] (storage.go:288) Error getting object info for handle 16783169: GeneralError
2025/03/08 15:47:23 [ERROR] (storage.go:288) Error getting object info for handle 16783202: GeneralError
2025/03/08 15:47:23 [VERBOSE] (upload.go:1180) Folder 'MOUNTAIN_HEAD' not found, attempting to create it
2025/03/08 15:47:23 [VERBOSE] (upload.go:1180) Folder 'SHIMMY_SHIMMY_YA' not found, attempting to create it
2025/03/08 15:47:23 [VERBOSE] (upload.go:776) Uploading SHIMMY_SHIMMY_YA.MP3 to album folder (storage ID: 131073, folder ID: 16783299)
2025/03/08 15:47:23 [VERBOSE] (upload.go:850) Successfully uploaded SHIMMY_SHIMMY_YA.MP3 (object ID: 16783300) to /MUSIC/MOUNTAIN_HEAD/SHIMMY_SHIMMY_YA/SHIMMY_SHIMMY_YA.MP3
2025/03/08 15:47:23 [INFO] (upload.go:1020) Verifying file upload for SHIMMY_SHIMMY_YA.MP3 (ID: 16783300)
2025/03/08 15:47:23 [INFO] (upload.go:1029) Direct verification successful: SHIMMY_SHIMMY_YA.MP3 exists with correct size 3131167 bytes
2025/03/08 15:47:23 [ERROR] (storage.go:288) Error getting object info for handle 16783169: GeneralError
2025/03/08 15:47:23 [ERROR] (storage.go:288) Error getting object info for handle 16783202: GeneralError
2025/03/08 15:47:24 [VERBOSE] (upload.go:1180) Folder 'CODY_KO_MOONLGHT' not found, attempting to create it
2025/03/08 15:47:24 [VERBOSE] (upload.go:1180) Folder 'SHOULD_I_STAY_OR_SHOULD_I_GO' not found, attempting to create it
2025/03/08 15:47:24 [VERBOSE] (upload.go:776) Uploading SHOULD_I_STAY_OR_SHOULD_I_GO.MP3 to album folder (storage ID: 131073, folder ID: 16783302)
2025/03/08 15:47:24 [VERBOSE] (upload.go:850) Successfully uploaded SHOULD_I_STAY_OR_SHOULD_I_GO.MP3 (object ID: 16783303) to /MUSIC/CODY_KO_MOONLGHT/SHOULD_I_STAY_OR_SHOULD_I_GO/SHOULD_I_STAY_OR_SHOULD_I_GO.MP3
2025/03/08 15:47:24 [INFO] (upload.go:1020) Verifying file upload for SHOULD_I_STAY_OR_SHOULD_I_GO.MP3 (ID: 16783303)
2025/03/08 15:47:24 [INFO] (upload.go:1029) Direct verification successful: SHOULD_I_STAY_OR_SHOULD_I_GO.MP3 exists with correct size 2357044 bytes
2025/03/08 15:47:24 [ERROR] (storage.go:288) Error getting object info for handle 16783169: GeneralError
2025/03/08 15:47:24 [ERROR] (storage.go:288) Error getting object info for handle 16783202: GeneralError
2025/03/08 15:47:24 [VERBOSE] (upload.go:1180) Folder 'CHARLESTHEFIRST' not found, attempting to create it
2025/03/08 15:47:24 [VERBOSE] (upload.go:1180) Folder 'STEP_TIME' not found, attempting to create it
2025/03/08 15:47:24 [VERBOSE] (upload.go:776) Uploading STEP_TIME.MP3 to album folder (storage ID: 131073, folder ID: 16783305)
2025/03/08 15:47:25 [VERBOSE] (upload.go:850) Successfully uploaded STEP_TIME.MP3 (object ID: 16783306) to /MUSIC/CHARLESTHEFIRST/STEP_TIME/STEP_TIME.MP3
2025/03/08 15:47:25 [INFO] (upload.go:1020) Verifying file upload for STEP_TIME.MP3 (ID: 16783306)
2025/03/08 15:47:25 [INFO] (upload.go:1029) Direct verification successful: STEP_TIME.MP3 exists with correct size 3779041 bytes
2025/03/08 15:47:25 [ERROR] (storage.go:288) Error getting object info for handle 16783169: GeneralError
2025/03/08 15:47:25 [ERROR] (storage.go:288) Error getting object info for handle 16783202: GeneralError
2025/03/08 15:47:25 [VERBOSE] (upload.go:1180) Folder 'DIRTWIRE' not found, attempting to create it
2025/03/08 15:47:25 [VERBOSE] (upload.go:1180) Folder 'BLAZE' not found, attempting to create it
2025/03/08 15:47:25 [VERBOSE] (upload.go:776) Uploading STRANGER.MP3 to album folder (storage ID: 131073, folder ID: 16783308)
2025/03/08 15:47:26 [VERBOSE] (upload.go:850) Successfully uploaded STRANGER.MP3 (object ID: 16783309) to /MUSIC/DIRTWIRE/BLAZE/STRANGER.MP3
2025/03/08 15:47:26 [INFO] (upload.go:1020) Verifying file upload for STRANGER.MP3 (ID: 16783309)
2025/03/08 15:47:26 [INFO] (upload.go:1029) Direct verification successful: STRANGER.MP3 exists with correct size 3833090 bytes
2025/03/08 15:47:26 [ERROR] (storage.go:288) Error getting object info for handle 16783169: GeneralError
2025/03/08 15:47:26 [ERROR] (storage.go:288) Error getting object info for handle 16783202: GeneralError
2025/03/08 15:47:26 [VERBOSE] (upload.go:1180) Folder 'PHYPHR' not found, attempting to create it
2025/03/08 15:47:26 [VERBOSE] (upload.go:1180) Folder 'UP' not found, attempting to create it
2025/03/08 15:47:26 [VERBOSE] (upload.go:776) Uploading UP.MP3 to album folder (storage ID: 131073, folder ID: 16783311)
2025/03/08 15:47:26 [VERBOSE] (upload.go:850) Successfully uploaded UP.MP3 (object ID: 16783312) to /MUSIC/PHYPHR/UP/UP.MP3
2025/03/08 15:47:26 [INFO] (upload.go:1020) Verifying file upload for UP.MP3 (ID: 16783312)
2025/03/08 15:47:26 [INFO] (upload.go:1029) Direct verification successful: UP.MP3 exists with correct size 3093155 bytes
2025/03/08 15:47:27 [ERROR] (storage.go:288) Error getting object info for handle 16783169: GeneralError
2025/03/08 15:47:27 [ERROR] (storage.go:288) Error getting object info for handle 16783202: GeneralError
2025/03/08 15:47:27 [VERBOSE] (upload.go:1180) Folder 'ARTIKAL_SOUND_SYSTEM_LITTLE_STRANGER' not found, attempting to create it
2025/03/08 15:47:27 [VERBOSE] (upload.go:1180) Folder 'WELCOME_TO_FLORIDA' not found, attempting to create it
2025/03/08 15:47:27 [VERBOSE] (upload.go:776) Uploading WHEN_I_WANNA_(FEAT._LITTLE_STRANGER).MP3 to album folder (storage ID: 131073, folder ID: 16783314)
2025/03/08 15:47:27 [VERBOSE] (upload.go:850) Successfully uploaded WHEN_I_WANNA_(FEAT._LITTLE_STRANGER).MP3 (object ID: 16783315) to /MUSIC/ARTIKAL_SOUND_SYSTEM_LITTLE_STRANGER/WELCOME_TO_FLORIDA/WHEN_I_WANNA_(FEAT._LITTLE_STRANGER).MP3
2025/03/08 15:47:27 [INFO] (upload.go:1020) Verifying file upload for WHEN_I_WANNA_(FEAT._LITTLE_STRANGER).MP3 (ID: 16783315)
2025/03/08 15:47:27 [INFO] (upload.go:1029) Direct verification successful: WHEN_I_WANNA_(FEAT._LITTLE_STRANGER).MP3 exists with correct size 3365346 bytes
