2025/03/08 13:55:57 --- MTP Music Manager Started ---
2025/03/08 13:55:57 OS: darwin, Architecture: arm64
2025/03/08 13:55:57 Verbose logging: true
2025/03/08 13:55:57 [VERBOSE] (main.go:25) Starting MTP Music Manager
2025/03/08 13:55:57 [VERBOSE] (connect.go:15) Initializing device with timeout of 30s...
2025/03/08 13:55:57 [VERBOSE] (connect.go:28) Starting MTP device detection in background goroutine
2025/03/08 13:55:57 [VERBOSE] (connect.go:40) MTP device found successfully
2025/03/08 13:55:57 [VERBOSE] (connect.go:54) Device initialized successfully
2025/03/08 13:55:57 [VERBOSE] (storage.go:21) Fetching storages with timeout of 30s...
2025/03/08 13:55:57 [VERBOSE] (storage.go:48) Found 1 storage(s) on device
2025/03/08 13:55:57 [VERBOSE] (storage.go:61) Storage #1:  (ID: 131073)
2025/03/08 13:56:01 [INFO] (upload.go:1217) Automatically selected storage:  (ID: 131073)
2025/03/08 13:56:02 [ERROR] (upload.go:1092) Error getting object info for handle 16783067: GeneralError
2025/03/08 13:56:02 [ERROR] (upload.go:1092) Error getting object info for handle 16783068: GeneralError
2025/03/08 13:56:02 [ERROR] (upload.go:1092) Error getting object info for handle 16783069: GeneralError
2025/03/08 13:56:02 [ERROR] (upload.go:1092) Error getting object info for handle 16783070: GeneralError
2025/03/08 13:56:02 [ERROR] (upload.go:1092) Error getting object info for handle 16783071: GeneralError
2025/03/08 13:56:02 [ERROR] (upload.go:1092) Error getting object info for handle 16783072: GeneralError
2025/03/08 13:56:02 [ERROR] (upload.go:1092) Error getting object info for handle 16783073: GeneralError
2025/03/08 13:56:02 [ERROR] (upload.go:1092) Error getting object info for handle 16783074: GeneralError
2025/03/08 13:56:02 [ERROR] (upload.go:1092) Error getting object info for handle 16783075: GeneralError
2025/03/08 13:56:02 [ERROR] (upload.go:1092) Error getting object info for handle 16783076: GeneralError
2025/03/08 13:56:02 [ERROR] (upload.go:1092) Error getting object info for handle 16783077: GeneralError
2025/03/08 13:56:02 [ERROR] (upload.go:1092) Error getting object info for handle 16783078: GeneralError
2025/03/08 13:56:02 [ERROR] (upload.go:1092) Error getting object info for handle 16783079: GeneralError
2025/03/08 13:56:02 [ERROR] (upload.go:1092) Error getting object info for handle 16783080: GeneralError
2025/03/08 13:56:02 [ERROR] (upload.go:1092) Error getting object info for handle 16783081: GeneralError
2025/03/08 13:56:02 [ERROR] (upload.go:1092) Error getting object info for handle 16783082: GeneralError
2025/03/08 13:56:02 [ERROR] (upload.go:1092) Error getting object info for handle 16783083: GeneralError
2025/03/08 13:56:02 [ERROR] (upload.go:1062) Error finding Music folder: folder not found
2025/03/08 13:56:02 [VERBOSE] (upload.go:1065) Music folder not found, creating it
2025/03/08 13:56:02 [ERROR] (menu.go:64) Error selecting storage: failed to find or create Music folder: error creating Music folder: error sending folder info: GeneralError
