2025/03/08 13:53:18 --- MTP Music Manager Started ---
2025/03/08 13:53:18 OS: darwin, Architecture: arm64
2025/03/08 13:53:18 Verbose logging: true
2025/03/08 13:53:18 [VERBOSE] (main.go:25) Starting MTP Music Manager
2025/03/08 13:53:18 [VERBOSE] (connect.go:15) Initializing device with timeout of 30s...
2025/03/08 13:53:18 [VERBOSE] (connect.go:28) Starting MTP device detection in background goroutine
2025/03/08 13:53:18 [VERBOSE] (connect.go:40) MTP device found successfully
2025/03/08 13:53:18 [VERBOSE] (connect.go:54) Device initialized successfully
2025/03/08 13:53:18 [VERBOSE] (storage.go:21) Fetching storages with timeout of 30s...
2025/03/08 13:53:18 [VERBOSE] (storage.go:48) Found 1 storage(s) on device
2025/03/08 13:53:18 [VERBOSE] (storage.go:61) Storage #1:  (ID: 131073)
2025/03/08 13:53:20 [INFO] (upload.go:1217) Automatically selected storage:  (ID: 131073)
2025/03/08 13:53:20 [VERBOSE] (upload.go:1076) Found existing Music folder with ID: 16777218
2025/03/08 13:53:33 [VERBOSE] (upload.go:1132) Using existing folder: JOYRYDE_SKRILLEX (ID: 16777333)
2025/03/08 13:53:33 [VERBOSE] (upload.go:1132) Using existing folder: AGEN_WIDA (ID: 16777693)
2025/03/08 13:53:33 [INFO] (upload.go:920) Uploading 01 AGEN_WIDA.MP3 to album folder (storage ID: 131073, folder ID: 16777693)
2025/03/08 13:53:34 [INFO] (upload.go:975) Successfully uploaded 01 AGEN_WIDA.MP3 (object ID: 16783067) to /MUSIC/JOYRYDE_SKRILLEX/AGEN_WIDA/01 AGEN_WIDA.MP3
2025/03/08 13:53:34 [VERBOSE] (upload.go:1132) Using existing folder: ISOXO_KNOCK2 (ID: 16777334)
2025/03/08 13:53:34 [VERBOSE] (upload.go:1132) Using existing folder: NITEHARTS (ID: 16777694)
2025/03/08 13:53:34 [INFO] (upload.go:920) Uploading 02 AARENA_(KNOCK2_REMIX).MP3 to album folder (storage ID: 131073, folder ID: 16777694)
2025/03/08 13:53:34 [INFO] (upload.go:975) Successfully uploaded 02 AARENA_(KNOCK2_REMIX).MP3 (object ID: 16783068) to /MUSIC/ISOXO_KNOCK2/NITEHARTS/02 AARENA_(KNOCK2_REMIX).MP3
2025/03/08 13:53:34 [VERBOSE] (upload.go:1132) Using existing folder: JAUZ (ID: 16777307)
2025/03/08 13:53:34 [VERBOSE] (upload.go:1132) Using existing folder: ALPHA (ID: 16777657)
2025/03/08 13:53:34 [INFO] (upload.go:920) Uploading 03 ALPHA.MP3 to album folder (storage ID: 131073, folder ID: 16777657)
2025/03/08 13:53:35 [INFO] (upload.go:975) Successfully uploaded 03 ALPHA.MP3 (object ID: 16783069) to /MUSIC/JAUZ/ALPHA/03 ALPHA.MP3
2025/03/08 13:53:35 [VERBOSE] (upload.go:1132) Using existing folder: HEROBUST (ID: 16777317)
2025/03/08 13:53:35 [VERBOSE] (upload.go:1132) Using existing folder: BRUH_! (ID: 16777673)
2025/03/08 13:53:35 [INFO] (upload.go:920) Uploading 04 BRUH!.MP3 to album folder (storage ID: 131073, folder ID: 16777673)
2025/03/08 13:53:35 [INFO] (upload.go:975) Successfully uploaded 04 BRUH!.MP3 (object ID: 16783070) to /MUSIC/HEROBUST/BRUH_!/04 BRUH!.MP3
2025/03/08 13:53:35 [VERBOSE] (upload.go:1132) Using existing folder: BRO_SAFARI_TANK_PARADE (ID: 16777335)
2025/03/08 13:53:36 [VERBOSE] (upload.go:1132) Using existing folder: BLITZ (ID: 16777695)
2025/03/08 13:53:36 [INFO] (upload.go:920) Uploading 05 BLITZ.MP3 to album folder (storage ID: 131073, folder ID: 16777695)
2025/03/08 13:53:36 [INFO] (upload.go:975) Successfully uploaded 05 BLITZ.MP3 (object ID: 16783071) to /MUSIC/BRO_SAFARI_TANK_PARADE/BLITZ/05 BLITZ.MP3
2025/03/08 13:53:36 [VERBOSE] (upload.go:1132) Using existing folder: HEROBUST (ID: 16777317)
2025/03/08 13:53:36 [VERBOSE] (upload.go:1132) Using existing folder: BLOCKBUSTER_VIP (ID: 16777674)
2025/03/08 13:53:36 [INFO] (upload.go:920) Uploading 06 BLOCKBUSTER_VIP.MP3 to album folder (storage ID: 131073, folder ID: 16777674)
2025/03/08 13:53:37 [INFO] (upload.go:975) Successfully uploaded 06 BLOCKBUSTER_VIP.MP3 (object ID: 16783072) to /MUSIC/HEROBUST/BLOCKBUSTER_VIP/06 BLOCKBUSTER_VIP.MP3
2025/03/08 13:53:37 [VERBOSE] (upload.go:1132) Using existing folder: RUSKO_SUBTRONICS (ID: 16777336)
2025/03/08 13:53:37 [VERBOSE] (upload.go:1132) Using existing folder: BOUNCE (ID: 16777696)
2025/03/08 13:53:37 [INFO] (upload.go:920) Uploading 07 BOUNCE.MP3 to album folder (storage ID: 131073, folder ID: 16777696)
2025/03/08 13:53:38 [INFO] (upload.go:975) Successfully uploaded 07 BOUNCE.MP3 (object ID: 16783073) to /MUSIC/RUSKO_SUBTRONICS/BOUNCE/07 BOUNCE.MP3
2025/03/08 13:53:38 [VERBOSE] (upload.go:1132) Using existing folder: 12TH_PLANET (ID: 16777325)
2025/03/08 13:53:38 [VERBOSE] (upload.go:1132) Using existing folder: CLAIRVOYANT (ID: 16777685)
2025/03/08 13:53:38 [INFO] (upload.go:920) Uploading 08 CLAIRVOYANT.MP3 to album folder (storage ID: 131073, folder ID: 16777685)
2025/03/08 13:53:39 [INFO] (upload.go:975) Successfully uploaded 08 CLAIRVOYANT.MP3 (object ID: 16783074) to /MUSIC/12TH_PLANET/CLAIRVOYANT/08 CLAIRVOYANT.MP3
2025/03/08 13:53:39 [VERBOSE] (upload.go:1132) Using existing folder: 4B_NVRLEFT (ID: 16777337)
2025/03/08 13:53:39 [VERBOSE] (upload.go:1132) Using existing folder: DOPE (ID: 16777697)
2025/03/08 13:53:39 [INFO] (upload.go:920) Uploading 09 DOPE.MP3 to album folder (storage ID: 131073, folder ID: 16777697)
2025/03/08 13:53:40 [INFO] (upload.go:975) Successfully uploaded 09 DOPE.MP3 (object ID: 16783075) to /MUSIC/4B_NVRLEFT/DOPE/09 DOPE.MP3
2025/03/08 13:53:40 [VERBOSE] (upload.go:1132) Using existing folder: RIOT (ID: 16777338)
2025/03/08 13:53:40 [VERBOSE] (upload.go:1132) Using existing folder: DOWN_WITH_YOUR_LOVE (ID: 16777698)
2025/03/08 13:53:40 [INFO] (upload.go:920) Uploading 10 DOWN_WITH_YOUR_LOVE.MP3 to album folder (storage ID: 131073, folder ID: 16777698)
2025/03/08 13:53:41 [INFO] (upload.go:975) Successfully uploaded 10 DOWN_WITH_YOUR_LOVE.MP3 (object ID: 16783076) to /MUSIC/RIOT/DOWN_WITH_YOUR_LOVE/10 DOWN_WITH_YOUR_LOVE.MP3
2025/03/08 13:53:41 [VERBOSE] (upload.go:1132) Using existing folder: BRAINRACK_EYEZIC_ALLEYCVT (ID: 16777339)
2025/03/08 13:53:41 [VERBOSE] (upload.go:1132) Using existing folder: EYES_CLOSED (ID: 16777699)
2025/03/08 13:53:41 [INFO] (upload.go:920) Uploading 11 EYES_CLOSED.MP3 to album folder (storage ID: 131073, folder ID: 16777699)
2025/03/08 13:53:42 [INFO] (upload.go:975) Successfully uploaded 11 EYES_CLOSED.MP3 (object ID: 16783077) to /MUSIC/BRAINRACK_EYEZIC_ALLEYCVT/EYES_CLOSED/11 EYES_CLOSED.MP3
2025/03/08 13:53:42 [VERBOSE] (upload.go:1132) Using existing folder: JAUZ (ID: 16777307)
2025/03/08 13:53:42 [VERBOSE] (upload.go:1132) Using existing folder: FEEL_THE_VOLUME (ID: 16777658)
2025/03/08 13:53:42 [INFO] (upload.go:920) Uploading 12 FEEL_THE_VOLUME.MP3 to album folder (storage ID: 131073, folder ID: 16777658)
2025/03/08 13:53:43 [INFO] (upload.go:975) Successfully uploaded 12 FEEL_THE_VOLUME.MP3 (object ID: 16783078) to /MUSIC/JAUZ/FEEL_THE_VOLUME/12 FEEL_THE_VOLUME.MP3
2025/03/08 13:53:43 [VERBOSE] (upload.go:1132) Using existing folder: 12TH_PLANET_KATIE_SKY (ID: 16777340)
2025/03/08 13:53:43 [VERBOSE] (upload.go:1132) Using existing folder: FOLLOW (ID: 16777700)
2025/03/08 13:53:43 [INFO] (upload.go:920) Uploading 13 FOLLOW.MP3 to album folder (storage ID: 131073, folder ID: 16777700)
2025/03/08 13:53:44 [INFO] (upload.go:975) Successfully uploaded 13 FOLLOW.MP3 (object ID: 16783079) to /MUSIC/12TH_PLANET_KATIE_SKY/FOLLOW/13 FOLLOW.MP3
2025/03/08 13:53:44 [VERBOSE] (upload.go:1132) Using existing folder: BUKU_BASSNECTAR (ID: 16777341)
2025/03/08 13:53:44 [VERBOSE] (upload.go:1132) Using existing folder: FRONT_TO_BACK_(BASSNECTAR_REMIX) (ID: 16777701)
2025/03/08 13:53:44 [INFO] (upload.go:920) Uploading 14 FRONT_TO_BACK_-_BASSNECTAR_REMIX.MP3 to album folder (storage ID: 131073, folder ID: 16777701)
2025/03/08 13:53:45 [INFO] (upload.go:975) Successfully uploaded 14 FRONT_TO_BACK_-_BASSNECTAR_REMIX.MP3 (object ID: 16783080) to /MUSIC/BUKU_BASSNECTAR/FRONT_TO_BACK_(BASSNECTAR_REMIX)/14 FRONT_TO_BACK_-_BASSNECTAR_REMIX.MP3
2025/03/08 13:53:45 [VERBOSE] (upload.go:1132) Using existing folder: KNOCK2 (ID: 16777321)
2025/03/08 13:53:45 [VERBOSE] (upload.go:1132) Using existing folder: SABLE_VALLEY_SUMMER_VOL._1 (ID: 16777679)
2025/03/08 13:53:45 [INFO] (upload.go:920) Uploading 15 GEMS.MP3 to album folder (storage ID: 131073, folder ID: 16777679)
2025/03/08 13:53:46 [INFO] (upload.go:975) Successfully uploaded 15 GEMS.MP3 (object ID: 16783081) to /MUSIC/KNOCK2/SABLE_VALLEY_SUMMER_VOL._1/15 GEMS.MP3
2025/03/08 13:53:46 [VERBOSE] (upload.go:1132) Using existing folder: JAUZ (ID: 16777307)
2025/03/08 13:53:46 [VERBOSE] (upload.go:1132) Using existing folder: GET_TO_ME (ID: 16777659)
2025/03/08 13:53:46 [INFO] (upload.go:920) Uploading 16 GET_TO_ME.MP3 to album folder (storage ID: 131073, folder ID: 16777659)
2025/03/08 13:53:47 [INFO] (upload.go:975) Successfully uploaded 16 GET_TO_ME.MP3 (object ID: 16783082) to /MUSIC/JAUZ/GET_TO_ME/16 GET_TO_ME.MP3
2025/03/08 13:53:47 [VERBOSE] (upload.go:1132) Using existing folder: DEADMAU5_ROB_SWIRE_JAUZ (ID: 16777342)
2025/03/08 13:53:47 [VERBOSE] (upload.go:1132) Using existing folder: GHOSTS_'N'_STUFF_(JAUZ_REMIX) (ID: 16777702)
2025/03/08 13:53:47 [INFO] (upload.go:920) Uploading 17 GHOSTS_'N'_STUFF_-_JAUZ_REMIX.MP3 to album folder (storage ID: 131073, folder ID: 16777702)
2025/03/08 13:53:48 [INFO] (upload.go:975) Successfully uploaded 17 GHOSTS_'N'_STUFF_-_JAUZ_REMIX.MP3 (object ID: 16783083) to /MUSIC/DEADMAU5_ROB_SWIRE_JAUZ/GHOSTS_'N'_STUFF_(JAUZ_REMIX)/17 GHOSTS_'N'_STUFF_-_JAUZ_REMIX.MP3
2025/03/08 13:53:48 [VERBOSE] (sanitize.go:238) Formatted playlist path to: 0:/MUSIC/JOYRYDE_SKRILLEX/AGEN_WIDA/01 AGEN_WIDA.MP3
2025/03/08 13:53:48 [VERBOSE] (upload.go:298) Added to playlist: 0:/MUSIC/JOYRYDE_SKRILLEX/AGEN_WIDA/01 AGEN_WIDA.MP3 -> JOYRYDE SKRILLEX - 01 AGEN WIDA
2025/03/08 13:53:48 [VERBOSE] (sanitize.go:238) Formatted playlist path to: 0:/MUSIC/ISOXO_KNOCK2/NITEHARTS/02 AARENA_(KNOCK2_REMIX).MP3
2025/03/08 13:53:48 [VERBOSE] (upload.go:298) Added to playlist: 0:/MUSIC/ISOXO_KNOCK2/NITEHARTS/02 AARENA_(KNOCK2_REMIX).MP3 -> ISOXO KNOCK2 - 02 AARENA (KNOCK2 REMIX)
2025/03/08 13:53:48 [VERBOSE] (sanitize.go:238) Formatted playlist path to: 0:/MUSIC/JAUZ/ALPHA/03 ALPHA.MP3
2025/03/08 13:53:48 [VERBOSE] (upload.go:298) Added to playlist: 0:/MUSIC/JAUZ/ALPHA/03 ALPHA.MP3 -> JAUZ - 03 ALPHA
2025/03/08 13:53:48 [VERBOSE] (sanitize.go:238) Formatted playlist path to: 0:/MUSIC/HEROBUST/BRUH_!/04 BRUH!.MP3
2025/03/08 13:53:48 [VERBOSE] (upload.go:298) Added to playlist: 0:/MUSIC/HEROBUST/BRUH_!/04 BRUH!.MP3 -> HEROBUST - 04 BRUH!
2025/03/08 13:53:48 [VERBOSE] (sanitize.go:238) Formatted playlist path to: 0:/MUSIC/BRO_SAFARI_TANK_PARADE/BLITZ/05 BLITZ.MP3
2025/03/08 13:53:48 [VERBOSE] (upload.go:298) Added to playlist: 0:/MUSIC/BRO_SAFARI_TANK_PARADE/BLITZ/05 BLITZ.MP3 -> BRO SAFARI TANK PARADE - 05 BLITZ
2025/03/08 13:53:48 [VERBOSE] (sanitize.go:238) Formatted playlist path to: 0:/MUSIC/HEROBUST/BLOCKBUSTER_VIP/06 BLOCKBUSTER_VIP.MP3
2025/03/08 13:53:48 [VERBOSE] (upload.go:298) Added to playlist: 0:/MUSIC/HEROBUST/BLOCKBUSTER_VIP/06 BLOCKBUSTER_VIP.MP3 -> HEROBUST - 06 BLOCKBUSTER VIP
2025/03/08 13:53:48 [VERBOSE] (sanitize.go:238) Formatted playlist path to: 0:/MUSIC/RUSKO_SUBTRONICS/BOUNCE/07 BOUNCE.MP3
2025/03/08 13:53:48 [VERBOSE] (upload.go:298) Added to playlist: 0:/MUSIC/RUSKO_SUBTRONICS/BOUNCE/07 BOUNCE.MP3 -> RUSKO SUBTRONICS - 07 BOUNCE
2025/03/08 13:53:48 [VERBOSE] (sanitize.go:238) Formatted playlist path to: 0:/MUSIC/12TH_PLANET/CLAIRVOYANT/08 CLAIRVOYANT.MP3
2025/03/08 13:53:48 [VERBOSE] (upload.go:298) Added to playlist: 0:/MUSIC/12TH_PLANET/CLAIRVOYANT/08 CLAIRVOYANT.MP3 -> 12TH PLANET - 08 CLAIRVOYANT
2025/03/08 13:53:48 [VERBOSE] (sanitize.go:238) Formatted playlist path to: 0:/MUSIC/4B_NVRLEFT/DOPE/09 DOPE.MP3
2025/03/08 13:53:48 [VERBOSE] (upload.go:298) Added to playlist: 0:/MUSIC/4B_NVRLEFT/DOPE/09 DOPE.MP3 -> 4B NVRLEFT - 09 DOPE
2025/03/08 13:53:48 [VERBOSE] (sanitize.go:238) Formatted playlist path to: 0:/MUSIC/RIOT/DOWN_WITH_YOUR_LOVE/10 DOWN_WITH_YOUR_LOVE.MP3
2025/03/08 13:53:48 [VERBOSE] (upload.go:298) Added to playlist: 0:/MUSIC/RIOT/DOWN_WITH_YOUR_LOVE/10 DOWN_WITH_YOUR_LOVE.MP3 -> RIOT - 10 DOWN WITH YOUR LOVE
2025/03/08 13:53:48 [VERBOSE] (sanitize.go:238) Formatted playlist path to: 0:/MUSIC/BRAINRACK_EYEZIC_ALLEYCVT/EYES_CLOSED/11 EYES_CLOSED.MP3
2025/03/08 13:53:48 [VERBOSE] (upload.go:298) Added to playlist: 0:/MUSIC/BRAINRACK_EYEZIC_ALLEYCVT/EYES_CLOSED/11 EYES_CLOSED.MP3 -> BRAINRACK EYEZIC ALLEYCVT - 11 EYES CLOSED
2025/03/08 13:53:48 [VERBOSE] (sanitize.go:238) Formatted playlist path to: 0:/MUSIC/JAUZ/FEEL_THE_VOLUME/12 FEEL_THE_VOLUME.MP3
2025/03/08 13:53:48 [VERBOSE] (upload.go:298) Added to playlist: 0:/MUSIC/JAUZ/FEEL_THE_VOLUME/12 FEEL_THE_VOLUME.MP3 -> JAUZ - 12 FEEL THE VOLUME
2025/03/08 13:53:48 [VERBOSE] (sanitize.go:238) Formatted playlist path to: 0:/MUSIC/12TH_PLANET_KATIE_SKY/FOLLOW/13 FOLLOW.MP3
2025/03/08 13:53:48 [VERBOSE] (upload.go:298) Added to playlist: 0:/MUSIC/12TH_PLANET_KATIE_SKY/FOLLOW/13 FOLLOW.MP3 -> 12TH PLANET KATIE SKY - 13 FOLLOW
2025/03/08 13:53:48 [VERBOSE] (sanitize.go:238) Formatted playlist path to: 0:/MUSIC/BUKU_BASSNECTAR/FRONT_TO_BACK_(BASSNECTAR_REMIX)/14 FRONT_TO_BACK_-_BASSNECTAR_REMIX.MP3
2025/03/08 13:53:48 [VERBOSE] (upload.go:298) Added to playlist: 0:/MUSIC/BUKU_BASSNECTAR/FRONT_TO_BACK_(BASSNECTAR_REMIX)/14 FRONT_TO_BACK_-_BASSNECTAR_REMIX.MP3 -> BUKU BASSNECTAR - 14 FRONT TO BACK - BASSNECTAR REMIX
2025/03/08 13:53:48 [VERBOSE] (sanitize.go:238) Formatted playlist path to: 0:/MUSIC/KNOCK2/SABLE_VALLEY_SUMMER_VOL._1/15 GEMS.MP3
2025/03/08 13:53:48 [VERBOSE] (upload.go:298) Added to playlist: 0:/MUSIC/KNOCK2/SABLE_VALLEY_SUMMER_VOL._1/15 GEMS.MP3 -> KNOCK2 - 15 GEMS
2025/03/08 13:53:48 [VERBOSE] (sanitize.go:238) Formatted playlist path to: 0:/MUSIC/JAUZ/GET_TO_ME/16 GET_TO_ME.MP3
2025/03/08 13:53:48 [VERBOSE] (upload.go:298) Added to playlist: 0:/MUSIC/JAUZ/GET_TO_ME/16 GET_TO_ME.MP3 -> JAUZ - 16 GET TO ME
2025/03/08 13:53:48 [VERBOSE] (sanitize.go:238) Formatted playlist path to: 0:/MUSIC/DEADMAU5_ROB_SWIRE_JAUZ/GHOSTS_'N'_STUFF_(JAUZ_REMIX)/17 GHOSTS_'N'_STUFF_-_JAUZ_REMIX.MP3
2025/03/08 13:53:48 [VERBOSE] (upload.go:298) Added to playlist: 0:/MUSIC/DEADMAU5_ROB_SWIRE_JAUZ/GHOSTS_'N'_STUFF_(JAUZ_REMIX)/17 GHOSTS_'N'_STUFF_-_JAUZ_REMIX.MP3 -> DEADMAU5 ROB SWIRE JAUZ - 17 GHOSTS 'N' STUFF - JAUZ REMIX
2025/03/08 13:53:48 [VERBOSE] (upload.go:302) Full playlist content:
#EXTM3U
#EXTINF:-1,JOYRYDE SKRILLEX - 01 AGEN WIDA
0:/MUSIC/JOYRYDE_SKRILLEX/AGEN_WIDA/01 AGEN_WIDA.MP3
#EXTINF:-1,ISOXO KNOCK2 - 02 AARENA (KNOCK2 REMIX)
0:/MUSIC/ISOXO_KNOCK2/NITEHARTS/02 AARENA_(KNOCK2_REMIX).MP3
#EXTINF:-1,JAUZ - 03 ALPHA
0:/MUSIC/JAUZ/ALPHA/03 ALPHA.MP3
#EXTINF:-1,HEROBUST - 04 BRUH!
0:/MUSIC/HEROBUST/BRUH_!/04 BRUH!.MP3
#EXTINF:-1,BRO SAFARI TANK PARADE - 05 BLITZ
0:/MUSIC/BRO_SAFARI_TANK_PARADE/BLITZ/05 BLITZ.MP3
#EXTINF:-1,HEROBUST - 06 BLOCKBUSTER VIP
0:/MUSIC/HEROBUST/BLOCKBUSTER_VIP/06 BLOCKBUSTER_VIP.MP3
#EXTINF:-1,RUSKO SUBTRONICS - 07 BOUNCE
0:/MUSIC/RUSKO_SUBTRONICS/BOUNCE/07 BOUNCE.MP3
#EXTINF:-1,12TH PLANET - 08 CLAIRVOYANT
0:/MUSIC/12TH_PLANET/CLAIRVOYANT/08 CLAIRVOYANT.MP3
#EXTINF:-1,4B NVRLEFT - 09 DOPE
0:/MUSIC/4B_NVRLEFT/DOPE/09 DOPE.MP3
#EXTINF:-1,RIOT - 10 DOWN WITH YOUR LOVE
0:/MUSIC/RIOT/DOWN_WITH_YOUR_LOVE/10 DOWN_WITH_YOUR_LOVE.MP3
#EXTINF:-1,BRAINRACK EYEZIC ALLEYCVT - 11 EYES CLOSED
0:/MUSIC/BRAINRACK_EYEZIC_ALLEYCVT/EYES_CLOSED/11 EYES_CLOSED.MP3
#EXTINF:-1,JAUZ - 12 FEEL THE VOLUME
0:/MUSIC/JAUZ/FEEL_THE_VOLUME/12 FEEL_THE_VOLUME.MP3
#EXTINF:-1,12TH PLANET KATIE SKY - 13 FOLLOW
0:/MUSIC/12TH_PLANET_KATIE_SKY/FOLLOW/13 FOLLOW.MP3
#EXTINF:-1,BUKU BASSNECTAR - 14 FRONT TO BACK - BASSNECTAR REMIX
0:/MUSIC/BUKU_BASSNECTAR/FRONT_TO_BACK_(BASSNECTAR_REMIX)/14 FRONT_TO_BACK_-_BASSNECTAR_REMIX.MP3
#EXTINF:-1,KNOCK2 - 15 GEMS
0:/MUSIC/KNOCK2/SABLE_VALLEY_SUMMER_VOL._1/15 GEMS.MP3
#EXTINF:-1,JAUZ - 16 GET TO ME
0:/MUSIC/JAUZ/GET_TO_ME/16 GET_TO_ME.MP3
#EXTINF:-1,DEADMAU5 ROB SWIRE JAUZ - 17 GHOSTS 'N' STUFF - JAUZ REMIX
0:/MUSIC/DEADMAU5_ROB_SWIRE_JAUZ/GHOSTS_'N'_STUFF_(JAUZ_REMIX)/17 GHOSTS_'N'_STUFF_-_JAUZ_REMIX.MP3
2025/03/08 13:53:48 [INFO] (upload.go:381) Successfully created and uploaded playlist WORKINGJAUZ.m3u8 (object ID: 16783084) with 17 songs
2025/03/08 13:53:48 [INFO] (upload.go:613) Verifying playlist upload for WORKINGJAUZ.m3u8
2025/03/08 13:53:48 [INFO] (upload.go:637) Playlist verification: Found playlist WORKINGJAUZ.m3u8 directly in parent folder (ID: 16777343)
2025/03/08 13:53:48 [INFO] (upload.go:694) Attempting to read content of playlist WORKINGJAUZ.m3u8 (ID: 16777343)
2025/03/08 13:53:51 [INFO] (list.go:25) Searching for playlists...
2025/03/08 13:53:51 [INFO] (list.go:46) Searching storage #1:  (ID: 131073)
2025/03/08 13:53:51 [INFO] (list.go:445) Searching for playlists only in /MUSIC directory
2025/03/08 13:53:51 [ERROR] (upload.go:1092) Error getting object info for handle 16783067: GeneralError
2025/03/08 13:53:51 [ERROR] (upload.go:1092) Error getting object info for handle 16783068: GeneralError
2025/03/08 13:53:51 [ERROR] (upload.go:1092) Error getting object info for handle 16783069: GeneralError
2025/03/08 13:53:51 [ERROR] (upload.go:1092) Error getting object info for handle 16783070: GeneralError
2025/03/08 13:53:51 [ERROR] (upload.go:1092) Error getting object info for handle 16783071: GeneralError
2025/03/08 13:53:51 [ERROR] (upload.go:1092) Error getting object info for handle 16783072: GeneralError
2025/03/08 13:53:51 [ERROR] (upload.go:1092) Error getting object info for handle 16783073: GeneralError
2025/03/08 13:53:51 [ERROR] (upload.go:1092) Error getting object info for handle 16783074: GeneralError
2025/03/08 13:53:51 [ERROR] (upload.go:1092) Error getting object info for handle 16783075: GeneralError
2025/03/08 13:53:51 [ERROR] (upload.go:1092) Error getting object info for handle 16783076: GeneralError
2025/03/08 13:53:51 [ERROR] (upload.go:1092) Error getting object info for handle 16783077: GeneralError
2025/03/08 13:53:51 [ERROR] (upload.go:1092) Error getting object info for handle 16783078: GeneralError
2025/03/08 13:53:51 [ERROR] (upload.go:1092) Error getting object info for handle 16783079: GeneralError
2025/03/08 13:53:51 [ERROR] (upload.go:1092) Error getting object info for handle 16783080: GeneralError
2025/03/08 13:53:51 [ERROR] (upload.go:1092) Error getting object info for handle 16783081: GeneralError
2025/03/08 13:53:51 [ERROR] (upload.go:1092) Error getting object info for handle 16783082: GeneralError
2025/03/08 13:53:51 [ERROR] (upload.go:1092) Error getting object info for handle 16783083: GeneralError
2025/03/08 13:53:51 [INFO] (list.go:450) Music folder not found: folder 'MUSIC' not found in path 'MUSIC': folder not found
2025/03/08 13:53:51 [INFO] (list.go:56) Found 0 playlists in storage #1
2025/03/08 13:53:51 [INFO] (list.go:83) Total playlists found across all storages: 0
