2025/03/08 15:59:04 --- MTP Music Manager Started ---
2025/03/08 15:59:04 OS: darwin, Architecture: arm64
2025/03/08 15:59:04 Verbose logging: true
2025/03/08 15:59:04 [VERBOSE] (main.go:25) Starting MTP Music Manager
2025/03/08 15:59:04 [VERBOSE] (connect.go:15) Initializing device with timeout of 30s...
2025/03/08 15:59:04 [VERBOSE] (connect.go:28) Starting MTP device detection in background goroutine
2025/03/08 15:59:04 [VERBOSE] (connect.go:40) MTP device found successfully
2025/03/08 15:59:04 [VERBOSE] (connect.go:54) Device initialized successfully
2025/03/08 15:59:04 [VERBOSE] (storage.go:22) Fetching storages with timeout of 30s...
2025/03/08 15:59:04 [VERBOSE] (storage.go:49) Found 1 storage(s) on device
2025/03/08 15:59:04 [VERBOSE] (storage.go:62) Storage #1:  (ID: 131073)
2025/03/08 15:59:05 [INFO] (list.go:528) Searching for playlists in both /MUSIC and /Music directories
2025/03/08 15:59:05 [INFO] (list.go:537) /MUSIC folder not found: folder 'MUSIC' not found in path 'MUSIC': error getting object handles: InvalidStorageId
2025/03/08 15:59:05 [INFO] (list.go:537) /Music folder not found: folder 'Music' not found in path 'Music': error getting object handles: InvalidStorageId
2025/03/08 15:59:05 [INFO] (list.go:575) Total playlists found: 0
2025/03/08 15:59:11 [INFO] (upload.go:1165) Automatically selected storage:  (ID: 131073)
2025/03/08 15:59:11 [INFO] (helpers.go:177) Found existing Music folder with ID: 16777218
2025/03/08 15:59:19 [VERBOSE] (upload.go:1113) Folder 'HWLS' not found, attempting to create it
2025/03/08 15:59:19 [VERBOSE] (upload.go:1113) Folder 'HWLS' not found, attempting to create it
2025/03/08 15:59:20 [VERBOSE] (upload.go:928) Uploading 01 001.MP3 to album folder (storage ID: 131073, folder ID: 16782637)
2025/03/08 15:59:20 [VERBOSE] (upload.go:1002) Successfully uploaded 01 001.MP3 (object ID: 16782638) to /MUSIC/HWLS/HWLS/01 001.MP3
2025/03/08 15:59:20 [INFO] (upload.go:1019) Verifying file upload for 01 001.MP3 (ID: 16782638)
2025/03/08 15:59:20 [INFO] (upload.go:1028) Direct verification successful: 01 001.MP3 exists with correct size 3875427 bytes
2025/03/08 15:59:20 [VERBOSE] (upload.go:1113) Folder 'OF_THE_TREES' not found, attempting to create it
2025/03/08 15:59:20 [VERBOSE] (upload.go:1113) Folder 'DREAM_ATLAS' not found, attempting to create it
2025/03/08 15:59:20 [VERBOSE] (upload.go:928) Uploading 02 6AM.MP3 to album folder (storage ID: 131073, folder ID: 16782640)
2025/03/08 15:59:21 [VERBOSE] (upload.go:1002) Successfully uploaded 02 6AM.MP3 (object ID: 16782641) to /MUSIC/OF_THE_TREES/DREAM_ATLAS/02 6AM.MP3
2025/03/08 15:59:21 [INFO] (upload.go:1019) Verifying file upload for 02 6AM.MP3 (ID: 16782641)
2025/03/08 15:59:21 [INFO] (upload.go:1028) Direct verification successful: 02 6AM.MP3 exists with correct size 5148063 bytes
2025/03/08 15:59:21 [VERBOSE] (upload.go:1113) Folder 'GRIZMATIK_GRIZ_GRAMATIK' not found, attempting to create it
2025/03/08 15:59:21 [VERBOSE] (upload.go:1113) Folder 'AS_WE_PROCEED' not found, attempting to create it
2025/03/08 15:59:21 [VERBOSE] (upload.go:928) Uploading 03 AS_WE_PROCEED.MP3 to album folder (storage ID: 131073, folder ID: 16782643)
2025/03/08 15:59:21 [VERBOSE] (upload.go:1002) Successfully uploaded 03 AS_WE_PROCEED.MP3 (object ID: 16782644) to /MUSIC/GRIZMATIK_GRIZ_GRAMATIK/AS_WE_PROCEED/03 AS_WE_PROCEED.MP3
2025/03/08 15:59:21 [INFO] (upload.go:1019) Verifying file upload for 03 AS_WE_PROCEED.MP3 (ID: 16782644)
2025/03/08 15:59:21 [INFO] (upload.go:1028) Direct verification successful: 03 AS_WE_PROCEED.MP3 exists with correct size 4527705 bytes
2025/03/08 15:59:21 [VERBOSE] (upload.go:1113) Folder 'CAPTAIN_PLANET_SHUNGUDZO' not found, attempting to create it
2025/03/08 15:59:21 [VERBOSE] (upload.go:1113) Folder 'NO_VISA' not found, attempting to create it
2025/03/08 15:59:21 [VERBOSE] (upload.go:928) Uploading 04 BIG_MAN.MP3 to album folder (storage ID: 131073, folder ID: 16782646)
2025/03/08 15:59:22 [VERBOSE] (upload.go:1002) Successfully uploaded 04 BIG_MAN.MP3 (object ID: 16782647) to /MUSIC/CAPTAIN_PLANET_SHUNGUDZO/NO_VISA/04 BIG_MAN.MP3
2025/03/08 15:59:22 [INFO] (upload.go:1019) Verifying file upload for 04 BIG_MAN.MP3 (ID: 16782647)
2025/03/08 15:59:22 [INFO] (upload.go:1028) Direct verification successful: 04 BIG_MAN.MP3 exists with correct size 3779247 bytes
2025/03/08 15:59:22 [VERBOSE] (upload.go:1113) Folder 'THE_POLISH_AMBASSADOR' not found, attempting to create it
2025/03/08 15:59:22 [VERBOSE] (upload.go:1113) Folder 'TIME'S_RUNNING_IN' not found, attempting to create it
2025/03/08 15:59:22 [VERBOSE] (upload.go:928) Uploading 05 BEBE.MP3 to album folder (storage ID: 131073, folder ID: 16782649)
2025/03/08 15:59:23 [VERBOSE] (upload.go:1002) Successfully uploaded 05 BEBE.MP3 (object ID: 16782650) to /MUSIC/THE_POLISH_AMBASSADOR/TIME'S_RUNNING_IN/05 BEBE.MP3
2025/03/08 15:59:23 [INFO] (upload.go:1019) Verifying file upload for 05 BEBE.MP3 (ID: 16782650)
2025/03/08 15:59:23 [INFO] (upload.go:1028) Direct verification successful: 05 BEBE.MP3 exists with correct size 7358898 bytes
2025/03/08 15:59:23 [VERBOSE] (upload.go:1113) Folder 'SHUB_BLACK_LODGE_SINGERS' not found, attempting to create it
2025/03/08 15:59:23 [VERBOSE] (upload.go:1113) Folder 'POWWOWSTEP' not found, attempting to create it
2025/03/08 15:59:23 [VERBOSE] (upload.go:928) Uploading 06 BIG_CROW.MP3 to album folder (storage ID: 131073, folder ID: 16782652)
2025/03/08 15:59:23 [VERBOSE] (upload.go:1002) Successfully uploaded 06 BIG_CROW.MP3 (object ID: 16782653) to /MUSIC/SHUB_BLACK_LODGE_SINGERS/POWWOWSTEP/06 BIG_CROW.MP3
2025/03/08 15:59:23 [INFO] (upload.go:1019) Verifying file upload for 06 BIG_CROW.MP3 (ID: 16782653)
2025/03/08 15:59:23 [INFO] (upload.go:1028) Direct verification successful: 06 BIG_CROW.MP3 exists with correct size 4084850 bytes
2025/03/08 15:59:23 [VERBOSE] (upload.go:1113) Folder 'STICKYBUDS_K+LAB_KWADI' not found, attempting to create it
2025/03/08 15:59:23 [VERBOSE] (upload.go:1113) Folder 'CLAP_YA_HANDS_NOW' not found, attempting to create it
2025/03/08 15:59:23 [VERBOSE] (upload.go:928) Uploading 07 CLAP_YA_HANDS_NOW.MP3 to album folder (storage ID: 131073, folder ID: 16782655)
2025/03/08 15:59:24 [VERBOSE] (upload.go:1002) Successfully uploaded 07 CLAP_YA_HANDS_NOW.MP3 (object ID: 16782656) to /MUSIC/STICKYBUDS_K+LAB_KWADI/CLAP_YA_HANDS_NOW/07 CLAP_YA_HANDS_NOW.MP3
2025/03/08 15:59:24 [INFO] (upload.go:1019) Verifying file upload for 07 CLAP_YA_HANDS_NOW.MP3 (ID: 16782656)
2025/03/08 15:59:24 [INFO] (upload.go:1028) Direct verification successful: 07 CLAP_YA_HANDS_NOW.MP3 exists with correct size 4199670 bytes
2025/03/08 15:59:24 [VERBOSE] (upload.go:1113) Folder 'WOO2TECH' not found, attempting to create it
2025/03/08 15:59:24 [VERBOSE] (upload.go:1113) Folder 'DON'T_BE_LATE_EP' not found, attempting to create it
2025/03/08 15:59:24 [VERBOSE] (upload.go:928) Uploading 08 DON'T_BE_LATE_-_ORIGINAL_MIX.MP3 to album folder (storage ID: 131073, folder ID: 16782658)
2025/03/08 15:59:25 [VERBOSE] (upload.go:1002) Successfully uploaded 08 DON'T_BE_LATE_-_ORIGINAL_MIX.MP3 (object ID: 16782659) to /MUSIC/WOO2TECH/DON'T_BE_LATE_EP/08 DON'T_BE_LATE_-_ORIGINAL_MIX.MP3
2025/03/08 15:59:25 [INFO] (upload.go:1019) Verifying file upload for 08 DON'T_BE_LATE_-_ORIGINAL_MIX.MP3 (ID: 16782659)
2025/03/08 15:59:25 [INFO] (upload.go:1028) Direct verification successful: 08 DON'T_BE_LATE_-_ORIGINAL_MIX.MP3 exists with correct size 6624179 bytes
2025/03/08 15:59:25 [VERBOSE] (upload.go:1113) Folder 'SUPAMAN_WALKING_BUFFALO' not found, attempting to create it
2025/03/08 15:59:25 [VERBOSE] (upload.go:1113) Folder 'MEDICINE_BUNDLE' not found, attempting to create it
2025/03/08 15:59:25 [VERBOSE] (upload.go:928) Uploading 09 ETHNOCIDE.MP3 to album folder (storage ID: 131073, folder ID: 16782661)
2025/03/08 15:59:25 [VERBOSE] (upload.go:1002) Successfully uploaded 09 ETHNOCIDE.MP3 (object ID: 16782662) to /MUSIC/SUPAMAN_WALKING_BUFFALO/MEDICINE_BUNDLE/09 ETHNOCIDE.MP3
2025/03/08 15:59:25 [INFO] (upload.go:1019) Verifying file upload for 09 ETHNOCIDE.MP3 (ID: 16782662)
2025/03/08 15:59:25 [INFO] (upload.go:1028) Direct verification successful: 09 ETHNOCIDE.MP3 exists with correct size 2242365 bytes
2025/03/08 15:59:25 [VERBOSE] (upload.go:1113) Folder 'THE_FUNK_HUNTERS_MOONTRICKS' not found, attempting to create it
2025/03/08 15:59:25 [VERBOSE] (upload.go:1113) Folder 'MUSIC_W_FRIENDS' not found, attempting to create it
2025/03/08 15:59:25 [VERBOSE] (upload.go:928) Uploading 10 GET_UP_N_GO.MP3 to album folder (storage ID: 131073, folder ID: 16782664)
2025/03/08 15:59:26 [VERBOSE] (upload.go:1002) Successfully uploaded 10 GET_UP_N_GO.MP3 (object ID: 16782665) to /MUSIC/THE_FUNK_HUNTERS_MOONTRICKS/MUSIC_W_FRIENDS/10 GET_UP_N_GO.MP3
2025/03/08 15:59:26 [INFO] (upload.go:1019) Verifying file upload for 10 GET_UP_N_GO.MP3 (ID: 16782665)
2025/03/08 15:59:26 [INFO] (upload.go:1028) Direct verification successful: 10 GET_UP_N_GO.MP3 exists with correct size 3922502 bytes
2025/03/08 15:59:26 [VERBOSE] (upload.go:1113) Folder 'TNGHT_HUDSON_MOHAWKE_LUNICE' not found, attempting to create it
2025/03/08 15:59:26 [VERBOSE] (upload.go:1113) Folder 'TNGHT' not found, attempting to create it
2025/03/08 15:59:26 [VERBOSE] (upload.go:928) Uploading 11 GOOOO.MP3 to album folder (storage ID: 131073, folder ID: 16782667)
2025/03/08 15:59:26 [VERBOSE] (upload.go:1002) Successfully uploaded 11 GOOOO.MP3 (object ID: 16782668) to /MUSIC/TNGHT_HUDSON_MOHAWKE_LUNICE/TNGHT/11 GOOOO.MP3
2025/03/08 15:59:26 [INFO] (upload.go:1019) Verifying file upload for 11 GOOOO.MP3 (ID: 16782668)
2025/03/08 15:59:26 [INFO] (upload.go:1028) Direct verification successful: 11 GOOOO.MP3 exists with correct size 3450270 bytes
2025/03/08 15:59:27 [VERBOSE] (upload.go:1113) Folder 'DIRTYPHONICS_SULLIVAN_KING' not found, attempting to create it
2025/03/08 15:59:27 [VERBOSE] (upload.go:1113) Folder 'VANTABLACK' not found, attempting to create it
2025/03/08 15:59:27 [VERBOSE] (upload.go:928) Uploading 12 HAMMER.MP3 to album folder (storage ID: 131073, folder ID: 16782670)
2025/03/08 15:59:27 [VERBOSE] (upload.go:1002) Successfully uploaded 12 HAMMER.MP3 (object ID: 16782671) to /MUSIC/DIRTYPHONICS_SULLIVAN_KING/VANTABLACK/12 HAMMER.MP3
2025/03/08 15:59:27 [INFO] (upload.go:1019) Verifying file upload for 12 HAMMER.MP3 (ID: 16782671)
2025/03/08 15:59:27 [INFO] (upload.go:1028) Direct verification successful: 12 HAMMER.MP3 exists with correct size 3259939 bytes
2025/03/08 15:59:27 [VERBOSE] (upload.go:1113) Folder 'ALANIS_MORISSETTE' not found, attempting to create it
2025/03/08 15:59:27 [VERBOSE] (upload.go:1113) Folder 'JAGGED_LITTLE_PILL_(2015_REMASTER)' not found, attempting to create it
2025/03/08 15:59:27 [VERBOSE] (upload.go:928) Uploading 13 HAND_IN_MY_POCKET_-_2015_REMASTER.MP3 to album folder (storage ID: 131073, folder ID: 16782673)
2025/03/08 15:59:27 [VERBOSE] (upload.go:1002) Successfully uploaded 13 HAND_IN_MY_POCKET_-_2015_REMASTER.MP3 (object ID: 16782674) to /MUSIC/ALANIS_MORISSETTE/JAGGED_LITTLE_PILL_(2015_REMASTER)/13 HAND_IN_MY_POCKET_-_2015_REMASTER.MP3
2025/03/08 15:59:27 [INFO] (upload.go:1019) Verifying file upload for 13 HAND_IN_MY_POCKET_-_2015_REMASTER.MP3 (ID: 16782674)
2025/03/08 15:59:27 [INFO] (upload.go:1028) Direct verification successful: 13 HAND_IN_MY_POCKET_-_2015_REMASTER.MP3 exists with correct size 3687189 bytes
2025/03/08 15:59:28 [VERBOSE] (upload.go:1113) Folder 'STYLUST_LAFA_TAYLOR_NEON_STEVE' not found, attempting to create it
2025/03/08 15:59:28 [VERBOSE] (upload.go:1113) Folder 'HEATROCKS' not found, attempting to create it
2025/03/08 15:59:28 [VERBOSE] (upload.go:928) Uploading 14 HEAVY_METAL_SHIT_(FEAT._LAFA_TAYLOR_&_NEON_STEVE).MP3 to album folder (storage ID: 131073, folder ID: 16782676)
2025/03/08 15:59:28 [VERBOSE] (upload.go:1002) Successfully uploaded 14 HEAVY_METAL_SHIT_(FEAT._LAFA_TAYLOR_&_NEON_STEVE).MP3 (object ID: 16782677) to /MUSIC/STYLUST_LAFA_TAYLOR_NEON_STEVE/HEATROCKS/14 HEAVY_METAL_SHIT_(FEAT._LAFA_TAYLOR_&_NEON_STEVE).MP3
2025/03/08 15:59:28 [INFO] (upload.go:1019) Verifying file upload for 14 HEAVY_METAL_SHIT_(FEAT._LAFA_TAYLOR_&_NEON_STEVE).MP3 (ID: 16782677)
2025/03/08 15:59:28 [INFO] (upload.go:1028) Direct verification successful: 14 HEAVY_METAL_SHIT_(FEAT._LAFA_TAYLOR_&_NEON_STEVE).MP3 exists with correct size 2991015 bytes
2025/03/08 15:59:28 [VERBOSE] (upload.go:1113) Folder 'PAUL_CAUTHEN_ELECTROPHUNCK' not found, attempting to create it
2025/03/08 15:59:28 [VERBOSE] (upload.go:1113) Folder 'HOLY_GHOST_FIRE_(ELECTROPHUNCK_REMIX)' not found, attempting to create it
2025/03/08 15:59:28 [VERBOSE] (upload.go:928) Uploading 15 HOLY_GHOST_FIRE_-_ELECTROPHUNCK_REMIX.MP3 to album folder (storage ID: 131073, folder ID: 16782679)
2025/03/08 15:59:29 [VERBOSE] (upload.go:1002) Successfully uploaded 15 HOLY_GHOST_FIRE_-_ELECTROPHUNCK_REMIX.MP3 (object ID: 16782680) to /MUSIC/PAUL_CAUTHEN_ELECTROPHUNCK/HOLY_GHOST_FIRE_(ELECTROPHUNCK_REMIX)/15 HOLY_GHOST_FIRE_-_ELECTROPHUNCK_REMIX.MP3
2025/03/08 15:59:29 [INFO] (upload.go:1019) Verifying file upload for 15 HOLY_GHOST_FIRE_-_ELECTROPHUNCK_REMIX.MP3 (ID: 16782680)
2025/03/08 15:59:29 [INFO] (upload.go:1028) Direct verification successful: 15 HOLY_GHOST_FIRE_-_ELECTROPHUNCK_REMIX.MP3 exists with correct size 4180755 bytes
2025/03/08 15:59:29 [VERBOSE] (upload.go:1113) Folder 'AMP_LIVE' not found, attempting to create it
2025/03/08 15:59:29 [VERBOSE] (upload.go:1113) Folder 'THE_SPACE_BURRITO_EXPERIMENT' not found, attempting to create it
2025/03/08 15:59:29 [VERBOSE] (upload.go:928) Uploading 16 I_GOT_5.MP3 to album folder (storage ID: 131073, folder ID: 16782682)
2025/03/08 15:59:29 [VERBOSE] (upload.go:1002) Successfully uploaded 16 I_GOT_5.MP3 (object ID: 16782683) to /MUSIC/AMP_LIVE/THE_SPACE_BURRITO_EXPERIMENT/16 I_GOT_5.MP3
2025/03/08 15:59:29 [INFO] (upload.go:1019) Verifying file upload for 16 I_GOT_5.MP3 (ID: 16782683)
2025/03/08 15:59:29 [INFO] (upload.go:1028) Direct verification successful: 16 I_GOT_5.MP3 exists with correct size 3108644 bytes
2025/03/08 15:59:29 [VERBOSE] (upload.go:1113) Folder 'DENM_LANDON_MCNAMARA_JESSE_JAMES_PARIAH' not found, attempting to create it
2025/03/08 15:59:29 [VERBOSE] (upload.go:1113) Folder 'SLUM_BEACH_POSSE._VOL._1' not found, attempting to create it
2025/03/08 15:59:30 [VERBOSE] (upload.go:928) Uploading 17 LOSE_MYSELF_(FEAT._JESSE_JAMES_PARIAH).MP3 to album folder (storage ID: 131073, folder ID: 16782685)
2025/03/08 15:59:30 [VERBOSE] (upload.go:1002) Successfully uploaded 17 LOSE_MYSELF_(FEAT._JESSE_JAMES_PARIAH).MP3 (object ID: 16782686) to /MUSIC/DENM_LANDON_MCNAMARA_JESSE_JAMES_PARIAH/SLUM_BEACH_POSSE._VOL._1/17 LOSE_MYSELF_(FEAT._JESSE_JAMES_PARIAH).MP3
2025/03/08 15:59:30 [INFO] (upload.go:1019) Verifying file upload for 17 LOSE_MYSELF_(FEAT._JESSE_JAMES_PARIAH).MP3 (ID: 16782686)
2025/03/08 15:59:30 [INFO] (upload.go:1028) Direct verification successful: 17 LOSE_MYSELF_(FEAT._JESSE_JAMES_PARIAH).MP3 exists with correct size 3638674 bytes
2025/03/08 15:59:30 [VERBOSE] (upload.go:1113) Folder 'GHOSTLAND_OBSERVATORY' not found, attempting to create it
2025/03/08 15:59:30 [VERBOSE] (upload.go:1113) Folder 'PAPARAZZI_LIGHTNING' not found, attempting to create it
2025/03/08 15:59:30 [VERBOSE] (upload.go:928) Uploading 18 MIDNIGHT_VOYAGE.MP3 to album folder (storage ID: 131073, folder ID: 16782688)
2025/03/08 15:59:31 [VERBOSE] (upload.go:1002) Successfully uploaded 18 MIDNIGHT_VOYAGE.MP3 (object ID: 16782689) to /MUSIC/GHOSTLAND_OBSERVATORY/PAPARAZZI_LIGHTNING/18 MIDNIGHT_VOYAGE.MP3
2025/03/08 15:59:31 [INFO] (upload.go:1019) Verifying file upload for 18 MIDNIGHT_VOYAGE.MP3 (ID: 16782689)
2025/03/08 15:59:31 [INFO] (upload.go:1028) Direct verification successful: 18 MIDNIGHT_VOYAGE.MP3 exists with correct size 6134642 bytes
2025/03/08 15:59:31 [VERBOSE] (upload.go:1113) Folder 'BOOGIE_T.RIO' not found, attempting to create it
2025/03/08 15:59:31 [VERBOSE] (upload.go:1113) Folder 'THREE_FOR_ALL_EP' not found, attempting to create it
2025/03/08 15:59:31 [VERBOSE] (upload.go:928) Uploading 19 PACKING_BAGS.MP3 to album folder (storage ID: 131073, folder ID: 16782691)
2025/03/08 15:59:32 [VERBOSE] (upload.go:1002) Successfully uploaded 19 PACKING_BAGS.MP3 (object ID: 16782692) to /MUSIC/BOOGIE_T.RIO/THREE_FOR_ALL_EP/19 PACKING_BAGS.MP3
2025/03/08 15:59:32 [INFO] (upload.go:1019) Verifying file upload for 19 PACKING_BAGS.MP3 (ID: 16782692)
2025/03/08 15:59:32 [INFO] (upload.go:1028) Direct verification successful: 19 PACKING_BAGS.MP3 exists with correct size 5634788 bytes
2025/03/08 15:59:32 [VERBOSE] (upload.go:1113) Folder 'HIGH_STEP_SOCIETY' not found, attempting to create it
2025/03/08 15:59:32 [VERBOSE] (upload.go:1113) Folder 'PERCEPTION' not found, attempting to create it
2025/03/08 15:59:32 [VERBOSE] (upload.go:928) Uploading 20 PERCEPTION.MP3 to album folder (storage ID: 131073, folder ID: 16782694)
2025/03/08 15:59:32 [VERBOSE] (upload.go:1002) Successfully uploaded 20 PERCEPTION.MP3 (object ID: 16782695) to /MUSIC/HIGH_STEP_SOCIETY/PERCEPTION/20 PERCEPTION.MP3
2025/03/08 15:59:32 [INFO] (upload.go:1019) Verifying file upload for 20 PERCEPTION.MP3 (ID: 16782695)
2025/03/08 15:59:32 [INFO] (upload.go:1028) Direct verification successful: 20 PERCEPTION.MP3 exists with correct size 3933976 bytes
2025/03/08 15:59:32 [VERBOSE] (upload.go:1113) Folder 'THE_FLOOZIES' not found, attempting to create it
2025/03/08 15:59:32 [VERBOSE] (upload.go:1113) Folder 'POTATOES' not found, attempting to create it
2025/03/08 15:59:32 [VERBOSE] (upload.go:928) Uploading 21 POTATOES.MP3 to album folder (storage ID: 131073, folder ID: 16782697)
2025/03/08 15:59:33 [VERBOSE] (upload.go:1002) Successfully uploaded 21 POTATOES.MP3 (object ID: 16782698) to /MUSIC/THE_FLOOZIES/POTATOES/21 POTATOES.MP3
2025/03/08 15:59:33 [INFO] (upload.go:1019) Verifying file upload for 21 POTATOES.MP3 (ID: 16782698)
2025/03/08 15:59:33 [INFO] (upload.go:1028) Direct verification successful: 21 POTATOES.MP3 exists with correct size 2499548 bytes
2025/03/08 15:59:33 [VERBOSE] (upload.go:1113) Folder 'K+LAB_MELODOWNZ_MUSTAFA_AKBAR' not found, attempting to create it
2025/03/08 15:59:33 [VERBOSE] (upload.go:1113) Folder 'THE_WORLDLY'S' not found, attempting to create it
2025/03/08 15:59:33 [VERBOSE] (upload.go:928) Uploading 22 PULL_UP.MP3 to album folder (storage ID: 131073, folder ID: 16782700)
2025/03/08 15:59:33 [VERBOSE] (upload.go:1002) Successfully uploaded 22 PULL_UP.MP3 (object ID: 16782701) to /MUSIC/K+LAB_MELODOWNZ_MUSTAFA_AKBAR/THE_WORLDLY'S/22 PULL_UP.MP3
2025/03/08 15:59:33 [INFO] (upload.go:1019) Verifying file upload for 22 PULL_UP.MP3 (ID: 16782701)
2025/03/08 15:59:33 [INFO] (upload.go:1028) Direct verification successful: 22 PULL_UP.MP3 exists with correct size 3356911 bytes
2025/03/08 15:59:34 [VERBOSE] (upload.go:1113) Folder 'OPIUO' not found, attempting to create it
2025/03/08 15:59:34 [VERBOSE] (upload.go:1113) Folder 'SLURP_AND_GIGGLE' not found, attempting to create it
2025/03/08 15:59:34 [VERBOSE] (upload.go:928) Uploading 23 ROBO_BOOTY.MP3 to album folder (storage ID: 131073, folder ID: 16782703)
2025/03/08 15:59:34 [VERBOSE] (upload.go:1002) Successfully uploaded 23 ROBO_BOOTY.MP3 (object ID: 16782704) to /MUSIC/OPIUO/SLURP_AND_GIGGLE/23 ROBO_BOOTY.MP3
2025/03/08 15:59:34 [INFO] (upload.go:1019) Verifying file upload for 23 ROBO_BOOTY.MP3 (ID: 16782704)
2025/03/08 15:59:34 [INFO] (upload.go:1028) Direct verification successful: 23 ROBO_BOOTY.MP3 exists with correct size 4648674 bytes
2025/03/08 15:59:34 [VERBOSE] (upload.go:1113) Folder 'HABITAAT_BLIMES' not found, attempting to create it
2025/03/08 15:59:34 [VERBOSE] (upload.go:1113) Folder 'FALL_IN_DEEP' not found, attempting to create it
2025/03/08 15:59:34 [VERBOSE] (upload.go:928) Uploading 24 SHAKE.MP3 to album folder (storage ID: 131073, folder ID: 16782706)
2025/03/08 15:59:35 [VERBOSE] (upload.go:1002) Successfully uploaded 24 SHAKE.MP3 (object ID: 16782707) to /MUSIC/HABITAAT_BLIMES/FALL_IN_DEEP/24 SHAKE.MP3
2025/03/08 15:59:35 [INFO] (upload.go:1019) Verifying file upload for 24 SHAKE.MP3 (ID: 16782707)
2025/03/08 15:59:35 [INFO] (upload.go:1028) Direct verification successful: 24 SHAKE.MP3 exists with correct size 2866072 bytes
2025/03/08 15:59:35 [VERBOSE] (upload.go:1113) Folder 'BOOMBOX' not found, attempting to create it
2025/03/08 15:59:35 [VERBOSE] (upload.go:1113) Folder 'DOWNRIVERELECTRIC' not found, attempting to create it
2025/03/08 15:59:35 [VERBOSE] (upload.go:928) Uploading 25 SHAKEDOWN_STREET.MP3 to album folder (storage ID: 131073, folder ID: 16782709)
2025/03/08 15:59:36 [VERBOSE] (upload.go:1002) Successfully uploaded 25 SHAKEDOWN_STREET.MP3 (object ID: 16782710) to /MUSIC/BOOMBOX/DOWNRIVERELECTRIC/25 SHAKEDOWN_STREET.MP3
2025/03/08 15:59:36 [INFO] (upload.go:1019) Verifying file upload for 25 SHAKEDOWN_STREET.MP3 (ID: 16782710)
2025/03/08 15:59:36 [INFO] (upload.go:1028) Direct verification successful: 25 SHAKEDOWN_STREET.MP3 exists with correct size 3394282 bytes
2025/03/08 15:59:36 [VERBOSE] (upload.go:1113) Folder 'MOUNTAIN_HEAD' not found, attempting to create it
2025/03/08 15:59:36 [VERBOSE] (upload.go:1113) Folder 'SHIMMY_SHIMMY_YA' not found, attempting to create it
2025/03/08 15:59:36 [VERBOSE] (upload.go:928) Uploading 26 SHIMMY_SHIMMY_YA.MP3 to album folder (storage ID: 131073, folder ID: 16782712)
2025/03/08 15:59:37 [VERBOSE] (upload.go:1002) Successfully uploaded 26 SHIMMY_SHIMMY_YA.MP3 (object ID: 16782713) to /MUSIC/MOUNTAIN_HEAD/SHIMMY_SHIMMY_YA/26 SHIMMY_SHIMMY_YA.MP3
2025/03/08 15:59:37 [INFO] (upload.go:1019) Verifying file upload for 26 SHIMMY_SHIMMY_YA.MP3 (ID: 16782713)
2025/03/08 15:59:37 [INFO] (upload.go:1028) Direct verification successful: 26 SHIMMY_SHIMMY_YA.MP3 exists with correct size 3131167 bytes
2025/03/08 15:59:37 [VERBOSE] (upload.go:1113) Folder 'CODY_KO_MOONLGHT' not found, attempting to create it
2025/03/08 15:59:37 [VERBOSE] (upload.go:1113) Folder 'SHOULD_I_STAY_OR_SHOULD_I_GO' not found, attempting to create it
2025/03/08 15:59:37 [VERBOSE] (upload.go:928) Uploading 27 SHOULD_I_STAY_OR_SHOULD_I_GO.MP3 to album folder (storage ID: 131073, folder ID: 16782715)
2025/03/08 15:59:37 [VERBOSE] (upload.go:1002) Successfully uploaded 27 SHOULD_I_STAY_OR_SHOULD_I_GO.MP3 (object ID: 16782716) to /MUSIC/CODY_KO_MOONLGHT/SHOULD_I_STAY_OR_SHOULD_I_GO/27 SHOULD_I_STAY_OR_SHOULD_I_GO.MP3
2025/03/08 15:59:37 [INFO] (upload.go:1019) Verifying file upload for 27 SHOULD_I_STAY_OR_SHOULD_I_GO.MP3 (ID: 16782716)
2025/03/08 15:59:37 [INFO] (upload.go:1028) Direct verification successful: 27 SHOULD_I_STAY_OR_SHOULD_I_GO.MP3 exists with correct size 2357044 bytes
2025/03/08 15:59:37 [VERBOSE] (upload.go:1113) Folder 'CHARLESTHEFIRST' not found, attempting to create it
2025/03/08 15:59:38 [VERBOSE] (upload.go:1113) Folder 'STEP_TIME' not found, attempting to create it
2025/03/08 15:59:38 [VERBOSE] (upload.go:928) Uploading 28 STEP_TIME.MP3 to album folder (storage ID: 131073, folder ID: 16782718)
2025/03/08 15:59:38 [VERBOSE] (upload.go:1002) Successfully uploaded 28 STEP_TIME.MP3 (object ID: 16782719) to /MUSIC/CHARLESTHEFIRST/STEP_TIME/28 STEP_TIME.MP3
2025/03/08 15:59:38 [INFO] (upload.go:1019) Verifying file upload for 28 STEP_TIME.MP3 (ID: 16782719)
2025/03/08 15:59:38 [INFO] (upload.go:1028) Direct verification successful: 28 STEP_TIME.MP3 exists with correct size 3779041 bytes
2025/03/08 15:59:38 [VERBOSE] (upload.go:1113) Folder 'DIRTWIRE' not found, attempting to create it
2025/03/08 15:59:38 [VERBOSE] (upload.go:1113) Folder 'BLAZE' not found, attempting to create it
2025/03/08 15:59:38 [VERBOSE] (upload.go:928) Uploading 29 STRANGER.MP3 to album folder (storage ID: 131073, folder ID: 16782721)
2025/03/08 15:59:39 [VERBOSE] (upload.go:1002) Successfully uploaded 29 STRANGER.MP3 (object ID: 16782722) to /MUSIC/DIRTWIRE/BLAZE/29 STRANGER.MP3
2025/03/08 15:59:39 [INFO] (upload.go:1019) Verifying file upload for 29 STRANGER.MP3 (ID: 16782722)
2025/03/08 15:59:39 [INFO] (upload.go:1028) Direct verification successful: 29 STRANGER.MP3 exists with correct size 3833090 bytes
2025/03/08 15:59:39 [VERBOSE] (upload.go:1113) Folder 'PHYPHR' not found, attempting to create it
2025/03/08 15:59:39 [VERBOSE] (upload.go:1113) Folder 'UP' not found, attempting to create it
2025/03/08 15:59:39 [VERBOSE] (upload.go:928) Uploading 30 UP.MP3 to album folder (storage ID: 131073, folder ID: 16782724)
2025/03/08 15:59:39 [VERBOSE] (upload.go:1002) Successfully uploaded 30 UP.MP3 (object ID: 16782725) to /MUSIC/PHYPHR/UP/30 UP.MP3
2025/03/08 15:59:39 [INFO] (upload.go:1019) Verifying file upload for 30 UP.MP3 (ID: 16782725)
2025/03/08 15:59:39 [INFO] (upload.go:1028) Direct verification successful: 30 UP.MP3 exists with correct size 3093155 bytes
2025/03/08 15:59:39 [VERBOSE] (upload.go:1113) Folder 'ARTIKAL_SOUND_SYSTEM_LITTLE_STRANGER' not found, attempting to create it
2025/03/08 15:59:39 [VERBOSE] (upload.go:1113) Folder 'WELCOME_TO_FLORIDA' not found, attempting to create it
2025/03/08 15:59:39 [VERBOSE] (upload.go:928) Uploading 31 WHEN_I_WANNA_(FEAT._LITTLE_STRANGER).MP3 to album folder (storage ID: 131073, folder ID: 16782727)
2025/03/08 15:59:40 [VERBOSE] (upload.go:1002) Successfully uploaded 31 WHEN_I_WANNA_(FEAT._LITTLE_STRANGER).MP3 (object ID: 16782728) to /MUSIC/ARTIKAL_SOUND_SYSTEM_LITTLE_STRANGER/WELCOME_TO_FLORIDA/31 WHEN_I_WANNA_(FEAT._LITTLE_STRANGER).MP3
2025/03/08 15:59:40 [INFO] (upload.go:1019) Verifying file upload for 31 WHEN_I_WANNA_(FEAT._LITTLE_STRANGER).MP3 (ID: 16782728)
2025/03/08 15:59:40 [INFO] (upload.go:1028) Direct verification successful: 31 WHEN_I_WANNA_(FEAT._LITTLE_STRANGER).MP3 exists with correct size 3365346 bytes
2025/03/08 15:59:40 [VERBOSE] (sanitize.go:238) Formatted playlist path to: 0:/MUSIC/HWLS/HWLS/01 001.MP3
2025/03/08 15:59:40 [VERBOSE] (upload.go:298) Added to playlist: 0:/MUSIC/HWLS/HWLS/01 001.MP3 -> HWLS - 01 001
2025/03/08 15:59:40 [VERBOSE] (sanitize.go:238) Formatted playlist path to: 0:/MUSIC/OF_THE_TREES/DREAM_ATLAS/02 6AM.MP3
2025/03/08 15:59:40 [VERBOSE] (upload.go:298) Added to playlist: 0:/MUSIC/OF_THE_TREES/DREAM_ATLAS/02 6AM.MP3 -> OF THE TREES - 02 6AM
2025/03/08 15:59:40 [VERBOSE] (sanitize.go:238) Formatted playlist path to: 0:/MUSIC/GRIZMATIK_GRIZ_GRAMATIK/AS_WE_PROCEED/03 AS_WE_PROCEED.MP3
2025/03/08 15:59:40 [VERBOSE] (upload.go:298) Added to playlist: 0:/MUSIC/GRIZMATIK_GRIZ_GRAMATIK/AS_WE_PROCEED/03 AS_WE_PROCEED.MP3 -> GRIZMATIK GRIZ GRAMATIK - 03 AS WE PROCEED
2025/03/08 15:59:40 [VERBOSE] (sanitize.go:238) Formatted playlist path to: 0:/MUSIC/CAPTAIN_PLANET_SHUNGUDZO/NO_VISA/04 BIG_MAN.MP3
2025/03/08 15:59:40 [VERBOSE] (upload.go:298) Added to playlist: 0:/MUSIC/CAPTAIN_PLANET_SHUNGUDZO/NO_VISA/04 BIG_MAN.MP3 -> CAPTAIN PLANET SHUNGUDZO - 04 BIG MAN
2025/03/08 15:59:40 [VERBOSE] (sanitize.go:238) Formatted playlist path to: 0:/MUSIC/THE_POLISH_AMBASSADOR/TIME'S_RUNNING_IN/05 BEBE.MP3
2025/03/08 15:59:40 [VERBOSE] (upload.go:298) Added to playlist: 0:/MUSIC/THE_POLISH_AMBASSADOR/TIME'S_RUNNING_IN/05 BEBE.MP3 -> THE POLISH AMBASSADOR - 05 BEBE
2025/03/08 15:59:40 [VERBOSE] (sanitize.go:238) Formatted playlist path to: 0:/MUSIC/SHUB_BLACK_LODGE_SINGERS/POWWOWSTEP/06 BIG_CROW.MP3
2025/03/08 15:59:40 [VERBOSE] (upload.go:298) Added to playlist: 0:/MUSIC/SHUB_BLACK_LODGE_SINGERS/POWWOWSTEP/06 BIG_CROW.MP3 -> SHUB BLACK LODGE SINGERS - 06 BIG CROW
2025/03/08 15:59:40 [VERBOSE] (sanitize.go:238) Formatted playlist path to: 0:/MUSIC/STICKYBUDS_K+LAB_KWADI/CLAP_YA_HANDS_NOW/07 CLAP_YA_HANDS_NOW.MP3
2025/03/08 15:59:40 [VERBOSE] (upload.go:298) Added to playlist: 0:/MUSIC/STICKYBUDS_K+LAB_KWADI/CLAP_YA_HANDS_NOW/07 CLAP_YA_HANDS_NOW.MP3 -> STICKYBUDS K+LAB KWADI - 07 CLAP YA HANDS NOW
2025/03/08 15:59:40 [VERBOSE] (sanitize.go:238) Formatted playlist path to: 0:/MUSIC/WOO2TECH/DON'T_BE_LATE_EP/08 DON'T_BE_LATE_-_ORIGINAL_MIX.MP3
2025/03/08 15:59:40 [VERBOSE] (upload.go:298) Added to playlist: 0:/MUSIC/WOO2TECH/DON'T_BE_LATE_EP/08 DON'T_BE_LATE_-_ORIGINAL_MIX.MP3 -> WOO2TECH - 08 DON'T BE LATE - ORIGINAL MIX
2025/03/08 15:59:40 [VERBOSE] (sanitize.go:238) Formatted playlist path to: 0:/MUSIC/SUPAMAN_WALKING_BUFFALO/MEDICINE_BUNDLE/09 ETHNOCIDE.MP3
2025/03/08 15:59:40 [VERBOSE] (upload.go:298) Added to playlist: 0:/MUSIC/SUPAMAN_WALKING_BUFFALO/MEDICINE_BUNDLE/09 ETHNOCIDE.MP3 -> SUPAMAN WALKING BUFFALO - 09 ETHNOCIDE
2025/03/08 15:59:40 [VERBOSE] (sanitize.go:238) Formatted playlist path to: 0:/MUSIC/THE_FUNK_HUNTERS_MOONTRICKS/MUSIC_W_FRIENDS/10 GET_UP_N_GO.MP3
2025/03/08 15:59:40 [VERBOSE] (upload.go:298) Added to playlist: 0:/MUSIC/THE_FUNK_HUNTERS_MOONTRICKS/MUSIC_W_FRIENDS/10 GET_UP_N_GO.MP3 -> THE FUNK HUNTERS MOONTRICKS - 10 GET UP N GO
2025/03/08 15:59:40 [VERBOSE] (sanitize.go:238) Formatted playlist path to: 0:/MUSIC/TNGHT_HUDSON_MOHAWKE_LUNICE/TNGHT/11 GOOOO.MP3
2025/03/08 15:59:40 [VERBOSE] (upload.go:298) Added to playlist: 0:/MUSIC/TNGHT_HUDSON_MOHAWKE_LUNICE/TNGHT/11 GOOOO.MP3 -> TNGHT HUDSON MOHAWKE LUNICE - 11 GOOOO
2025/03/08 15:59:40 [VERBOSE] (sanitize.go:238) Formatted playlist path to: 0:/MUSIC/DIRTYPHONICS_SULLIVAN_KING/VANTABLACK/12 HAMMER.MP3
2025/03/08 15:59:40 [VERBOSE] (upload.go:298) Added to playlist: 0:/MUSIC/DIRTYPHONICS_SULLIVAN_KING/VANTABLACK/12 HAMMER.MP3 -> DIRTYPHONICS SULLIVAN KING - 12 HAMMER
2025/03/08 15:59:40 [VERBOSE] (sanitize.go:238) Formatted playlist path to: 0:/MUSIC/ALANIS_MORISSETTE/JAGGED_LITTLE_PILL_(2015_REMASTER)/13 HAND_IN_MY_POCKET_-_2015_REMASTER.MP3
2025/03/08 15:59:40 [VERBOSE] (upload.go:298) Added to playlist: 0:/MUSIC/ALANIS_MORISSETTE/JAGGED_LITTLE_PILL_(2015_REMASTER)/13 HAND_IN_MY_POCKET_-_2015_REMASTER.MP3 -> ALANIS MORISSETTE - 13 HAND IN MY POCKET - 2015 REMASTER
2025/03/08 15:59:40 [VERBOSE] (sanitize.go:238) Formatted playlist path to: 0:/MUSIC/STYLUST_LAFA_TAYLOR_NEON_STEVE/HEATROCKS/14 HEAVY_METAL_SHIT_(FEAT._LAFA_TAYLOR_&_NEON_STEVE).MP3
2025/03/08 15:59:40 [VERBOSE] (upload.go:298) Added to playlist: 0:/MUSIC/STYLUST_LAFA_TAYLOR_NEON_STEVE/HEATROCKS/14 HEAVY_METAL_SHIT_(FEAT._LAFA_TAYLOR_&_NEON_STEVE).MP3 -> STYLUST LAFA TAYLOR NEON STEVE - 14 HEAVY METAL SHIT (FEAT. LAFA TAYLOR & NEON STEVE)
2025/03/08 15:59:40 [VERBOSE] (sanitize.go:238) Formatted playlist path to: 0:/MUSIC/PAUL_CAUTHEN_ELECTROPHUNCK/HOLY_GHOST_FIRE_(ELECTROPHUNCK_REMIX)/15 HOLY_GHOST_FIRE_-_ELECTROPHUNCK_REMIX.MP3
2025/03/08 15:59:40 [VERBOSE] (upload.go:298) Added to playlist: 0:/MUSIC/PAUL_CAUTHEN_ELECTROPHUNCK/HOLY_GHOST_FIRE_(ELECTROPHUNCK_REMIX)/15 HOLY_GHOST_FIRE_-_ELECTROPHUNCK_REMIX.MP3 -> PAUL CAUTHEN ELECTROPHUNCK - 15 HOLY GHOST FIRE - ELECTROPHUNCK REMIX
2025/03/08 15:59:40 [VERBOSE] (sanitize.go:238) Formatted playlist path to: 0:/MUSIC/AMP_LIVE/THE_SPACE_BURRITO_EXPERIMENT/16 I_GOT_5.MP3
2025/03/08 15:59:40 [VERBOSE] (upload.go:298) Added to playlist: 0:/MUSIC/AMP_LIVE/THE_SPACE_BURRITO_EXPERIMENT/16 I_GOT_5.MP3 -> AMP LIVE - 16 I GOT 5
2025/03/08 15:59:40 [VERBOSE] (sanitize.go:238) Formatted playlist path to: 0:/MUSIC/DENM_LANDON_MCNAMARA_JESSE_JAMES_PARIAH/SLUM_BEACH_POSSE._VOL._1/17 LOSE_MYSELF_(FEAT._JESSE_JAMES_PARIAH).MP3
2025/03/08 15:59:40 [VERBOSE] (upload.go:298) Added to playlist: 0:/MUSIC/DENM_LANDON_MCNAMARA_JESSE_JAMES_PARIAH/SLUM_BEACH_POSSE._VOL._1/17 LOSE_MYSELF_(FEAT._JESSE_JAMES_PARIAH).MP3 -> DENM LANDON MCNAMARA JESSE JAMES PARIAH - 17 LOSE MYSELF (FEAT. JESSE JAMES PARIAH)
2025/03/08 15:59:40 [VERBOSE] (sanitize.go:238) Formatted playlist path to: 0:/MUSIC/GHOSTLAND_OBSERVATORY/PAPARAZZI_LIGHTNING/18 MIDNIGHT_VOYAGE.MP3
2025/03/08 15:59:40 [VERBOSE] (upload.go:298) Added to playlist: 0:/MUSIC/GHOSTLAND_OBSERVATORY/PAPARAZZI_LIGHTNING/18 MIDNIGHT_VOYAGE.MP3 -> GHOSTLAND OBSERVATORY - 18 MIDNIGHT VOYAGE
2025/03/08 15:59:40 [VERBOSE] (sanitize.go:238) Formatted playlist path to: 0:/MUSIC/BOOGIE_T.RIO/THREE_FOR_ALL_EP/19 PACKING_BAGS.MP3
2025/03/08 15:59:40 [VERBOSE] (upload.go:298) Added to playlist: 0:/MUSIC/BOOGIE_T.RIO/THREE_FOR_ALL_EP/19 PACKING_BAGS.MP3 -> BOOGIE T.RIO - 19 PACKING BAGS
2025/03/08 15:59:40 [VERBOSE] (sanitize.go:238) Formatted playlist path to: 0:/MUSIC/HIGH_STEP_SOCIETY/PERCEPTION/20 PERCEPTION.MP3
2025/03/08 15:59:40 [VERBOSE] (upload.go:298) Added to playlist: 0:/MUSIC/HIGH_STEP_SOCIETY/PERCEPTION/20 PERCEPTION.MP3 -> HIGH STEP SOCIETY - 20 PERCEPTION
2025/03/08 15:59:40 [VERBOSE] (sanitize.go:238) Formatted playlist path to: 0:/MUSIC/THE_FLOOZIES/POTATOES/21 POTATOES.MP3
2025/03/08 15:59:40 [VERBOSE] (upload.go:298) Added to playlist: 0:/MUSIC/THE_FLOOZIES/POTATOES/21 POTATOES.MP3 -> THE FLOOZIES - 21 POTATOES
2025/03/08 15:59:40 [VERBOSE] (sanitize.go:238) Formatted playlist path to: 0:/MUSIC/K+LAB_MELODOWNZ_MUSTAFA_AKBAR/THE_WORLDLY'S/22 PULL_UP.MP3
2025/03/08 15:59:40 [VERBOSE] (upload.go:298) Added to playlist: 0:/MUSIC/K+LAB_MELODOWNZ_MUSTAFA_AKBAR/THE_WORLDLY'S/22 PULL_UP.MP3 -> K+LAB MELODOWNZ MUSTAFA AKBAR - 22 PULL UP
2025/03/08 15:59:40 [VERBOSE] (sanitize.go:238) Formatted playlist path to: 0:/MUSIC/OPIUO/SLURP_AND_GIGGLE/23 ROBO_BOOTY.MP3
2025/03/08 15:59:40 [VERBOSE] (upload.go:298) Added to playlist: 0:/MUSIC/OPIUO/SLURP_AND_GIGGLE/23 ROBO_BOOTY.MP3 -> OPIUO - 23 ROBO BOOTY
2025/03/08 15:59:40 [VERBOSE] (sanitize.go:238) Formatted playlist path to: 0:/MUSIC/HABITAAT_BLIMES/FALL_IN_DEEP/24 SHAKE.MP3
2025/03/08 15:59:40 [VERBOSE] (upload.go:298) Added to playlist: 0:/MUSIC/HABITAAT_BLIMES/FALL_IN_DEEP/24 SHAKE.MP3 -> HABITAAT BLIMES - 24 SHAKE
2025/03/08 15:59:40 [VERBOSE] (sanitize.go:238) Formatted playlist path to: 0:/MUSIC/BOOMBOX/DOWNRIVERELECTRIC/25 SHAKEDOWN_STREET.MP3
2025/03/08 15:59:40 [VERBOSE] (upload.go:298) Added to playlist: 0:/MUSIC/BOOMBOX/DOWNRIVERELECTRIC/25 SHAKEDOWN_STREET.MP3 -> BOOMBOX - 25 SHAKEDOWN STREET
2025/03/08 15:59:40 [VERBOSE] (sanitize.go:238) Formatted playlist path to: 0:/MUSIC/MOUNTAIN_HEAD/SHIMMY_SHIMMY_YA/26 SHIMMY_SHIMMY_YA.MP3
2025/03/08 15:59:40 [VERBOSE] (upload.go:298) Added to playlist: 0:/MUSIC/MOUNTAIN_HEAD/SHIMMY_SHIMMY_YA/26 SHIMMY_SHIMMY_YA.MP3 -> MOUNTAIN HEAD - 26 SHIMMY SHIMMY YA
2025/03/08 15:59:40 [VERBOSE] (sanitize.go:238) Formatted playlist path to: 0:/MUSIC/CODY_KO_MOONLGHT/SHOULD_I_STAY_OR_SHOULD_I_GO/27 SHOULD_I_STAY_OR_SHOULD_I_GO.MP3
2025/03/08 15:59:40 [VERBOSE] (upload.go:298) Added to playlist: 0:/MUSIC/CODY_KO_MOONLGHT/SHOULD_I_STAY_OR_SHOULD_I_GO/27 SHOULD_I_STAY_OR_SHOULD_I_GO.MP3 -> CODY KO MOONLGHT - 27 SHOULD I STAY OR SHOULD I GO
2025/03/08 15:59:40 [VERBOSE] (sanitize.go:238) Formatted playlist path to: 0:/MUSIC/CHARLESTHEFIRST/STEP_TIME/28 STEP_TIME.MP3
2025/03/08 15:59:40 [VERBOSE] (upload.go:298) Added to playlist: 0:/MUSIC/CHARLESTHEFIRST/STEP_TIME/28 STEP_TIME.MP3 -> CHARLESTHEFIRST - 28 STEP TIME
2025/03/08 15:59:40 [VERBOSE] (sanitize.go:238) Formatted playlist path to: 0:/MUSIC/DIRTWIRE/BLAZE/29 STRANGER.MP3
2025/03/08 15:59:40 [VERBOSE] (upload.go:298) Added to playlist: 0:/MUSIC/DIRTWIRE/BLAZE/29 STRANGER.MP3 -> DIRTWIRE - 29 STRANGER
2025/03/08 15:59:40 [VERBOSE] (sanitize.go:238) Formatted playlist path to: 0:/MUSIC/PHYPHR/UP/30 UP.MP3
2025/03/08 15:59:40 [VERBOSE] (upload.go:298) Added to playlist: 0:/MUSIC/PHYPHR/UP/30 UP.MP3 -> PHYPHR - 30 UP
2025/03/08 15:59:40 [VERBOSE] (sanitize.go:238) Formatted playlist path to: 0:/MUSIC/ARTIKAL_SOUND_SYSTEM_LITTLE_STRANGER/WELCOME_TO_FLORIDA/31 WHEN_I_WANNA_(FEAT._LITTLE_STRANGER).MP3
2025/03/08 15:59:40 [VERBOSE] (upload.go:298) Added to playlist: 0:/MUSIC/ARTIKAL_SOUND_SYSTEM_LITTLE_STRANGER/WELCOME_TO_FLORIDA/31 WHEN_I_WANNA_(FEAT._LITTLE_STRANGER).MP3 -> ARTIKAL SOUND SYSTEM LITTLE STRANGER - 31 WHEN I WANNA (FEAT. LITTLE STRANGER)
2025/03/08 15:59:40 [VERBOSE] (upload.go:302) Full playlist content:
#EXTM3U
#EXTINF:-1,HWLS - 01 001
0:/MUSIC/HWLS/HWLS/01 001.MP3
#EXTINF:-1,OF THE TREES - 02 6AM
0:/MUSIC/OF_THE_TREES/DREAM_ATLAS/02 6AM.MP3
#EXTINF:-1,GRIZMATIK GRIZ GRAMATIK - 03 AS WE PROCEED
0:/MUSIC/GRIZMATIK_GRIZ_GRAMATIK/AS_WE_PROCEED/03 AS_WE_PROCEED.MP3
#EXTINF:-1,CAPTAIN PLANET SHUNGUDZO - 04 BIG MAN
0:/MUSIC/CAPTAIN_PLANET_SHUNGUDZO/NO_VISA/04 BIG_MAN.MP3
#EXTINF:-1,THE POLISH AMBASSADOR - 05 BEBE
0:/MUSIC/THE_POLISH_AMBASSADOR/TIME'S_RUNNING_IN/05 BEBE.MP3
#EXTINF:-1,SHUB BLACK LODGE SINGERS - 06 BIG CROW
0:/MUSIC/SHUB_BLACK_LODGE_SINGERS/POWWOWSTEP/06 BIG_CROW.MP3
#EXTINF:-1,STICKYBUDS K+LAB KWADI - 07 CLAP YA HANDS NOW
0:/MUSIC/STICKYBUDS_K+LAB_KWADI/CLAP_YA_HANDS_NOW/07 CLAP_YA_HANDS_NOW.MP3
#EXTINF:-1,WOO2TECH - 08 DON'T BE LATE - ORIGINAL MIX
0:/MUSIC/WOO2TECH/DON'T_BE_LATE_EP/08 DON'T_BE_LATE_-_ORIGINAL_MIX.MP3
#EXTINF:-1,SUPAMAN WALKING BUFFALO - 09 ETHNOCIDE
0:/MUSIC/SUPAMAN_WALKING_BUFFALO/MEDICINE_BUNDLE/09 ETHNOCIDE.MP3
#EXTINF:-1,THE FUNK HUNTERS MOONTRICKS - 10 GET UP N GO
0:/MUSIC/THE_FUNK_HUNTERS_MOONTRICKS/MUSIC_W_FRIENDS/10 GET_UP_N_GO.MP3
#EXTINF:-1,TNGHT HUDSON MOHAWKE LUNICE - 11 GOOOO
0:/MUSIC/TNGHT_HUDSON_MOHAWKE_LUNICE/TNGHT/11 GOOOO.MP3
#EXTINF:-1,DIRTYPHONICS SULLIVAN KING - 12 HAMMER
0:/MUSIC/DIRTYPHONICS_SULLIVAN_KING/VANTABLACK/12 HAMMER.MP3
#EXTINF:-1,ALANIS MORISSETTE - 13 HAND IN MY POCKET - 2015 REMASTER
0:/MUSIC/ALANIS_MORISSETTE/JAGGED_LITTLE_PILL_(2015_REMASTER)/13 HAND_IN_MY_POCKET_-_2015_REMASTER.MP3
#EXTINF:-1,STYLUST LAFA TAYLOR NEON STEVE - 14 HEAVY METAL SHIT (FEAT. LAFA TAYLOR & NEON STEVE)
0:/MUSIC/STYLUST_LAFA_TAYLOR_NEON_STEVE/HEATROCKS/14 HEAVY_METAL_SHIT_(FEAT._LAFA_TAYLOR_&_NEON_STEVE).MP3
#EXTINF:-1,PAUL CAUTHEN ELECTROPHUNCK - 15 HOLY GHOST FIRE - ELECTROPHUNCK REMIX
0:/MUSIC/PAUL_CAUTHEN_ELECTROPHUNCK/HOLY_GHOST_FIRE_(ELECTROPHUNCK_REMIX)/15 HOLY_GHOST_FIRE_-_ELECTROPHUNCK_REMIX.MP3
#EXTINF:-1,AMP LIVE - 16 I GOT 5
0:/MUSIC/AMP_LIVE/THE_SPACE_BURRITO_EXPERIMENT/16 I_GOT_5.MP3
#EXTINF:-1,DENM LANDON MCNAMARA JESSE JAMES PARIAH - 17 LOSE MYSELF (FEAT. JESSE JAMES PARIAH)
0:/MUSIC/DENM_LANDON_MCNAMARA_JESSE_JAMES_PARIAH/SLUM_BEACH_POSSE._VOL._1/17 LOSE_MYSELF_(FEAT._JESSE_JAMES_PARIAH).MP3
#EXTINF:-1,GHOSTLAND OBSERVATORY - 18 MIDNIGHT VOYAGE
0:/MUSIC/GHOSTLAND_OBSERVATORY/PAPARAZZI_LIGHTNING/18 MIDNIGHT_VOYAGE.MP3
#EXTINF:-1,BOOGIE T.RIO - 19 PACKING BAGS
0:/MUSIC/BOOGIE_T.RIO/THREE_FOR_ALL_EP/19 PACKING_BAGS.MP3
#EXTINF:-1,HIGH STEP SOCIETY - 20 PERCEPTION
0:/MUSIC/HIGH_STEP_SOCIETY/PERCEPTION/20 PERCEPTION.MP3
#EXTINF:-1,THE FLOOZIES - 21 POTATOES
0:/MUSIC/THE_FLOOZIES/POTATOES/21 POTATOES.MP3
#EXTINF:-1,K+LAB MELODOWNZ MUSTAFA AKBAR - 22 PULL UP
0:/MUSIC/K+LAB_MELODOWNZ_MUSTAFA_AKBAR/THE_WORLDLY'S/22 PULL_UP.MP3
#EXTINF:-1,OPIUO - 23 ROBO BOOTY
0:/MUSIC/OPIUO/SLURP_AND_GIGGLE/23 ROBO_BOOTY.MP3
#EXTINF:-1,HABITAAT BLIMES - 24 SHAKE
0:/MUSIC/HABITAAT_BLIMES/FALL_IN_DEEP/24 SHAKE.MP3
#EXTINF:-1,BOOMBOX - 25 SHAKEDOWN STREET
0:/MUSIC/BOOMBOX/DOWNRIVERELECTRIC/25 SHAKEDOWN_STREET.MP3
#EXTINF:-1,MOUNTAIN HEAD - 26 SHIMMY SHIMMY YA
0:/MUSIC/MOUNTAIN_HEAD/SHIMMY_SHIMMY_YA/26 SHIMMY_SHIMMY_YA.MP3
#EXTINF:-1,CODY KO MOONLGHT - 27 SHOULD I STAY OR SHOULD I GO
0:/MUSIC/CODY_KO_MOONLGHT/SHOULD_I_STAY_OR_SHOULD_I_GO/27 SHOULD_I_STAY_OR_SHOULD_I_GO.MP3
#EXTINF:-1,CHARLESTHEFIRST - 28 STEP TIME
0:/MUSIC/CHARLESTHEFIRST/STEP_TIME/28 STEP_TIME.MP3
#EXTINF:-1,DIRTWIRE - 29 STRANGER
0:/MUSIC/DIRTWIRE/BLAZE/29 STRANGER.MP3
#EXTINF:-1,PHYPHR - 30 UP
0:/MUSIC/PHYPHR/UP/30 UP.MP3
#EXTINF:-1,ARTIKAL SOUND SYSTEM LITTLE STRANGER - 31 WHEN I WANNA (FEAT. LITTLE STRANGER)
0:/MUSIC/ARTIKAL_SOUND_SYSTEM_LITTLE_STRANGER/WELCOME_TO_FLORIDA/31 WHEN_I_WANNA_(FEAT._LITTLE_STRANGER).MP3
2025/03/08 15:59:40 [INFO] (upload.go:381) Successfully created and uploaded playlist SICKATHON.m3u8 (object ID: 16782729) with 31 songs
2025/03/08 15:59:40 [INFO] (upload.go:613) Verifying playlist upload for SICKATHON.m3u8
2025/03/08 15:59:40 [INFO] (upload.go:637) Playlist verification: Found playlist SICKATHON.m3u8 directly in parent folder (ID: 16782729)
2025/03/08 15:59:40 [INFO] (upload.go:694) Attempting to read content of playlist SICKATHON.m3u8 (ID: 16782729)
2025/03/08 15:59:42 [INFO] (list.go:528) Searching for playlists in both /MUSIC and /Music directories
2025/03/08 15:59:42 [INFO] (list.go:537) /MUSIC folder not found: folder 'MUSIC' not found in path 'MUSIC': error getting object handles: InvalidStorageId
2025/03/08 15:59:42 [INFO] (list.go:537) /Music folder not found: folder 'Music' not found in path 'Music': error getting object handles: InvalidStorageId
2025/03/08 15:59:42 [INFO] (list.go:575) Total playlists found: 0
2025/03/08 15:59:44 [INFO] (list.go:528) Searching for playlists in both /MUSIC and /Music directories
2025/03/08 15:59:44 [INFO] (list.go:537) /MUSIC folder not found: folder 'MUSIC' not found in path 'MUSIC': error getting object handles: InvalidStorageId
2025/03/08 15:59:44 [INFO] (list.go:537) /Music folder not found: folder 'Music' not found in path 'Music': error getting object handles: InvalidStorageId
2025/03/08 15:59:44 [INFO] (list.go:575) Total playlists found: 0
2025/03/08 15:59:45 [INFO] (list.go:528) Searching for playlists in both /MUSIC and /Music directories
2025/03/08 15:59:45 [INFO] (list.go:537) /MUSIC folder not found: folder 'MUSIC' not found in path 'MUSIC': error getting object handles: InvalidStorageId
2025/03/08 15:59:45 [INFO] (list.go:537) /Music folder not found: folder 'Music' not found in path 'Music': error getting object handles: InvalidStorageId
2025/03/08 15:59:45 [INFO] (list.go:575) Total playlists found: 0
2025/03/08 15:59:45 [INFO] (list.go:528) Searching for playlists in both /MUSIC and /Music directories
2025/03/08 15:59:45 [INFO] (list.go:537) /MUSIC folder not found: folder 'MUSIC' not found in path 'MUSIC': error getting object handles: InvalidStorageId
2025/03/08 15:59:45 [INFO] (list.go:537) /Music folder not found: folder 'Music' not found in path 'Music': error getting object handles: InvalidStorageId
2025/03/08 15:59:45 [INFO] (list.go:575) Total playlists found: 0
2025/03/08 15:59:46 [INFO] (list.go:528) Searching for playlists in both /MUSIC and /Music directories
2025/03/08 15:59:46 [INFO] (list.go:537) /MUSIC folder not found: folder 'MUSIC' not found in path 'MUSIC': error getting object handles: InvalidStorageId
2025/03/08 15:59:46 [INFO] (list.go:537) /Music folder not found: folder 'Music' not found in path 'Music': error getting object handles: InvalidStorageId
2025/03/08 15:59:46 [INFO] (list.go:575) Total playlists found: 0
2025/03/08 15:59:47 [INFO] (list.go:87) Searching for MP3 files...
2025/03/08 15:59:47 [INFO] (list.go:106) Searching storage #1:  (ID: 131073)
2025/03/08 15:59:47 [INFO] (list.go:670) Searching for MP3 files in both case variations of music directories
2025/03/08 15:59:47 [INFO] (list.go:679) Searching in /MUSIC directory
2025/03/08 15:59:47 [VERBOSE] (list.go:696) Found MP3: /MUSIC/HWLS/HWLS/01 001.MP3 (Size: 3875427 bytes, ID: 16782638)
2025/03/08 15:59:48 [VERBOSE] (list.go:696) Found MP3: /MUSIC/OF_THE_TREES/DREAM_ATLAS/02 6AM.MP3 (Size: 5148063 bytes, ID: 16782641)
2025/03/08 15:59:48 [VERBOSE] (list.go:696) Found MP3: /MUSIC/GRIZMATIK_GRIZ_GRAMATIK/AS_WE_PROCEED/03 AS_WE_PROCEED.MP3 (Size: 4527705 bytes, ID: 16782644)
2025/03/08 15:59:48 [VERBOSE] (list.go:696) Found MP3: /MUSIC/CAPTAIN_PLANET_SHUNGUDZO/NO_VISA/04 BIG_MAN.MP3 (Size: 3779247 bytes, ID: 16782647)
2025/03/08 15:59:48 [VERBOSE] (list.go:696) Found MP3: /MUSIC/THE_POLISH_AMBASSADOR/TIME'S_RUNNING_IN/05 BEBE.MP3 (Size: 7358898 bytes, ID: 16782650)
2025/03/08 15:59:48 [VERBOSE] (list.go:696) Found MP3: /MUSIC/SHUB_BLACK_LODGE_SINGERS/POWWOWSTEP/06 BIG_CROW.MP3 (Size: 4084850 bytes, ID: 16782653)
2025/03/08 15:59:48 [VERBOSE] (list.go:696) Found MP3: /MUSIC/STICKYBUDS_K+LAB_KWADI/CLAP_YA_HANDS_NOW/07 CLAP_YA_HANDS_NOW.MP3 (Size: 4199670 bytes, ID: 16782656)
2025/03/08 15:59:48 [VERBOSE] (list.go:696) Found MP3: /MUSIC/WOO2TECH/DON'T_BE_LATE_EP/08 DON'T_BE_LATE_-_ORIGINAL_MIX.MP3 (Size: 6624179 bytes, ID: 16782659)
2025/03/08 15:59:48 [VERBOSE] (list.go:696) Found MP3: /MUSIC/SUPAMAN_WALKING_BUFFALO/MEDICINE_BUNDLE/09 ETHNOCIDE.MP3 (Size: 2242365 bytes, ID: 16782662)
2025/03/08 15:59:48 [VERBOSE] (list.go:696) Found MP3: /MUSIC/THE_FUNK_HUNTERS_MOONTRICKS/MUSIC_W_FRIENDS/10 GET_UP_N_GO.MP3 (Size: 3922502 bytes, ID: 16782665)
2025/03/08 15:59:49 [VERBOSE] (list.go:696) Found MP3: /MUSIC/TNGHT_HUDSON_MOHAWKE_LUNICE/TNGHT/11 GOOOO.MP3 (Size: 3450270 bytes, ID: 16782668)
2025/03/08 15:59:49 [VERBOSE] (list.go:696) Found MP3: /MUSIC/DIRTYPHONICS_SULLIVAN_KING/VANTABLACK/12 HAMMER.MP3 (Size: 3259939 bytes, ID: 16782671)
2025/03/08 15:59:49 [VERBOSE] (list.go:696) Found MP3: /MUSIC/ALANIS_MORISSETTE/JAGGED_LITTLE_PILL_(2015_REMASTER)/13 HAND_IN_MY_POCKET_-_2015_REMASTER.MP3 (Size: 3687189 bytes, ID: 16782674)
2025/03/08 15:59:49 [VERBOSE] (list.go:696) Found MP3: /MUSIC/STYLUST_LAFA_TAYLOR_NEON_STEVE/HEATROCKS/14 HEAVY_METAL_SHIT_(FEAT._LAFA_TAYLOR_&_NEON_STEVE).MP3 (Size: 2991015 bytes, ID: 16782677)
2025/03/08 15:59:49 [VERBOSE] (list.go:696) Found MP3: /MUSIC/PAUL_CAUTHEN_ELECTROPHUNCK/HOLY_GHOST_FIRE_(ELECTROPHUNCK_REMIX)/15 HOLY_GHOST_FIRE_-_ELECTROPHUNCK_REMIX.MP3 (Size: 4180755 bytes, ID: 16782680)
2025/03/08 15:59:49 [VERBOSE] (list.go:696) Found MP3: /MUSIC/AMP_LIVE/THE_SPACE_BURRITO_EXPERIMENT/16 I_GOT_5.MP3 (Size: 3108644 bytes, ID: 16782683)
2025/03/08 15:59:49 [VERBOSE] (list.go:696) Found MP3: /MUSIC/DENM_LANDON_MCNAMARA_JESSE_JAMES_PARIAH/SLUM_BEACH_POSSE._VOL._1/17 LOSE_MYSELF_(FEAT._JESSE_JAMES_PARIAH).MP3 (Size: 3638674 bytes, ID: 16782686)
2025/03/08 15:59:49 [VERBOSE] (list.go:696) Found MP3: /MUSIC/GHOSTLAND_OBSERVATORY/PAPARAZZI_LIGHTNING/18 MIDNIGHT_VOYAGE.MP3 (Size: 6134642 bytes, ID: 16782689)
2025/03/08 15:59:49 [VERBOSE] (list.go:696) Found MP3: /MUSIC/BOOGIE_T.RIO/THREE_FOR_ALL_EP/19 PACKING_BAGS.MP3 (Size: 5634788 bytes, ID: 16782692)
2025/03/08 15:59:50 [VERBOSE] (list.go:696) Found MP3: /MUSIC/HIGH_STEP_SOCIETY/PERCEPTION/20 PERCEPTION.MP3 (Size: 3933976 bytes, ID: 16782695)
2025/03/08 15:59:50 [VERBOSE] (list.go:696) Found MP3: /MUSIC/THE_FLOOZIES/POTATOES/21 POTATOES.MP3 (Size: 2499548 bytes, ID: 16782698)
2025/03/08 15:59:50 [VERBOSE] (list.go:696) Found MP3: /MUSIC/K+LAB_MELODOWNZ_MUSTAFA_AKBAR/THE_WORLDLY'S/22 PULL_UP.MP3 (Size: 3356911 bytes, ID: 16782701)
2025/03/08 15:59:50 [VERBOSE] (list.go:696) Found MP3: /MUSIC/OPIUO/SLURP_AND_GIGGLE/23 ROBO_BOOTY.MP3 (Size: 4648674 bytes, ID: 16782704)
2025/03/08 15:59:50 [VERBOSE] (list.go:696) Found MP3: /MUSIC/HABITAAT_BLIMES/FALL_IN_DEEP/24 SHAKE.MP3 (Size: 2866072 bytes, ID: 16782707)
2025/03/08 15:59:50 [VERBOSE] (list.go:696) Found MP3: /MUSIC/BOOMBOX/DOWNRIVERELECTRIC/25 SHAKEDOWN_STREET.MP3 (Size: 3394282 bytes, ID: 16782710)
2025/03/08 15:59:50 [VERBOSE] (list.go:696) Found MP3: /MUSIC/MOUNTAIN_HEAD/SHIMMY_SHIMMY_YA/26 SHIMMY_SHIMMY_YA.MP3 (Size: 3131167 bytes, ID: 16782713)
2025/03/08 15:59:50 [VERBOSE] (list.go:696) Found MP3: /MUSIC/CODY_KO_MOONLGHT/SHOULD_I_STAY_OR_SHOULD_I_GO/27 SHOULD_I_STAY_OR_SHOULD_I_GO.MP3 (Size: 2357044 bytes, ID: 16782716)
2025/03/08 15:59:50 [VERBOSE] (list.go:696) Found MP3: /MUSIC/CHARLESTHEFIRST/STEP_TIME/28 STEP_TIME.MP3 (Size: 3779041 bytes, ID: 16782719)
2025/03/08 15:59:51 [VERBOSE] (list.go:696) Found MP3: /MUSIC/DIRTWIRE/BLAZE/29 STRANGER.MP3 (Size: 3833090 bytes, ID: 16782722)
2025/03/08 15:59:51 [VERBOSE] (list.go:696) Found MP3: /MUSIC/PHYPHR/UP/30 UP.MP3 (Size: 3093155 bytes, ID: 16782725)
2025/03/08 15:59:51 [VERBOSE] (list.go:696) Found MP3: /MUSIC/ARTIKAL_SOUND_SYSTEM_LITTLE_STRANGER/WELCOME_TO_FLORIDA/31 WHEN_I_WANNA_(FEAT._LITTLE_STRANGER).MP3 (Size: 3365346 bytes, ID: 16782728)
2025/03/08 15:59:51 [INFO] (list.go:709) Found 32 total objects in /MUSIC directory
2025/03/08 15:59:51 [INFO] (list.go:679) Searching in /Music directory
2025/03/08 15:59:51 [VERBOSE] (list.go:696) Found MP3: /Music/HWLS/HWLS/01 001.MP3 (Size: 3875427 bytes, ID: 16782638)
2025/03/08 15:59:51 [VERBOSE] (list.go:696) Found MP3: /Music/OF_THE_TREES/DREAM_ATLAS/02 6AM.MP3 (Size: 5148063 bytes, ID: 16782641)
2025/03/08 15:59:51 [VERBOSE] (list.go:696) Found MP3: /Music/GRIZMATIK_GRIZ_GRAMATIK/AS_WE_PROCEED/03 AS_WE_PROCEED.MP3 (Size: 4527705 bytes, ID: 16782644)
2025/03/08 15:59:51 [VERBOSE] (list.go:696) Found MP3: /Music/CAPTAIN_PLANET_SHUNGUDZO/NO_VISA/04 BIG_MAN.MP3 (Size: 3779247 bytes, ID: 16782647)
2025/03/08 15:59:51 [VERBOSE] (list.go:696) Found MP3: /Music/THE_POLISH_AMBASSADOR/TIME'S_RUNNING_IN/05 BEBE.MP3 (Size: 7358898 bytes, ID: 16782650)
2025/03/08 15:59:52 [VERBOSE] (list.go:696) Found MP3: /Music/SHUB_BLACK_LODGE_SINGERS/POWWOWSTEP/06 BIG_CROW.MP3 (Size: 4084850 bytes, ID: 16782653)
2025/03/08 15:59:52 [VERBOSE] (list.go:696) Found MP3: /Music/STICKYBUDS_K+LAB_KWADI/CLAP_YA_HANDS_NOW/07 CLAP_YA_HANDS_NOW.MP3 (Size: 4199670 bytes, ID: 16782656)
2025/03/08 15:59:52 [VERBOSE] (list.go:696) Found MP3: /Music/WOO2TECH/DON'T_BE_LATE_EP/08 DON'T_BE_LATE_-_ORIGINAL_MIX.MP3 (Size: 6624179 bytes, ID: 16782659)
2025/03/08 15:59:52 [VERBOSE] (list.go:696) Found MP3: /Music/SUPAMAN_WALKING_BUFFALO/MEDICINE_BUNDLE/09 ETHNOCIDE.MP3 (Size: 2242365 bytes, ID: 16782662)
2025/03/08 15:59:52 [VERBOSE] (list.go:696) Found MP3: /Music/THE_FUNK_HUNTERS_MOONTRICKS/MUSIC_W_FRIENDS/10 GET_UP_N_GO.MP3 (Size: 3922502 bytes, ID: 16782665)
2025/03/08 15:59:52 [VERBOSE] (list.go:696) Found MP3: /Music/TNGHT_HUDSON_MOHAWKE_LUNICE/TNGHT/11 GOOOO.MP3 (Size: 3450270 bytes, ID: 16782668)
2025/03/08 15:59:52 [VERBOSE] (list.go:696) Found MP3: /Music/DIRTYPHONICS_SULLIVAN_KING/VANTABLACK/12 HAMMER.MP3 (Size: 3259939 bytes, ID: 16782671)
2025/03/08 15:59:52 [VERBOSE] (list.go:696) Found MP3: /Music/ALANIS_MORISSETTE/JAGGED_LITTLE_PILL_(2015_REMASTER)/13 HAND_IN_MY_POCKET_-_2015_REMASTER.MP3 (Size: 3687189 bytes, ID: 16782674)
2025/03/08 15:59:52 [VERBOSE] (list.go:696) Found MP3: /Music/STYLUST_LAFA_TAYLOR_NEON_STEVE/HEATROCKS/14 HEAVY_METAL_SHIT_(FEAT._LAFA_TAYLOR_&_NEON_STEVE).MP3 (Size: 2991015 bytes, ID: 16782677)
2025/03/08 15:59:53 [VERBOSE] (list.go:696) Found MP3: /Music/PAUL_CAUTHEN_ELECTROPHUNCK/HOLY_GHOST_FIRE_(ELECTROPHUNCK_REMIX)/15 HOLY_GHOST_FIRE_-_ELECTROPHUNCK_REMIX.MP3 (Size: 4180755 bytes, ID: 16782680)
2025/03/08 15:59:53 [VERBOSE] (list.go:696) Found MP3: /Music/AMP_LIVE/THE_SPACE_BURRITO_EXPERIMENT/16 I_GOT_5.MP3 (Size: 3108644 bytes, ID: 16782683)
2025/03/08 15:59:53 [VERBOSE] (list.go:696) Found MP3: /Music/DENM_LANDON_MCNAMARA_JESSE_JAMES_PARIAH/SLUM_BEACH_POSSE._VOL._1/17 LOSE_MYSELF_(FEAT._JESSE_JAMES_PARIAH).MP3 (Size: 3638674 bytes, ID: 16782686)
2025/03/08 15:59:53 [VERBOSE] (list.go:696) Found MP3: /Music/GHOSTLAND_OBSERVATORY/PAPARAZZI_LIGHTNING/18 MIDNIGHT_VOYAGE.MP3 (Size: 6134642 bytes, ID: 16782689)
2025/03/08 15:59:53 [VERBOSE] (list.go:696) Found MP3: /Music/BOOGIE_T.RIO/THREE_FOR_ALL_EP/19 PACKING_BAGS.MP3 (Size: 5634788 bytes, ID: 16782692)
2025/03/08 15:59:53 [VERBOSE] (list.go:696) Found MP3: /Music/HIGH_STEP_SOCIETY/PERCEPTION/20 PERCEPTION.MP3 (Size: 3933976 bytes, ID: 16782695)
2025/03/08 15:59:53 [VERBOSE] (list.go:696) Found MP3: /Music/THE_FLOOZIES/POTATOES/21 POTATOES.MP3 (Size: 2499548 bytes, ID: 16782698)
2025/03/08 15:59:53 [VERBOSE] (list.go:696) Found MP3: /Music/K+LAB_MELODOWNZ_MUSTAFA_AKBAR/THE_WORLDLY'S/22 PULL_UP.MP3 (Size: 3356911 bytes, ID: 16782701)
2025/03/08 15:59:53 [VERBOSE] (list.go:696) Found MP3: /Music/OPIUO/SLURP_AND_GIGGLE/23 ROBO_BOOTY.MP3 (Size: 4648674 bytes, ID: 16782704)
2025/03/08 15:59:54 [VERBOSE] (list.go:696) Found MP3: /Music/HABITAAT_BLIMES/FALL_IN_DEEP/24 SHAKE.MP3 (Size: 2866072 bytes, ID: 16782707)
2025/03/08 15:59:54 [VERBOSE] (list.go:696) Found MP3: /Music/BOOMBOX/DOWNRIVERELECTRIC/25 SHAKEDOWN_STREET.MP3 (Size: 3394282 bytes, ID: 16782710)
2025/03/08 15:59:54 [VERBOSE] (list.go:696) Found MP3: /Music/MOUNTAIN_HEAD/SHIMMY_SHIMMY_YA/26 SHIMMY_SHIMMY_YA.MP3 (Size: 3131167 bytes, ID: 16782713)
2025/03/08 15:59:54 [VERBOSE] (list.go:696) Found MP3: /Music/CODY_KO_MOONLGHT/SHOULD_I_STAY_OR_SHOULD_I_GO/27 SHOULD_I_STAY_OR_SHOULD_I_GO.MP3 (Size: 2357044 bytes, ID: 16782716)
2025/03/08 15:59:54 [VERBOSE] (list.go:696) Found MP3: /Music/CHARLESTHEFIRST/STEP_TIME/28 STEP_TIME.MP3 (Size: 3779041 bytes, ID: 16782719)
2025/03/08 15:59:54 [VERBOSE] (list.go:696) Found MP3: /Music/DIRTWIRE/BLAZE/29 STRANGER.MP3 (Size: 3833090 bytes, ID: 16782722)
2025/03/08 15:59:54 [VERBOSE] (list.go:696) Found MP3: /Music/PHYPHR/UP/30 UP.MP3 (Size: 3093155 bytes, ID: 16782725)
2025/03/08 15:59:54 [VERBOSE] (list.go:696) Found MP3: /Music/ARTIKAL_SOUND_SYSTEM_LITTLE_STRANGER/WELCOME_TO_FLORIDA/31 WHEN_I_WANNA_(FEAT._LITTLE_STRANGER).MP3 (Size: 3365346 bytes, ID: 16782728)
2025/03/08 15:59:54 [INFO] (list.go:709) Found 32 total objects in /Music directory
2025/03/08 15:59:54 [INFO] (list.go:730) Found 62 valid MP3 files and 0 empty MP3 files across all music directories
2025/03/08 15:59:54 [INFO] (list.go:116) Found 62 MP3 files in storage #1
2025/03/08 15:59:54 [INFO] (list.go:126) Total MP3 files found across all storages: 62
2025/03/08 16:00:05 [INFO] (list.go:87) Searching for MP3 files...
2025/03/08 16:00:05 [INFO] (list.go:106) Searching storage #1:  (ID: 131073)
2025/03/08 16:00:05 [INFO] (list.go:670) Searching for MP3 files in both case variations of music directories
2025/03/08 16:00:05 [INFO] (list.go:679) Searching in /MUSIC directory
2025/03/08 16:00:06 [VERBOSE] (list.go:696) Found MP3: /MUSIC/HWLS/HWLS/01 001.MP3 (Size: 3875427 bytes, ID: 16782638)
2025/03/08 16:00:06 [VERBOSE] (list.go:696) Found MP3: /MUSIC/OF_THE_TREES/DREAM_ATLAS/02 6AM.MP3 (Size: 5148063 bytes, ID: 16782641)
2025/03/08 16:00:06 [VERBOSE] (list.go:696) Found MP3: /MUSIC/GRIZMATIK_GRIZ_GRAMATIK/AS_WE_PROCEED/03 AS_WE_PROCEED.MP3 (Size: 4527705 bytes, ID: 16782644)
2025/03/08 16:00:06 [VERBOSE] (list.go:696) Found MP3: /MUSIC/CAPTAIN_PLANET_SHUNGUDZO/NO_VISA/04 BIG_MAN.MP3 (Size: 3779247 bytes, ID: 16782647)
2025/03/08 16:00:06 [VERBOSE] (list.go:696) Found MP3: /MUSIC/THE_POLISH_AMBASSADOR/TIME'S_RUNNING_IN/05 BEBE.MP3 (Size: 7358898 bytes, ID: 16782650)
2025/03/08 16:00:06 [VERBOSE] (list.go:696) Found MP3: /MUSIC/SHUB_BLACK_LODGE_SINGERS/POWWOWSTEP/06 BIG_CROW.MP3 (Size: 4084850 bytes, ID: 16782653)
2025/03/08 16:00:06 [VERBOSE] (list.go:696) Found MP3: /MUSIC/STICKYBUDS_K+LAB_KWADI/CLAP_YA_HANDS_NOW/07 CLAP_YA_HANDS_NOW.MP3 (Size: 4199670 bytes, ID: 16782656)
2025/03/08 16:00:06 [VERBOSE] (list.go:696) Found MP3: /MUSIC/WOO2TECH/DON'T_BE_LATE_EP/08 DON'T_BE_LATE_-_ORIGINAL_MIX.MP3 (Size: 6624179 bytes, ID: 16782659)
2025/03/08 16:00:07 [VERBOSE] (list.go:696) Found MP3: /MUSIC/SUPAMAN_WALKING_BUFFALO/MEDICINE_BUNDLE/09 ETHNOCIDE.MP3 (Size: 2242365 bytes, ID: 16782662)
2025/03/08 16:00:07 [VERBOSE] (list.go:696) Found MP3: /MUSIC/THE_FUNK_HUNTERS_MOONTRICKS/MUSIC_W_FRIENDS/10 GET_UP_N_GO.MP3 (Size: 3922502 bytes, ID: 16782665)
2025/03/08 16:00:07 [VERBOSE] (list.go:696) Found MP3: /MUSIC/TNGHT_HUDSON_MOHAWKE_LUNICE/TNGHT/11 GOOOO.MP3 (Size: 3450270 bytes, ID: 16782668)
2025/03/08 16:00:07 [VERBOSE] (list.go:696) Found MP3: /MUSIC/DIRTYPHONICS_SULLIVAN_KING/VANTABLACK/12 HAMMER.MP3 (Size: 3259939 bytes, ID: 16782671)
2025/03/08 16:00:07 [VERBOSE] (list.go:696) Found MP3: /MUSIC/ALANIS_MORISSETTE/JAGGED_LITTLE_PILL_(2015_REMASTER)/13 HAND_IN_MY_POCKET_-_2015_REMASTER.MP3 (Size: 3687189 bytes, ID: 16782674)
2025/03/08 16:00:07 [VERBOSE] (list.go:696) Found MP3: /MUSIC/STYLUST_LAFA_TAYLOR_NEON_STEVE/HEATROCKS/14 HEAVY_METAL_SHIT_(FEAT._LAFA_TAYLOR_&_NEON_STEVE).MP3 (Size: 2991015 bytes, ID: 16782677)
2025/03/08 16:00:07 [VERBOSE] (list.go:696) Found MP3: /MUSIC/PAUL_CAUTHEN_ELECTROPHUNCK/HOLY_GHOST_FIRE_(ELECTROPHUNCK_REMIX)/15 HOLY_GHOST_FIRE_-_ELECTROPHUNCK_REMIX.MP3 (Size: 4180755 bytes, ID: 16782680)
2025/03/08 16:00:07 [VERBOSE] (list.go:696) Found MP3: /MUSIC/AMP_LIVE/THE_SPACE_BURRITO_EXPERIMENT/16 I_GOT_5.MP3 (Size: 3108644 bytes, ID: 16782683)
2025/03/08 16:00:07 [VERBOSE] (list.go:696) Found MP3: /MUSIC/DENM_LANDON_MCNAMARA_JESSE_JAMES_PARIAH/SLUM_BEACH_POSSE._VOL._1/17 LOSE_MYSELF_(FEAT._JESSE_JAMES_PARIAH).MP3 (Size: 3638674 bytes, ID: 16782686)
2025/03/08 16:00:08 [VERBOSE] (list.go:696) Found MP3: /MUSIC/GHOSTLAND_OBSERVATORY/PAPARAZZI_LIGHTNING/18 MIDNIGHT_VOYAGE.MP3 (Size: 6134642 bytes, ID: 16782689)
2025/03/08 16:00:08 [VERBOSE] (list.go:696) Found MP3: /MUSIC/BOOGIE_T.RIO/THREE_FOR_ALL_EP/19 PACKING_BAGS.MP3 (Size: 5634788 bytes, ID: 16782692)
2025/03/08 16:00:08 [VERBOSE] (list.go:696) Found MP3: /MUSIC/HIGH_STEP_SOCIETY/PERCEPTION/20 PERCEPTION.MP3 (Size: 3933976 bytes, ID: 16782695)
2025/03/08 16:00:08 [VERBOSE] (list.go:696) Found MP3: /MUSIC/THE_FLOOZIES/POTATOES/21 POTATOES.MP3 (Size: 2499548 bytes, ID: 16782698)
2025/03/08 16:00:08 [VERBOSE] (list.go:696) Found MP3: /MUSIC/K+LAB_MELODOWNZ_MUSTAFA_AKBAR/THE_WORLDLY'S/22 PULL_UP.MP3 (Size: 3356911 bytes, ID: 16782701)
2025/03/08 16:00:08 [VERBOSE] (list.go:696) Found MP3: /MUSIC/OPIUO/SLURP_AND_GIGGLE/23 ROBO_BOOTY.MP3 (Size: 4648674 bytes, ID: 16782704)
2025/03/08 16:00:08 [VERBOSE] (list.go:696) Found MP3: /MUSIC/HABITAAT_BLIMES/FALL_IN_DEEP/24 SHAKE.MP3 (Size: 2866072 bytes, ID: 16782707)
2025/03/08 16:00:08 [VERBOSE] (list.go:696) Found MP3: /MUSIC/BOOMBOX/DOWNRIVERELECTRIC/25 SHAKEDOWN_STREET.MP3 (Size: 3394282 bytes, ID: 16782710)
2025/03/08 16:00:08 [VERBOSE] (list.go:696) Found MP3: /MUSIC/MOUNTAIN_HEAD/SHIMMY_SHIMMY_YA/26 SHIMMY_SHIMMY_YA.MP3 (Size: 3131167 bytes, ID: 16782713)
2025/03/08 16:00:09 [VERBOSE] (list.go:696) Found MP3: /MUSIC/CODY_KO_MOONLGHT/SHOULD_I_STAY_OR_SHOULD_I_GO/27 SHOULD_I_STAY_OR_SHOULD_I_GO.MP3 (Size: 2357044 bytes, ID: 16782716)
2025/03/08 16:00:09 [VERBOSE] (list.go:696) Found MP3: /MUSIC/CHARLESTHEFIRST/STEP_TIME/28 STEP_TIME.MP3 (Size: 3779041 bytes, ID: 16782719)
2025/03/08 16:00:09 [VERBOSE] (list.go:696) Found MP3: /MUSIC/DIRTWIRE/BLAZE/29 STRANGER.MP3 (Size: 3833090 bytes, ID: 16782722)
2025/03/08 16:00:09 [VERBOSE] (list.go:696) Found MP3: /MUSIC/PHYPHR/UP/30 UP.MP3 (Size: 3093155 bytes, ID: 16782725)
2025/03/08 16:00:09 [VERBOSE] (list.go:696) Found MP3: /MUSIC/ARTIKAL_SOUND_SYSTEM_LITTLE_STRANGER/WELCOME_TO_FLORIDA/31 WHEN_I_WANNA_(FEAT._LITTLE_STRANGER).MP3 (Size: 3365346 bytes, ID: 16782728)
2025/03/08 16:00:09 [INFO] (list.go:709) Found 32 total objects in /MUSIC directory
2025/03/08 16:00:09 [INFO] (list.go:679) Searching in /Music directory
2025/03/08 16:00:09 [VERBOSE] (list.go:696) Found MP3: /Music/HWLS/HWLS/01 001.MP3 (Size: 3875427 bytes, ID: 16782638)
2025/03/08 16:00:09 [VERBOSE] (list.go:696) Found MP3: /Music/OF_THE_TREES/DREAM_ATLAS/02 6AM.MP3 (Size: 5148063 bytes, ID: 16782641)
2025/03/08 16:00:09 [VERBOSE] (list.go:696) Found MP3: /Music/GRIZMATIK_GRIZ_GRAMATIK/AS_WE_PROCEED/03 AS_WE_PROCEED.MP3 (Size: 4527705 bytes, ID: 16782644)
2025/03/08 16:00:09 [VERBOSE] (list.go:696) Found MP3: /Music/CAPTAIN_PLANET_SHUNGUDZO/NO_VISA/04 BIG_MAN.MP3 (Size: 3779247 bytes, ID: 16782647)
2025/03/08 16:00:10 [VERBOSE] (list.go:696) Found MP3: /Music/THE_POLISH_AMBASSADOR/TIME'S_RUNNING_IN/05 BEBE.MP3 (Size: 7358898 bytes, ID: 16782650)
2025/03/08 16:00:10 [VERBOSE] (list.go:696) Found MP3: /Music/SHUB_BLACK_LODGE_SINGERS/POWWOWSTEP/06 BIG_CROW.MP3 (Size: 4084850 bytes, ID: 16782653)
2025/03/08 16:00:10 [VERBOSE] (list.go:696) Found MP3: /Music/STICKYBUDS_K+LAB_KWADI/CLAP_YA_HANDS_NOW/07 CLAP_YA_HANDS_NOW.MP3 (Size: 4199670 bytes, ID: 16782656)
2025/03/08 16:00:10 [VERBOSE] (list.go:696) Found MP3: /Music/WOO2TECH/DON'T_BE_LATE_EP/08 DON'T_BE_LATE_-_ORIGINAL_MIX.MP3 (Size: 6624179 bytes, ID: 16782659)
2025/03/08 16:00:10 [VERBOSE] (list.go:696) Found MP3: /Music/SUPAMAN_WALKING_BUFFALO/MEDICINE_BUNDLE/09 ETHNOCIDE.MP3 (Size: 2242365 bytes, ID: 16782662)
2025/03/08 16:00:10 [VERBOSE] (list.go:696) Found MP3: /Music/THE_FUNK_HUNTERS_MOONTRICKS/MUSIC_W_FRIENDS/10 GET_UP_N_GO.MP3 (Size: 3922502 bytes, ID: 16782665)
2025/03/08 16:00:10 [VERBOSE] (list.go:696) Found MP3: /Music/TNGHT_HUDSON_MOHAWKE_LUNICE/TNGHT/11 GOOOO.MP3 (Size: 3450270 bytes, ID: 16782668)
2025/03/08 16:00:10 [VERBOSE] (list.go:696) Found MP3: /Music/DIRTYPHONICS_SULLIVAN_KING/VANTABLACK/12 HAMMER.MP3 (Size: 3259939 bytes, ID: 16782671)
2025/03/08 16:00:10 [VERBOSE] (list.go:696) Found MP3: /Music/ALANIS_MORISSETTE/JAGGED_LITTLE_PILL_(2015_REMASTER)/13 HAND_IN_MY_POCKET_-_2015_REMASTER.MP3 (Size: 3687189 bytes, ID: 16782674)
2025/03/08 16:00:11 [VERBOSE] (list.go:696) Found MP3: /Music/STYLUST_LAFA_TAYLOR_NEON_STEVE/HEATROCKS/14 HEAVY_METAL_SHIT_(FEAT._LAFA_TAYLOR_&_NEON_STEVE).MP3 (Size: 2991015 bytes, ID: 16782677)
2025/03/08 16:00:11 [VERBOSE] (list.go:696) Found MP3: /Music/PAUL_CAUTHEN_ELECTROPHUNCK/HOLY_GHOST_FIRE_(ELECTROPHUNCK_REMIX)/15 HOLY_GHOST_FIRE_-_ELECTROPHUNCK_REMIX.MP3 (Size: 4180755 bytes, ID: 16782680)
2025/03/08 16:00:11 [VERBOSE] (list.go:696) Found MP3: /Music/AMP_LIVE/THE_SPACE_BURRITO_EXPERIMENT/16 I_GOT_5.MP3 (Size: 3108644 bytes, ID: 16782683)
2025/03/08 16:00:11 [VERBOSE] (list.go:696) Found MP3: /Music/DENM_LANDON_MCNAMARA_JESSE_JAMES_PARIAH/SLUM_BEACH_POSSE._VOL._1/17 LOSE_MYSELF_(FEAT._JESSE_JAMES_PARIAH).MP3 (Size: 3638674 bytes, ID: 16782686)
2025/03/08 16:00:11 [VERBOSE] (list.go:696) Found MP3: /Music/GHOSTLAND_OBSERVATORY/PAPARAZZI_LIGHTNING/18 MIDNIGHT_VOYAGE.MP3 (Size: 6134642 bytes, ID: 16782689)
2025/03/08 16:00:11 [VERBOSE] (list.go:696) Found MP3: /Music/BOOGIE_T.RIO/THREE_FOR_ALL_EP/19 PACKING_BAGS.MP3 (Size: 5634788 bytes, ID: 16782692)
2025/03/08 16:00:11 [VERBOSE] (list.go:696) Found MP3: /Music/HIGH_STEP_SOCIETY/PERCEPTION/20 PERCEPTION.MP3 (Size: 3933976 bytes, ID: 16782695)
2025/03/08 16:00:11 [VERBOSE] (list.go:696) Found MP3: /Music/THE_FLOOZIES/POTATOES/21 POTATOES.MP3 (Size: 2499548 bytes, ID: 16782698)
2025/03/08 16:00:11 [VERBOSE] (list.go:696) Found MP3: /Music/K+LAB_MELODOWNZ_MUSTAFA_AKBAR/THE_WORLDLY'S/22 PULL_UP.MP3 (Size: 3356911 bytes, ID: 16782701)
2025/03/08 16:00:12 [VERBOSE] (list.go:696) Found MP3: /Music/OPIUO/SLURP_AND_GIGGLE/23 ROBO_BOOTY.MP3 (Size: 4648674 bytes, ID: 16782704)
2025/03/08 16:00:12 [VERBOSE] (list.go:696) Found MP3: /Music/HABITAAT_BLIMES/FALL_IN_DEEP/24 SHAKE.MP3 (Size: 2866072 bytes, ID: 16782707)
2025/03/08 16:00:12 [VERBOSE] (list.go:696) Found MP3: /Music/BOOMBOX/DOWNRIVERELECTRIC/25 SHAKEDOWN_STREET.MP3 (Size: 3394282 bytes, ID: 16782710)
2025/03/08 16:00:12 [VERBOSE] (list.go:696) Found MP3: /Music/MOUNTAIN_HEAD/SHIMMY_SHIMMY_YA/26 SHIMMY_SHIMMY_YA.MP3 (Size: 3131167 bytes, ID: 16782713)
2025/03/08 16:00:12 [VERBOSE] (list.go:696) Found MP3: /Music/CODY_KO_MOONLGHT/SHOULD_I_STAY_OR_SHOULD_I_GO/27 SHOULD_I_STAY_OR_SHOULD_I_GO.MP3 (Size: 2357044 bytes, ID: 16782716)
2025/03/08 16:00:12 [VERBOSE] (list.go:696) Found MP3: /Music/CHARLESTHEFIRST/STEP_TIME/28 STEP_TIME.MP3 (Size: 3779041 bytes, ID: 16782719)
2025/03/08 16:00:12 [VERBOSE] (list.go:696) Found MP3: /Music/DIRTWIRE/BLAZE/29 STRANGER.MP3 (Size: 3833090 bytes, ID: 16782722)
2025/03/08 16:00:12 [VERBOSE] (list.go:696) Found MP3: /Music/PHYPHR/UP/30 UP.MP3 (Size: 3093155 bytes, ID: 16782725)
2025/03/08 16:00:12 [VERBOSE] (list.go:696) Found MP3: /Music/ARTIKAL_SOUND_SYSTEM_LITTLE_STRANGER/WELCOME_TO_FLORIDA/31 WHEN_I_WANNA_(FEAT._LITTLE_STRANGER).MP3 (Size: 3365346 bytes, ID: 16782728)
2025/03/08 16:00:12 [INFO] (list.go:709) Found 32 total objects in /Music directory
2025/03/08 16:00:12 [INFO] (list.go:730) Found 62 valid MP3 files and 0 empty MP3 files across all music directories
2025/03/08 16:00:12 [INFO] (list.go:116) Found 62 MP3 files in storage #1
2025/03/08 16:00:12 [INFO] (list.go:126) Total MP3 files found across all storages: 62
2025/03/08 16:00:15 [INFO] (list.go:528) Searching for playlists in both /MUSIC and /Music directories
2025/03/08 16:00:15 [INFO] (list.go:537) /MUSIC folder not found: folder 'MUSIC' not found in path 'MUSIC': error getting object handles: InvalidStorageId
2025/03/08 16:00:15 [INFO] (list.go:537) /Music folder not found: folder 'Music' not found in path 'Music': error getting object handles: InvalidStorageId
2025/03/08 16:00:15 [INFO] (list.go:575) Total playlists found: 0
2025/03/08 16:00:17 [INFO] (list.go:528) Searching for playlists in both /MUSIC and /Music directories
2025/03/08 16:00:17 [INFO] (list.go:537) /MUSIC folder not found: folder 'MUSIC' not found in path 'MUSIC': error getting object handles: InvalidStorageId
2025/03/08 16:00:17 [INFO] (list.go:537) /Music folder not found: folder 'Music' not found in path 'Music': error getting object handles: InvalidStorageId
2025/03/08 16:00:17 [INFO] (list.go:575) Total playlists found: 0
