2025/03/08 15:13:54 --- MTP Music Manager Started ---
2025/03/08 15:13:54 OS: darwin, Architecture: arm64
2025/03/08 15:13:54 Verbose logging: true
2025/03/08 15:13:54 [VERBOSE] (main.go:25) Starting MTP Music Manager
2025/03/08 15:13:54 [VERBOSE] (connect.go:15) Initializing device with timeout of 30s...
2025/03/08 15:13:54 [VERBOSE] (connect.go:28) Starting MTP device detection in background goroutine
2025/03/08 15:13:54 [VERBOSE] (connect.go:40) MTP device found successfully
2025/03/08 15:13:54 [VERBOSE] (connect.go:54) Device initialized successfully
2025/03/08 15:13:54 [VERBOSE] (storage.go:21) Fetching storages with timeout of 30s...
2025/03/08 15:13:54 [VERBOSE] (storage.go:48) Found 1 storage(s) on device
2025/03/08 15:13:54 [VERBOSE] (storage.go:61) Storage #1:  (ID: 131073)
2025/03/08 15:13:57 [INFO] (upload.go:1105) Automatically selected storage:  (ID: 131073)
2025/03/08 15:13:58 [ERROR] (storage.go:288) Error getting object info for handle 16783016: GeneralError
2025/03/08 15:13:58 [ERROR] (storage.go:288) Error getting object info for handle 16783017: GeneralError
2025/03/08 15:13:58 [ERROR] (storage.go:288) Error getting object info for handle 16783018: GeneralError
2025/03/08 15:13:58 [ERROR] (storage.go:288) Error getting object info for handle 16783019: GeneralError
2025/03/08 15:13:58 [ERROR] (storage.go:288) Error getting object info for handle 16783020: GeneralError
2025/03/08 15:13:58 [ERROR] (storage.go:288) Error getting object info for handle 16783021: GeneralError
2025/03/08 15:13:58 [ERROR] (storage.go:288) Error getting object info for handle 16783022: GeneralError
2025/03/08 15:13:58 [ERROR] (storage.go:288) Error getting object info for handle 16783023: GeneralError
2025/03/08 15:13:58 [ERROR] (storage.go:288) Error getting object info for handle 16783024: GeneralError
2025/03/08 15:13:58 [ERROR] (storage.go:288) Error getting object info for handle 16783025: GeneralError
2025/03/08 15:13:58 [ERROR] (storage.go:288) Error getting object info for handle 16783026: GeneralError
2025/03/08 15:13:58 [ERROR] (storage.go:288) Error getting object info for handle 16783027: GeneralError
2025/03/08 15:13:58 [ERROR] (storage.go:288) Error getting object info for handle 16783028: GeneralError
2025/03/08 15:13:58 [ERROR] (storage.go:288) Error getting object info for handle 16783029: GeneralError
2025/03/08 15:13:58 [ERROR] (storage.go:288) Error getting object info for handle 16783030: GeneralError
2025/03/08 15:13:58 [ERROR] (storage.go:288) Error getting object info for handle 16783031: GeneralError
2025/03/08 15:13:58 [ERROR] (storage.go:288) Error getting object info for handle 16783032: GeneralError
2025/03/08 15:13:58 [ERROR] (storage.go:288) Error getting object info for handle 16783034: GeneralError
2025/03/08 15:13:58 [ERROR] (storage.go:288) Error getting object info for handle 16783035: GeneralError
2025/03/08 15:13:58 [ERROR] (storage.go:288) Error getting object info for handle 16783036: GeneralError
2025/03/08 15:13:58 [ERROR] (storage.go:288) Error getting object info for handle 16783037: GeneralError
2025/03/08 15:13:58 [ERROR] (storage.go:288) Error getting object info for handle 16783038: GeneralError
2025/03/08 15:13:58 [ERROR] (storage.go:288) Error getting object info for handle 16783039: GeneralError
2025/03/08 15:13:58 [ERROR] (storage.go:288) Error getting object info for handle 16783040: GeneralError
2025/03/08 15:13:58 [ERROR] (storage.go:288) Error getting object info for handle 16783041: GeneralError
2025/03/08 15:13:58 [ERROR] (storage.go:288) Error getting object info for handle 16783042: GeneralError
2025/03/08 15:13:58 [ERROR] (storage.go:288) Error getting object info for handle 16783043: GeneralError
2025/03/08 15:13:58 [ERROR] (storage.go:288) Error getting object info for handle 16783044: GeneralError
2025/03/08 15:13:58 [ERROR] (storage.go:288) Error getting object info for handle 16783045: GeneralError
2025/03/08 15:13:58 [ERROR] (storage.go:288) Error getting object info for handle 16783046: GeneralError
2025/03/08 15:13:58 [ERROR] (storage.go:288) Error getting object info for handle 16783047: GeneralError
2025/03/08 15:13:58 [ERROR] (storage.go:288) Error getting object info for handle 16783048: GeneralError
2025/03/08 15:13:58 [ERROR] (storage.go:288) Error getting object info for handle 16783049: GeneralError
2025/03/08 15:13:58 [ERROR] (storage.go:288) Error getting object info for handle 16783050: GeneralError
2025/03/08 15:13:58 [ERROR] (storage.go:288) Error getting object info for handle 16783054: GeneralError
2025/03/08 15:13:58 [ERROR] (storage.go:288) Error getting object info for handle 16783056: GeneralError
2025/03/08 15:13:58 [ERROR] (storage.go:288) Error getting object info for handle 16783059: GeneralError
2025/03/08 15:13:58 [ERROR] (storage.go:288) Error getting object info for handle 16783062: GeneralError
2025/03/08 15:13:58 [ERROR] (storage.go:288) Error getting object info for handle 16783065: GeneralError
2025/03/08 15:13:58 [ERROR] (storage.go:288) Error getting object info for handle 16783068: GeneralError
2025/03/08 15:13:58 [ERROR] (storage.go:288) Error getting object info for handle 16783071: GeneralError
2025/03/08 15:13:58 [ERROR] (storage.go:288) Error getting object info for handle 16783073: GeneralError
2025/03/08 15:13:58 [ERROR] (storage.go:288) Error getting object info for handle 16783076: GeneralError
2025/03/08 15:13:58 [ERROR] (storage.go:288) Error getting object info for handle 16783079: GeneralError
2025/03/08 15:13:58 [ERROR] (storage.go:288) Error getting object info for handle 16783082: GeneralError
2025/03/08 15:13:58 [ERROR] (storage.go:288) Error getting object info for handle 16783083: GeneralError
2025/03/08 15:13:58 [ERROR] (storage.go:288) Error getting object info for handle 16783086: GeneralError
2025/03/08 15:13:58 [ERROR] (storage.go:288) Error getting object info for handle 16783088: GeneralError
2025/03/08 15:13:58 [ERROR] (storage.go:288) Error getting object info for handle 16783091: GeneralError
2025/03/08 15:13:58 [ERROR] (storage.go:288) Error getting object info for handle 16783094: GeneralError
2025/03/08 15:13:58 [ERROR] (storage.go:288) Error getting object info for handle 16783097: GeneralError
2025/03/08 15:13:58 [ERROR] (storage.go:288) Error getting object info for handle 16783099: GeneralError
2025/03/08 15:13:58 [ERROR] (storage.go:288) Error getting object info for handle 16783102: GeneralError
2025/03/08 15:13:58 [ERROR] (storage.go:288) Error getting object info for handle 16783105: GeneralError
2025/03/08 15:13:58 [ERROR] (storage.go:288) Error getting object info for handle 16783108: GeneralError
2025/03/08 15:13:58 [ERROR] (storage.go:288) Error getting object info for handle 16783109: GeneralError
2025/03/08 15:13:58 [ERROR] (storage.go:288) Error getting object info for handle 16783111: GeneralError
2025/03/08 15:13:58 [ERROR] (storage.go:288) Error getting object info for handle 16783113: GeneralError
2025/03/08 15:13:58 [ERROR] (storage.go:288) Error getting object info for handle 16783116: GeneralError
2025/03/08 15:13:58 [ERROR] (storage.go:288) Error getting object info for handle 16783119: GeneralError
2025/03/08 15:13:58 [ERROR] (storage.go:288) Error getting object info for handle 16783122: GeneralError
2025/03/08 15:13:58 [ERROR] (storage.go:288) Error getting object info for handle 16783124: GeneralError
2025/03/08 15:13:58 [ERROR] (storage.go:288) Error getting object info for handle 16783127: GeneralError
2025/03/08 15:13:58 [ERROR] (storage.go:288) Error getting object info for handle 16783130: GeneralError
2025/03/08 15:13:58 [ERROR] (storage.go:288) Error getting object info for handle 16783132: GeneralError
2025/03/08 15:13:58 [ERROR] (storage.go:288) Error getting object info for handle 16783135: GeneralError
2025/03/08 15:13:58 [ERROR] (storage.go:288) Error getting object info for handle 16783137: GeneralError
2025/03/08 15:13:58 [ERROR] (storage.go:288) Error getting object info for handle 16783138: GeneralError
2025/03/08 15:13:58 [ERROR] (storage.go:288) Error getting object info for handle 16783139: GeneralError
2025/03/08 15:13:58 [ERROR] (storage.go:288) Error getting object info for handle 16783140: GeneralError
2025/03/08 15:13:58 [ERROR] (storage.go:288) Error getting object info for handle 16783141: GeneralError
2025/03/08 15:13:58 [ERROR] (storage.go:288) Error getting object info for handle 16783142: GeneralError
2025/03/08 15:13:58 [ERROR] (storage.go:288) Error getting object info for handle 16783143: GeneralError
2025/03/08 15:13:58 [ERROR] (storage.go:288) Error getting object info for handle 16783144: GeneralError
2025/03/08 15:13:58 [ERROR] (storage.go:288) Error getting object info for handle 16783145: GeneralError
2025/03/08 15:13:58 [ERROR] (storage.go:288) Error getting object info for handle 16783146: GeneralError
2025/03/08 15:13:58 [ERROR] (storage.go:288) Error getting object info for handle 16783147: GeneralError
2025/03/08 15:13:58 [ERROR] (storage.go:288) Error getting object info for handle 16783148: GeneralError
2025/03/08 15:13:58 [ERROR] (storage.go:288) Error getting object info for handle 16783149: GeneralError
2025/03/08 15:13:58 [ERROR] (storage.go:288) Error getting object info for handle 16783150: GeneralError
2025/03/08 15:13:58 [ERROR] (storage.go:288) Error getting object info for handle 16783151: GeneralError
2025/03/08 15:13:58 [ERROR] (storage.go:288) Error getting object info for handle 16783152: GeneralError
2025/03/08 15:13:58 [ERROR] (storage.go:288) Error getting object info for handle 16783153: GeneralError
2025/03/08 15:13:58 [ERROR] (storage.go:288) Error getting object info for handle 16783154: GeneralError
2025/03/08 15:13:58 [ERROR] (storage.go:288) Error getting object info for handle 16783155: GeneralError
2025/03/08 15:13:58 [ERROR] (storage.go:288) Error getting object info for handle 16783156: GeneralError
2025/03/08 15:13:58 [ERROR] (storage.go:288) Error getting object info for handle 16783157: GeneralError
2025/03/08 15:13:58 [ERROR] (storage.go:288) Error getting object info for handle 16783158: GeneralError
2025/03/08 15:13:58 [ERROR] (storage.go:288) Error getting object info for handle 16783159: GeneralError
2025/03/08 15:13:58 [ERROR] (storage.go:288) Error getting object info for handle 16783160: GeneralError
2025/03/08 15:13:58 [ERROR] (storage.go:288) Error getting object info for handle 16783161: GeneralError
2025/03/08 15:13:58 [ERROR] (storage.go:288) Error getting object info for handle 16783162: GeneralError
2025/03/08 15:13:58 [ERROR] (storage.go:288) Error getting object info for handle 16783163: GeneralError
2025/03/08 15:13:58 [ERROR] (storage.go:288) Error getting object info for handle 16783164: GeneralError
2025/03/08 15:13:58 [ERROR] (storage.go:288) Error getting object info for handle 16783165: GeneralError
2025/03/08 15:13:58 [ERROR] (storage.go:288) Error getting object info for handle 16783166: GeneralError
2025/03/08 15:13:58 [ERROR] (storage.go:288) Error getting object info for handle 16783167: GeneralError
2025/03/08 15:13:58 [ERROR] (storage.go:288) Error getting object info for handle 16783168: GeneralError
2025/03/08 15:13:58 [ERROR] (storage.go:288) Error getting object info for handle 16783170: GeneralError
2025/03/08 15:13:58 [ERROR] (storage.go:288) Error getting object info for handle 16783171: GeneralError
2025/03/08 15:13:58 [ERROR] (storage.go:288) Error getting object info for handle 16783172: GeneralError
2025/03/08 15:13:58 [ERROR] (storage.go:288) Error getting object info for handle 16783173: GeneralError
2025/03/08 15:13:58 [ERROR] (storage.go:288) Error getting object info for handle 16783174: GeneralError
2025/03/08 15:13:58 [ERROR] (storage.go:288) Error getting object info for handle 16783175: GeneralError
2025/03/08 15:13:58 [ERROR] (storage.go:288) Error getting object info for handle 16783176: GeneralError
2025/03/08 15:13:58 [ERROR] (storage.go:288) Error getting object info for handle 16783177: GeneralError
2025/03/08 15:13:58 [ERROR] (storage.go:288) Error getting object info for handle 16783178: GeneralError
2025/03/08 15:13:58 [ERROR] (storage.go:288) Error getting object info for handle 16783179: GeneralError
2025/03/08 15:13:58 [ERROR] (storage.go:288) Error getting object info for handle 16783180: GeneralError
2025/03/08 15:13:58 [ERROR] (storage.go:288) Error getting object info for handle 16783181: GeneralError
2025/03/08 15:13:58 [ERROR] (storage.go:288) Error getting object info for handle 16783182: GeneralError
2025/03/08 15:13:58 [ERROR] (storage.go:288) Error getting object info for handle 16783183: GeneralError
2025/03/08 15:13:58 [ERROR] (storage.go:288) Error getting object info for handle 16783184: GeneralError
2025/03/08 15:13:58 [ERROR] (storage.go:288) Error getting object info for handle 16783185: GeneralError
2025/03/08 15:13:58 [ERROR] (storage.go:288) Error getting object info for handle 16783186: GeneralError
2025/03/08 15:13:58 [ERROR] (storage.go:288) Error getting object info for handle 16783187: GeneralError
2025/03/08 15:13:58 [ERROR] (storage.go:288) Error getting object info for handle 16783188: GeneralError
2025/03/08 15:13:58 [ERROR] (storage.go:288) Error getting object info for handle 16783189: GeneralError
2025/03/08 15:13:58 [ERROR] (storage.go:288) Error getting object info for handle 16783190: GeneralError
2025/03/08 15:13:58 [ERROR] (storage.go:288) Error getting object info for handle 16783191: GeneralError
2025/03/08 15:13:58 [ERROR] (storage.go:288) Error getting object info for handle 16783192: GeneralError
2025/03/08 15:13:58 [ERROR] (storage.go:288) Error getting object info for handle 16783193: GeneralError
2025/03/08 15:13:58 [ERROR] (storage.go:288) Error getting object info for handle 16783194: GeneralError
2025/03/08 15:13:58 [ERROR] (storage.go:288) Error getting object info for handle 16783195: GeneralError
2025/03/08 15:13:58 [ERROR] (storage.go:288) Error getting object info for handle 16783196: GeneralError
2025/03/08 15:13:58 [ERROR] (storage.go:288) Error getting object info for handle 16783197: GeneralError
2025/03/08 15:13:58 [ERROR] (storage.go:288) Error getting object info for handle 16783198: GeneralError
2025/03/08 15:13:58 [ERROR] (storage.go:288) Error getting object info for handle 16783199: GeneralError
2025/03/08 15:13:58 [ERROR] (storage.go:288) Error getting object info for handle 16783200: GeneralError
2025/03/08 15:13:58 [ERROR] (storage.go:288) Error getting object info for handle 16783201: GeneralError
2025/03/08 15:13:58 [VERBOSE] (upload.go:1038) Found existing Music folder with ID: 16777218
2025/03/08 15:14:21 [VERBOSE] (upload.go:1048) Using existing folder: 4B_NVRLEFT (ID: 16777313)
2025/03/08 15:14:21 [VERBOSE] (upload.go:1048) Using existing folder: DOPE (ID: 16777651)
2025/03/08 15:14:21 [VERBOSE] (upload.go:776) Uploading DOPE.MP3 to album folder (storage ID: 131073, folder ID: 16777651)
2025/03/08 15:14:22 [VERBOSE] (upload.go:831) Successfully uploaded DOPE.MP3 (object ID: 16783203) to /MUSIC/4B_NVRLEFT/DOPE/DOPE.MP3
2025/03/08 15:14:27 [INFO] (list.go:88) Searching for MP3 files...
2025/03/08 15:14:27 [INFO] (list.go:107) Searching storage #1:  (ID: 131073)
2025/03/08 15:14:27 [INFO] (list.go:698) Searching for MP3 files in both case variations of music directories
2025/03/08 15:14:27 [INFO] (list.go:707) Searching in /MUSIC directory
2025/03/08 15:14:28 [VERBOSE] (list.go:713) Examining file: /MUSIC/JOYRYDE_SKRILLEX (IsDir: true)
2025/03/08 15:14:28 [VERBOSE] (list.go:713) Examining file: /MUSIC/JOYRYDE_SKRILLEX/AGEN_WIDA (IsDir: true)
2025/03/08 15:14:28 [VERBOSE] (list.go:713) Examining file: /MUSIC/ISOXO_KNOCK2 (IsDir: true)
2025/03/08 15:14:28 [VERBOSE] (list.go:713) Examining file: /MUSIC/ISOXO_KNOCK2/NITEHARTS (IsDir: true)
2025/03/08 15:14:28 [VERBOSE] (list.go:713) Examining file: /MUSIC/JAUZ (IsDir: true)
2025/03/08 15:14:28 [VERBOSE] (list.go:713) Examining file: /MUSIC/JAUZ/ALPHA (IsDir: true)
2025/03/08 15:14:28 [VERBOSE] (list.go:713) Examining file: /MUSIC/JAUZ/FEEL_THE_VOLUME (IsDir: true)
2025/03/08 15:14:28 [VERBOSE] (list.go:713) Examining file: /MUSIC/JAUZ/GET_TO_ME (IsDir: true)
2025/03/08 15:14:28 [VERBOSE] (list.go:713) Examining file: /MUSIC/JAUZ/GOODIEZ (IsDir: true)
2025/03/08 15:14:28 [VERBOSE] (list.go:713) Examining file: /MUSIC/JAUZ/THE_GAME (IsDir: true)
2025/03/08 15:14:28 [VERBOSE] (list.go:713) Examining file: /MUSIC/HEROBUST (IsDir: true)
2025/03/08 15:14:28 [VERBOSE] (list.go:713) Examining file: /MUSIC/HEROBUST/BRUH_! (IsDir: true)
2025/03/08 15:14:28 [VERBOSE] (list.go:713) Examining file: /MUSIC/HEROBUST/BLOCKBUSTER_VIP (IsDir: true)
2025/03/08 15:14:28 [VERBOSE] (list.go:713) Examining file: /MUSIC/HEROBUST/VERTEBREAKER_(REMIXES) (IsDir: true)
2025/03/08 15:14:28 [VERBOSE] (list.go:713) Examining file: /MUSIC/HEROBUST/WTF (IsDir: true)
2025/03/08 15:14:28 [VERBOSE] (list.go:713) Examining file: /MUSIC/BRO_SAFARI_TANK_PARADE (IsDir: true)
2025/03/08 15:14:29 [VERBOSE] (list.go:713) Examining file: /MUSIC/BRO_SAFARI_TANK_PARADE/BLITZ (IsDir: true)
2025/03/08 15:14:29 [VERBOSE] (list.go:713) Examining file: /MUSIC/RUSKO_SUBTRONICS (IsDir: true)
2025/03/08 15:14:29 [VERBOSE] (list.go:713) Examining file: /MUSIC/RUSKO_SUBTRONICS/BOUNCE (IsDir: true)
2025/03/08 15:14:29 [VERBOSE] (list.go:713) Examining file: /MUSIC/12TH_PLANET (IsDir: true)
2025/03/08 15:14:29 [VERBOSE] (list.go:713) Examining file: /MUSIC/12TH_PLANET/CLAIRVOYANT (IsDir: true)
2025/03/08 15:14:29 [VERBOSE] (list.go:713) Examining file: /MUSIC/12TH_PLANET/SHIPWRECK'D (IsDir: true)
2025/03/08 15:14:29 [VERBOSE] (list.go:713) Examining file: /MUSIC/4B_NVRLEFT (IsDir: true)
2025/03/08 15:14:29 [VERBOSE] (list.go:713) Examining file: /MUSIC/4B_NVRLEFT/DOPE (IsDir: true)
2025/03/08 15:14:29 [VERBOSE] (list.go:713) Examining file: /MUSIC/RIOT (IsDir: true)
2025/03/08 15:14:29 [VERBOSE] (list.go:713) Examining file: /MUSIC/RIOT/DOWN_WITH_YOUR_LOVE (IsDir: true)
2025/03/08 15:14:29 [VERBOSE] (list.go:713) Examining file: /MUSIC/BRAINRACK_EYEZIC_ALLEYCVT (IsDir: true)
2025/03/08 15:14:29 [VERBOSE] (list.go:713) Examining file: /MUSIC/BRAINRACK_EYEZIC_ALLEYCVT/EYES_CLOSED (IsDir: true)
2025/03/08 15:14:29 [VERBOSE] (list.go:713) Examining file: /MUSIC/12TH_PLANET_KATIE_SKY (IsDir: true)
2025/03/08 15:14:29 [VERBOSE] (list.go:713) Examining file: /MUSIC/12TH_PLANET_KATIE_SKY/FOLLOW (IsDir: true)
2025/03/08 15:14:29 [VERBOSE] (list.go:713) Examining file: /MUSIC/BUKU_BASSNECTAR (IsDir: true)
2025/03/08 15:14:29 [VERBOSE] (list.go:713) Examining file: /MUSIC/BUKU_BASSNECTAR/FRONT_TO_BACK_(BASSNECTAR_REMIX) (IsDir: true)
2025/03/08 15:14:29 [VERBOSE] (list.go:713) Examining file: /MUSIC/KNOCK2 (IsDir: true)
2025/03/08 15:14:30 [VERBOSE] (list.go:713) Examining file: /MUSIC/KNOCK2/SABLE_VALLEY_SUMMER_VOL._1 (IsDir: true)
2025/03/08 15:14:30 [VERBOSE] (list.go:713) Examining file: /MUSIC/KNOCK2/PARANOID (IsDir: true)
2025/03/08 15:14:30 [VERBOSE] (list.go:713) Examining file: /MUSIC/DEADMAU5_ROB_SWIRE_JAUZ (IsDir: true)
2025/03/08 15:14:30 [VERBOSE] (list.go:713) Examining file: /MUSIC/DEADMAU5_ROB_SWIRE_JAUZ/GHOSTS_'N'_STUFF_(JAUZ_REMIX) (IsDir: true)
2025/03/08 15:14:30 [VERBOSE] (list.go:713) Examining file: /MUSIC/WORKINGJAUZ.m3u8 (IsDir: false)
2025/03/08 15:14:30 [VERBOSE] (list.go:713) Examining file: /MUSIC/WORKINGJAUZ.m3u8 (IsDir: false)
2025/03/08 15:14:30 [VERBOSE] (list.go:713) Examining file: /MUSIC/ROOTKIT_TYLOR_MAURER (IsDir: true)
2025/03/08 15:14:30 [VERBOSE] (list.go:713) Examining file: /MUSIC/ROOTKIT_TYLOR_MAURER/GOOD_2_GO (IsDir: true)
2025/03/08 15:14:30 [VERBOSE] (list.go:713) Examining file: /MUSIC/QUIX (IsDir: true)
2025/03/08 15:14:30 [VERBOSE] (list.go:713) Examining file: /MUSIC/QUIX/GRENADE (IsDir: true)
2025/03/08 15:14:30 [VERBOSE] (list.go:713) Examining file: /MUSIC/JOYRYDE (IsDir: true)
2025/03/08 15:14:30 [VERBOSE] (list.go:713) Examining file: /MUSIC/JOYRYDE/HOT_DRUM (IsDir: true)
2025/03/08 15:14:30 [VERBOSE] (list.go:713) Examining file: /MUSIC/JOYRYDE/BRAVE (IsDir: true)
2025/03/08 15:14:30 [VERBOSE] (list.go:713) Examining file: /MUSIC/JOYRYDE/SPEED_TRAP (IsDir: true)
2025/03/08 15:14:30 [VERBOSE] (list.go:713) Examining file: /MUSIC/QUIX_AMBA_SHEPHERD (IsDir: true)
2025/03/08 15:14:30 [VERBOSE] (list.go:713) Examining file: /MUSIC/QUIX_AMBA_SHEPHERD/HEADS_OR_TAILS (IsDir: true)
2025/03/08 15:14:30 [VERBOSE] (list.go:713) Examining file: /MUSIC/EPHWURD_SWAGE (IsDir: true)
2025/03/08 15:14:30 [VERBOSE] (list.go:713) Examining file: /MUSIC/EPHWURD_SWAGE/HECTIC (IsDir: true)
2025/03/08 15:14:30 [VERBOSE] (list.go:713) Examining file: /MUSIC/AHEE_DEFUNK (IsDir: true)
2025/03/08 15:14:31 [VERBOSE] (list.go:713) Examining file: /MUSIC/AHEE_DEFUNK/I_FEEL_IT (IsDir: true)
2025/03/08 15:14:31 [VERBOSE] (list.go:713) Examining file: /MUSIC/JAUZ_EXAMPLE (IsDir: true)
2025/03/08 15:14:31 [VERBOSE] (list.go:713) Examining file: /MUSIC/JAUZ_EXAMPLE/THE_WISE_AND_THE_WICKED (IsDir: true)
2025/03/08 15:14:31 [VERBOSE] (list.go:713) Examining file: /MUSIC/TI_STO_JAUZ (IsDir: true)
2025/03/08 15:14:31 [VERBOSE] (list.go:713) Examining file: /MUSIC/TI_STO_JAUZ/INFECTED (IsDir: true)
2025/03/08 15:14:31 [VERBOSE] (list.go:713) Examining file: /MUSIC/ZEDS_DEAD_JAUZ_SUBTRONICS (IsDir: true)
2025/03/08 15:14:31 [VERBOSE] (list.go:713) Examining file: /MUSIC/ZEDS_DEAD_JAUZ_SUBTRONICS/LIGHTS_GO_DOWN_(REMIXES) (IsDir: true)
2025/03/08 15:14:31 [VERBOSE] (list.go:713) Examining file: /MUSIC/DREZO (IsDir: true)
2025/03/08 15:14:31 [VERBOSE] (list.go:713) Examining file: /MUSIC/DREZO/MALICE (IsDir: true)
2025/03/08 15:14:31 [VERBOSE] (list.go:713) Examining file: /MUSIC/JAUZ_SAN_HOLO (IsDir: true)
2025/03/08 15:14:31 [VERBOSE] (list.go:713) Examining file: /MUSIC/JAUZ_SAN_HOLO/OK! (IsDir: true)
2025/03/08 15:14:31 [VERBOSE] (list.go:713) Examining file: /MUSIC/BONNIE_X_CLYDE (IsDir: true)
2025/03/08 15:14:31 [VERBOSE] (list.go:713) Examining file: /MUSIC/BONNIE_X_CLYDE/OURS (IsDir: true)
2025/03/08 15:14:31 [VERBOSE] (list.go:713) Examining file: /MUSIC/MONXX (IsDir: true)
2025/03/08 15:14:31 [VERBOSE] (list.go:713) Examining file: /MUSIC/MONXX/ON_YOU (IsDir: true)
2025/03/08 15:14:31 [VERBOSE] (list.go:713) Examining file: /MUSIC/KNIFE_PARTY_JAUZ (IsDir: true)
2025/03/08 15:14:31 [VERBOSE] (list.go:713) Examining file: /MUSIC/KNIFE_PARTY_JAUZ/TRIGGER_WARNING (IsDir: true)
2025/03/08 15:14:32 [VERBOSE] (list.go:713) Examining file: /MUSIC/BRO_SAFARI_SARAH_HUDSON (IsDir: true)
2025/03/08 15:14:32 [VERBOSE] (list.go:713) Examining file: /MUSIC/BRO_SAFARI_SARAH_HUDSON/COLLISIONS (IsDir: true)
2025/03/08 15:14:32 [VERBOSE] (list.go:713) Examining file: /MUSIC/JAUZ_EPHWURD (IsDir: true)
2025/03/08 15:14:32 [VERBOSE] (list.go:713) Examining file: /MUSIC/JAUZ_EPHWURD/ROCK_THE_PARTY (IsDir: true)
2025/03/08 15:14:32 [VERBOSE] (list.go:713) Examining file: /MUSIC/SIKDOPE_LOUD_ABOUT_US! (IsDir: true)
2025/03/08 15:14:32 [VERBOSE] (list.go:713) Examining file: /MUSIC/SIKDOPE_LOUD_ABOUT_US!/SLOW_IT_DOWN (IsDir: true)
2025/03/08 15:14:32 [VERBOSE] (list.go:713) Examining file: /MUSIC/JAUZ_666 (IsDir: true)
2025/03/08 15:14:32 [VERBOSE] (list.go:713) Examining file: /MUSIC/JAUZ_666/THE_WISE_AND_THE_WICKED (IsDir: true)
2025/03/08 15:14:32 [VERBOSE] (list.go:713) Examining file: /MUSIC/JAUZ_NONSENS (IsDir: true)
2025/03/08 15:14:32 [VERBOSE] (list.go:713) Examining file: /MUSIC/JAUZ_NONSENS/THE_BEAT (IsDir: true)
2025/03/08 15:14:32 [VERBOSE] (list.go:713) Examining file: /MUSIC/4B (IsDir: true)
2025/03/08 15:14:32 [VERBOSE] (list.go:713) Examining file: /MUSIC/4B/THERE_4_YOU (IsDir: true)
2025/03/08 15:14:32 [VERBOSE] (list.go:713) Examining file: /MUSIC/APASHE_LEVEL_UP_SAMI_CHAOUKI (IsDir: true)
2025/03/08 15:14:32 [VERBOSE] (list.go:713) Examining file: /MUSIC/APASHE_LEVEL_UP_SAMI_CHAOUKI/TIME_WARP_(LEVEL_UP_REMIX) (IsDir: true)
2025/03/08 15:14:32 [VERBOSE] (list.go:713) Examining file: /MUSIC/FUNTCASE_DANI_POPPITT (IsDir: true)
2025/03/08 15:14:32 [VERBOSE] (list.go:713) Examining file: /MUSIC/FUNTCASE_DANI_POPPITT/NEXT_CHAPTER (IsDir: true)
2025/03/08 15:14:32 [VERBOSE] (list.go:713) Examining file: /MUSIC/BROKENJAUZ.m3u8 (IsDir: false)
2025/03/08 15:14:32 [VERBOSE] (list.go:713) Examining file: /MUSIC/BROKENJAUZ.m3u8 (IsDir: false)
2025/03/08 15:14:33 [VERBOSE] (list.go:713) Examining file: /MUSIC/BROKENJAUZ.m3u8 (IsDir: false)
2025/03/08 15:14:33 [INFO] (list.go:731) Found 5 total objects in /MUSIC directory
2025/03/08 15:14:33 [INFO] (list.go:707) Searching in /Music directory
2025/03/08 15:14:33 [VERBOSE] (list.go:713) Examining file: /Music/JOYRYDE_SKRILLEX (IsDir: true)
2025/03/08 15:14:33 [VERBOSE] (list.go:713) Examining file: /Music/JOYRYDE_SKRILLEX/AGEN_WIDA (IsDir: true)
2025/03/08 15:14:33 [VERBOSE] (list.go:713) Examining file: /Music/ISOXO_KNOCK2 (IsDir: true)
2025/03/08 15:14:33 [VERBOSE] (list.go:713) Examining file: /Music/ISOXO_KNOCK2/NITEHARTS (IsDir: true)
2025/03/08 15:14:33 [VERBOSE] (list.go:713) Examining file: /Music/JAUZ (IsDir: true)
2025/03/08 15:14:33 [VERBOSE] (list.go:713) Examining file: /Music/JAUZ/ALPHA (IsDir: true)
2025/03/08 15:14:33 [VERBOSE] (list.go:713) Examining file: /Music/JAUZ/FEEL_THE_VOLUME (IsDir: true)
2025/03/08 15:14:33 [VERBOSE] (list.go:713) Examining file: /Music/JAUZ/GET_TO_ME (IsDir: true)
2025/03/08 15:14:33 [VERBOSE] (list.go:713) Examining file: /Music/JAUZ/GOODIEZ (IsDir: true)
2025/03/08 15:14:33 [VERBOSE] (list.go:713) Examining file: /Music/JAUZ/THE_GAME (IsDir: true)
2025/03/08 15:14:33 [VERBOSE] (list.go:713) Examining file: /Music/HEROBUST (IsDir: true)
2025/03/08 15:14:33 [VERBOSE] (list.go:713) Examining file: /Music/HEROBUST/BRUH_! (IsDir: true)
2025/03/08 15:14:33 [VERBOSE] (list.go:713) Examining file: /Music/HEROBUST/BLOCKBUSTER_VIP (IsDir: true)
2025/03/08 15:14:33 [VERBOSE] (list.go:713) Examining file: /Music/HEROBUST/VERTEBREAKER_(REMIXES) (IsDir: true)
2025/03/08 15:14:33 [VERBOSE] (list.go:713) Examining file: /Music/HEROBUST/WTF (IsDir: true)
2025/03/08 15:14:34 [VERBOSE] (list.go:713) Examining file: /Music/BRO_SAFARI_TANK_PARADE (IsDir: true)
2025/03/08 15:14:34 [VERBOSE] (list.go:713) Examining file: /Music/BRO_SAFARI_TANK_PARADE/BLITZ (IsDir: true)
2025/03/08 15:14:34 [VERBOSE] (list.go:713) Examining file: /Music/RUSKO_SUBTRONICS (IsDir: true)
2025/03/08 15:14:34 [VERBOSE] (list.go:713) Examining file: /Music/RUSKO_SUBTRONICS/BOUNCE (IsDir: true)
2025/03/08 15:14:34 [VERBOSE] (list.go:713) Examining file: /Music/12TH_PLANET (IsDir: true)
2025/03/08 15:14:34 [VERBOSE] (list.go:713) Examining file: /Music/12TH_PLANET/CLAIRVOYANT (IsDir: true)
2025/03/08 15:14:34 [VERBOSE] (list.go:713) Examining file: /Music/12TH_PLANET/SHIPWRECK'D (IsDir: true)
2025/03/08 15:14:34 [VERBOSE] (list.go:713) Examining file: /Music/4B_NVRLEFT (IsDir: true)
2025/03/08 15:14:34 [VERBOSE] (list.go:713) Examining file: /Music/4B_NVRLEFT/DOPE (IsDir: true)
2025/03/08 15:14:34 [VERBOSE] (list.go:713) Examining file: /Music/RIOT (IsDir: true)
2025/03/08 15:14:34 [VERBOSE] (list.go:713) Examining file: /Music/RIOT/DOWN_WITH_YOUR_LOVE (IsDir: true)
2025/03/08 15:14:34 [VERBOSE] (list.go:713) Examining file: /Music/BRAINRACK_EYEZIC_ALLEYCVT (IsDir: true)
2025/03/08 15:14:34 [VERBOSE] (list.go:713) Examining file: /Music/BRAINRACK_EYEZIC_ALLEYCVT/EYES_CLOSED (IsDir: true)
2025/03/08 15:14:34 [VERBOSE] (list.go:713) Examining file: /Music/12TH_PLANET_KATIE_SKY (IsDir: true)
2025/03/08 15:14:34 [VERBOSE] (list.go:713) Examining file: /Music/12TH_PLANET_KATIE_SKY/FOLLOW (IsDir: true)
2025/03/08 15:14:34 [VERBOSE] (list.go:713) Examining file: /Music/BUKU_BASSNECTAR (IsDir: true)
2025/03/08 15:14:34 [VERBOSE] (list.go:713) Examining file: /Music/BUKU_BASSNECTAR/FRONT_TO_BACK_(BASSNECTAR_REMIX) (IsDir: true)
2025/03/08 15:14:35 [VERBOSE] (list.go:713) Examining file: /Music/KNOCK2 (IsDir: true)
2025/03/08 15:14:35 [VERBOSE] (list.go:713) Examining file: /Music/KNOCK2/SABLE_VALLEY_SUMMER_VOL._1 (IsDir: true)
2025/03/08 15:14:35 [VERBOSE] (list.go:713) Examining file: /Music/KNOCK2/PARANOID (IsDir: true)
2025/03/08 15:14:35 [VERBOSE] (list.go:713) Examining file: /Music/DEADMAU5_ROB_SWIRE_JAUZ (IsDir: true)
2025/03/08 15:14:35 [VERBOSE] (list.go:713) Examining file: /Music/DEADMAU5_ROB_SWIRE_JAUZ/GHOSTS_'N'_STUFF_(JAUZ_REMIX) (IsDir: true)
2025/03/08 15:14:35 [VERBOSE] (list.go:713) Examining file: /Music/WORKINGJAUZ.m3u8 (IsDir: false)
2025/03/08 15:14:35 [VERBOSE] (list.go:713) Examining file: /Music/WORKINGJAUZ.m3u8 (IsDir: false)
2025/03/08 15:14:35 [VERBOSE] (list.go:713) Examining file: /Music/ROOTKIT_TYLOR_MAURER (IsDir: true)
2025/03/08 15:14:35 [VERBOSE] (list.go:713) Examining file: /Music/ROOTKIT_TYLOR_MAURER/GOOD_2_GO (IsDir: true)
2025/03/08 15:14:35 [VERBOSE] (list.go:713) Examining file: /Music/QUIX (IsDir: true)
2025/03/08 15:14:35 [VERBOSE] (list.go:713) Examining file: /Music/QUIX/GRENADE (IsDir: true)
2025/03/08 15:14:35 [VERBOSE] (list.go:713) Examining file: /Music/JOYRYDE (IsDir: true)
2025/03/08 15:14:35 [VERBOSE] (list.go:713) Examining file: /Music/JOYRYDE/HOT_DRUM (IsDir: true)
2025/03/08 15:14:35 [VERBOSE] (list.go:713) Examining file: /Music/JOYRYDE/BRAVE (IsDir: true)
2025/03/08 15:14:35 [VERBOSE] (list.go:713) Examining file: /Music/JOYRYDE/SPEED_TRAP (IsDir: true)
2025/03/08 15:14:35 [VERBOSE] (list.go:713) Examining file: /Music/QUIX_AMBA_SHEPHERD (IsDir: true)
2025/03/08 15:14:35 [VERBOSE] (list.go:713) Examining file: /Music/QUIX_AMBA_SHEPHERD/HEADS_OR_TAILS (IsDir: true)
2025/03/08 15:14:35 [VERBOSE] (list.go:713) Examining file: /Music/EPHWURD_SWAGE (IsDir: true)
2025/03/08 15:14:36 [VERBOSE] (list.go:713) Examining file: /Music/EPHWURD_SWAGE/HECTIC (IsDir: true)
2025/03/08 15:14:36 [VERBOSE] (list.go:713) Examining file: /Music/AHEE_DEFUNK (IsDir: true)
2025/03/08 15:14:36 [VERBOSE] (list.go:713) Examining file: /Music/AHEE_DEFUNK/I_FEEL_IT (IsDir: true)
2025/03/08 15:14:36 [VERBOSE] (list.go:713) Examining file: /Music/JAUZ_EXAMPLE (IsDir: true)
2025/03/08 15:14:36 [VERBOSE] (list.go:713) Examining file: /Music/JAUZ_EXAMPLE/THE_WISE_AND_THE_WICKED (IsDir: true)
2025/03/08 15:14:36 [VERBOSE] (list.go:713) Examining file: /Music/TI_STO_JAUZ (IsDir: true)
2025/03/08 15:14:36 [VERBOSE] (list.go:713) Examining file: /Music/TI_STO_JAUZ/INFECTED (IsDir: true)
2025/03/08 15:14:36 [VERBOSE] (list.go:713) Examining file: /Music/ZEDS_DEAD_JAUZ_SUBTRONICS (IsDir: true)
2025/03/08 15:14:36 [VERBOSE] (list.go:713) Examining file: /Music/ZEDS_DEAD_JAUZ_SUBTRONICS/LIGHTS_GO_DOWN_(REMIXES) (IsDir: true)
2025/03/08 15:14:36 [VERBOSE] (list.go:713) Examining file: /Music/DREZO (IsDir: true)
2025/03/08 15:14:36 [VERBOSE] (list.go:713) Examining file: /Music/DREZO/MALICE (IsDir: true)
2025/03/08 15:14:36 [VERBOSE] (list.go:713) Examining file: /Music/JAUZ_SAN_HOLO (IsDir: true)
2025/03/08 15:14:36 [VERBOSE] (list.go:713) Examining file: /Music/JAUZ_SAN_HOLO/OK! (IsDir: true)
2025/03/08 15:14:36 [VERBOSE] (list.go:713) Examining file: /Music/BONNIE_X_CLYDE (IsDir: true)
2025/03/08 15:14:36 [VERBOSE] (list.go:713) Examining file: /Music/BONNIE_X_CLYDE/OURS (IsDir: true)
2025/03/08 15:14:36 [VERBOSE] (list.go:713) Examining file: /Music/MONXX (IsDir: true)
2025/03/08 15:14:36 [VERBOSE] (list.go:713) Examining file: /Music/MONXX/ON_YOU (IsDir: true)
2025/03/08 15:14:37 [VERBOSE] (list.go:713) Examining file: /Music/KNIFE_PARTY_JAUZ (IsDir: true)
2025/03/08 15:14:37 [VERBOSE] (list.go:713) Examining file: /Music/KNIFE_PARTY_JAUZ/TRIGGER_WARNING (IsDir: true)
2025/03/08 15:14:37 [VERBOSE] (list.go:713) Examining file: /Music/BRO_SAFARI_SARAH_HUDSON (IsDir: true)
2025/03/08 15:14:37 [VERBOSE] (list.go:713) Examining file: /Music/BRO_SAFARI_SARAH_HUDSON/COLLISIONS (IsDir: true)
2025/03/08 15:14:37 [VERBOSE] (list.go:713) Examining file: /Music/JAUZ_EPHWURD (IsDir: true)
2025/03/08 15:14:37 [VERBOSE] (list.go:713) Examining file: /Music/JAUZ_EPHWURD/ROCK_THE_PARTY (IsDir: true)
2025/03/08 15:14:37 [VERBOSE] (list.go:713) Examining file: /Music/SIKDOPE_LOUD_ABOUT_US! (IsDir: true)
2025/03/08 15:14:37 [VERBOSE] (list.go:713) Examining file: /Music/SIKDOPE_LOUD_ABOUT_US!/SLOW_IT_DOWN (IsDir: true)
2025/03/08 15:14:37 [VERBOSE] (list.go:713) Examining file: /Music/JAUZ_666 (IsDir: true)
2025/03/08 15:14:37 [VERBOSE] (list.go:713) Examining file: /Music/JAUZ_666/THE_WISE_AND_THE_WICKED (IsDir: true)
2025/03/08 15:14:37 [VERBOSE] (list.go:713) Examining file: /Music/JAUZ_NONSENS (IsDir: true)
2025/03/08 15:14:37 [VERBOSE] (list.go:713) Examining file: /Music/JAUZ_NONSENS/THE_BEAT (IsDir: true)
2025/03/08 15:14:37 [VERBOSE] (list.go:713) Examining file: /Music/4B (IsDir: true)
2025/03/08 15:14:37 [VERBOSE] (list.go:713) Examining file: /Music/4B/THERE_4_YOU (IsDir: true)
2025/03/08 15:14:37 [VERBOSE] (list.go:713) Examining file: /Music/APASHE_LEVEL_UP_SAMI_CHAOUKI (IsDir: true)
2025/03/08 15:14:37 [VERBOSE] (list.go:713) Examining file: /Music/APASHE_LEVEL_UP_SAMI_CHAOUKI/TIME_WARP_(LEVEL_UP_REMIX) (IsDir: true)
2025/03/08 15:14:37 [VERBOSE] (list.go:713) Examining file: /Music/FUNTCASE_DANI_POPPITT (IsDir: true)
2025/03/08 15:14:38 [VERBOSE] (list.go:713) Examining file: /Music/FUNTCASE_DANI_POPPITT/NEXT_CHAPTER (IsDir: true)
2025/03/08 15:14:38 [VERBOSE] (list.go:713) Examining file: /Music/BROKENJAUZ.m3u8 (IsDir: false)
2025/03/08 15:14:38 [VERBOSE] (list.go:713) Examining file: /Music/BROKENJAUZ.m3u8 (IsDir: false)
2025/03/08 15:14:38 [VERBOSE] (list.go:713) Examining file: /Music/BROKENJAUZ.m3u8 (IsDir: false)
2025/03/08 15:14:38 [INFO] (list.go:731) Found 5 total objects in /Music directory
2025/03/08 15:14:38 [ERROR] (list.go:736) No MP3 files found in any music directories
2025/03/08 15:14:38 [INFO] (list.go:737) HINT: If you've uploaded files but can't find them, check:
2025/03/08 15:14:38 [INFO] (list.go:738) 1. The files were uploaded successfully (no errors during upload)
2025/03/08 15:14:38 [INFO] (list.go:739) 2. The case of the music directory: the app now searches both /MUSIC and /Music
2025/03/08 15:14:38 [INFO] (list.go:740) 3. The directory structure on the device (using a direct file browser)
2025/03/08 15:14:38 [INFO] (list.go:117) Found 0 MP3 files in storage #1
2025/03/08 15:14:38 [INFO] (list.go:127) Total MP3 files found across all storages: 0
