2025/03/08 11:54:36 --- MTP Music Manager Started ---
2025/03/08 11:54:36 OS: darwin, Architecture: arm64
2025/03/08 11:54:36 Verbose logging: false
2025/03/08 11:54:36 [INFO] (main.go:25) Starting MTP Music Manager
2025/03/08 11:54:36 [INFO] (connect.go:15) Initializing device with timeout of 30s...
2025/03/08 11:54:36 [INFO] (connect.go:28) Starting MTP device detection in background goroutine
2025/03/08 11:54:36 [INFO] (connect.go:40) MTP device found successfully
2025/03/08 11:54:36 [INFO] (connect.go:54) Device initialized successfully
2025/03/08 11:54:36 [INFO] (storage.go:21) Fetching storages with timeout of 30s...
2025/03/08 11:54:36 [INFO] (storage.go:48) Found 1 storage(s) on device
2025/03/08 11:54:36 [INFO] (storage.go:61) Storage #1:  (ID: 131073)
2025/03/08 11:54:49 [INFO] (list.go:206) Scanned 371 files in storage, found 1 playlists
2025/03/08 11:54:52 [INFO] (upload.go:1059) Automatically selected storage:  (ID: 131073)
2025/03/08 11:54:52 [INFO] (upload.go:916) Found existing Music folder with ID: 16777218
2025/03/08 11:54:56 [INFO] (upload.go:972) Using existing folder: JOYRYDE_SKRILLEX (ID: 16777333)
2025/03/08 11:54:56 [INFO] (upload.go:972) Using existing folder: AGEN_WIDA (ID: 16777689)
2025/03/08 11:54:56 [INFO] (upload.go:609) Uploading AGEN_WIDA.MP3 to album folder (storage ID: 131073, folder ID: 16777689)
2025/03/08 11:54:56 [INFO] (upload.go:669) Successfully uploaded AGEN_WIDA.MP3 (object ID: 16783106) to /MUSIC/JOYRYDE_SKRILLEX/AGEN_WIDA/AGEN_WIDA.MP3
2025/03/08 11:54:57 [INFO] (upload.go:972) Using existing folder: ISOXO_KNOCK2 (ID: 16777334)
2025/03/08 11:54:57 [INFO] (upload.go:972) Using existing folder: NITEHARTS (ID: 16777690)
2025/03/08 11:54:57 [INFO] (upload.go:609) Uploading AARENA_(KNOCK2_REMIX).MP3 to album folder (storage ID: 131073, folder ID: 16777690)
2025/03/08 11:54:57 [INFO] (upload.go:669) Successfully uploaded AARENA_(KNOCK2_REMIX).MP3 (object ID: 16783107) to /MUSIC/ISOXO_KNOCK2/NITEHARTS/AARENA_(KNOCK2_REMIX).MP3
2025/03/08 11:54:57 [INFO] (upload.go:972) Using existing folder: JAUZ (ID: 16777307)
2025/03/08 11:54:57 [INFO] (upload.go:972) Using existing folder: ALPHA (ID: 16777655)
2025/03/08 11:54:57 [INFO] (upload.go:609) Uploading ALPHA.MP3 to album folder (storage ID: 131073, folder ID: 16777655)
2025/03/08 11:54:58 [INFO] (upload.go:669) Successfully uploaded ALPHA.MP3 (object ID: 16783108) to /MUSIC/JAUZ/ALPHA/ALPHA.MP3
2025/03/08 11:54:58 [INFO] (upload.go:972) Using existing folder: HEROBUST (ID: 16777317)
2025/03/08 11:54:58 [INFO] (upload.go:972) Using existing folder: BRUH_! (ID: 16777671)
2025/03/08 11:54:58 [INFO] (upload.go:609) Uploading BRUH!.MP3 to album folder (storage ID: 131073, folder ID: 16777671)
2025/03/08 11:54:58 [INFO] (upload.go:669) Successfully uploaded BRUH!.MP3 (object ID: 16783109) to /MUSIC/HEROBUST/BRUH_!/BRUH!.MP3
2025/03/08 11:54:58 [INFO] (upload.go:972) Using existing folder: BRO_SAFARI_TANK_PARADE (ID: 16777335)
2025/03/08 11:54:58 [INFO] (upload.go:972) Using existing folder: BLITZ (ID: 16777691)
2025/03/08 11:54:58 [INFO] (upload.go:609) Uploading BLITZ.MP3 to album folder (storage ID: 131073, folder ID: 16777691)
2025/03/08 11:54:59 [INFO] (upload.go:669) Successfully uploaded BLITZ.MP3 (object ID: 16783110) to /MUSIC/BRO_SAFARI_TANK_PARADE/BLITZ/BLITZ.MP3
2025/03/08 11:54:59 [INFO] (upload.go:972) Using existing folder: HEROBUST (ID: 16777317)
2025/03/08 11:54:59 [INFO] (upload.go:972) Using existing folder: BLOCKBUSTER_VIP (ID: 16777672)
2025/03/08 11:54:59 [INFO] (upload.go:609) Uploading BLOCKBUSTER_VIP.MP3 to album folder (storage ID: 131073, folder ID: 16777672)
2025/03/08 11:54:59 [INFO] (upload.go:669) Successfully uploaded BLOCKBUSTER_VIP.MP3 (object ID: 16783111) to /MUSIC/HEROBUST/BLOCKBUSTER_VIP/BLOCKBUSTER_VIP.MP3
2025/03/08 11:55:00 [INFO] (upload.go:972) Using existing folder: RUSKO_SUBTRONICS (ID: 16777336)
2025/03/08 11:55:00 [INFO] (upload.go:972) Using existing folder: BOUNCE (ID: 16777692)
2025/03/08 11:55:00 [INFO] (upload.go:609) Uploading BOUNCE.MP3 to album folder (storage ID: 131073, folder ID: 16777692)
2025/03/08 11:55:00 [INFO] (upload.go:669) Successfully uploaded BOUNCE.MP3 (object ID: 16783112) to /MUSIC/RUSKO_SUBTRONICS/BOUNCE/BOUNCE.MP3
2025/03/08 11:55:00 [INFO] (upload.go:972) Using existing folder: 12TH_PLANET (ID: 16777325)
2025/03/08 11:55:00 [INFO] (upload.go:972) Using existing folder: CLAIRVOYANT (ID: 16777682)
2025/03/08 11:55:00 [INFO] (upload.go:609) Uploading CLAIRVOYANT.MP3 to album folder (storage ID: 131073, folder ID: 16777682)
2025/03/08 11:55:00 [INFO] (upload.go:669) Successfully uploaded CLAIRVOYANT.MP3 (object ID: 16783113) to /MUSIC/12TH_PLANET/CLAIRVOYANT/CLAIRVOYANT.MP3
2025/03/08 11:55:01 [INFO] (upload.go:972) Using existing folder: 4B_NVRLEFT (ID: 16777337)
2025/03/08 11:55:01 [INFO] (upload.go:972) Using existing folder: DOPE (ID: 16777693)
2025/03/08 11:55:01 [INFO] (upload.go:609) Uploading DOPE.MP3 to album folder (storage ID: 131073, folder ID: 16777693)
2025/03/08 11:55:01 [INFO] (upload.go:669) Successfully uploaded DOPE.MP3 (object ID: 16783114) to /MUSIC/4B_NVRLEFT/DOPE/DOPE.MP3
2025/03/08 11:55:01 [INFO] (upload.go:972) Using existing folder: RIOT (ID: 16777338)
2025/03/08 11:55:01 [INFO] (upload.go:972) Using existing folder: DOWN_WITH_YOUR_LOVE (ID: 16777694)
2025/03/08 11:55:01 [INFO] (upload.go:609) Uploading DOWN_WITH_YOUR_LOVE.MP3 to album folder (storage ID: 131073, folder ID: 16777694)
2025/03/08 11:55:02 [INFO] (upload.go:669) Successfully uploaded DOWN_WITH_YOUR_LOVE.MP3 (object ID: 16783115) to /MUSIC/RIOT/DOWN_WITH_YOUR_LOVE/DOWN_WITH_YOUR_LOVE.MP3
2025/03/08 11:55:02 [INFO] (upload.go:972) Using existing folder: BRAINRACK_EYEZIC_ALLEYCVT (ID: 16777339)
2025/03/08 11:55:03 [INFO] (upload.go:972) Using existing folder: EYES_CLOSED (ID: 16777695)
2025/03/08 11:55:03 [INFO] (upload.go:609) Uploading EYES_CLOSED.MP3 to album folder (storage ID: 131073, folder ID: 16777695)
2025/03/08 11:55:03 [INFO] (upload.go:669) Successfully uploaded EYES_CLOSED.MP3 (object ID: 16783116) to /MUSIC/BRAINRACK_EYEZIC_ALLEYCVT/EYES_CLOSED/EYES_CLOSED.MP3
2025/03/08 11:55:04 [INFO] (upload.go:972) Using existing folder: JAUZ (ID: 16777307)
2025/03/08 11:55:04 [INFO] (upload.go:972) Using existing folder: FEEL_THE_VOLUME (ID: 16777656)
2025/03/08 11:55:04 [INFO] (upload.go:609) Uploading FEEL_THE_VOLUME.MP3 to album folder (storage ID: 131073, folder ID: 16777656)
2025/03/08 11:55:04 [INFO] (upload.go:669) Successfully uploaded FEEL_THE_VOLUME.MP3 (object ID: 16783117) to /MUSIC/JAUZ/FEEL_THE_VOLUME/FEEL_THE_VOLUME.MP3
2025/03/08 11:55:05 [INFO] (upload.go:972) Using existing folder: 12TH_PLANET_KATIE_SKY (ID: 16777340)
2025/03/08 11:55:05 [INFO] (upload.go:972) Using existing folder: FOLLOW (ID: 16777696)
2025/03/08 11:55:05 [INFO] (upload.go:609) Uploading FOLLOW.MP3 to album folder (storage ID: 131073, folder ID: 16777696)
2025/03/08 11:55:06 [INFO] (upload.go:669) Successfully uploaded FOLLOW.MP3 (object ID: 16783118) to /MUSIC/12TH_PLANET_KATIE_SKY/FOLLOW/FOLLOW.MP3
2025/03/08 11:55:06 [INFO] (upload.go:972) Using existing folder: BUKU_BASSNECTAR (ID: 16777341)
2025/03/08 11:55:06 [INFO] (upload.go:972) Using existing folder: FRONT_TO_BACK_(BASSNECTAR_REMIX) (ID: 16777697)
2025/03/08 11:55:06 [INFO] (upload.go:609) Uploading FRONT_TO_BACK_-_BASSNECTAR_REMIX.MP3 to album folder (storage ID: 131073, folder ID: 16777697)
2025/03/08 11:55:06 [INFO] (upload.go:669) Successfully uploaded FRONT_TO_BACK_-_BASSNECTAR_REMIX.MP3 (object ID: 16783119) to /MUSIC/BUKU_BASSNECTAR/FRONT_TO_BACK_(BASSNECTAR_REMIX)/FRONT_TO_BACK_-_BASSNECTAR_REMIX.MP3
2025/03/08 11:55:06 [INFO] (upload.go:972) Using existing folder: KNOCK2 (ID: 16777321)
2025/03/08 11:55:06 [INFO] (upload.go:977) Folder 'SABLE_VALLEY_SUMMER,_VOL._1' not found, attempting to create it
2025/03/08 11:55:07 [INFO] (upload.go:609) Uploading GEMS.MP3 to album folder (storage ID: 131073, folder ID: 16783120)
2025/03/08 11:55:08 [INFO] (upload.go:669) Successfully uploaded GEMS.MP3 (object ID: 16783121) to /MUSIC/KNOCK2/SABLE_VALLEY_SUMMER,_VOL._1/GEMS.MP3
2025/03/08 11:55:08 [INFO] (upload.go:972) Using existing folder: JAUZ (ID: 16777307)
2025/03/08 11:55:08 [INFO] (upload.go:972) Using existing folder: GET_TO_ME (ID: 16777657)
2025/03/08 11:55:08 [INFO] (upload.go:609) Uploading GET_TO_ME.MP3 to album folder (storage ID: 131073, folder ID: 16777657)
2025/03/08 11:55:08 [INFO] (upload.go:669) Successfully uploaded GET_TO_ME.MP3 (object ID: 16783122) to /MUSIC/JAUZ/GET_TO_ME/GET_TO_ME.MP3
2025/03/08 11:55:09 [INFO] (upload.go:972) Using existing folder: DEADMAU5_ROB_SWIRE_JAUZ (ID: 16777342)
2025/03/08 11:55:09 [INFO] (upload.go:972) Using existing folder: GHOSTS_'N'_STUFF_(JAUZ_REMIX) (ID: 16777698)
2025/03/08 11:55:09 [INFO] (upload.go:609) Uploading GHOSTS_'N'_STUFF_-_JAUZ_REMIX.MP3 to album folder (storage ID: 131073, folder ID: 16777698)
2025/03/08 11:55:10 [INFO] (upload.go:669) Successfully uploaded GHOSTS_'N'_STUFF_-_JAUZ_REMIX.MP3 (object ID: 16783123) to /MUSIC/DEADMAU5_ROB_SWIRE_JAUZ/GHOSTS_'N'_STUFF_(JAUZ_REMIX)/GHOSTS_'N'_STUFF_-_JAUZ_REMIX.MP3
2025/03/08 11:55:10 [INFO] (upload.go:348) Successfully created playlist with object ID: 16783124
2025/03/08 11:55:23 [INFO] (list.go:206) Scanned 381 files in storage, found 1 playlists
2025/03/08 11:55:53 [ERROR] (delete.go:397) Error finding song 0:/MUSIC/ROOTKIT_TYLOR_MAURER/GOOD_2_GO/01 GOOD_2_GO.MP3: object not found: 0:/MUSIC/ROOTKIT_TYLOR_MAURER/GOOD_2_GO/01 GOOD_2_GO.MP3
2025/03/08 11:56:03 [ERROR] (delete.go:397) Error finding song 0:/MUSIC/JAUZ/GOODIEZ/02 GOODIEZ.MP3: object not found: 0:/MUSIC/JAUZ/GOODIEZ/02 GOODIEZ.MP3
2025/03/08 11:56:13 [ERROR] (delete.go:397) Error finding song 0:/MUSIC/QUIX/GRENADE/03 GRENADE.MP3: object not found: 0:/MUSIC/QUIX/GRENADE/03 GRENADE.MP3
2025/03/08 11:56:23 [ERROR] (delete.go:397) Error finding song 0:/MUSIC/JOYRYDE/HOT_DRUM/04 HOT_DRUM.MP3: object not found: 0:/MUSIC/JOYRYDE/HOT_DRUM/04 HOT_DRUM.MP3
2025/03/08 11:56:33 [ERROR] (delete.go:397) Error finding song 0:/MUSIC/QUIX_AMBA_SHEPHERD/HEADS_OR_TAILS/05 HEADS_OR_TAILS.MP3: object not found: 0:/MUSIC/QUIX_AMBA_SHEPHERD/HEADS_OR_TAILS/05 HEADS_OR_TAILS.MP3
2025/03/08 11:56:43 [ERROR] (delete.go:397) Error finding song 0:/MUSIC/EPHWURD_SWAGE/HECTIC/06 HECTIC.MP3: object not found: 0:/MUSIC/EPHWURD_SWAGE/HECTIC/06 HECTIC.MP3
2025/03/08 11:56:52 [ERROR] (delete.go:397) Error finding song 0:/MUSIC/AHEE_DEFUNK/I_FEEL_IT/07 I_FEEL_IT.MP3: object not found: 0:/MUSIC/AHEE_DEFUNK/I_FEEL_IT/07 I_FEEL_IT.MP3
2025/03/08 11:57:02 [ERROR] (delete.go:397) Error finding song 0:/MUSIC/JOYRYDE/BRAVE/08 IM_GONE.MP3: object not found: 0:/MUSIC/JOYRYDE/BRAVE/08 IM_GONE.MP3
2025/03/08 11:57:12 [ERROR] (delete.go:397) Error finding song 0:/MUSIC/JAUZ_EXAMPLE/THE_WISE_AND_THE_WICKED/09 IN_THE_ZONE.MP3: object not found: 0:/MUSIC/JAUZ_EXAMPLE/THE_WISE_AND_THE_WICKED/09 IN_THE_ZONE.MP3
2025/03/08 11:57:22 [ERROR] (delete.go:397) Error finding song 0:/MUSIC/TI_STO_JAUZ/INFECTED/10 INFECTED.MP3: object not found: 0:/MUSIC/TI_STO_JAUZ/INFECTED/10 INFECTED.MP3
2025/03/08 11:57:32 [ERROR] (delete.go:397) Error finding song 0:/MUSIC/ZEDS_DEAD_JAUZ_SUBTRONICS/LIGHTS_GO_DOWN_(REMIXES)/11 LIGHTS_GO_DOWN_-_SUBTRONICS_REMIX.MP3: object not found: 0:/MUSIC/ZEDS_DEAD_JAUZ_SUBTRONICS/LIGHTS_GO_DOWN_(REMIXES)/11 LIGHTS_GO_DOWN_-_SUBTRONICS_REMIX.MP3
2025/03/08 11:57:42 [ERROR] (delete.go:397) Error finding song 0:/MUSIC/JOYRYDE/BRAVE/12 MADDEN.MP3: object not found: 0:/MUSIC/JOYRYDE/BRAVE/12 MADDEN.MP3
2025/03/08 11:57:52 [ERROR] (delete.go:397) Error finding song 0:/MUSIC/DREZO/MALICE/13 MALICE.MP3: object not found: 0:/MUSIC/DREZO/MALICE/13 MALICE.MP3
2025/03/08 11:58:02 [ERROR] (delete.go:397) Error finding song 0:/MUSIC/HEROBUST/VERTEBREAKER_(REMIXES)/14 MOVE_MINT_-_VIP.MP3: object not found: 0:/MUSIC/HEROBUST/VERTEBREAKER_(REMIXES)/14 MOVE_MINT_-_VIP.MP3
2025/03/08 11:58:12 [ERROR] (delete.go:397) Error finding song 0:/MUSIC/JAUZ_SAN_HOLO/OK!/15 OK!.MP3: object not found: 0:/MUSIC/JAUZ_SAN_HOLO/OK!/15 OK!.MP3
2025/03/08 11:58:22 [ERROR] (delete.go:397) Error finding song 0:/MUSIC/BONNIE_X_CLYDE/OURS/16 OURS.MP3: object not found: 0:/MUSIC/BONNIE_X_CLYDE/OURS/16 OURS.MP3
2025/03/08 11:58:32 [ERROR] (delete.go:397) Error finding song 0:/MUSIC/MONXX/ON_YOU/17 ON_YOU.MP3: object not found: 0:/MUSIC/MONXX/ON_YOU/17 ON_YOU.MP3
2025/03/08 11:58:42 [ERROR] (delete.go:397) Error finding song 0:/MUSIC/KNOCK2/PARANOID/18 PARANOID.MP3: object not found: 0:/MUSIC/KNOCK2/PARANOID/18 PARANOID.MP3
2025/03/08 11:58:52 [ERROR] (delete.go:397) Error finding song 0:/MUSIC/KNIFE_PARTY_JAUZ/TRIGGER_WARNING/19 PLUR_POLICE_-_JAUZ_REMIX.MP3: object not found: 0:/MUSIC/KNIFE_PARTY_JAUZ/TRIGGER_WARNING/19 PLUR_POLICE_-_JAUZ_REMIX.MP3
2025/03/08 11:59:02 [ERROR] (delete.go:397) Error finding song 0:/MUSIC/BRO_SAFARI_SARAH_HUDSON/COLLISIONS/20 REALITY.MP3: object not found: 0:/MUSIC/BRO_SAFARI_SARAH_HUDSON/COLLISIONS/20 REALITY.MP3
2025/03/08 11:59:12 [ERROR] (delete.go:397) Error finding song 0:/MUSIC/JAUZ_EPHWURD/ROCK_THE_PARTY/21 ROCK_THE_PARTY.MP3: object not found: 0:/MUSIC/JAUZ_EPHWURD/ROCK_THE_PARTY/21 ROCK_THE_PARTY.MP3
2025/03/08 11:59:22 [ERROR] (delete.go:397) Error finding song 0:/MUSIC/JOYRYDE/BRAVE/22 SELECTA_19.MP3: object not found: 0:/MUSIC/JOYRYDE/BRAVE/22 SELECTA_19.MP3
2025/03/08 11:59:32 [ERROR] (delete.go:397) Error finding song 0:/MUSIC/JOYRYDE/SPEED_TRAP/23 SPEED_TRAP.MP3: object not found: 0:/MUSIC/JOYRYDE/SPEED_TRAP/23 SPEED_TRAP.MP3
2025/03/08 11:59:43 [ERROR] (delete.go:397) Error finding song 0:/MUSIC/12TH_PLANET/SHIPWRECK'D/24 SHIPWRECK'D.MP3: object not found: 0:/MUSIC/12TH_PLANET/SHIPWRECK'D/24 SHIPWRECK'D.MP3
2025/03/08 11:59:53 [ERROR] (delete.go:397) Error finding song 0:/MUSIC/SIKDOPE_LOUD_ABOUT_US!/SLOW_IT_DOWN/25 SLOW_IT_DOWN.MP3: object not found: 0:/MUSIC/SIKDOPE_LOUD_ABOUT_US!/SLOW_IT_DOWN/25 SLOW_IT_DOWN.MP3
2025/03/08 12:00:03 [ERROR] (delete.go:397) Error finding song 0:/MUSIC/JAUZ_666/THE_WISE_AND_THE_WICKED/26 SUPER_FLY.MP3: object not found: 0:/MUSIC/JAUZ_666/THE_WISE_AND_THE_WICKED/26 SUPER_FLY.MP3
2025/03/08 12:00:13 [ERROR] (delete.go:397) Error finding song 0:/MUSIC/JAUZ_NONSENS/THE_BEAT/27 THE_BEAT.MP3: object not found: 0:/MUSIC/JAUZ_NONSENS/THE_BEAT/27 THE_BEAT.MP3
2025/03/08 12:00:23 [ERROR] (delete.go:397) Error finding song 0:/MUSIC/JAUZ/THE_GAME/28 THE_GAME.MP3: object not found: 0:/MUSIC/JAUZ/THE_GAME/28 THE_GAME.MP3
2025/03/08 12:00:33 [ERROR] (delete.go:397) Error finding song 0:/MUSIC/4B/THERE_4_YOU/29 THERE_4_YOU.MP3: object not found: 0:/MUSIC/4B/THERE_4_YOU/29 THERE_4_YOU.MP3
2025/03/08 12:00:43 [ERROR] (delete.go:397) Error finding song 0:/MUSIC/APASHE_LEVEL_UP_SAMI_CHAOUKI/TIME_WARP_(LEVEL_UP_REMIX)/30 TIME_WARP_-_LEVEL_UP_REMIX.MP3: object not found: 0:/MUSIC/APASHE_LEVEL_UP_SAMI_CHAOUKI/TIME_WARP_(LEVEL_UP_REMIX)/30 TIME_WARP_-_LEVEL_UP_REMIX.MP3
2025/03/08 12:00:53 [ERROR] (delete.go:397) Error finding song 0:/MUSIC/HEROBUST/WTF/31 WTF.MP3: object not found: 0:/MUSIC/HEROBUST/WTF/31 WTF.MP3
2025/03/08 12:01:03 [ERROR] (delete.go:397) Error finding song 0:/MUSIC/FUNTCASE_DANI_POPPITT/NEXT_CHAPTER/32 WITHOUT.MP3: object not found: 0:/MUSIC/FUNTCASE_DANI_POPPITT/NEXT_CHAPTER/32 WITHOUT.MP3
