2025/03/08 12:38:33 --- MTP Music Manager Started ---
2025/03/08 12:38:33 OS: darwin, Architecture: arm64
2025/03/08 12:38:33 Verbose logging: false
2025/03/08 12:38:35 [INFO] (list.go:17) Searching for playlists...
2025/03/08 12:38:35 [INFO] (list.go:36) Searching storage #1:  (ID: 131073)
2025/03/08 12:38:45 [INFO] (list.go:413) Walk scan completed: checked 377 files, found 0 playlists
2025/03/08 12:38:45 [INFO] (list.go:419) Using alternative search method for playlists
2025/03/08 12:39:16 [INFO] (list.go:458) Total unique playlists found: 0
2025/03/08 12:39:16 [INFO] (list.go:46) Found 0 playlists in storage #1
2025/03/08 12:39:16 [INFO] (list.go:56) Total playlists found across all storages: 0
2025/03/08 12:39:36 [INFO] (upload.go:735) Uploading 01 GOOD_2_GO.MP3 to album folder (storage ID: 131073, folder ID: 16777648)
2025/03/08 12:39:36 [INFO] (upload.go:790) Successfully uploaded 01 GOOD_2_GO.MP3 (object ID: 16783113) to /MUSIC/ROOTKIT_TYLOR_MAURER/GOOD_2_GO/01 GOOD_2_GO.MP3
2025/03/08 12:39:36 [INFO] (upload.go:735) Uploading 02 GOODIEZ.MP3 to album folder (storage ID: 131073, folder ID: 16777649)
2025/03/08 12:39:37 [INFO] (upload.go:790) Successfully uploaded 02 GOODIEZ.MP3 (object ID: 16783114) to /MUSIC/JAUZ/GOODIEZ/02 GOODIEZ.MP3
2025/03/08 12:39:37 [INFO] (upload.go:735) Uploading 03 GRENADE.MP3 to album folder (storage ID: 131073, folder ID: 16777654)
2025/03/08 12:39:37 [INFO] (upload.go:790) Successfully uploaded 03 GRENADE.MP3 (object ID: 16783115) to /MUSIC/QUIX/GRENADE/03 GRENADE.MP3
2025/03/08 12:39:37 [INFO] (upload.go:735) Uploading 04 HOT_DRUM.MP3 to album folder (storage ID: 131073, folder ID: 16777655)
2025/03/08 12:39:38 [INFO] (upload.go:790) Successfully uploaded 04 HOT_DRUM.MP3 (object ID: 16783116) to /MUSIC/JOYRYDE/HOT_DRUM/04 HOT_DRUM.MP3
2025/03/08 12:39:38 [INFO] (upload.go:735) Uploading 05 HEADS_OR_TAILS.MP3 to album folder (storage ID: 131073, folder ID: 16777658)
2025/03/08 12:39:38 [INFO] (upload.go:790) Successfully uploaded 05 HEADS_OR_TAILS.MP3 (object ID: 16783117) to /MUSIC/QUIX_AMBA_SHEPHERD/HEADS_OR_TAILS/05 HEADS_OR_TAILS.MP3
2025/03/08 12:39:38 [INFO] (upload.go:735) Uploading 06 HECTIC.MP3 to album folder (storage ID: 131073, folder ID: 16777659)
2025/03/08 12:39:39 [INFO] (upload.go:790) Successfully uploaded 06 HECTIC.MP3 (object ID: 16783118) to /MUSIC/EPHWURD_SWAGE/HECTIC/06 HECTIC.MP3
2025/03/08 12:39:39 [INFO] (upload.go:735) Uploading 07 I_FEEL_IT.MP3 to album folder (storage ID: 131073, folder ID: 16777660)
2025/03/08 12:39:39 [INFO] (upload.go:790) Successfully uploaded 07 I_FEEL_IT.MP3 (object ID: 16783119) to /MUSIC/AHEE_DEFUNK/I_FEEL_IT/07 I_FEEL_IT.MP3
2025/03/08 12:39:40 [INFO] (upload.go:735) Uploading 08 IM_GONE.MP3 to album folder (storage ID: 131073, folder ID: 16777656)
2025/03/08 12:39:40 [INFO] (upload.go:790) Successfully uploaded 08 IM_GONE.MP3 (object ID: 16783120) to /MUSIC/JOYRYDE/BRAVE/08 IM_GONE.MP3
2025/03/08 12:39:40 [INFO] (upload.go:735) Uploading 09 IN_THE_ZONE.MP3 to album folder (storage ID: 131073, folder ID: 16777661)
2025/03/08 12:39:41 [INFO] (upload.go:790) Successfully uploaded 09 IN_THE_ZONE.MP3 (object ID: 16783121) to /MUSIC/JAUZ_EXAMPLE/THE_WISE_AND_THE_WICKED/09 IN_THE_ZONE.MP3
2025/03/08 12:39:41 [INFO] (upload.go:735) Uploading 10 INFECTED.MP3 to album folder (storage ID: 131073, folder ID: 16783123)
2025/03/08 12:39:41 [INFO] (upload.go:790) Successfully uploaded 10 INFECTED.MP3 (object ID: 16783124) to /MUSIC/TIËSTO_JAUZ/INFECTED/10 INFECTED.MP3
2025/03/08 12:39:41 [INFO] (upload.go:735) Uploading 11 LIGHTS_GO_DOWN_-_SUBTRONICS_REMIX.MP3 to album folder (storage ID: 131073, folder ID: 16777663)
2025/03/08 12:39:42 [INFO] (upload.go:790) Successfully uploaded 11 LIGHTS_GO_DOWN_-_SUBTRONICS_REMIX.MP3 (object ID: 16783125) to /MUSIC/ZEDS_DEAD_JAUZ_SUBTRONICS/LIGHTS_GO_DOWN_(REMIXES)/11 LIGHTS_GO_DOWN_-_SUBTRONICS_REMIX.MP3
2025/03/08 12:39:42 [INFO] (upload.go:735) Uploading 12 MADDEN.MP3 to album folder (storage ID: 131073, folder ID: 16777656)
2025/03/08 12:39:42 [INFO] (upload.go:790) Successfully uploaded 12 MADDEN.MP3 (object ID: 16783126) to /MUSIC/JOYRYDE/BRAVE/12 MADDEN.MP3
2025/03/08 12:39:43 [INFO] (upload.go:735) Uploading 13 MALICE.MP3 to album folder (storage ID: 131073, folder ID: 16777664)
2025/03/08 12:39:43 [INFO] (upload.go:790) Successfully uploaded 13 MALICE.MP3 (object ID: 16783127) to /MUSIC/DREZO/MALICE/13 MALICE.MP3
2025/03/08 12:39:43 [INFO] (upload.go:735) Uploading 14 MOVE_MINT_-_VIP.MP3 to album folder (storage ID: 131073, folder ID: 16777665)
2025/03/08 12:39:44 [INFO] (upload.go:790) Successfully uploaded 14 MOVE_MINT_-_VIP.MP3 (object ID: 16783128) to /MUSIC/HEROBUST/VERTEBREAKER_(REMIXES)/14 MOVE_MINT_-_VIP.MP3
2025/03/08 12:39:44 [INFO] (upload.go:735) Uploading 15 OK!.MP3 to album folder (storage ID: 131073, folder ID: 16777669)
2025/03/08 12:39:44 [INFO] (upload.go:790) Successfully uploaded 15 OK!.MP3 (object ID: 16783129) to /MUSIC/JAUZ_SAN_HOLO/OK!/15 OK!.MP3
2025/03/08 12:39:44 [INFO] (upload.go:735) Uploading 16 OURS.MP3 to album folder (storage ID: 131073, folder ID: 16777670)
2025/03/08 12:39:44 [INFO] (upload.go:790) Successfully uploaded 16 OURS.MP3 (object ID: 16783130) to /MUSIC/BONNIE_X_CLYDE/OURS/16 OURS.MP3
2025/03/08 12:39:45 [INFO] (upload.go:735) Uploading 17 ON_YOU.MP3 to album folder (storage ID: 131073, folder ID: 16777671)
2025/03/08 12:39:45 [INFO] (upload.go:790) Successfully uploaded 17 ON_YOU.MP3 (object ID: 16783131) to /MUSIC/MONXX/ON_YOU/17 ON_YOU.MP3
2025/03/08 12:39:45 [INFO] (upload.go:735) Uploading 18 PARANOID.MP3 to album folder (storage ID: 131073, folder ID: 16777672)
2025/03/08 12:39:45 [INFO] (upload.go:790) Successfully uploaded 18 PARANOID.MP3 (object ID: 16783132) to /MUSIC/KNOCK2/PARANOID/18 PARANOID.MP3
2025/03/08 12:39:46 [INFO] (upload.go:735) Uploading 19 PLUR_POLICE_-_JAUZ_REMIX.MP3 to album folder (storage ID: 131073, folder ID: 16777675)
2025/03/08 12:39:46 [INFO] (upload.go:790) Successfully uploaded 19 PLUR_POLICE_-_JAUZ_REMIX.MP3 (object ID: 16783133) to /MUSIC/KNIFE_PARTY_JAUZ/TRIGGER_WARNING/19 PLUR_POLICE_-_JAUZ_REMIX.MP3
2025/03/08 12:39:46 [INFO] (upload.go:735) Uploading 20 REALITY.MP3 to album folder (storage ID: 131073, folder ID: 16777676)
2025/03/08 12:39:47 [INFO] (upload.go:790) Successfully uploaded 20 REALITY.MP3 (object ID: 16783134) to /MUSIC/BRO_SAFARI_SARAH_HUDSON/COLLISIONS/20 REALITY.MP3
2025/03/08 12:39:47 [INFO] (upload.go:735) Uploading 21 ROCK_THE_PARTY.MP3 to album folder (storage ID: 131073, folder ID: 16777677)
2025/03/08 12:39:47 [INFO] (upload.go:790) Successfully uploaded 21 ROCK_THE_PARTY.MP3 (object ID: 16783135) to /MUSIC/JAUZ_EPHWURD/ROCK_THE_PARTY/21 ROCK_THE_PARTY.MP3
2025/03/08 12:39:48 [INFO] (upload.go:735) Uploading 22 SELECTA_19.MP3 to album folder (storage ID: 131073, folder ID: 16777656)
2025/03/08 12:39:48 [INFO] (upload.go:790) Successfully uploaded 22 SELECTA_19.MP3 (object ID: 16783136) to /MUSIC/JOYRYDE/BRAVE/22 SELECTA_19.MP3
2025/03/08 12:39:48 [INFO] (upload.go:735) Uploading 23 SPEED_TRAP.MP3 to album folder (storage ID: 131073, folder ID: 16777657)
2025/03/08 12:39:49 [INFO] (upload.go:790) Successfully uploaded 23 SPEED_TRAP.MP3 (object ID: 16783137) to /MUSIC/JOYRYDE/SPEED_TRAP/23 SPEED_TRAP.MP3
2025/03/08 12:39:49 [INFO] (upload.go:735) Uploading 24 SHIPWRECK'D.MP3 to album folder (storage ID: 131073, folder ID: 16777678)
2025/03/08 12:39:49 [INFO] (upload.go:790) Successfully uploaded 24 SHIPWRECK'D.MP3 (object ID: 16783138) to /MUSIC/12TH_PLANET/SHIPWRECK'D/24 SHIPWRECK'D.MP3
2025/03/08 12:39:49 [INFO] (upload.go:735) Uploading 25 SLOW_IT_DOWN.MP3 to album folder (storage ID: 131073, folder ID: 16777680)
2025/03/08 12:39:50 [INFO] (upload.go:790) Successfully uploaded 25 SLOW_IT_DOWN.MP3 (object ID: 16783139) to /MUSIC/SIKDOPE_LOUD_ABOUT_US!/SLOW_IT_DOWN/25 SLOW_IT_DOWN.MP3
2025/03/08 12:39:50 [INFO] (upload.go:735) Uploading 26 SUPER_FLY.MP3 to album folder (storage ID: 131073, folder ID: 16777681)
2025/03/08 12:39:50 [INFO] (upload.go:790) Successfully uploaded 26 SUPER_FLY.MP3 (object ID: 16783140) to /MUSIC/JAUZ_666/THE_WISE_AND_THE_WICKED/26 SUPER_FLY.MP3
2025/03/08 12:39:50 [INFO] (upload.go:735) Uploading 27 THE_BEAT.MP3 to album folder (storage ID: 131073, folder ID: 16777682)
2025/03/08 12:39:51 [INFO] (upload.go:790) Successfully uploaded 27 THE_BEAT.MP3 (object ID: 16783141) to /MUSIC/JAUZ_NONSENS/THE_BEAT/27 THE_BEAT.MP3
2025/03/08 12:39:51 [INFO] (upload.go:735) Uploading 28 THE_GAME.MP3 to album folder (storage ID: 131073, folder ID: 16777650)
2025/03/08 12:39:52 [INFO] (upload.go:790) Successfully uploaded 28 THE_GAME.MP3 (object ID: 16783142) to /MUSIC/JAUZ/THE_GAME/28 THE_GAME.MP3
2025/03/08 12:39:52 [INFO] (upload.go:735) Uploading 29 THERE_4_YOU.MP3 to album folder (storage ID: 131073, folder ID: 16777683)
2025/03/08 12:39:52 [INFO] (upload.go:790) Successfully uploaded 29 THERE_4_YOU.MP3 (object ID: 16783143) to /MUSIC/4B/THERE_4_YOU/29 THERE_4_YOU.MP3
2025/03/08 12:39:52 [INFO] (upload.go:735) Uploading 30 TIME_WARP_-_LEVEL_UP_REMIX.MP3 to album folder (storage ID: 131073, folder ID: 16777684)
2025/03/08 12:39:53 [INFO] (upload.go:790) Successfully uploaded 30 TIME_WARP_-_LEVEL_UP_REMIX.MP3 (object ID: 16783144) to /MUSIC/APASHE_LEVEL_UP_SAMI_CHAOUKI/TIME_WARP_(LEVEL_UP_REMIX)/30 TIME_WARP_-_LEVEL_UP_REMIX.MP3
2025/03/08 12:39:53 [INFO] (upload.go:735) Uploading 31 WTF.MP3 to album folder (storage ID: 131073, folder ID: 16777666)
2025/03/08 12:39:53 [INFO] (upload.go:790) Successfully uploaded 31 WTF.MP3 (object ID: 16783145) to /MUSIC/HEROBUST/WTF/31 WTF.MP3
2025/03/08 12:39:53 [INFO] (upload.go:735) Uploading 32 WITHOUT.MP3 to album folder (storage ID: 131073, folder ID: 16777685)
2025/03/08 12:39:54 [INFO] (upload.go:790) Successfully uploaded 32 WITHOUT.MP3 (object ID: 16783146) to /MUSIC/FUNTCASE_DANI_POPPITT/NEXT_CHAPTER/32 WITHOUT.MP3
2025/03/08 12:39:57 [INFO] (list.go:17) Searching for playlists...
2025/03/08 12:39:57 [INFO] (list.go:36) Searching storage #1:  (ID: 131073)
2025/03/08 12:40:07 [INFO] (list.go:413) Walk scan completed: checked 347 files, found 0 playlists
2025/03/08 12:40:07 [INFO] (list.go:419) Using alternative search method for playlists
2025/03/08 12:40:38 [ERROR] (upload.go:980) Error getting object info for handle 16783147: GeneralError
2025/03/08 12:40:38 [INFO] (list.go:458) Total unique playlists found: 0
2025/03/08 12:40:38 [INFO] (list.go:46) Found 0 playlists in storage #1
2025/03/08 12:40:38 [INFO] (list.go:56) Total playlists found across all storages: 0
