2025/03/08 14:13:13 --- MTP Music Manager Started ---
2025/03/08 14:13:13 OS: darwin, Architecture: arm64
2025/03/08 14:13:13 Verbose logging: true
2025/03/08 14:13:13 [VERBOSE] (main.go:25) Starting MTP Music Manager
2025/03/08 14:13:13 [VERBOSE] (connect.go:15) Initializing device with timeout of 30s...
2025/03/08 14:13:13 [VERBOSE] (connect.go:28) Starting MTP device detection in background goroutine
2025/03/08 14:13:13 [VERBOSE] (connect.go:40) MTP device found successfully
2025/03/08 14:13:13 [VERBOSE] (connect.go:54) Device initialized successfully
2025/03/08 14:13:13 [VERBOSE] (storage.go:21) Fetching storages with timeout of 30s...
2025/03/08 14:13:13 [VERBOSE] (storage.go:48) Found 1 storage(s) on device
2025/03/08 14:13:13 [VERBOSE] (storage.go:61) Storage #1:  (ID: 131073)
2025/03/08 14:13:16 [INFO] (list.go:25) Searching for playlists...
2025/03/08 14:13:16 [INFO] (list.go:46) Searching storage #1:  (ID: 131073)
2025/03/08 14:13:16 [INFO] (list.go:456) Searching for playlists only in /Music directory
2025/03/08 14:13:17 [VERBOSE] (list.go:490) Found playlist: /Music/WORKINGJAUZ.m3u8 (ID: 16777343, Format: 47633)
2025/03/08 14:13:17 [INFO] (list.go:495) Total playlists found in /Music: 1
2025/03/08 14:13:17 [INFO] (list.go:56) Found 1 playlists in storage #1
2025/03/08 14:13:17 [VERBOSE] (list.go:273) Trimmed path: /Music/WORKINGJAUZ.m3u8
2025/03/08 14:13:17 [VERBOSE] (list.go:278) Normalized path: /Music/WORKINGJAUZ.m3u8
2025/03/08 14:13:17 [VERBOSE] (list.go:285) Trying path variation: /Music/WORKINGJAUZ.m3u8
2025/03/08 14:13:17 [VERBOSE] (list.go:325) Found object: WORKINGJAUZ.m3u8 (ID: 16777343)
2025/03/08 14:13:17 [VERBOSE] (list.go:233) Found object by path: /Music/WORKINGJAUZ.m3u8 (ID: 16777343)
2025/03/08 14:13:17 [INFO] (list.go:83) Total playlists found across all storages: 1
2025/03/08 14:13:18 [VERBOSE] (list.go:502) Starting playlist deletion operation for WORKINGJAUZ.M3U8
2025/03/08 14:13:18 [INFO] (list.go:25) Searching for playlists...
2025/03/08 14:13:18 [INFO] (list.go:46) Searching storage #1:  (ID: 131073)
2025/03/08 14:13:18 [INFO] (list.go:456) Searching for playlists only in /Music directory
2025/03/08 14:13:19 [VERBOSE] (list.go:490) Found playlist: /Music/WORKINGJAUZ.m3u8 (ID: 16777343, Format: 47633)
2025/03/08 14:13:19 [INFO] (list.go:495) Total playlists found in /Music: 1
2025/03/08 14:13:19 [INFO] (list.go:56) Found 1 playlists in storage #1
2025/03/08 14:13:19 [VERBOSE] (list.go:273) Trimmed path: /Music/WORKINGJAUZ.m3u8
2025/03/08 14:13:19 [VERBOSE] (list.go:278) Normalized path: /Music/WORKINGJAUZ.m3u8
2025/03/08 14:13:19 [VERBOSE] (list.go:285) Trying path variation: /Music/WORKINGJAUZ.m3u8
2025/03/08 14:13:19 [VERBOSE] (list.go:325) Found object: WORKINGJAUZ.m3u8 (ID: 16777343)
2025/03/08 14:13:19 [VERBOSE] (list.go:233) Found object by path: /Music/WORKINGJAUZ.m3u8 (ID: 16777343)
2025/03/08 14:13:19 [INFO] (list.go:83) Total playlists found across all storages: 1
2025/03/08 14:13:19 [VERBOSE] (list.go:510) Playlist: WORKINGJAUZ.m3u8
2025/03/08 14:13:19 [INFO] (list.go:531) Playlist contains 17 songs
2025/03/08 14:13:19 [VERBOSE] (list.go:549) Original song path: 0:/MUSIC/JOYRYDE_SKRILLEX/AGEN_WIDA/01 AGEN_WIDA.MP3
2025/03/08 14:13:19 [VERBOSE] (list.go:550) Normalized song path: /Music/JOYRYDE_SKRILLEX/AGEN_WIDA/01 AGEN_WIDA.MP3
2025/03/08 14:13:19 [VERBOSE] (list.go:552) Deleting song: /Music/JOYRYDE_SKRILLEX/AGEN_WIDA/01 AGEN_WIDA.MP3
2025/03/08 14:13:19 [VERBOSE] (list.go:273) Trimmed path: /Music/JOYRYDE_SKRILLEX/AGEN_WIDA/01 AGEN_WIDA.MP3
2025/03/08 14:13:19 [VERBOSE] (list.go:278) Normalized path: /Music/JOYRYDE_SKRILLEX/AGEN_WIDA/01 AGEN_WIDA.MP3
2025/03/08 14:13:19 [VERBOSE] (list.go:285) Trying path variation: /Music/JOYRYDE_SKRILLEX/AGEN_WIDA/01 AGEN_WIDA.MP3
2025/03/08 14:13:19 [VERBOSE] (list.go:285) Trying path variation: /Music/JOYRYDE_SKRILLEX/AGEN_WIDA/01 AGEN_WIDA.MP3
2025/03/08 14:13:19 [VERBOSE] (list.go:285) Trying path variation: Music/JOYRYDE_SKRILLEX/AGEN_WIDA/01 AGEN_WIDA.MP3
2025/03/08 14:13:19 [VERBOSE] (list.go:285) Trying path variation: 0:/Music/JOYRYDE_SKRILLEX/AGEN_WIDA/01 AGEN_WIDA.MP3
2025/03/08 14:13:20 [VERBOSE] (list.go:285) Trying path variation: 0:/Music/JOYRYDE_SKRILLEX/AGEN_WIDA/01 AGEN_WIDA.MP3
2025/03/08 14:13:21 [VERBOSE] (list.go:285) Trying path variation: /MUSIC/JOYRYDE_SKRILLEX/AGEN_WIDA/01 AGEN_WIDA.MP3
2025/03/08 14:13:21 [VERBOSE] (list.go:285) Trying path variation: /music/joyryde_skrillex/agen_wida/01 agen_wida.mp3
2025/03/08 14:13:21 [VERBOSE] (list.go:285) Trying path variation: /MUSIC/JOYRYDE_SKRILLEX/AGEN_WIDA/01 AGEN_WIDA.MP3
2025/03/08 14:13:22 [VERBOSE] (list.go:285) Trying path variation: /music/joyryde_skrillex/agen_wida/01 agen_wida.mp3
2025/03/08 14:13:22 [VERBOSE] (list.go:285) Trying path variation: MUSIC/JOYRYDE_SKRILLEX/AGEN_WIDA/01 AGEN_WIDA.MP3
2025/03/08 14:13:22 [VERBOSE] (list.go:285) Trying path variation: music/joyryde_skrillex/agen_wida/01 agen_wida.mp3
2025/03/08 14:13:22 [VERBOSE] (list.go:285) Trying path variation: 0:/MUSIC/JOYRYDE_SKRILLEX/AGEN_WIDA/01 AGEN_WIDA.MP3
2025/03/08 14:13:23 [VERBOSE] (list.go:285) Trying path variation: 0:/music/joyryde_skrillex/agen_wida/01 agen_wida.mp3
2025/03/08 14:13:24 [VERBOSE] (list.go:285) Trying path variation: 0:/MUSIC/JOYRYDE_SKRILLEX/AGEN_WIDA/01 AGEN_WIDA.MP3
2025/03/08 14:13:24 [VERBOSE] (list.go:285) Trying path variation: 0:/music/joyryde_skrillex/agen_wida/01 agen_wida.mp3
2025/03/08 14:13:25 [VERBOSE] (list.go:233) Found object by path: /Music/JOYRYDE_SKRILLEX/AGEN_WIDA/01 AGEN_WIDA.MP3 (ID: 0)
2025/03/08 14:13:30 [VERBOSE] (upload.go:1170) Found MP3: /Music/JAUZ/FEEL_THE_VOLUME/FEEL_THE_VOLUME.MP3
2025/03/08 14:13:30 [VERBOSE] (upload.go:1170) Found MP3: /Music/JAUZ/GET_TO_ME/GET_TO_ME.MP3
2025/03/08 14:13:31 [VERBOSE] (upload.go:1170) Found MP3: /Music/TI_STO_JAUZ/INFECTED/10 INFECTED.MP3
2025/03/08 14:13:32 [VERBOSE] (upload.go:1170) Found MP3: /Music/KNOCK2/SABLE_VALLEY_SUMMER,_VOL._1/GEMS.MP3
2025/03/08 14:13:34 [VERBOSE] (upload.go:1170) Found MP3: /Music/BUKU_BASSNECTAR/FRONT_TO_BACK_(BASSNECTAR_REMIX)/FRONT_TO_BACK_-_BASSNECTAR_REMIX.MP3
2025/03/08 14:13:34 [VERBOSE] (upload.go:1170) Found MP3: /Music/DEADMAU5_ROB_SWIRE_JAUZ/GHOSTS_'N'_STUFF_(JAUZ_REMIX)/GHOSTS_'N'_STUFF_-_JAUZ_REMIX.MP3
2025/03/08 14:13:34 [VERBOSE] (upload.go:1180) Scanned 334 files, found 6 MP3s
2025/03/08 14:13:34 [ERROR] (list.go:555) Could not find song '/Music/JOYRYDE_SKRILLEX/AGEN_WIDA/01 AGEN_WIDA.MP3': could not find object with path: /Music/JOYRYDE_SKRILLEX/AGEN_WIDA/01 AGEN_WIDA.MP3
2025/03/08 14:13:34 [VERBOSE] (list.go:549) Original song path: 0:/MUSIC/ISOXO_KNOCK2/NITEHARTS/02 AARENA_(KNOCK2_REMIX).MP3
2025/03/08 14:13:34 [VERBOSE] (list.go:550) Normalized song path: /Music/ISOXO_KNOCK2/NITEHARTS/02 AARENA_(KNOCK2_REMIX).MP3
2025/03/08 14:13:34 [VERBOSE] (list.go:552) Deleting song: /Music/ISOXO_KNOCK2/NITEHARTS/02 AARENA_(KNOCK2_REMIX).MP3
2025/03/08 14:13:34 [VERBOSE] (list.go:273) Trimmed path: /Music/ISOXO_KNOCK2/NITEHARTS/02 AARENA_(KNOCK2_REMIX).MP3
2025/03/08 14:13:34 [VERBOSE] (list.go:278) Normalized path: /Music/ISOXO_KNOCK2/NITEHARTS/02 AARENA_(KNOCK2_REMIX).MP3
2025/03/08 14:13:34 [VERBOSE] (list.go:285) Trying path variation: /Music/ISOXO_KNOCK2/NITEHARTS/02 AARENA_(KNOCK2_REMIX).MP3
2025/03/08 14:13:34 [VERBOSE] (list.go:285) Trying path variation: /Music/ISOXO_KNOCK2/NITEHARTS/02 AARENA_(KNOCK2_REMIX).MP3
2025/03/08 14:13:34 [VERBOSE] (list.go:285) Trying path variation: Music/ISOXO_KNOCK2/NITEHARTS/02 AARENA_(KNOCK2_REMIX).MP3
2025/03/08 14:13:34 [VERBOSE] (list.go:285) Trying path variation: 0:/Music/ISOXO_KNOCK2/NITEHARTS/02 AARENA_(KNOCK2_REMIX).MP3
2025/03/08 14:13:35 [VERBOSE] (list.go:285) Trying path variation: 0:/Music/ISOXO_KNOCK2/NITEHARTS/02 AARENA_(KNOCK2_REMIX).MP3
2025/03/08 14:13:36 [VERBOSE] (list.go:285) Trying path variation: /MUSIC/ISOXO_KNOCK2/NITEHARTS/02 AARENA_(KNOCK2_REMIX).MP3
2025/03/08 14:13:36 [VERBOSE] (list.go:285) Trying path variation: /music/isoxo_knock2/niteharts/02 aarena_(knock2_remix).mp3
2025/03/08 14:13:36 [VERBOSE] (list.go:285) Trying path variation: /MUSIC/ISOXO_KNOCK2/NITEHARTS/02 AARENA_(KNOCK2_REMIX).MP3
2025/03/08 14:13:37 [VERBOSE] (list.go:285) Trying path variation: /music/isoxo_knock2/niteharts/02 aarena_(knock2_remix).mp3
2025/03/08 14:13:37 [VERBOSE] (list.go:285) Trying path variation: MUSIC/ISOXO_KNOCK2/NITEHARTS/02 AARENA_(KNOCK2_REMIX).MP3
2025/03/08 14:13:37 [VERBOSE] (list.go:285) Trying path variation: music/isoxo_knock2/niteharts/02 aarena_(knock2_remix).mp3
2025/03/08 14:13:37 [VERBOSE] (list.go:285) Trying path variation: 0:/MUSIC/ISOXO_KNOCK2/NITEHARTS/02 AARENA_(KNOCK2_REMIX).MP3
2025/03/08 14:13:38 [VERBOSE] (list.go:285) Trying path variation: 0:/music/isoxo_knock2/niteharts/02 aarena_(knock2_remix).mp3
2025/03/08 14:13:39 [VERBOSE] (list.go:285) Trying path variation: 0:/MUSIC/ISOXO_KNOCK2/NITEHARTS/02 AARENA_(KNOCK2_REMIX).MP3
2025/03/08 14:13:40 [VERBOSE] (list.go:285) Trying path variation: 0:/music/isoxo_knock2/niteharts/02 aarena_(knock2_remix).mp3
2025/03/08 14:13:40 [VERBOSE] (list.go:233) Found object by path: /Music/ISOXO_KNOCK2/NITEHARTS/02 AARENA_(KNOCK2_REMIX).MP3 (ID: 0)
2025/03/08 14:13:45 [VERBOSE] (upload.go:1170) Found MP3: /Music/JAUZ/FEEL_THE_VOLUME/FEEL_THE_VOLUME.MP3
2025/03/08 14:13:45 [VERBOSE] (upload.go:1170) Found MP3: /Music/JAUZ/GET_TO_ME/GET_TO_ME.MP3
2025/03/08 14:13:46 [VERBOSE] (upload.go:1170) Found MP3: /Music/TI_STO_JAUZ/INFECTED/10 INFECTED.MP3
2025/03/08 14:13:47 [VERBOSE] (upload.go:1170) Found MP3: /Music/KNOCK2/SABLE_VALLEY_SUMMER,_VOL._1/GEMS.MP3
2025/03/08 14:13:49 [VERBOSE] (upload.go:1170) Found MP3: /Music/BUKU_BASSNECTAR/FRONT_TO_BACK_(BASSNECTAR_REMIX)/FRONT_TO_BACK_-_BASSNECTAR_REMIX.MP3
2025/03/08 14:13:49 [VERBOSE] (upload.go:1170) Found MP3: /Music/DEADMAU5_ROB_SWIRE_JAUZ/GHOSTS_'N'_STUFF_(JAUZ_REMIX)/GHOSTS_'N'_STUFF_-_JAUZ_REMIX.MP3
2025/03/08 14:13:49 [VERBOSE] (upload.go:1180) Scanned 334 files, found 6 MP3s
2025/03/08 14:13:49 [ERROR] (list.go:555) Could not find song '/Music/ISOXO_KNOCK2/NITEHARTS/02 AARENA_(KNOCK2_REMIX).MP3': could not find object with path: /Music/ISOXO_KNOCK2/NITEHARTS/02 AARENA_(KNOCK2_REMIX).MP3
2025/03/08 14:13:49 [VERBOSE] (list.go:549) Original song path: 0:/MUSIC/JAUZ/ALPHA/03 ALPHA.MP3
2025/03/08 14:13:49 [VERBOSE] (list.go:550) Normalized song path: /Music/JAUZ/ALPHA/03 ALPHA.MP3
2025/03/08 14:13:49 [VERBOSE] (list.go:552) Deleting song: /Music/JAUZ/ALPHA/03 ALPHA.MP3
2025/03/08 14:13:49 [VERBOSE] (list.go:273) Trimmed path: /Music/JAUZ/ALPHA/03 ALPHA.MP3
2025/03/08 14:13:49 [VERBOSE] (list.go:278) Normalized path: /Music/JAUZ/ALPHA/03 ALPHA.MP3
2025/03/08 14:13:49 [VERBOSE] (list.go:285) Trying path variation: /Music/JAUZ/ALPHA/03 ALPHA.MP3
2025/03/08 14:13:49 [VERBOSE] (list.go:285) Trying path variation: /Music/JAUZ/ALPHA/03 ALPHA.MP3
2025/03/08 14:13:49 [VERBOSE] (list.go:285) Trying path variation: Music/JAUZ/ALPHA/03 ALPHA.MP3
2025/03/08 14:13:50 [VERBOSE] (list.go:285) Trying path variation: 0:/Music/JAUZ/ALPHA/03 ALPHA.MP3
2025/03/08 14:13:50 [VERBOSE] (list.go:285) Trying path variation: 0:/Music/JAUZ/ALPHA/03 ALPHA.MP3
2025/03/08 14:13:51 [VERBOSE] (list.go:285) Trying path variation: /MUSIC/JAUZ/ALPHA/03 ALPHA.MP3
2025/03/08 14:13:51 [VERBOSE] (list.go:285) Trying path variation: /music/jauz/alpha/03 alpha.mp3
2025/03/08 14:13:52 [VERBOSE] (list.go:285) Trying path variation: /MUSIC/JAUZ/ALPHA/03 ALPHA.MP3
2025/03/08 14:13:52 [VERBOSE] (list.go:285) Trying path variation: /music/jauz/alpha/03 alpha.mp3
2025/03/08 14:13:52 [VERBOSE] (list.go:285) Trying path variation: MUSIC/JAUZ/ALPHA/03 ALPHA.MP3
2025/03/08 14:13:52 [VERBOSE] (list.go:285) Trying path variation: music/jauz/alpha/03 alpha.mp3
2025/03/08 14:13:52 [VERBOSE] (list.go:285) Trying path variation: 0:/MUSIC/JAUZ/ALPHA/03 ALPHA.MP3
2025/03/08 14:13:53 [VERBOSE] (list.go:285) Trying path variation: 0:/music/jauz/alpha/03 alpha.mp3
2025/03/08 14:13:54 [VERBOSE] (list.go:285) Trying path variation: 0:/MUSIC/JAUZ/ALPHA/03 ALPHA.MP3
2025/03/08 14:13:55 [VERBOSE] (list.go:285) Trying path variation: 0:/music/jauz/alpha/03 alpha.mp3
2025/03/08 14:13:55 [VERBOSE] (list.go:233) Found object by path: /Music/JAUZ/ALPHA/03 ALPHA.MP3 (ID: 0)
2025/03/08 14:14:00 [VERBOSE] (upload.go:1170) Found MP3: /Music/JAUZ/FEEL_THE_VOLUME/FEEL_THE_VOLUME.MP3
2025/03/08 14:14:00 [VERBOSE] (upload.go:1170) Found MP3: /Music/JAUZ/GET_TO_ME/GET_TO_ME.MP3
2025/03/08 14:14:01 [VERBOSE] (upload.go:1170) Found MP3: /Music/TI_STO_JAUZ/INFECTED/10 INFECTED.MP3
2025/03/08 14:14:02 [VERBOSE] (upload.go:1170) Found MP3: /Music/KNOCK2/SABLE_VALLEY_SUMMER,_VOL._1/GEMS.MP3
2025/03/08 14:14:03 [VERBOSE] (upload.go:1170) Found MP3: /Music/BUKU_BASSNECTAR/FRONT_TO_BACK_(BASSNECTAR_REMIX)/FRONT_TO_BACK_-_BASSNECTAR_REMIX.MP3
2025/03/08 14:14:04 [VERBOSE] (upload.go:1170) Found MP3: /Music/DEADMAU5_ROB_SWIRE_JAUZ/GHOSTS_'N'_STUFF_(JAUZ_REMIX)/GHOSTS_'N'_STUFF_-_JAUZ_REMIX.MP3
2025/03/08 14:14:04 [VERBOSE] (upload.go:1180) Scanned 334 files, found 6 MP3s
2025/03/08 14:14:04 [ERROR] (list.go:555) Could not find song '/Music/JAUZ/ALPHA/03 ALPHA.MP3': could not find object with path: /Music/JAUZ/ALPHA/03 ALPHA.MP3
2025/03/08 14:14:04 [VERBOSE] (list.go:549) Original song path: 0:/MUSIC/HEROBUST/BRUH_!/04 BRUH!.MP3
2025/03/08 14:14:04 [VERBOSE] (list.go:550) Normalized song path: /Music/HEROBUST/BRUH_!/04 BRUH!.MP3
2025/03/08 14:14:04 [VERBOSE] (list.go:552) Deleting song: /Music/HEROBUST/BRUH_!/04 BRUH!.MP3
2025/03/08 14:14:04 [VERBOSE] (list.go:273) Trimmed path: /Music/HEROBUST/BRUH_!/04 BRUH!.MP3
2025/03/08 14:14:04 [VERBOSE] (list.go:278) Normalized path: /Music/HEROBUST/BRUH_!/04 BRUH!.MP3
2025/03/08 14:14:04 [VERBOSE] (list.go:285) Trying path variation: /Music/HEROBUST/BRUH_!/04 BRUH!.MP3
2025/03/08 14:14:04 [VERBOSE] (list.go:285) Trying path variation: /Music/HEROBUST/BRUH_!/04 BRUH!.MP3
2025/03/08 14:14:04 [VERBOSE] (list.go:285) Trying path variation: Music/HEROBUST/BRUH_!/04 BRUH!.MP3
2025/03/08 14:14:04 [VERBOSE] (list.go:285) Trying path variation: 0:/Music/HEROBUST/BRUH_!/04 BRUH!.MP3
2025/03/08 14:14:05 [VERBOSE] (list.go:285) Trying path variation: 0:/Music/HEROBUST/BRUH_!/04 BRUH!.MP3
2025/03/08 14:14:06 [VERBOSE] (list.go:285) Trying path variation: /MUSIC/HEROBUST/BRUH_!/04 BRUH!.MP3
2025/03/08 14:14:06 [VERBOSE] (list.go:285) Trying path variation: /music/herobust/bruh_!/04 bruh!.mp3
2025/03/08 14:14:06 [VERBOSE] (list.go:285) Trying path variation: /MUSIC/HEROBUST/BRUH_!/04 BRUH!.MP3
2025/03/08 14:14:06 [VERBOSE] (list.go:285) Trying path variation: /music/herobust/bruh_!/04 bruh!.mp3
2025/03/08 14:14:07 [VERBOSE] (list.go:285) Trying path variation: MUSIC/HEROBUST/BRUH_!/04 BRUH!.MP3
2025/03/08 14:14:07 [VERBOSE] (list.go:285) Trying path variation: music/herobust/bruh_!/04 bruh!.mp3
2025/03/08 14:14:07 [VERBOSE] (list.go:285) Trying path variation: 0:/MUSIC/HEROBUST/BRUH_!/04 BRUH!.MP3
2025/03/08 14:14:08 [VERBOSE] (list.go:285) Trying path variation: 0:/music/herobust/bruh_!/04 bruh!.mp3
2025/03/08 14:14:08 [VERBOSE] (list.go:285) Trying path variation: 0:/MUSIC/HEROBUST/BRUH_!/04 BRUH!.MP3
2025/03/08 14:14:09 [VERBOSE] (list.go:285) Trying path variation: 0:/music/herobust/bruh_!/04 bruh!.mp3
2025/03/08 14:14:10 [VERBOSE] (list.go:233) Found object by path: /Music/HEROBUST/BRUH_!/04 BRUH!.MP3 (ID: 0)
2025/03/08 14:14:15 [VERBOSE] (upload.go:1170) Found MP3: /Music/JAUZ/FEEL_THE_VOLUME/FEEL_THE_VOLUME.MP3
2025/03/08 14:14:15 [VERBOSE] (upload.go:1170) Found MP3: /Music/JAUZ/GET_TO_ME/GET_TO_ME.MP3
2025/03/08 14:14:15 [VERBOSE] (upload.go:1170) Found MP3: /Music/TI_STO_JAUZ/INFECTED/10 INFECTED.MP3
2025/03/08 14:14:16 [VERBOSE] (upload.go:1170) Found MP3: /Music/KNOCK2/SABLE_VALLEY_SUMMER,_VOL._1/GEMS.MP3
2025/03/08 14:14:18 [VERBOSE] (upload.go:1170) Found MP3: /Music/BUKU_BASSNECTAR/FRONT_TO_BACK_(BASSNECTAR_REMIX)/FRONT_TO_BACK_-_BASSNECTAR_REMIX.MP3
2025/03/08 14:14:18 [VERBOSE] (upload.go:1170) Found MP3: /Music/DEADMAU5_ROB_SWIRE_JAUZ/GHOSTS_'N'_STUFF_(JAUZ_REMIX)/GHOSTS_'N'_STUFF_-_JAUZ_REMIX.MP3
2025/03/08 14:14:18 [VERBOSE] (upload.go:1180) Scanned 334 files, found 6 MP3s
2025/03/08 14:14:18 [ERROR] (list.go:555) Could not find song '/Music/HEROBUST/BRUH_!/04 BRUH!.MP3': could not find object with path: /Music/HEROBUST/BRUH_!/04 BRUH!.MP3
2025/03/08 14:14:18 [VERBOSE] (list.go:549) Original song path: 0:/MUSIC/BRO_SAFARI_TANK_PARADE/BLITZ/05 BLITZ.MP3
2025/03/08 14:14:18 [VERBOSE] (list.go:550) Normalized song path: /Music/BRO_SAFARI_TANK_PARADE/BLITZ/05 BLITZ.MP3
2025/03/08 14:14:18 [VERBOSE] (list.go:552) Deleting song: /Music/BRO_SAFARI_TANK_PARADE/BLITZ/05 BLITZ.MP3
2025/03/08 14:14:18 [VERBOSE] (list.go:273) Trimmed path: /Music/BRO_SAFARI_TANK_PARADE/BLITZ/05 BLITZ.MP3
2025/03/08 14:14:18 [VERBOSE] (list.go:278) Normalized path: /Music/BRO_SAFARI_TANK_PARADE/BLITZ/05 BLITZ.MP3
2025/03/08 14:14:18 [VERBOSE] (list.go:285) Trying path variation: /Music/BRO_SAFARI_TANK_PARADE/BLITZ/05 BLITZ.MP3
2025/03/08 14:14:18 [VERBOSE] (list.go:285) Trying path variation: /Music/BRO_SAFARI_TANK_PARADE/BLITZ/05 BLITZ.MP3
2025/03/08 14:14:19 [VERBOSE] (list.go:285) Trying path variation: Music/BRO_SAFARI_TANK_PARADE/BLITZ/05 BLITZ.MP3
2025/03/08 14:14:19 [VERBOSE] (list.go:285) Trying path variation: 0:/Music/BRO_SAFARI_TANK_PARADE/BLITZ/05 BLITZ.MP3
2025/03/08 14:14:19 [VERBOSE] (list.go:285) Trying path variation: 0:/Music/BRO_SAFARI_TANK_PARADE/BLITZ/05 BLITZ.MP3
2025/03/08 14:14:20 [VERBOSE] (list.go:285) Trying path variation: /MUSIC/BRO_SAFARI_TANK_PARADE/BLITZ/05 BLITZ.MP3
2025/03/08 14:14:20 [VERBOSE] (list.go:285) Trying path variation: /music/bro_safari_tank_parade/blitz/05 blitz.mp3
2025/03/08 14:14:21 [VERBOSE] (list.go:285) Trying path variation: /MUSIC/BRO_SAFARI_TANK_PARADE/BLITZ/05 BLITZ.MP3
2025/03/08 14:14:21 [VERBOSE] (list.go:285) Trying path variation: /music/bro_safari_tank_parade/blitz/05 blitz.mp3
2025/03/08 14:14:21 [VERBOSE] (list.go:285) Trying path variation: MUSIC/BRO_SAFARI_TANK_PARADE/BLITZ/05 BLITZ.MP3
2025/03/08 14:14:21 [VERBOSE] (list.go:285) Trying path variation: music/bro_safari_tank_parade/blitz/05 blitz.mp3
2025/03/08 14:14:21 [VERBOSE] (list.go:285) Trying path variation: 0:/MUSIC/BRO_SAFARI_TANK_PARADE/BLITZ/05 BLITZ.MP3
2025/03/08 14:14:22 [VERBOSE] (list.go:285) Trying path variation: 0:/music/bro_safari_tank_parade/blitz/05 blitz.mp3
2025/03/08 14:14:23 [VERBOSE] (list.go:285) Trying path variation: 0:/MUSIC/BRO_SAFARI_TANK_PARADE/BLITZ/05 BLITZ.MP3
2025/03/08 14:14:24 [VERBOSE] (list.go:285) Trying path variation: 0:/music/bro_safari_tank_parade/blitz/05 blitz.mp3
2025/03/08 14:14:24 [VERBOSE] (list.go:233) Found object by path: /Music/BRO_SAFARI_TANK_PARADE/BLITZ/05 BLITZ.MP3 (ID: 0)
2025/03/08 14:14:29 [VERBOSE] (upload.go:1170) Found MP3: /Music/JAUZ/FEEL_THE_VOLUME/FEEL_THE_VOLUME.MP3
2025/03/08 14:14:29 [VERBOSE] (upload.go:1170) Found MP3: /Music/JAUZ/GET_TO_ME/GET_TO_ME.MP3
2025/03/08 14:14:30 [VERBOSE] (upload.go:1170) Found MP3: /Music/TI_STO_JAUZ/INFECTED/10 INFECTED.MP3
2025/03/08 14:14:31 [VERBOSE] (upload.go:1170) Found MP3: /Music/KNOCK2/SABLE_VALLEY_SUMMER,_VOL._1/GEMS.MP3
2025/03/08 14:14:32 [VERBOSE] (upload.go:1170) Found MP3: /Music/BUKU_BASSNECTAR/FRONT_TO_BACK_(BASSNECTAR_REMIX)/FRONT_TO_BACK_-_BASSNECTAR_REMIX.MP3
2025/03/08 14:14:33 [VERBOSE] (upload.go:1170) Found MP3: /Music/DEADMAU5_ROB_SWIRE_JAUZ/GHOSTS_'N'_STUFF_(JAUZ_REMIX)/GHOSTS_'N'_STUFF_-_JAUZ_REMIX.MP3
2025/03/08 14:14:33 [VERBOSE] (upload.go:1180) Scanned 334 files, found 6 MP3s
2025/03/08 14:14:33 [ERROR] (list.go:555) Could not find song '/Music/BRO_SAFARI_TANK_PARADE/BLITZ/05 BLITZ.MP3': could not find object with path: /Music/BRO_SAFARI_TANK_PARADE/BLITZ/05 BLITZ.MP3
2025/03/08 14:14:33 [VERBOSE] (list.go:549) Original song path: 0:/MUSIC/HEROBUST/BLOCKBUSTER_VIP/06 BLOCKBUSTER_VIP.MP3
2025/03/08 14:14:33 [VERBOSE] (list.go:550) Normalized song path: /Music/HEROBUST/BLOCKBUSTER_VIP/06 BLOCKBUSTER_VIP.MP3
2025/03/08 14:14:33 [VERBOSE] (list.go:552) Deleting song: /Music/HEROBUST/BLOCKBUSTER_VIP/06 BLOCKBUSTER_VIP.MP3
2025/03/08 14:14:33 [VERBOSE] (list.go:273) Trimmed path: /Music/HEROBUST/BLOCKBUSTER_VIP/06 BLOCKBUSTER_VIP.MP3
2025/03/08 14:14:33 [VERBOSE] (list.go:278) Normalized path: /Music/HEROBUST/BLOCKBUSTER_VIP/06 BLOCKBUSTER_VIP.MP3
2025/03/08 14:14:33 [VERBOSE] (list.go:285) Trying path variation: /Music/HEROBUST/BLOCKBUSTER_VIP/06 BLOCKBUSTER_VIP.MP3
2025/03/08 14:14:33 [VERBOSE] (list.go:285) Trying path variation: /Music/HEROBUST/BLOCKBUSTER_VIP/06 BLOCKBUSTER_VIP.MP3
2025/03/08 14:14:33 [VERBOSE] (list.go:285) Trying path variation: Music/HEROBUST/BLOCKBUSTER_VIP/06 BLOCKBUSTER_VIP.MP3
2025/03/08 14:14:33 [VERBOSE] (list.go:285) Trying path variation: 0:/Music/HEROBUST/BLOCKBUSTER_VIP/06 BLOCKBUSTER_VIP.MP3
2025/03/08 14:14:34 [VERBOSE] (list.go:285) Trying path variation: 0:/Music/HEROBUST/BLOCKBUSTER_VIP/06 BLOCKBUSTER_VIP.MP3
2025/03/08 14:14:35 [VERBOSE] (list.go:285) Trying path variation: /MUSIC/HEROBUST/BLOCKBUSTER_VIP/06 BLOCKBUSTER_VIP.MP3
2025/03/08 14:14:35 [VERBOSE] (list.go:285) Trying path variation: /music/herobust/blockbuster_vip/06 blockbuster_vip.mp3
2025/03/08 14:14:35 [VERBOSE] (list.go:285) Trying path variation: /MUSIC/HEROBUST/BLOCKBUSTER_VIP/06 BLOCKBUSTER_VIP.MP3
2025/03/08 14:14:35 [VERBOSE] (list.go:285) Trying path variation: /music/herobust/blockbuster_vip/06 blockbuster_vip.mp3
2025/03/08 14:14:36 [VERBOSE] (list.go:285) Trying path variation: MUSIC/HEROBUST/BLOCKBUSTER_VIP/06 BLOCKBUSTER_VIP.MP3
2025/03/08 14:14:36 [VERBOSE] (list.go:285) Trying path variation: music/herobust/blockbuster_vip/06 blockbuster_vip.mp3
2025/03/08 14:14:36 [VERBOSE] (list.go:285) Trying path variation: 0:/MUSIC/HEROBUST/BLOCKBUSTER_VIP/06 BLOCKBUSTER_VIP.MP3
2025/03/08 14:14:37 [VERBOSE] (list.go:285) Trying path variation: 0:/music/herobust/blockbuster_vip/06 blockbuster_vip.mp3
2025/03/08 14:14:37 [VERBOSE] (list.go:285) Trying path variation: 0:/MUSIC/HEROBUST/BLOCKBUSTER_VIP/06 BLOCKBUSTER_VIP.MP3
2025/03/08 14:14:38 [VERBOSE] (list.go:285) Trying path variation: 0:/music/herobust/blockbuster_vip/06 blockbuster_vip.mp3
2025/03/08 14:14:39 [VERBOSE] (list.go:233) Found object by path: /Music/HEROBUST/BLOCKBUSTER_VIP/06 BLOCKBUSTER_VIP.MP3 (ID: 0)
2025/03/08 14:14:44 [VERBOSE] (upload.go:1170) Found MP3: /Music/JAUZ/FEEL_THE_VOLUME/FEEL_THE_VOLUME.MP3
2025/03/08 14:14:44 [VERBOSE] (upload.go:1170) Found MP3: /Music/JAUZ/GET_TO_ME/GET_TO_ME.MP3
2025/03/08 14:14:44 [VERBOSE] (upload.go:1170) Found MP3: /Music/TI_STO_JAUZ/INFECTED/10 INFECTED.MP3
2025/03/08 14:14:45 [VERBOSE] (upload.go:1170) Found MP3: /Music/KNOCK2/SABLE_VALLEY_SUMMER,_VOL._1/GEMS.MP3
2025/03/08 14:14:47 [VERBOSE] (upload.go:1170) Found MP3: /Music/BUKU_BASSNECTAR/FRONT_TO_BACK_(BASSNECTAR_REMIX)/FRONT_TO_BACK_-_BASSNECTAR_REMIX.MP3
2025/03/08 14:14:47 [VERBOSE] (upload.go:1170) Found MP3: /Music/DEADMAU5_ROB_SWIRE_JAUZ/GHOSTS_'N'_STUFF_(JAUZ_REMIX)/GHOSTS_'N'_STUFF_-_JAUZ_REMIX.MP3
2025/03/08 14:14:47 [VERBOSE] (upload.go:1180) Scanned 334 files, found 6 MP3s
2025/03/08 14:14:47 [ERROR] (list.go:555) Could not find song '/Music/HEROBUST/BLOCKBUSTER_VIP/06 BLOCKBUSTER_VIP.MP3': could not find object with path: /Music/HEROBUST/BLOCKBUSTER_VIP/06 BLOCKBUSTER_VIP.MP3
2025/03/08 14:14:47 [VERBOSE] (list.go:549) Original song path: 0:/MUSIC/RUSKO_SUBTRONICS/BOUNCE/07 BOUNCE.MP3
2025/03/08 14:14:47 [VERBOSE] (list.go:550) Normalized song path: /Music/RUSKO_SUBTRONICS/BOUNCE/07 BOUNCE.MP3
2025/03/08 14:14:47 [VERBOSE] (list.go:552) Deleting song: /Music/RUSKO_SUBTRONICS/BOUNCE/07 BOUNCE.MP3
2025/03/08 14:14:47 [VERBOSE] (list.go:273) Trimmed path: /Music/RUSKO_SUBTRONICS/BOUNCE/07 BOUNCE.MP3
2025/03/08 14:14:47 [VERBOSE] (list.go:278) Normalized path: /Music/RUSKO_SUBTRONICS/BOUNCE/07 BOUNCE.MP3
2025/03/08 14:14:47 [VERBOSE] (list.go:285) Trying path variation: /Music/RUSKO_SUBTRONICS/BOUNCE/07 BOUNCE.MP3
2025/03/08 14:14:47 [VERBOSE] (list.go:285) Trying path variation: /Music/RUSKO_SUBTRONICS/BOUNCE/07 BOUNCE.MP3
2025/03/08 14:14:48 [VERBOSE] (list.go:285) Trying path variation: Music/RUSKO_SUBTRONICS/BOUNCE/07 BOUNCE.MP3
2025/03/08 14:14:48 [VERBOSE] (list.go:285) Trying path variation: 0:/Music/RUSKO_SUBTRONICS/BOUNCE/07 BOUNCE.MP3
2025/03/08 14:14:49 [VERBOSE] (list.go:285) Trying path variation: 0:/Music/RUSKO_SUBTRONICS/BOUNCE/07 BOUNCE.MP3
2025/03/08 14:14:49 [VERBOSE] (list.go:285) Trying path variation: /MUSIC/RUSKO_SUBTRONICS/BOUNCE/07 BOUNCE.MP3
2025/03/08 14:14:49 [VERBOSE] (list.go:285) Trying path variation: /music/rusko_subtronics/bounce/07 bounce.mp3
2025/03/08 14:14:50 [VERBOSE] (list.go:285) Trying path variation: /MUSIC/RUSKO_SUBTRONICS/BOUNCE/07 BOUNCE.MP3
2025/03/08 14:14:50 [VERBOSE] (list.go:285) Trying path variation: /music/rusko_subtronics/bounce/07 bounce.mp3
2025/03/08 14:14:50 [VERBOSE] (list.go:285) Trying path variation: MUSIC/RUSKO_SUBTRONICS/BOUNCE/07 BOUNCE.MP3
2025/03/08 14:14:50 [VERBOSE] (list.go:285) Trying path variation: music/rusko_subtronics/bounce/07 bounce.mp3
2025/03/08 14:14:51 [VERBOSE] (list.go:285) Trying path variation: 0:/MUSIC/RUSKO_SUBTRONICS/BOUNCE/07 BOUNCE.MP3
2025/03/08 14:14:51 [VERBOSE] (list.go:285) Trying path variation: 0:/music/rusko_subtronics/bounce/07 bounce.mp3
2025/03/08 14:14:52 [VERBOSE] (list.go:285) Trying path variation: 0:/MUSIC/RUSKO_SUBTRONICS/BOUNCE/07 BOUNCE.MP3
2025/03/08 14:14:53 [VERBOSE] (list.go:285) Trying path variation: 0:/music/rusko_subtronics/bounce/07 bounce.mp3
2025/03/08 14:14:53 [VERBOSE] (list.go:233) Found object by path: /Music/RUSKO_SUBTRONICS/BOUNCE/07 BOUNCE.MP3 (ID: 0)
