2025/03/08 15:29:54 --- MTP Music Manager Started ---
2025/03/08 15:29:54 OS: darwin, Architecture: arm64
2025/03/08 15:29:54 Verbose logging: true
2025/03/08 15:29:54 [VERBOSE] (main.go:25) Starting MTP Music Manager
2025/03/08 15:29:54 [VERBOSE] (connect.go:15) Initializing device with timeout of 30s...
2025/03/08 15:29:54 [VERBOSE] (connect.go:28) Starting MTP device detection in background goroutine
2025/03/08 15:29:54 [VERBOSE] (connect.go:40) MTP device found successfully
2025/03/08 15:29:54 [VERBOSE] (connect.go:54) Device initialized successfully
2025/03/08 15:29:54 [VERBOSE] (storage.go:21) Fetching storages with timeout of 30s...
2025/03/08 15:29:54 [VERBOSE] (storage.go:48) Found 1 storage(s) on device
2025/03/08 15:29:54 [VERBOSE] (storage.go:61) Storage #1:  (ID: 131073)
2025/03/08 15:29:57 [INFO] (upload.go:1143) Automatically selected storage:  (ID: 131073)
2025/03/08 15:29:58 [ERROR] (storage.go:288) Error getting object info for handle 16783016: GeneralError
2025/03/08 15:29:58 [ERROR] (storage.go:288) Error getting object info for handle 16783017: GeneralError
2025/03/08 15:29:58 [ERROR] (storage.go:288) Error getting object info for handle 16783018: GeneralError
2025/03/08 15:29:58 [ERROR] (storage.go:288) Error getting object info for handle 16783019: GeneralError
2025/03/08 15:29:58 [ERROR] (storage.go:288) Error getting object info for handle 16783020: GeneralError
2025/03/08 15:29:58 [ERROR] (storage.go:288) Error getting object info for handle 16783021: GeneralError
2025/03/08 15:29:58 [ERROR] (storage.go:288) Error getting object info for handle 16783022: GeneralError
2025/03/08 15:29:58 [ERROR] (storage.go:288) Error getting object info for handle 16783023: GeneralError
2025/03/08 15:29:58 [ERROR] (storage.go:288) Error getting object info for handle 16783024: GeneralError
2025/03/08 15:29:58 [ERROR] (storage.go:288) Error getting object info for handle 16783025: GeneralError
2025/03/08 15:29:58 [ERROR] (storage.go:288) Error getting object info for handle 16783026: GeneralError
2025/03/08 15:29:58 [ERROR] (storage.go:288) Error getting object info for handle 16783027: GeneralError
2025/03/08 15:29:58 [ERROR] (storage.go:288) Error getting object info for handle 16783028: GeneralError
2025/03/08 15:29:58 [ERROR] (storage.go:288) Error getting object info for handle 16783029: GeneralError
2025/03/08 15:29:58 [ERROR] (storage.go:288) Error getting object info for handle 16783030: GeneralError
2025/03/08 15:29:58 [ERROR] (storage.go:288) Error getting object info for handle 16783031: GeneralError
2025/03/08 15:29:58 [ERROR] (storage.go:288) Error getting object info for handle 16783032: GeneralError
2025/03/08 15:29:58 [ERROR] (storage.go:288) Error getting object info for handle 16783034: GeneralError
2025/03/08 15:29:58 [ERROR] (storage.go:288) Error getting object info for handle 16783035: GeneralError
2025/03/08 15:29:58 [ERROR] (storage.go:288) Error getting object info for handle 16783036: GeneralError
2025/03/08 15:29:58 [ERROR] (storage.go:288) Error getting object info for handle 16783037: GeneralError
2025/03/08 15:29:58 [ERROR] (storage.go:288) Error getting object info for handle 16783038: GeneralError
2025/03/08 15:29:58 [ERROR] (storage.go:288) Error getting object info for handle 16783039: GeneralError
2025/03/08 15:29:58 [ERROR] (storage.go:288) Error getting object info for handle 16783040: GeneralError
2025/03/08 15:29:58 [ERROR] (storage.go:288) Error getting object info for handle 16783041: GeneralError
2025/03/08 15:29:58 [ERROR] (storage.go:288) Error getting object info for handle 16783042: GeneralError
2025/03/08 15:29:58 [ERROR] (storage.go:288) Error getting object info for handle 16783043: GeneralError
2025/03/08 15:29:58 [ERROR] (storage.go:288) Error getting object info for handle 16783044: GeneralError
2025/03/08 15:29:58 [ERROR] (storage.go:288) Error getting object info for handle 16783045: GeneralError
2025/03/08 15:29:58 [ERROR] (storage.go:288) Error getting object info for handle 16783046: GeneralError
2025/03/08 15:29:58 [ERROR] (storage.go:288) Error getting object info for handle 16783047: GeneralError
2025/03/08 15:29:58 [ERROR] (storage.go:288) Error getting object info for handle 16783048: GeneralError
2025/03/08 15:29:58 [ERROR] (storage.go:288) Error getting object info for handle 16783049: GeneralError
2025/03/08 15:29:58 [ERROR] (storage.go:288) Error getting object info for handle 16783050: GeneralError
2025/03/08 15:29:58 [ERROR] (storage.go:288) Error getting object info for handle 16783051: GeneralError
2025/03/08 15:29:58 [ERROR] (storage.go:288) Error getting object info for handle 16783054: GeneralError
2025/03/08 15:29:58 [ERROR] (storage.go:288) Error getting object info for handle 16783056: GeneralError
2025/03/08 15:29:58 [ERROR] (storage.go:288) Error getting object info for handle 16783059: GeneralError
2025/03/08 15:29:58 [ERROR] (storage.go:288) Error getting object info for handle 16783062: GeneralError
2025/03/08 15:29:58 [ERROR] (storage.go:288) Error getting object info for handle 16783065: GeneralError
2025/03/08 15:29:58 [ERROR] (storage.go:288) Error getting object info for handle 16783068: GeneralError
2025/03/08 15:29:58 [ERROR] (storage.go:288) Error getting object info for handle 16783071: GeneralError
2025/03/08 15:29:58 [ERROR] (storage.go:288) Error getting object info for handle 16783073: GeneralError
2025/03/08 15:29:58 [ERROR] (storage.go:288) Error getting object info for handle 16783076: GeneralError
2025/03/08 15:29:58 [ERROR] (storage.go:288) Error getting object info for handle 16783079: GeneralError
2025/03/08 15:29:58 [ERROR] (storage.go:288) Error getting object info for handle 16783082: GeneralError
2025/03/08 15:29:58 [ERROR] (storage.go:288) Error getting object info for handle 16783083: GeneralError
2025/03/08 15:29:58 [ERROR] (storage.go:288) Error getting object info for handle 16783086: GeneralError
2025/03/08 15:29:58 [ERROR] (storage.go:288) Error getting object info for handle 16783088: GeneralError
2025/03/08 15:29:58 [ERROR] (storage.go:288) Error getting object info for handle 16783091: GeneralError
2025/03/08 15:29:58 [ERROR] (storage.go:288) Error getting object info for handle 16783094: GeneralError
2025/03/08 15:29:58 [ERROR] (storage.go:288) Error getting object info for handle 16783097: GeneralError
2025/03/08 15:29:58 [ERROR] (storage.go:288) Error getting object info for handle 16783099: GeneralError
2025/03/08 15:29:58 [ERROR] (storage.go:288) Error getting object info for handle 16783102: GeneralError
2025/03/08 15:29:58 [ERROR] (storage.go:288) Error getting object info for handle 16783105: GeneralError
2025/03/08 15:29:58 [ERROR] (storage.go:288) Error getting object info for handle 16783108: GeneralError
2025/03/08 15:29:58 [ERROR] (storage.go:288) Error getting object info for handle 16783109: GeneralError
2025/03/08 15:29:58 [ERROR] (storage.go:288) Error getting object info for handle 16783111: GeneralError
2025/03/08 15:29:58 [ERROR] (storage.go:288) Error getting object info for handle 16783113: GeneralError
2025/03/08 15:29:58 [ERROR] (storage.go:288) Error getting object info for handle 16783116: GeneralError
2025/03/08 15:29:58 [ERROR] (storage.go:288) Error getting object info for handle 16783119: GeneralError
2025/03/08 15:29:58 [ERROR] (storage.go:288) Error getting object info for handle 16783122: GeneralError
2025/03/08 15:29:58 [ERROR] (storage.go:288) Error getting object info for handle 16783124: GeneralError
2025/03/08 15:29:58 [ERROR] (storage.go:288) Error getting object info for handle 16783127: GeneralError
2025/03/08 15:29:58 [ERROR] (storage.go:288) Error getting object info for handle 16783130: GeneralError
2025/03/08 15:29:58 [ERROR] (storage.go:288) Error getting object info for handle 16783132: GeneralError
2025/03/08 15:29:58 [ERROR] (storage.go:288) Error getting object info for handle 16783135: GeneralError
2025/03/08 15:29:58 [ERROR] (storage.go:288) Error getting object info for handle 16783137: GeneralError
2025/03/08 15:29:58 [ERROR] (storage.go:288) Error getting object info for handle 16783138: GeneralError
2025/03/08 15:29:58 [ERROR] (storage.go:288) Error getting object info for handle 16783139: GeneralError
2025/03/08 15:29:58 [ERROR] (storage.go:288) Error getting object info for handle 16783140: GeneralError
2025/03/08 15:29:58 [ERROR] (storage.go:288) Error getting object info for handle 16783141: GeneralError
2025/03/08 15:29:58 [ERROR] (storage.go:288) Error getting object info for handle 16783142: GeneralError
2025/03/08 15:29:58 [ERROR] (storage.go:288) Error getting object info for handle 16783143: GeneralError
2025/03/08 15:29:58 [ERROR] (storage.go:288) Error getting object info for handle 16783144: GeneralError
2025/03/08 15:29:58 [ERROR] (storage.go:288) Error getting object info for handle 16783145: GeneralError
2025/03/08 15:29:58 [ERROR] (storage.go:288) Error getting object info for handle 16783146: GeneralError
2025/03/08 15:29:58 [ERROR] (storage.go:288) Error getting object info for handle 16783147: GeneralError
2025/03/08 15:29:58 [ERROR] (storage.go:288) Error getting object info for handle 16783148: GeneralError
2025/03/08 15:29:58 [ERROR] (storage.go:288) Error getting object info for handle 16783149: GeneralError
2025/03/08 15:29:58 [ERROR] (storage.go:288) Error getting object info for handle 16783150: GeneralError
2025/03/08 15:29:58 [ERROR] (storage.go:288) Error getting object info for handle 16783151: GeneralError
2025/03/08 15:29:58 [ERROR] (storage.go:288) Error getting object info for handle 16783152: GeneralError
2025/03/08 15:29:58 [ERROR] (storage.go:288) Error getting object info for handle 16783153: GeneralError
2025/03/08 15:29:58 [ERROR] (storage.go:288) Error getting object info for handle 16783154: GeneralError
2025/03/08 15:29:58 [ERROR] (storage.go:288) Error getting object info for handle 16783155: GeneralError
2025/03/08 15:29:58 [ERROR] (storage.go:288) Error getting object info for handle 16783156: GeneralError
2025/03/08 15:29:58 [ERROR] (storage.go:288) Error getting object info for handle 16783157: GeneralError
2025/03/08 15:29:58 [ERROR] (storage.go:288) Error getting object info for handle 16783158: GeneralError
2025/03/08 15:29:58 [ERROR] (storage.go:288) Error getting object info for handle 16783159: GeneralError
2025/03/08 15:29:58 [ERROR] (storage.go:288) Error getting object info for handle 16783160: GeneralError
2025/03/08 15:29:58 [ERROR] (storage.go:288) Error getting object info for handle 16783161: GeneralError
2025/03/08 15:29:58 [ERROR] (storage.go:288) Error getting object info for handle 16783162: GeneralError
2025/03/08 15:29:58 [ERROR] (storage.go:288) Error getting object info for handle 16783163: GeneralError
2025/03/08 15:29:58 [ERROR] (storage.go:288) Error getting object info for handle 16783164: GeneralError
2025/03/08 15:29:58 [ERROR] (storage.go:288) Error getting object info for handle 16783165: GeneralError
2025/03/08 15:29:58 [ERROR] (storage.go:288) Error getting object info for handle 16783166: GeneralError
2025/03/08 15:29:58 [ERROR] (storage.go:288) Error getting object info for handle 16783167: GeneralError
2025/03/08 15:29:58 [ERROR] (storage.go:288) Error getting object info for handle 16783168: GeneralError
2025/03/08 15:29:58 [ERROR] (storage.go:288) Error getting object info for handle 16783169: GeneralError
2025/03/08 15:29:58 [ERROR] (storage.go:288) Error getting object info for handle 16783170: GeneralError
2025/03/08 15:29:58 [ERROR] (storage.go:288) Error getting object info for handle 16783171: GeneralError
2025/03/08 15:29:58 [ERROR] (storage.go:288) Error getting object info for handle 16783172: GeneralError
2025/03/08 15:29:58 [ERROR] (storage.go:288) Error getting object info for handle 16783173: GeneralError
2025/03/08 15:29:58 [ERROR] (storage.go:288) Error getting object info for handle 16783174: GeneralError
2025/03/08 15:29:58 [ERROR] (storage.go:288) Error getting object info for handle 16783175: GeneralError
2025/03/08 15:29:58 [ERROR] (storage.go:288) Error getting object info for handle 16783176: GeneralError
2025/03/08 15:29:58 [ERROR] (storage.go:288) Error getting object info for handle 16783177: GeneralError
2025/03/08 15:29:58 [ERROR] (storage.go:288) Error getting object info for handle 16783178: GeneralError
2025/03/08 15:29:58 [ERROR] (storage.go:288) Error getting object info for handle 16783179: GeneralError
2025/03/08 15:29:58 [ERROR] (storage.go:288) Error getting object info for handle 16783180: GeneralError
2025/03/08 15:29:58 [ERROR] (storage.go:288) Error getting object info for handle 16783181: GeneralError
2025/03/08 15:29:58 [ERROR] (storage.go:288) Error getting object info for handle 16783182: GeneralError
2025/03/08 15:29:58 [ERROR] (storage.go:288) Error getting object info for handle 16783183: GeneralError
2025/03/08 15:29:58 [ERROR] (storage.go:288) Error getting object info for handle 16783184: GeneralError
2025/03/08 15:29:58 [ERROR] (storage.go:288) Error getting object info for handle 16783185: GeneralError
2025/03/08 15:29:58 [ERROR] (storage.go:288) Error getting object info for handle 16783186: GeneralError
2025/03/08 15:29:58 [ERROR] (storage.go:288) Error getting object info for handle 16783187: GeneralError
2025/03/08 15:29:58 [ERROR] (storage.go:288) Error getting object info for handle 16783188: GeneralError
2025/03/08 15:29:58 [ERROR] (storage.go:288) Error getting object info for handle 16783189: GeneralError
2025/03/08 15:29:58 [ERROR] (storage.go:288) Error getting object info for handle 16783190: GeneralError
2025/03/08 15:29:58 [ERROR] (storage.go:288) Error getting object info for handle 16783191: GeneralError
2025/03/08 15:29:58 [ERROR] (storage.go:288) Error getting object info for handle 16783192: GeneralError
2025/03/08 15:29:58 [ERROR] (storage.go:288) Error getting object info for handle 16783193: GeneralError
2025/03/08 15:29:58 [ERROR] (storage.go:288) Error getting object info for handle 16783194: GeneralError
2025/03/08 15:29:58 [ERROR] (storage.go:288) Error getting object info for handle 16783195: GeneralError
2025/03/08 15:29:58 [ERROR] (storage.go:288) Error getting object info for handle 16783196: GeneralError
2025/03/08 15:29:58 [ERROR] (storage.go:288) Error getting object info for handle 16783197: GeneralError
2025/03/08 15:29:58 [ERROR] (storage.go:288) Error getting object info for handle 16783198: GeneralError
2025/03/08 15:29:58 [ERROR] (storage.go:288) Error getting object info for handle 16783199: GeneralError
2025/03/08 15:29:58 [ERROR] (storage.go:288) Error getting object info for handle 16783200: GeneralError
2025/03/08 15:29:58 [ERROR] (storage.go:288) Error getting object info for handle 16783201: GeneralError
2025/03/08 15:29:58 [ERROR] (storage.go:288) Error getting object info for handle 16783202: GeneralError
2025/03/08 15:29:58 [ERROR] (storage.go:288) Error getting object info for handle 16783203: GeneralError
2025/03/08 15:29:58 [ERROR] (storage.go:288) Error getting object info for handle 16783204: GeneralError
2025/03/08 15:29:58 [VERBOSE] (upload.go:1076) Found existing Music folder with ID: 16777218
2025/03/08 15:30:02 [VERBOSE] (upload.go:1086) Using existing folder: JOYRYDE_SKRILLEX (ID: 16777306)
2025/03/08 15:30:02 [VERBOSE] (upload.go:1086) Using existing folder: AGEN_WIDA (ID: 16777641)
2025/03/08 15:30:02 [VERBOSE] (upload.go:919) Uploading 01 AGEN_WIDA.MP3 to album folder (storage ID: 131073, folder ID: 16777641)
2025/03/08 15:30:02 [VERBOSE] (upload.go:993) Successfully uploaded 01 AGEN_WIDA.MP3 (object ID: 16783205) to /MUSIC/JOYRYDE_SKRILLEX/AGEN_WIDA/01 AGEN_WIDA.MP3
2025/03/08 15:30:02 [VERBOSE] (upload.go:1086) Using existing folder: ISOXO_KNOCK2 (ID: 16777307)
2025/03/08 15:30:03 [VERBOSE] (upload.go:1086) Using existing folder: NITEHARTS (ID: 16777642)
2025/03/08 15:30:03 [VERBOSE] (upload.go:919) Uploading 02 AARENA_(KNOCK2_REMIX).MP3 to album folder (storage ID: 131073, folder ID: 16777642)
2025/03/08 15:30:03 [VERBOSE] (upload.go:993) Successfully uploaded 02 AARENA_(KNOCK2_REMIX).MP3 (object ID: 16783206) to /MUSIC/ISOXO_KNOCK2/NITEHARTS/02 AARENA_(KNOCK2_REMIX).MP3
2025/03/08 15:30:03 [VERBOSE] (upload.go:1086) Using existing folder: JAUZ (ID: 16777308)
2025/03/08 15:30:03 [VERBOSE] (upload.go:1086) Using existing folder: ALPHA (ID: 16777643)
2025/03/08 15:30:03 [VERBOSE] (upload.go:919) Uploading 03 ALPHA.MP3 to album folder (storage ID: 131073, folder ID: 16777643)
2025/03/08 15:30:04 [VERBOSE] (upload.go:993) Successfully uploaded 03 ALPHA.MP3 (object ID: 16783207) to /MUSIC/JAUZ/ALPHA/03 ALPHA.MP3
2025/03/08 15:30:04 [VERBOSE] (upload.go:1086) Using existing folder: HEROBUST (ID: 16777309)
2025/03/08 15:30:04 [VERBOSE] (upload.go:1086) Using existing folder: BRUH_! (ID: 16777646)
2025/03/08 15:30:04 [VERBOSE] (upload.go:919) Uploading 04 BRUH!.MP3 to album folder (storage ID: 131073, folder ID: 16777646)
2025/03/08 15:30:04 [VERBOSE] (upload.go:993) Successfully uploaded 04 BRUH!.MP3 (object ID: 16783208) to /MUSIC/HEROBUST/BRUH_!/04 BRUH!.MP3
2025/03/08 15:30:04 [VERBOSE] (upload.go:1086) Using existing folder: BRO_SAFARI_TANK_PARADE (ID: 16777310)
2025/03/08 15:30:04 [VERBOSE] (upload.go:1086) Using existing folder: BLITZ (ID: 16777648)
2025/03/08 15:30:04 [VERBOSE] (upload.go:919) Uploading 05 BLITZ.MP3 to album folder (storage ID: 131073, folder ID: 16777648)
2025/03/08 15:30:05 [VERBOSE] (upload.go:993) Successfully uploaded 05 BLITZ.MP3 (object ID: 16783209) to /MUSIC/BRO_SAFARI_TANK_PARADE/BLITZ/05 BLITZ.MP3
2025/03/08 15:30:05 [VERBOSE] (upload.go:1086) Using existing folder: HEROBUST (ID: 16777309)
2025/03/08 15:30:05 [VERBOSE] (upload.go:1086) Using existing folder: BLOCKBUSTER_VIP (ID: 16777647)
2025/03/08 15:30:05 [VERBOSE] (upload.go:919) Uploading 06 BLOCKBUSTER_VIP.MP3 to album folder (storage ID: 131073, folder ID: 16777647)
2025/03/08 15:30:05 [VERBOSE] (upload.go:993) Successfully uploaded 06 BLOCKBUSTER_VIP.MP3 (object ID: 16783210) to /MUSIC/HEROBUST/BLOCKBUSTER_VIP/06 BLOCKBUSTER_VIP.MP3
2025/03/08 15:30:05 [VERBOSE] (upload.go:1086) Using existing folder: RUSKO_SUBTRONICS (ID: 16777311)
2025/03/08 15:30:05 [VERBOSE] (upload.go:1086) Using existing folder: BOUNCE (ID: 16777649)
2025/03/08 15:30:05 [VERBOSE] (upload.go:919) Uploading 07 BOUNCE.MP3 to album folder (storage ID: 131073, folder ID: 16777649)
2025/03/08 15:30:05 [VERBOSE] (upload.go:993) Successfully uploaded 07 BOUNCE.MP3 (object ID: 16783211) to /MUSIC/RUSKO_SUBTRONICS/BOUNCE/07 BOUNCE.MP3
2025/03/08 15:30:06 [VERBOSE] (upload.go:1086) Using existing folder: 12TH_PLANET (ID: 16777312)
2025/03/08 15:30:06 [VERBOSE] (upload.go:1086) Using existing folder: CLAIRVOYANT (ID: 16777650)
2025/03/08 15:30:06 [VERBOSE] (upload.go:919) Uploading 08 CLAIRVOYANT.MP3 to album folder (storage ID: 131073, folder ID: 16777650)
2025/03/08 15:30:06 [VERBOSE] (upload.go:993) Successfully uploaded 08 CLAIRVOYANT.MP3 (object ID: 16783212) to /MUSIC/12TH_PLANET/CLAIRVOYANT/08 CLAIRVOYANT.MP3
2025/03/08 15:30:06 [VERBOSE] (upload.go:1086) Using existing folder: 4B_NVRLEFT (ID: 16777313)
2025/03/08 15:30:06 [VERBOSE] (upload.go:1086) Using existing folder: DOPE (ID: 16777651)
2025/03/08 15:30:06 [VERBOSE] (upload.go:919) Uploading 09 DOPE.MP3 to album folder (storage ID: 131073, folder ID: 16777651)
2025/03/08 15:30:07 [VERBOSE] (upload.go:993) Successfully uploaded 09 DOPE.MP3 (object ID: 16783213) to /MUSIC/4B_NVRLEFT/DOPE/09 DOPE.MP3
2025/03/08 15:30:07 [VERBOSE] (upload.go:1086) Using existing folder: RIOT (ID: 16777314)
2025/03/08 15:30:07 [VERBOSE] (upload.go:1086) Using existing folder: DOWN_WITH_YOUR_LOVE (ID: 16777652)
2025/03/08 15:30:07 [VERBOSE] (upload.go:919) Uploading 10 DOWN_WITH_YOUR_LOVE.MP3 to album folder (storage ID: 131073, folder ID: 16777652)
2025/03/08 15:30:07 [VERBOSE] (upload.go:993) Successfully uploaded 10 DOWN_WITH_YOUR_LOVE.MP3 (object ID: 16783214) to /MUSIC/RIOT/DOWN_WITH_YOUR_LOVE/10 DOWN_WITH_YOUR_LOVE.MP3
2025/03/08 15:30:07 [VERBOSE] (upload.go:1086) Using existing folder: BRAINRACK_EYEZIC_ALLEYCVT (ID: 16777315)
2025/03/08 15:30:07 [VERBOSE] (upload.go:1086) Using existing folder: EYES_CLOSED (ID: 16777653)
2025/03/08 15:30:07 [VERBOSE] (upload.go:919) Uploading 11 EYES_CLOSED.MP3 to album folder (storage ID: 131073, folder ID: 16777653)
2025/03/08 15:30:08 [VERBOSE] (upload.go:993) Successfully uploaded 11 EYES_CLOSED.MP3 (object ID: 16783215) to /MUSIC/BRAINRACK_EYEZIC_ALLEYCVT/EYES_CLOSED/11 EYES_CLOSED.MP3
2025/03/08 15:30:08 [VERBOSE] (upload.go:1086) Using existing folder: JAUZ (ID: 16777308)
2025/03/08 15:30:08 [VERBOSE] (upload.go:1086) Using existing folder: FEEL_THE_VOLUME (ID: 16777644)
2025/03/08 15:30:08 [VERBOSE] (upload.go:919) Uploading 12 FEEL_THE_VOLUME.MP3 to album folder (storage ID: 131073, folder ID: 16777644)
2025/03/08 15:30:08 [VERBOSE] (upload.go:993) Successfully uploaded 12 FEEL_THE_VOLUME.MP3 (object ID: 16783216) to /MUSIC/JAUZ/FEEL_THE_VOLUME/12 FEEL_THE_VOLUME.MP3
2025/03/08 15:30:08 [VERBOSE] (upload.go:1086) Using existing folder: 12TH_PLANET_KATIE_SKY (ID: 16777316)
2025/03/08 15:30:08 [VERBOSE] (upload.go:1086) Using existing folder: FOLLOW (ID: 16777654)
2025/03/08 15:30:08 [VERBOSE] (upload.go:919) Uploading 13 FOLLOW.MP3 to album folder (storage ID: 131073, folder ID: 16777654)
2025/03/08 15:30:09 [VERBOSE] (upload.go:993) Successfully uploaded 13 FOLLOW.MP3 (object ID: 16783217) to /MUSIC/12TH_PLANET_KATIE_SKY/FOLLOW/13 FOLLOW.MP3
2025/03/08 15:30:09 [VERBOSE] (upload.go:1086) Using existing folder: BUKU_BASSNECTAR (ID: 16777317)
2025/03/08 15:30:09 [VERBOSE] (upload.go:1086) Using existing folder: FRONT_TO_BACK_(BASSNECTAR_REMIX) (ID: 16777655)
2025/03/08 15:30:09 [VERBOSE] (upload.go:919) Uploading 14 FRONT_TO_BACK_-_BASSNECTAR_REMIX.MP3 to album folder (storage ID: 131073, folder ID: 16777655)
2025/03/08 15:30:09 [VERBOSE] (upload.go:993) Successfully uploaded 14 FRONT_TO_BACK_-_BASSNECTAR_REMIX.MP3 (object ID: 16783218) to /MUSIC/BUKU_BASSNECTAR/FRONT_TO_BACK_(BASSNECTAR_REMIX)/14 FRONT_TO_BACK_-_BASSNECTAR_REMIX.MP3
2025/03/08 15:30:09 [VERBOSE] (upload.go:1086) Using existing folder: KNOCK2 (ID: 16777318)
2025/03/08 15:30:09 [VERBOSE] (upload.go:1086) Using existing folder: SABLE_VALLEY_SUMMER_VOL._1 (ID: 16777656)
2025/03/08 15:30:09 [VERBOSE] (upload.go:919) Uploading 15 GEMS.MP3 to album folder (storage ID: 131073, folder ID: 16777656)
2025/03/08 15:30:10 [VERBOSE] (upload.go:993) Successfully uploaded 15 GEMS.MP3 (object ID: 16783219) to /MUSIC/KNOCK2/SABLE_VALLEY_SUMMER_VOL._1/15 GEMS.MP3
2025/03/08 15:30:10 [VERBOSE] (upload.go:1086) Using existing folder: JAUZ (ID: 16777308)
2025/03/08 15:30:10 [VERBOSE] (upload.go:1086) Using existing folder: GET_TO_ME (ID: 16777645)
2025/03/08 15:30:10 [VERBOSE] (upload.go:919) Uploading 16 GET_TO_ME.MP3 to album folder (storage ID: 131073, folder ID: 16777645)
2025/03/08 15:30:10 [VERBOSE] (upload.go:993) Successfully uploaded 16 GET_TO_ME.MP3 (object ID: 16783220) to /MUSIC/JAUZ/GET_TO_ME/16 GET_TO_ME.MP3
2025/03/08 15:30:10 [VERBOSE] (upload.go:1086) Using existing folder: DEADMAU5_ROB_SWIRE_JAUZ (ID: 16777319)
2025/03/08 15:30:10 [VERBOSE] (upload.go:1086) Using existing folder: GHOSTS_'N'_STUFF_(JAUZ_REMIX) (ID: 16777657)
2025/03/08 15:30:10 [VERBOSE] (upload.go:919) Uploading 17 GHOSTS_'N'_STUFF_-_JAUZ_REMIX.MP3 to album folder (storage ID: 131073, folder ID: 16777657)
2025/03/08 15:30:11 [VERBOSE] (upload.go:993) Successfully uploaded 17 GHOSTS_'N'_STUFF_-_JAUZ_REMIX.MP3 (object ID: 16783221) to /MUSIC/DEADMAU5_ROB_SWIRE_JAUZ/GHOSTS_'N'_STUFF_(JAUZ_REMIX)/17 GHOSTS_'N'_STUFF_-_JAUZ_REMIX.MP3
2025/03/08 15:30:11 [VERBOSE] (sanitize.go:238) Formatted playlist path to: 0:/MUSIC/JOYRYDE_SKRILLEX/AGEN_WIDA/01 AGEN_WIDA.MP3
2025/03/08 15:30:11 [VERBOSE] (upload.go:299) Added to playlist: 0:/MUSIC/JOYRYDE_SKRILLEX/AGEN_WIDA/01 AGEN_WIDA.MP3 -> JOYRYDE SKRILLEX - 01 AGEN WIDA
2025/03/08 15:30:11 [VERBOSE] (sanitize.go:238) Formatted playlist path to: 0:/MUSIC/ISOXO_KNOCK2/NITEHARTS/02 AARENA_(KNOCK2_REMIX).MP3
2025/03/08 15:30:11 [VERBOSE] (upload.go:299) Added to playlist: 0:/MUSIC/ISOXO_KNOCK2/NITEHARTS/02 AARENA_(KNOCK2_REMIX).MP3 -> ISOXO KNOCK2 - 02 AARENA (KNOCK2 REMIX)
2025/03/08 15:30:11 [VERBOSE] (sanitize.go:238) Formatted playlist path to: 0:/MUSIC/JAUZ/ALPHA/03 ALPHA.MP3
2025/03/08 15:30:11 [VERBOSE] (upload.go:299) Added to playlist: 0:/MUSIC/JAUZ/ALPHA/03 ALPHA.MP3 -> JAUZ - 03 ALPHA
2025/03/08 15:30:11 [VERBOSE] (sanitize.go:238) Formatted playlist path to: 0:/MUSIC/HEROBUST/BRUH_!/04 BRUH!.MP3
2025/03/08 15:30:11 [VERBOSE] (upload.go:299) Added to playlist: 0:/MUSIC/HEROBUST/BRUH_!/04 BRUH!.MP3 -> HEROBUST - 04 BRUH!
2025/03/08 15:30:11 [VERBOSE] (sanitize.go:238) Formatted playlist path to: 0:/MUSIC/BRO_SAFARI_TANK_PARADE/BLITZ/05 BLITZ.MP3
2025/03/08 15:30:11 [VERBOSE] (upload.go:299) Added to playlist: 0:/MUSIC/BRO_SAFARI_TANK_PARADE/BLITZ/05 BLITZ.MP3 -> BRO SAFARI TANK PARADE - 05 BLITZ
2025/03/08 15:30:11 [VERBOSE] (sanitize.go:238) Formatted playlist path to: 0:/MUSIC/HEROBUST/BLOCKBUSTER_VIP/06 BLOCKBUSTER_VIP.MP3
2025/03/08 15:30:11 [VERBOSE] (upload.go:299) Added to playlist: 0:/MUSIC/HEROBUST/BLOCKBUSTER_VIP/06 BLOCKBUSTER_VIP.MP3 -> HEROBUST - 06 BLOCKBUSTER VIP
2025/03/08 15:30:11 [VERBOSE] (sanitize.go:238) Formatted playlist path to: 0:/MUSIC/RUSKO_SUBTRONICS/BOUNCE/07 BOUNCE.MP3
2025/03/08 15:30:11 [VERBOSE] (upload.go:299) Added to playlist: 0:/MUSIC/RUSKO_SUBTRONICS/BOUNCE/07 BOUNCE.MP3 -> RUSKO SUBTRONICS - 07 BOUNCE
2025/03/08 15:30:11 [VERBOSE] (sanitize.go:238) Formatted playlist path to: 0:/MUSIC/12TH_PLANET/CLAIRVOYANT/08 CLAIRVOYANT.MP3
2025/03/08 15:30:11 [VERBOSE] (upload.go:299) Added to playlist: 0:/MUSIC/12TH_PLANET/CLAIRVOYANT/08 CLAIRVOYANT.MP3 -> 12TH PLANET - 08 CLAIRVOYANT
2025/03/08 15:30:11 [VERBOSE] (sanitize.go:238) Formatted playlist path to: 0:/MUSIC/4B_NVRLEFT/DOPE/09 DOPE.MP3
2025/03/08 15:30:11 [VERBOSE] (upload.go:299) Added to playlist: 0:/MUSIC/4B_NVRLEFT/DOPE/09 DOPE.MP3 -> 4B NVRLEFT - 09 DOPE
2025/03/08 15:30:11 [VERBOSE] (sanitize.go:238) Formatted playlist path to: 0:/MUSIC/RIOT/DOWN_WITH_YOUR_LOVE/10 DOWN_WITH_YOUR_LOVE.MP3
2025/03/08 15:30:11 [VERBOSE] (upload.go:299) Added to playlist: 0:/MUSIC/RIOT/DOWN_WITH_YOUR_LOVE/10 DOWN_WITH_YOUR_LOVE.MP3 -> RIOT - 10 DOWN WITH YOUR LOVE
2025/03/08 15:30:11 [VERBOSE] (sanitize.go:238) Formatted playlist path to: 0:/MUSIC/BRAINRACK_EYEZIC_ALLEYCVT/EYES_CLOSED/11 EYES_CLOSED.MP3
2025/03/08 15:30:11 [VERBOSE] (upload.go:299) Added to playlist: 0:/MUSIC/BRAINRACK_EYEZIC_ALLEYCVT/EYES_CLOSED/11 EYES_CLOSED.MP3 -> BRAINRACK EYEZIC ALLEYCVT - 11 EYES CLOSED
2025/03/08 15:30:11 [VERBOSE] (sanitize.go:238) Formatted playlist path to: 0:/MUSIC/JAUZ/FEEL_THE_VOLUME/12 FEEL_THE_VOLUME.MP3
2025/03/08 15:30:11 [VERBOSE] (upload.go:299) Added to playlist: 0:/MUSIC/JAUZ/FEEL_THE_VOLUME/12 FEEL_THE_VOLUME.MP3 -> JAUZ - 12 FEEL THE VOLUME
2025/03/08 15:30:11 [VERBOSE] (sanitize.go:238) Formatted playlist path to: 0:/MUSIC/12TH_PLANET_KATIE_SKY/FOLLOW/13 FOLLOW.MP3
2025/03/08 15:30:11 [VERBOSE] (upload.go:299) Added to playlist: 0:/MUSIC/12TH_PLANET_KATIE_SKY/FOLLOW/13 FOLLOW.MP3 -> 12TH PLANET KATIE SKY - 13 FOLLOW
2025/03/08 15:30:11 [VERBOSE] (sanitize.go:238) Formatted playlist path to: 0:/MUSIC/BUKU_BASSNECTAR/FRONT_TO_BACK_(BASSNECTAR_REMIX)/14 FRONT_TO_BACK_-_BASSNECTAR_REMIX.MP3
2025/03/08 15:30:11 [VERBOSE] (upload.go:299) Added to playlist: 0:/MUSIC/BUKU_BASSNECTAR/FRONT_TO_BACK_(BASSNECTAR_REMIX)/14 FRONT_TO_BACK_-_BASSNECTAR_REMIX.MP3 -> BUKU BASSNECTAR - 14 FRONT TO BACK - BASSNECTAR REMIX
2025/03/08 15:30:11 [VERBOSE] (sanitize.go:238) Formatted playlist path to: 0:/MUSIC/KNOCK2/SABLE_VALLEY_SUMMER_VOL._1/15 GEMS.MP3
2025/03/08 15:30:11 [VERBOSE] (upload.go:299) Added to playlist: 0:/MUSIC/KNOCK2/SABLE_VALLEY_SUMMER_VOL._1/15 GEMS.MP3 -> KNOCK2 - 15 GEMS
2025/03/08 15:30:11 [VERBOSE] (sanitize.go:238) Formatted playlist path to: 0:/MUSIC/JAUZ/GET_TO_ME/16 GET_TO_ME.MP3
2025/03/08 15:30:11 [VERBOSE] (upload.go:299) Added to playlist: 0:/MUSIC/JAUZ/GET_TO_ME/16 GET_TO_ME.MP3 -> JAUZ - 16 GET TO ME
2025/03/08 15:30:11 [VERBOSE] (sanitize.go:238) Formatted playlist path to: 0:/MUSIC/DEADMAU5_ROB_SWIRE_JAUZ/GHOSTS_'N'_STUFF_(JAUZ_REMIX)/17 GHOSTS_'N'_STUFF_-_JAUZ_REMIX.MP3
2025/03/08 15:30:11 [VERBOSE] (upload.go:299) Added to playlist: 0:/MUSIC/DEADMAU5_ROB_SWIRE_JAUZ/GHOSTS_'N'_STUFF_(JAUZ_REMIX)/17 GHOSTS_'N'_STUFF_-_JAUZ_REMIX.MP3 -> DEADMAU5 ROB SWIRE JAUZ - 17 GHOSTS 'N' STUFF - JAUZ REMIX
2025/03/08 15:30:11 [VERBOSE] (upload.go:303) Full playlist content:
#EXTM3U
#EXTINF:-1,JOYRYDE SKRILLEX - 01 AGEN WIDA
0:/MUSIC/JOYRYDE_SKRILLEX/AGEN_WIDA/01 AGEN_WIDA.MP3
#EXTINF:-1,ISOXO KNOCK2 - 02 AARENA (KNOCK2 REMIX)
0:/MUSIC/ISOXO_KNOCK2/NITEHARTS/02 AARENA_(KNOCK2_REMIX).MP3
#EXTINF:-1,JAUZ - 03 ALPHA
0:/MUSIC/JAUZ/ALPHA/03 ALPHA.MP3
#EXTINF:-1,HEROBUST - 04 BRUH!
0:/MUSIC/HEROBUST/BRUH_!/04 BRUH!.MP3
#EXTINF:-1,BRO SAFARI TANK PARADE - 05 BLITZ
0:/MUSIC/BRO_SAFARI_TANK_PARADE/BLITZ/05 BLITZ.MP3
#EXTINF:-1,HEROBUST - 06 BLOCKBUSTER VIP
0:/MUSIC/HEROBUST/BLOCKBUSTER_VIP/06 BLOCKBUSTER_VIP.MP3
#EXTINF:-1,RUSKO SUBTRONICS - 07 BOUNCE
0:/MUSIC/RUSKO_SUBTRONICS/BOUNCE/07 BOUNCE.MP3
#EXTINF:-1,12TH PLANET - 08 CLAIRVOYANT
0:/MUSIC/12TH_PLANET/CLAIRVOYANT/08 CLAIRVOYANT.MP3
#EXTINF:-1,4B NVRLEFT - 09 DOPE
0:/MUSIC/4B_NVRLEFT/DOPE/09 DOPE.MP3
#EXTINF:-1,RIOT - 10 DOWN WITH YOUR LOVE
0:/MUSIC/RIOT/DOWN_WITH_YOUR_LOVE/10 DOWN_WITH_YOUR_LOVE.MP3
#EXTINF:-1,BRAINRACK EYEZIC ALLEYCVT - 11 EYES CLOSED
0:/MUSIC/BRAINRACK_EYEZIC_ALLEYCVT/EYES_CLOSED/11 EYES_CLOSED.MP3
#EXTINF:-1,JAUZ - 12 FEEL THE VOLUME
0:/MUSIC/JAUZ/FEEL_THE_VOLUME/12 FEEL_THE_VOLUME.MP3
#EXTINF:-1,12TH PLANET KATIE SKY - 13 FOLLOW
0:/MUSIC/12TH_PLANET_KATIE_SKY/FOLLOW/13 FOLLOW.MP3
#EXTINF:-1,BUKU BASSNECTAR - 14 FRONT TO BACK - BASSNECTAR REMIX
0:/MUSIC/BUKU_BASSNECTAR/FRONT_TO_BACK_(BASSNECTAR_REMIX)/14 FRONT_TO_BACK_-_BASSNECTAR_REMIX.MP3
#EXTINF:-1,KNOCK2 - 15 GEMS
0:/MUSIC/KNOCK2/SABLE_VALLEY_SUMMER_VOL._1/15 GEMS.MP3
#EXTINF:-1,JAUZ - 16 GET TO ME
0:/MUSIC/JAUZ/GET_TO_ME/16 GET_TO_ME.MP3
#EXTINF:-1,DEADMAU5 ROB SWIRE JAUZ - 17 GHOSTS 'N' STUFF - JAUZ REMIX
0:/MUSIC/DEADMAU5_ROB_SWIRE_JAUZ/GHOSTS_'N'_STUFF_(JAUZ_REMIX)/17 GHOSTS_'N'_STUFF_-_JAUZ_REMIX.MP3
2025/03/08 15:30:11 [INFO] (upload.go:382) Successfully created and uploaded playlist WORKINGJAUZ.m3u8 (object ID: 16783222) with 17 songs
2025/03/08 15:30:11 [INFO] (upload.go:614) Verifying playlist upload for WORKINGJAUZ.m3u8
2025/03/08 15:30:11 [INFO] (upload.go:638) Playlist verification: Found playlist WORKINGJAUZ.m3u8 directly in parent folder (ID: 16783051)
2025/03/08 15:30:11 [INFO] (upload.go:695) Attempting to read content of playlist WORKINGJAUZ.m3u8 (ID: 16783051)
2025/03/08 15:30:18 [INFO] (list.go:88) Searching for MP3 files...
2025/03/08 15:30:18 [INFO] (list.go:107) Searching storage #1:  (ID: 131073)
2025/03/08 15:30:18 [INFO] (list.go:704) Searching for MP3 files in both case variations of music directories
2025/03/08 15:30:18 [INFO] (list.go:713) Searching in /MUSIC directory
2025/03/08 15:30:18 [VERBOSE] (list.go:719) Examining file: /MUSIC/JOYRYDE_SKRILLEX (IsDir: true)
2025/03/08 15:30:18 [VERBOSE] (list.go:719) Examining file: /MUSIC/JOYRYDE_SKRILLEX/AGEN_WIDA (IsDir: true)
2025/03/08 15:30:18 [VERBOSE] (list.go:719) Examining file: /MUSIC/ISOXO_KNOCK2 (IsDir: true)
2025/03/08 15:30:18 [VERBOSE] (list.go:719) Examining file: /MUSIC/ISOXO_KNOCK2/NITEHARTS (IsDir: true)
2025/03/08 15:30:18 [VERBOSE] (list.go:719) Examining file: /MUSIC/JAUZ (IsDir: true)
2025/03/08 15:30:18 [VERBOSE] (list.go:719) Examining file: /MUSIC/JAUZ/ALPHA (IsDir: true)
2025/03/08 15:30:18 [VERBOSE] (list.go:719) Examining file: /MUSIC/JAUZ/FEEL_THE_VOLUME (IsDir: true)
2025/03/08 15:30:18 [VERBOSE] (list.go:719) Examining file: /MUSIC/JAUZ/GET_TO_ME (IsDir: true)
2025/03/08 15:30:18 [VERBOSE] (list.go:719) Examining file: /MUSIC/JAUZ/GOODIEZ (IsDir: true)
2025/03/08 15:30:18 [VERBOSE] (list.go:719) Examining file: /MUSIC/JAUZ/THE_GAME (IsDir: true)
2025/03/08 15:30:18 [VERBOSE] (list.go:719) Examining file: /MUSIC/HEROBUST (IsDir: true)
2025/03/08 15:30:19 [VERBOSE] (list.go:719) Examining file: /MUSIC/HEROBUST/BRUH_! (IsDir: true)
2025/03/08 15:30:19 [VERBOSE] (list.go:719) Examining file: /MUSIC/HEROBUST/BLOCKBUSTER_VIP (IsDir: true)
2025/03/08 15:30:19 [VERBOSE] (list.go:719) Examining file: /MUSIC/HEROBUST/VERTEBREAKER_(REMIXES) (IsDir: true)
2025/03/08 15:30:19 [VERBOSE] (list.go:719) Examining file: /MUSIC/HEROBUST/WTF (IsDir: true)
2025/03/08 15:30:19 [VERBOSE] (list.go:719) Examining file: /MUSIC/BRO_SAFARI_TANK_PARADE (IsDir: true)
2025/03/08 15:30:19 [VERBOSE] (list.go:719) Examining file: /MUSIC/BRO_SAFARI_TANK_PARADE/BLITZ (IsDir: true)
2025/03/08 15:30:19 [VERBOSE] (list.go:719) Examining file: /MUSIC/RUSKO_SUBTRONICS (IsDir: true)
2025/03/08 15:30:19 [VERBOSE] (list.go:719) Examining file: /MUSIC/RUSKO_SUBTRONICS/BOUNCE (IsDir: true)
2025/03/08 15:30:19 [VERBOSE] (list.go:719) Examining file: /MUSIC/12TH_PLANET (IsDir: true)
2025/03/08 15:30:19 [VERBOSE] (list.go:719) Examining file: /MUSIC/12TH_PLANET/CLAIRVOYANT (IsDir: true)
2025/03/08 15:30:19 [VERBOSE] (list.go:719) Examining file: /MUSIC/12TH_PLANET/SHIPWRECK'D (IsDir: true)
2025/03/08 15:30:19 [VERBOSE] (list.go:719) Examining file: /MUSIC/4B_NVRLEFT (IsDir: true)
2025/03/08 15:30:19 [VERBOSE] (list.go:719) Examining file: /MUSIC/4B_NVRLEFT/DOPE (IsDir: true)
2025/03/08 15:30:19 [VERBOSE] (list.go:719) Examining file: /MUSIC/RIOT (IsDir: true)
2025/03/08 15:30:19 [VERBOSE] (list.go:719) Examining file: /MUSIC/RIOT/DOWN_WITH_YOUR_LOVE (IsDir: true)
2025/03/08 15:30:19 [VERBOSE] (list.go:719) Examining file: /MUSIC/BRAINRACK_EYEZIC_ALLEYCVT (IsDir: true)
2025/03/08 15:30:19 [VERBOSE] (list.go:719) Examining file: /MUSIC/BRAINRACK_EYEZIC_ALLEYCVT/EYES_CLOSED (IsDir: true)
2025/03/08 15:30:20 [VERBOSE] (list.go:719) Examining file: /MUSIC/12TH_PLANET_KATIE_SKY (IsDir: true)
2025/03/08 15:30:20 [VERBOSE] (list.go:719) Examining file: /MUSIC/12TH_PLANET_KATIE_SKY/FOLLOW (IsDir: true)
2025/03/08 15:30:20 [VERBOSE] (list.go:719) Examining file: /MUSIC/BUKU_BASSNECTAR (IsDir: true)
2025/03/08 15:30:20 [VERBOSE] (list.go:719) Examining file: /MUSIC/BUKU_BASSNECTAR/FRONT_TO_BACK_(BASSNECTAR_REMIX) (IsDir: true)
2025/03/08 15:30:20 [VERBOSE] (list.go:719) Examining file: /MUSIC/KNOCK2 (IsDir: true)
2025/03/08 15:30:20 [VERBOSE] (list.go:719) Examining file: /MUSIC/KNOCK2/SABLE_VALLEY_SUMMER_VOL._1 (IsDir: true)
2025/03/08 15:30:20 [VERBOSE] (list.go:719) Examining file: /MUSIC/KNOCK2/PARANOID (IsDir: true)
2025/03/08 15:30:20 [VERBOSE] (list.go:719) Examining file: /MUSIC/DEADMAU5_ROB_SWIRE_JAUZ (IsDir: true)
2025/03/08 15:30:20 [VERBOSE] (list.go:719) Examining file: /MUSIC/DEADMAU5_ROB_SWIRE_JAUZ/GHOSTS_'N'_STUFF_(JAUZ_REMIX) (IsDir: true)
2025/03/08 15:30:20 [VERBOSE] (list.go:719) Examining file: /MUSIC/WORKINGJAUZ.m3u8 (IsDir: false)
2025/03/08 15:30:20 [VERBOSE] (list.go:719) Examining file: /MUSIC/ROOTKIT_TYLOR_MAURER (IsDir: true)
2025/03/08 15:30:20 [VERBOSE] (list.go:719) Examining file: /MUSIC/ROOTKIT_TYLOR_MAURER/GOOD_2_GO (IsDir: true)
2025/03/08 15:30:20 [VERBOSE] (list.go:719) Examining file: /MUSIC/QUIX (IsDir: true)
2025/03/08 15:30:20 [VERBOSE] (list.go:719) Examining file: /MUSIC/QUIX/GRENADE (IsDir: true)
2025/03/08 15:30:20 [VERBOSE] (list.go:719) Examining file: /MUSIC/JOYRYDE (IsDir: true)
2025/03/08 15:30:20 [VERBOSE] (list.go:719) Examining file: /MUSIC/JOYRYDE/HOT_DRUM (IsDir: true)
2025/03/08 15:30:20 [VERBOSE] (list.go:719) Examining file: /MUSIC/JOYRYDE/BRAVE (IsDir: true)
2025/03/08 15:30:20 [VERBOSE] (list.go:719) Examining file: /MUSIC/JOYRYDE/SPEED_TRAP (IsDir: true)
2025/03/08 15:30:21 [VERBOSE] (list.go:719) Examining file: /MUSIC/QUIX_AMBA_SHEPHERD (IsDir: true)
2025/03/08 15:30:21 [VERBOSE] (list.go:719) Examining file: /MUSIC/QUIX_AMBA_SHEPHERD/HEADS_OR_TAILS (IsDir: true)
2025/03/08 15:30:21 [VERBOSE] (list.go:719) Examining file: /MUSIC/EPHWURD_SWAGE (IsDir: true)
2025/03/08 15:30:21 [VERBOSE] (list.go:719) Examining file: /MUSIC/EPHWURD_SWAGE/HECTIC (IsDir: true)
2025/03/08 15:30:21 [VERBOSE] (list.go:719) Examining file: /MUSIC/AHEE_DEFUNK (IsDir: true)
2025/03/08 15:30:21 [VERBOSE] (list.go:719) Examining file: /MUSIC/AHEE_DEFUNK/I_FEEL_IT (IsDir: true)
2025/03/08 15:30:21 [VERBOSE] (list.go:719) Examining file: /MUSIC/JAUZ_EXAMPLE (IsDir: true)
2025/03/08 15:30:21 [VERBOSE] (list.go:719) Examining file: /MUSIC/JAUZ_EXAMPLE/THE_WISE_AND_THE_WICKED (IsDir: true)
2025/03/08 15:30:21 [VERBOSE] (list.go:719) Examining file: /MUSIC/TI_STO_JAUZ (IsDir: true)
2025/03/08 15:30:21 [VERBOSE] (list.go:719) Examining file: /MUSIC/TI_STO_JAUZ/INFECTED (IsDir: true)
2025/03/08 15:30:21 [VERBOSE] (list.go:719) Examining file: /MUSIC/ZEDS_DEAD_JAUZ_SUBTRONICS (IsDir: true)
2025/03/08 15:30:21 [VERBOSE] (list.go:719) Examining file: /MUSIC/ZEDS_DEAD_JAUZ_SUBTRONICS/LIGHTS_GO_DOWN_(REMIXES) (IsDir: true)
2025/03/08 15:30:21 [VERBOSE] (list.go:719) Examining file: /MUSIC/DREZO (IsDir: true)
2025/03/08 15:30:21 [VERBOSE] (list.go:719) Examining file: /MUSIC/DREZO/MALICE (IsDir: true)
2025/03/08 15:30:21 [VERBOSE] (list.go:719) Examining file: /MUSIC/JAUZ_SAN_HOLO (IsDir: true)
2025/03/08 15:30:21 [VERBOSE] (list.go:719) Examining file: /MUSIC/JAUZ_SAN_HOLO/OK! (IsDir: true)
2025/03/08 15:30:21 [VERBOSE] (list.go:719) Examining file: /MUSIC/BONNIE_X_CLYDE (IsDir: true)
2025/03/08 15:30:22 [VERBOSE] (list.go:719) Examining file: /MUSIC/BONNIE_X_CLYDE/OURS (IsDir: true)
2025/03/08 15:30:22 [VERBOSE] (list.go:719) Examining file: /MUSIC/MONXX (IsDir: true)
2025/03/08 15:30:22 [VERBOSE] (list.go:719) Examining file: /MUSIC/MONXX/ON_YOU (IsDir: true)
2025/03/08 15:30:22 [VERBOSE] (list.go:719) Examining file: /MUSIC/KNIFE_PARTY_JAUZ (IsDir: true)
2025/03/08 15:30:22 [VERBOSE] (list.go:719) Examining file: /MUSIC/KNIFE_PARTY_JAUZ/TRIGGER_WARNING (IsDir: true)
2025/03/08 15:30:22 [VERBOSE] (list.go:719) Examining file: /MUSIC/BRO_SAFARI_SARAH_HUDSON (IsDir: true)
2025/03/08 15:30:22 [VERBOSE] (list.go:719) Examining file: /MUSIC/BRO_SAFARI_SARAH_HUDSON/COLLISIONS (IsDir: true)
2025/03/08 15:30:22 [VERBOSE] (list.go:719) Examining file: /MUSIC/JAUZ_EPHWURD (IsDir: true)
2025/03/08 15:30:22 [VERBOSE] (list.go:719) Examining file: /MUSIC/JAUZ_EPHWURD/ROCK_THE_PARTY (IsDir: true)
2025/03/08 15:30:22 [VERBOSE] (list.go:719) Examining file: /MUSIC/SIKDOPE_LOUD_ABOUT_US! (IsDir: true)
2025/03/08 15:30:22 [VERBOSE] (list.go:719) Examining file: /MUSIC/SIKDOPE_LOUD_ABOUT_US!/SLOW_IT_DOWN (IsDir: true)
2025/03/08 15:30:22 [VERBOSE] (list.go:719) Examining file: /MUSIC/JAUZ_666 (IsDir: true)
2025/03/08 15:30:22 [VERBOSE] (list.go:719) Examining file: /MUSIC/JAUZ_666/THE_WISE_AND_THE_WICKED (IsDir: true)
2025/03/08 15:30:22 [VERBOSE] (list.go:719) Examining file: /MUSIC/JAUZ_NONSENS (IsDir: true)
2025/03/08 15:30:22 [VERBOSE] (list.go:719) Examining file: /MUSIC/JAUZ_NONSENS/THE_BEAT (IsDir: true)
2025/03/08 15:30:22 [VERBOSE] (list.go:719) Examining file: /MUSIC/4B (IsDir: true)
2025/03/08 15:30:22 [VERBOSE] (list.go:719) Examining file: /MUSIC/4B/THERE_4_YOU (IsDir: true)
2025/03/08 15:30:23 [VERBOSE] (list.go:719) Examining file: /MUSIC/APASHE_LEVEL_UP_SAMI_CHAOUKI (IsDir: true)
2025/03/08 15:30:23 [VERBOSE] (list.go:719) Examining file: /MUSIC/APASHE_LEVEL_UP_SAMI_CHAOUKI/TIME_WARP_(LEVEL_UP_REMIX) (IsDir: true)
2025/03/08 15:30:23 [VERBOSE] (list.go:719) Examining file: /MUSIC/FUNTCASE_DANI_POPPITT (IsDir: true)
2025/03/08 15:30:23 [VERBOSE] (list.go:719) Examining file: /MUSIC/FUNTCASE_DANI_POPPITT/NEXT_CHAPTER (IsDir: true)
2025/03/08 15:30:23 [VERBOSE] (list.go:719) Examining file: /MUSIC/WORKINGJAUZ.m3u8 (IsDir: false)
2025/03/08 15:30:23 [INFO] (list.go:744) Found 2 total objects in /MUSIC directory
2025/03/08 15:30:23 [INFO] (list.go:713) Searching in /Music directory
2025/03/08 15:30:23 [VERBOSE] (list.go:719) Examining file: /Music/JOYRYDE_SKRILLEX (IsDir: true)
2025/03/08 15:30:23 [VERBOSE] (list.go:719) Examining file: /Music/JOYRYDE_SKRILLEX/AGEN_WIDA (IsDir: true)
2025/03/08 15:30:23 [VERBOSE] (list.go:719) Examining file: /Music/ISOXO_KNOCK2 (IsDir: true)
2025/03/08 15:30:23 [VERBOSE] (list.go:719) Examining file: /Music/ISOXO_KNOCK2/NITEHARTS (IsDir: true)
2025/03/08 15:30:23 [VERBOSE] (list.go:719) Examining file: /Music/JAUZ (IsDir: true)
2025/03/08 15:30:23 [VERBOSE] (list.go:719) Examining file: /Music/JAUZ/ALPHA (IsDir: true)
2025/03/08 15:30:23 [VERBOSE] (list.go:719) Examining file: /Music/JAUZ/FEEL_THE_VOLUME (IsDir: true)
2025/03/08 15:30:23 [VERBOSE] (list.go:719) Examining file: /Music/JAUZ/GET_TO_ME (IsDir: true)
2025/03/08 15:30:23 [VERBOSE] (list.go:719) Examining file: /Music/JAUZ/GOODIEZ (IsDir: true)
2025/03/08 15:30:23 [VERBOSE] (list.go:719) Examining file: /Music/JAUZ/THE_GAME (IsDir: true)
2025/03/08 15:30:23 [VERBOSE] (list.go:719) Examining file: /Music/HEROBUST (IsDir: true)
2025/03/08 15:30:24 [VERBOSE] (list.go:719) Examining file: /Music/HEROBUST/BRUH_! (IsDir: true)
2025/03/08 15:30:24 [VERBOSE] (list.go:719) Examining file: /Music/HEROBUST/BLOCKBUSTER_VIP (IsDir: true)
2025/03/08 15:30:24 [VERBOSE] (list.go:719) Examining file: /Music/HEROBUST/VERTEBREAKER_(REMIXES) (IsDir: true)
2025/03/08 15:30:24 [VERBOSE] (list.go:719) Examining file: /Music/HEROBUST/WTF (IsDir: true)
2025/03/08 15:30:24 [VERBOSE] (list.go:719) Examining file: /Music/BRO_SAFARI_TANK_PARADE (IsDir: true)
2025/03/08 15:30:24 [VERBOSE] (list.go:719) Examining file: /Music/BRO_SAFARI_TANK_PARADE/BLITZ (IsDir: true)
2025/03/08 15:30:24 [VERBOSE] (list.go:719) Examining file: /Music/RUSKO_SUBTRONICS (IsDir: true)
2025/03/08 15:30:24 [VERBOSE] (list.go:719) Examining file: /Music/RUSKO_SUBTRONICS/BOUNCE (IsDir: true)
2025/03/08 15:30:24 [VERBOSE] (list.go:719) Examining file: /Music/12TH_PLANET (IsDir: true)
2025/03/08 15:30:24 [VERBOSE] (list.go:719) Examining file: /Music/12TH_PLANET/CLAIRVOYANT (IsDir: true)
2025/03/08 15:30:24 [VERBOSE] (list.go:719) Examining file: /Music/12TH_PLANET/SHIPWRECK'D (IsDir: true)
2025/03/08 15:30:24 [VERBOSE] (list.go:719) Examining file: /Music/4B_NVRLEFT (IsDir: true)
2025/03/08 15:30:24 [VERBOSE] (list.go:719) Examining file: /Music/4B_NVRLEFT/DOPE (IsDir: true)
2025/03/08 15:30:24 [VERBOSE] (list.go:719) Examining file: /Music/RIOT (IsDir: true)
2025/03/08 15:30:24 [VERBOSE] (list.go:719) Examining file: /Music/RIOT/DOWN_WITH_YOUR_LOVE (IsDir: true)
2025/03/08 15:30:24 [VERBOSE] (list.go:719) Examining file: /Music/BRAINRACK_EYEZIC_ALLEYCVT (IsDir: true)
2025/03/08 15:30:24 [VERBOSE] (list.go:719) Examining file: /Music/BRAINRACK_EYEZIC_ALLEYCVT/EYES_CLOSED (IsDir: true)
2025/03/08 15:30:24 [VERBOSE] (list.go:719) Examining file: /Music/12TH_PLANET_KATIE_SKY (IsDir: true)
2025/03/08 15:30:25 [VERBOSE] (list.go:719) Examining file: /Music/12TH_PLANET_KATIE_SKY/FOLLOW (IsDir: true)
2025/03/08 15:30:25 [VERBOSE] (list.go:719) Examining file: /Music/BUKU_BASSNECTAR (IsDir: true)
2025/03/08 15:30:25 [VERBOSE] (list.go:719) Examining file: /Music/BUKU_BASSNECTAR/FRONT_TO_BACK_(BASSNECTAR_REMIX) (IsDir: true)
2025/03/08 15:30:25 [VERBOSE] (list.go:719) Examining file: /Music/KNOCK2 (IsDir: true)
2025/03/08 15:30:25 [VERBOSE] (list.go:719) Examining file: /Music/KNOCK2/SABLE_VALLEY_SUMMER_VOL._1 (IsDir: true)
2025/03/08 15:30:25 [VERBOSE] (list.go:719) Examining file: /Music/KNOCK2/PARANOID (IsDir: true)
2025/03/08 15:30:25 [VERBOSE] (list.go:719) Examining file: /Music/DEADMAU5_ROB_SWIRE_JAUZ (IsDir: true)
2025/03/08 15:30:25 [VERBOSE] (list.go:719) Examining file: /Music/DEADMAU5_ROB_SWIRE_JAUZ/GHOSTS_'N'_STUFF_(JAUZ_REMIX) (IsDir: true)
2025/03/08 15:30:25 [VERBOSE] (list.go:719) Examining file: /Music/WORKINGJAUZ.m3u8 (IsDir: false)
2025/03/08 15:30:25 [VERBOSE] (list.go:719) Examining file: /Music/ROOTKIT_TYLOR_MAURER (IsDir: true)
2025/03/08 15:30:25 [VERBOSE] (list.go:719) Examining file: /Music/ROOTKIT_TYLOR_MAURER/GOOD_2_GO (IsDir: true)
2025/03/08 15:30:25 [VERBOSE] (list.go:719) Examining file: /Music/QUIX (IsDir: true)
2025/03/08 15:30:25 [VERBOSE] (list.go:719) Examining file: /Music/QUIX/GRENADE (IsDir: true)
2025/03/08 15:30:25 [VERBOSE] (list.go:719) Examining file: /Music/JOYRYDE (IsDir: true)
2025/03/08 15:30:25 [VERBOSE] (list.go:719) Examining file: /Music/JOYRYDE/HOT_DRUM (IsDir: true)
2025/03/08 15:30:25 [VERBOSE] (list.go:719) Examining file: /Music/JOYRYDE/BRAVE (IsDir: true)
2025/03/08 15:30:25 [VERBOSE] (list.go:719) Examining file: /Music/JOYRYDE/SPEED_TRAP (IsDir: true)
2025/03/08 15:30:25 [VERBOSE] (list.go:719) Examining file: /Music/QUIX_AMBA_SHEPHERD (IsDir: true)
2025/03/08 15:30:26 [VERBOSE] (list.go:719) Examining file: /Music/QUIX_AMBA_SHEPHERD/HEADS_OR_TAILS (IsDir: true)
2025/03/08 15:30:26 [VERBOSE] (list.go:719) Examining file: /Music/EPHWURD_SWAGE (IsDir: true)
2025/03/08 15:30:26 [VERBOSE] (list.go:719) Examining file: /Music/EPHWURD_SWAGE/HECTIC (IsDir: true)
2025/03/08 15:30:26 [VERBOSE] (list.go:719) Examining file: /Music/AHEE_DEFUNK (IsDir: true)
2025/03/08 15:30:26 [VERBOSE] (list.go:719) Examining file: /Music/AHEE_DEFUNK/I_FEEL_IT (IsDir: true)
2025/03/08 15:30:26 [VERBOSE] (list.go:719) Examining file: /Music/JAUZ_EXAMPLE (IsDir: true)
2025/03/08 15:30:26 [VERBOSE] (list.go:719) Examining file: /Music/JAUZ_EXAMPLE/THE_WISE_AND_THE_WICKED (IsDir: true)
2025/03/08 15:30:26 [VERBOSE] (list.go:719) Examining file: /Music/TI_STO_JAUZ (IsDir: true)
2025/03/08 15:30:26 [VERBOSE] (list.go:719) Examining file: /Music/TI_STO_JAUZ/INFECTED (IsDir: true)
2025/03/08 15:30:26 [VERBOSE] (list.go:719) Examining file: /Music/ZEDS_DEAD_JAUZ_SUBTRONICS (IsDir: true)
2025/03/08 15:30:26 [VERBOSE] (list.go:719) Examining file: /Music/ZEDS_DEAD_JAUZ_SUBTRONICS/LIGHTS_GO_DOWN_(REMIXES) (IsDir: true)
2025/03/08 15:30:26 [VERBOSE] (list.go:719) Examining file: /Music/DREZO (IsDir: true)
2025/03/08 15:30:26 [VERBOSE] (list.go:719) Examining file: /Music/DREZO/MALICE (IsDir: true)
2025/03/08 15:30:26 [VERBOSE] (list.go:719) Examining file: /Music/JAUZ_SAN_HOLO (IsDir: true)
2025/03/08 15:30:26 [VERBOSE] (list.go:719) Examining file: /Music/JAUZ_SAN_HOLO/OK! (IsDir: true)
2025/03/08 15:30:26 [VERBOSE] (list.go:719) Examining file: /Music/BONNIE_X_CLYDE (IsDir: true)
2025/03/08 15:30:26 [VERBOSE] (list.go:719) Examining file: /Music/BONNIE_X_CLYDE/OURS (IsDir: true)
2025/03/08 15:30:27 [VERBOSE] (list.go:719) Examining file: /Music/MONXX (IsDir: true)
2025/03/08 15:30:27 [VERBOSE] (list.go:719) Examining file: /Music/MONXX/ON_YOU (IsDir: true)
2025/03/08 15:30:27 [VERBOSE] (list.go:719) Examining file: /Music/KNIFE_PARTY_JAUZ (IsDir: true)
2025/03/08 15:30:27 [VERBOSE] (list.go:719) Examining file: /Music/KNIFE_PARTY_JAUZ/TRIGGER_WARNING (IsDir: true)
2025/03/08 15:30:27 [VERBOSE] (list.go:719) Examining file: /Music/BRO_SAFARI_SARAH_HUDSON (IsDir: true)
2025/03/08 15:30:27 [VERBOSE] (list.go:719) Examining file: /Music/BRO_SAFARI_SARAH_HUDSON/COLLISIONS (IsDir: true)
2025/03/08 15:30:27 [VERBOSE] (list.go:719) Examining file: /Music/JAUZ_EPHWURD (IsDir: true)
2025/03/08 15:30:27 [VERBOSE] (list.go:719) Examining file: /Music/JAUZ_EPHWURD/ROCK_THE_PARTY (IsDir: true)
2025/03/08 15:30:27 [VERBOSE] (list.go:719) Examining file: /Music/SIKDOPE_LOUD_ABOUT_US! (IsDir: true)
2025/03/08 15:30:27 [VERBOSE] (list.go:719) Examining file: /Music/SIKDOPE_LOUD_ABOUT_US!/SLOW_IT_DOWN (IsDir: true)
2025/03/08 15:30:27 [VERBOSE] (list.go:719) Examining file: /Music/JAUZ_666 (IsDir: true)
2025/03/08 15:30:27 [VERBOSE] (list.go:719) Examining file: /Music/JAUZ_666/THE_WISE_AND_THE_WICKED (IsDir: true)
2025/03/08 15:30:27 [VERBOSE] (list.go:719) Examining file: /Music/JAUZ_NONSENS (IsDir: true)
2025/03/08 15:30:27 [VERBOSE] (list.go:719) Examining file: /Music/JAUZ_NONSENS/THE_BEAT (IsDir: true)
2025/03/08 15:30:27 [VERBOSE] (list.go:719) Examining file: /Music/4B (IsDir: true)
2025/03/08 15:30:27 [VERBOSE] (list.go:719) Examining file: /Music/4B/THERE_4_YOU (IsDir: true)
2025/03/08 15:30:27 [VERBOSE] (list.go:719) Examining file: /Music/APASHE_LEVEL_UP_SAMI_CHAOUKI (IsDir: true)
2025/03/08 15:30:28 [VERBOSE] (list.go:719) Examining file: /Music/APASHE_LEVEL_UP_SAMI_CHAOUKI/TIME_WARP_(LEVEL_UP_REMIX) (IsDir: true)
2025/03/08 15:30:28 [VERBOSE] (list.go:719) Examining file: /Music/FUNTCASE_DANI_POPPITT (IsDir: true)
2025/03/08 15:30:28 [VERBOSE] (list.go:719) Examining file: /Music/FUNTCASE_DANI_POPPITT/NEXT_CHAPTER (IsDir: true)
2025/03/08 15:30:28 [VERBOSE] (list.go:719) Examining file: /Music/WORKINGJAUZ.m3u8 (IsDir: false)
2025/03/08 15:30:28 [INFO] (list.go:744) Found 2 total objects in /Music directory
2025/03/08 15:30:28 [ERROR] (list.go:759) No MP3 files found in any music directories
2025/03/08 15:30:28 [INFO] (list.go:760) HINT: If you've uploaded files but can't find them, check:
2025/03/08 15:30:28 [INFO] (list.go:761) 1. The files were uploaded successfully (no errors during upload)
2025/03/08 15:30:28 [INFO] (list.go:762) 2. The case of the music directory: the app now searches both /MUSIC and /Music
2025/03/08 15:30:28 [INFO] (list.go:763) 3. The directory structure on the device (using a direct file browser)
2025/03/08 15:30:28 [INFO] (list.go:131) Found 0 MP3 files in storage #1
2025/03/08 15:30:28 [INFO] (list.go:142) Total MP3 files found across all storages: 0
