2025/03/08 14:02:38 --- MTP Music Manager Started ---
2025/03/08 14:02:38 OS: darwin, Architecture: arm64
2025/03/08 14:02:38 Verbose logging: true
2025/03/08 14:02:38 [VERBOSE] (main.go:25) Starting MTP Music Manager
2025/03/08 14:02:38 [VERBOSE] (connect.go:15) Initializing device with timeout of 30s...
2025/03/08 14:02:38 [VERBOSE] (connect.go:28) Starting MTP device detection in background goroutine
2025/03/08 14:02:38 [VERBOSE] (connect.go:40) MTP device found successfully
2025/03/08 14:02:38 [VERBOSE] (connect.go:54) Device initialized successfully
2025/03/08 14:02:38 [VERBOSE] (storage.go:21) Fetching storages with timeout of 30s...
2025/03/08 14:02:38 [VERBOSE] (storage.go:48) Found 1 storage(s) on device
2025/03/08 14:02:38 [VERBOSE] (storage.go:61) Storage #1:  (ID: 131073)
2025/03/08 14:02:42 [INFO] (list.go:25) Searching for playlists...
2025/03/08 14:02:42 [INFO] (list.go:46) Searching storage #1:  (ID: 131073)
2025/03/08 14:02:42 [INFO] (list.go:445) Searching for playlists only in /Music directory
2025/03/08 14:02:42 [VERBOSE] (list.go:479) Found playlist: /Music/WORKINGJAUZ.m3u8 (ID: 16777343, Format: 47633)
2025/03/08 14:02:42 [INFO] (list.go:484) Total playlists found in /Music: 1
2025/03/08 14:02:42 [INFO] (list.go:56) Found 1 playlists in storage #1
2025/03/08 14:02:42 [VERBOSE] (list.go:274) Trying path variation: /Music/WORKINGJAUZ.m3u8
2025/03/08 14:02:42 [VERBOSE] (list.go:314) Found object: WORKINGJAUZ.m3u8 (ID: 16777343)
2025/03/08 14:02:42 [INFO] (list.go:83) Total playlists found across all storages: 1
2025/03/08 14:02:47 [VERBOSE] (list.go:491) Starting playlist deletion operation for WORKINGJAUZ.M3U8
2025/03/08 14:02:47 [INFO] (list.go:25) Searching for playlists...
2025/03/08 14:02:47 [INFO] (list.go:46) Searching storage #1:  (ID: 131073)
2025/03/08 14:02:47 [INFO] (list.go:445) Searching for playlists only in /Music directory
2025/03/08 14:02:47 [VERBOSE] (list.go:479) Found playlist: /Music/WORKINGJAUZ.m3u8 (ID: 16777343, Format: 47633)
2025/03/08 14:02:47 [INFO] (list.go:484) Total playlists found in /Music: 1
2025/03/08 14:02:47 [INFO] (list.go:56) Found 1 playlists in storage #1
2025/03/08 14:02:47 [VERBOSE] (list.go:274) Trying path variation: /Music/WORKINGJAUZ.m3u8
2025/03/08 14:02:47 [VERBOSE] (list.go:314) Found object: WORKINGJAUZ.m3u8 (ID: 16777343)
2025/03/08 14:02:47 [INFO] (list.go:83) Total playlists found across all storages: 1
2025/03/08 14:02:47 [VERBOSE] (list.go:499) Playlist: WORKINGJAUZ.m3u8
2025/03/08 14:02:47 [INFO] (list.go:520) Playlist contains 17 songs
2025/03/08 14:02:47 [VERBOSE] (list.go:274) Trying path variation: /0:/MUSIC/JOYRYDE_SKRILLEX/AGEN_WIDA/01 AGEN_WIDA.MP3
2025/03/08 14:02:48 [VERBOSE] (list.go:274) Trying path variation: /0:/MUSIC/JOYRYDE_SKRILLEX/AGEN_WIDA/01 AGEN_WIDA.MP3
2025/03/08 14:02:49 [VERBOSE] (list.go:274) Trying path variation: 0:/MUSIC/JOYRYDE_SKRILLEX/AGEN_WIDA/01 AGEN_WIDA.MP3
2025/03/08 14:02:49 [VERBOSE] (list.go:274) Trying path variation: 0:/0:/MUSIC/JOYRYDE_SKRILLEX/AGEN_WIDA/01 AGEN_WIDA.MP3
2025/03/08 14:02:50 [VERBOSE] (list.go:274) Trying path variation: 0:/0:/MUSIC/JOYRYDE_SKRILLEX/AGEN_WIDA/01 AGEN_WIDA.MP3
2025/03/08 14:02:51 [VERBOSE] (list.go:274) Trying path variation: /0:/MUSIC/JOYRYDE_SKRILLEX/AGEN_WIDA/01 AGEN_WIDA.MP3
2025/03/08 14:02:52 [VERBOSE] (list.go:274) Trying path variation: /0:/music/joyryde_skrillex/agen_wida/01 agen_wida.mp3
2025/03/08 14:02:52 [VERBOSE] (list.go:274) Trying path variation: /0:/MUSIC/JOYRYDE_SKRILLEX/AGEN_WIDA/01 AGEN_WIDA.MP3
2025/03/08 14:02:53 [VERBOSE] (list.go:274) Trying path variation: /0:/music/joyryde_skrillex/agen_wida/01 agen_wida.mp3
2025/03/08 14:02:54 [VERBOSE] (list.go:274) Trying path variation: 0:/MUSIC/JOYRYDE_SKRILLEX/AGEN_WIDA/01 AGEN_WIDA.MP3
2025/03/08 14:02:55 [VERBOSE] (list.go:274) Trying path variation: 0:/music/joyryde_skrillex/agen_wida/01 agen_wida.mp3
2025/03/08 14:02:55 [VERBOSE] (list.go:274) Trying path variation: 0:/0:/MUSIC/JOYRYDE_SKRILLEX/AGEN_WIDA/01 AGEN_WIDA.MP3
