2025/03/07 15:56:50 --- MTP Music Manager Started ---
2025/03/07 15:56:50 OS: darwin, Architecture: arm64
2025/03/07 15:56:50 Verbose logging: false
2025/03/07 15:56:50 [INFO] Starting MTP Music Manager
2025/03/07 15:56:50 [INFO] Running on darwin/arm64
2025/03/07 15:56:50 [INFO] Initializing device with timeout of 30s...
2025/03/07 15:56:50 [INFO] Starting MTP device detection in background goroutine
2025/03/07 15:56:50 [INFO] MTP device found successfully
2025/03/07 15:56:50 [INFO] Device initialized successfully
2025/03/07 15:56:50 [INFO] Fetching storages with timeout of 30s...
2025/03/07 15:56:50 [INFO] Found 1 storage(s) on device
2025/03/07 15:56:50 [INFO] Storages fetched successfully
2025/03/07 15:56:53 [INFO] Starting playlist deletion operation
2025/03/07 15:56:53 [INFO] Searching storage #1:  (ID: 131073) for playlists
2025/03/07 15:57:19 [INFO] Walk scan completed: checked 464 files, found 6 playlists
2025/03/07 15:57:19 [INFO] Total unique playlists found: 6
2025/03/07 15:57:24 [INFO] Attempting to delete playlist /Music/Jauz.m3u8 (ObjectID: 16777341, StorageID: 131073)
2025/03/07 15:57:24 [INFO] Successfully deleted playlist /Music/Jauz.m3u8
2025/03/07 15:57:33 [INFO] Found existing Music folder with ID: 16777218
2025/03/07 15:59:02 [INFO] Found existing folder 'JOYRYDE_Skrillex' with ID: 16777312
2025/03/07 15:59:02 [INFO] Found existing folder 'AGEN WIDA' with ID: 16777793
2025/03/07 15:59:02 [INFO] Uploading AGEN WIDA.mp3 to album folder (storage ID: 131073, folder ID: 16777793)
2025/03/07 15:59:03 [INFO] Successfully uploaded AGEN WIDA.mp3 (object ID: 16783475) to /Music/JOYRYDE_Skrillex/AGEN WIDA/AGEN WIDA.mp3
2025/03/07 15:59:03 [INFO] Found existing folder 'ISOxo_Knock2' with ID: 16777307
2025/03/07 15:59:03 [INFO] Found existing folder 'niteharts' with ID: 16777783
2025/03/07 15:59:03 [INFO] Uploading Aarena (Knock2 Remix).mp3 to album folder (storage ID: 131073, folder ID: 16777783)
2025/03/07 15:59:04 [INFO] Successfully uploaded Aarena (Knock2 Remix).mp3 (object ID: 16783476) to /Music/ISOxo_Knock2/niteharts/Aarena (Knock2 Remix).mp3
2025/03/07 15:59:04 [INFO] Found existing folder 'Jauz' with ID: 16777313
2025/03/07 15:59:04 [INFO] Found existing folder 'Alpha' with ID: 16777794
2025/03/07 15:59:04 [INFO] Uploading Alpha.mp3 to album folder (storage ID: 131073, folder ID: 16777794)
2025/03/07 15:59:05 [INFO] Successfully uploaded Alpha.mp3 (object ID: 16783477) to /Music/Jauz/Alpha/Alpha.mp3
2025/03/07 15:59:05 [INFO] Found existing folder 'Herobust' with ID: 16777314
2025/03/07 15:59:05 [INFO] Found existing folder 'BRUH_!' with ID: 16777799
2025/03/07 15:59:05 [INFO] Uploading BRUH!.mp3 to album folder (storage ID: 131073, folder ID: 16777799)
2025/03/07 15:59:06 [INFO] Successfully uploaded BRUH!.mp3 (object ID: 16783478) to /Music/Herobust/BRUH_!/BRUH!.mp3
2025/03/07 15:59:06 [INFO] Found existing folder 'Bro Safari_Tank Parade' with ID: 16777315
2025/03/07 15:59:06 [INFO] Found existing folder 'Blitz' with ID: 16777803
2025/03/07 15:59:06 [INFO] Uploading Blitz.mp3 to album folder (storage ID: 131073, folder ID: 16777803)
2025/03/07 15:59:07 [INFO] Successfully uploaded Blitz.mp3 (object ID: 16783479) to /Music/Bro Safari_Tank Parade/Blitz/Blitz.mp3
2025/03/07 15:59:07 [INFO] Found existing folder 'Herobust' with ID: 16777314
2025/03/07 15:59:07 [INFO] Found existing folder 'Blockbuster VIP' with ID: 16777800
2025/03/07 15:59:07 [INFO] Uploading Blockbuster VIP.mp3 to album folder (storage ID: 131073, folder ID: 16777800)
2025/03/07 15:59:08 [INFO] Successfully uploaded Blockbuster VIP.mp3 (object ID: 16783480) to /Music/Herobust/Blockbuster VIP/Blockbuster VIP.mp3
2025/03/07 15:59:08 [INFO] Found existing folder 'Rusko_Subtronics' with ID: 16777316
2025/03/07 15:59:08 [INFO] Found existing folder 'Bounce' with ID: 16777804
2025/03/07 15:59:08 [INFO] Uploading Bounce.mp3 to album folder (storage ID: 131073, folder ID: 16777804)
2025/03/07 15:59:09 [INFO] Successfully uploaded Bounce.mp3 (object ID: 16783481) to /Music/Rusko_Subtronics/Bounce/Bounce.mp3
2025/03/07 15:59:09 [INFO] Found existing folder '12th Planet' with ID: 16777317
2025/03/07 15:59:09 [INFO] Found existing folder 'Clairvoyant' with ID: 16777805
2025/03/07 15:59:09 [INFO] Uploading Clairvoyant.mp3 to album folder (storage ID: 131073, folder ID: 16777805)
2025/03/07 15:59:10 [INFO] Successfully uploaded Clairvoyant.mp3 (object ID: 16783482) to /Music/12th Planet/Clairvoyant/Clairvoyant.mp3
2025/03/07 15:59:10 [INFO] Found existing folder '4B_NvrLeft' with ID: 16777318
2025/03/07 15:59:10 [INFO] Found existing folder 'DOPE' with ID: 16777807
2025/03/07 15:59:10 [INFO] Uploading DOPE.mp3 to album folder (storage ID: 131073, folder ID: 16777807)
2025/03/07 15:59:11 [INFO] Successfully uploaded DOPE.mp3 (object ID: 16783483) to /Music/4B_NvrLeft/DOPE/DOPE.mp3
2025/03/07 15:59:11 [INFO] Found existing folder 'RIOT' with ID: 16777311
2025/03/07 15:59:11 [INFO] Found existing folder 'Down With Your Love' with ID: 16777791
2025/03/07 15:59:11 [INFO] Uploading Down With Your Love.mp3 to album folder (storage ID: 131073, folder ID: 16777791)
2025/03/07 15:59:12 [INFO] Successfully uploaded Down With Your Love.mp3 (object ID: 16783484) to /Music/RIOT/Down With Your Love/Down With Your Love.mp3
2025/03/07 15:59:12 [INFO] Found existing folder 'Brainrack_Eyezic_ALLEYCVT' with ID: 16777319
2025/03/07 15:59:12 [INFO] Found existing folder 'Eyes Closed' with ID: 16777808
2025/03/07 15:59:12 [INFO] Uploading Eyes Closed.mp3 to album folder (storage ID: 131073, folder ID: 16777808)
2025/03/07 15:59:13 [INFO] Successfully uploaded Eyes Closed.mp3 (object ID: 16783485) to /Music/Brainrack_Eyezic_ALLEYCVT/Eyes Closed/Eyes Closed.mp3
2025/03/07 15:59:13 [INFO] Found existing folder 'Jauz' with ID: 16777313
2025/03/07 15:59:13 [INFO] Found existing folder 'Feel The Volume' with ID: 16777795
2025/03/07 15:59:13 [INFO] Uploading Feel The Volume.mp3 to album folder (storage ID: 131073, folder ID: 16777795)
2025/03/07 15:59:14 [INFO] Successfully uploaded Feel The Volume.mp3 (object ID: 16783486) to /Music/Jauz/Feel The Volume/Feel The Volume.mp3
2025/03/07 15:59:14 [INFO] Found existing folder '12th Planet_Katie Sky' with ID: 16777320
2025/03/07 15:59:14 [INFO] Found existing folder 'Follow' with ID: 16777809
2025/03/07 15:59:14 [INFO] Uploading Follow.mp3 to album folder (storage ID: 131073, folder ID: 16777809)
2025/03/07 15:59:15 [INFO] Successfully uploaded Follow.mp3 (object ID: 16783487) to /Music/12th Planet_Katie Sky/Follow/Follow.mp3
2025/03/07 15:59:15 [INFO] Found existing folder 'Buku_Bassnectar' with ID: 16777373
2025/03/07 15:59:15 [INFO] Found existing folder 'Front To Back (Bassnectar Remix)' with ID: 16777864
2025/03/07 15:59:15 [INFO] Uploading Front To Back - Bassnectar Remix.mp3 to album folder (storage ID: 131073, folder ID: 16777864)
2025/03/07 15:59:16 [INFO] Successfully uploaded Front To Back - Bassnectar Remix.mp3 (object ID: 16783488) to /Music/Buku_Bassnectar/Front To Back (Bassnectar Remix)/Front To Back - Bassnectar Remix.mp3
2025/03/07 15:59:16 [INFO] Found existing folder 'Knock2' with ID: 16777332
2025/03/07 15:59:16 [INFO] Found existing folder 'Sable Valley Summer, Vol. 1' with ID: 16777822
2025/03/07 15:59:16 [INFO] Uploading GEMS.mp3 to album folder (storage ID: 131073, folder ID: 16777822)
2025/03/07 15:59:17 [INFO] Successfully uploaded GEMS.mp3 (object ID: 16783489) to /Music/Knock2/Sable Valley Summer, Vol. 1/GEMS.mp3
2025/03/07 15:59:17 [INFO] Found existing folder 'Jauz' with ID: 16777313
2025/03/07 15:59:17 [INFO] Found existing folder 'Get to Me' with ID: 16777796
2025/03/07 15:59:17 [INFO] Uploading Get to Me.mp3 to album folder (storage ID: 131073, folder ID: 16777796)
2025/03/07 15:59:18 [INFO] Successfully uploaded Get to Me.mp3 (object ID: 16783490) to /Music/Jauz/Get to Me/Get to Me.mp3
2025/03/07 15:59:18 [INFO] Found existing folder 'deadmau5_Rob Swire_Jauz' with ID: 16777321
2025/03/07 15:59:18 [INFO] Found existing folder 'Ghosts 'n' Stuff (Jauz Remix)' with ID: 16777810
2025/03/07 15:59:18 [INFO] Uploading Ghosts 'n' Stuff - Jauz Remix.mp3 to album folder (storage ID: 131073, folder ID: 16777810)
2025/03/07 15:59:19 [INFO] Successfully uploaded Ghosts 'n' Stuff - Jauz Remix.mp3 (object ID: 16783491) to /Music/deadmau5_Rob Swire_Jauz/Ghosts 'n' Stuff (Jauz Remix)/Ghosts 'n' Stuff - Jauz Remix.mp3
2025/03/07 15:59:19 [INFO] Found existing folder 'Rootkit_Tylor Maurer' with ID: 16777374
2025/03/07 15:59:19 [INFO] Found existing folder 'Good 2 Go' with ID: 16777865
2025/03/07 15:59:19 [INFO] Uploading Good 2 Go.mp3 to album folder (storage ID: 131073, folder ID: 16777865)
2025/03/07 15:59:20 [INFO] Successfully uploaded Good 2 Go.mp3 (object ID: 16783492) to /Music/Rootkit_Tylor Maurer/Good 2 Go/Good 2 Go.mp3
2025/03/07 15:59:20 [INFO] Found existing folder 'Jauz' with ID: 16777313
2025/03/07 15:59:20 [INFO] Found existing folder 'Goodiez' with ID: 16777797
2025/03/07 15:59:20 [INFO] Uploading Goodiez.mp3 to album folder (storage ID: 131073, folder ID: 16777797)
2025/03/07 15:59:21 [INFO] Successfully uploaded Goodiez.mp3 (object ID: 16783493) to /Music/Jauz/Goodiez/Goodiez.mp3
2025/03/07 15:59:21 [INFO] Found existing folder 'QUIX' with ID: 16777375
2025/03/07 15:59:21 [INFO] Found existing folder 'Grenade' with ID: 16777866
2025/03/07 15:59:21 [INFO] Uploading Grenade.mp3 to album folder (storage ID: 131073, folder ID: 16777866)
2025/03/07 15:59:22 [INFO] Successfully uploaded Grenade.mp3 (object ID: 16783494) to /Music/QUIX/Grenade/Grenade.mp3
2025/03/07 15:59:22 [INFO] Found existing folder 'JOYRYDE' with ID: 16777310
2025/03/07 15:59:22 [INFO] Found existing folder 'HOT DRUM' with ID: 16777787
2025/03/07 15:59:22 [INFO] Uploading HOT DRUM.mp3 to album folder (storage ID: 131073, folder ID: 16777787)
2025/03/07 15:59:23 [INFO] Successfully uploaded HOT DRUM.mp3 (object ID: 16783495) to /Music/JOYRYDE/HOT DRUM/HOT DRUM.mp3
2025/03/07 15:59:23 [INFO] Found existing folder 'QUIX_Amba Shepherd' with ID: 16777322
2025/03/07 15:59:23 [INFO] Found existing folder 'Heads or Tails' with ID: 16777811
2025/03/07 15:59:23 [INFO] Uploading Heads Or Tails.mp3 to album folder (storage ID: 131073, folder ID: 16777811)
2025/03/07 15:59:24 [INFO] Successfully uploaded Heads Or Tails.mp3 (object ID: 16783496) to /Music/QUIX_Amba Shepherd/Heads or Tails/Heads Or Tails.mp3
2025/03/07 15:59:24 [INFO] Found existing folder 'Ephwurd_SWAGE' with ID: 16777323
2025/03/07 15:59:24 [INFO] Found existing folder 'Hectic' with ID: 16777812
2025/03/07 15:59:24 [INFO] Uploading Hectic.mp3 to album folder (storage ID: 131073, folder ID: 16777812)
2025/03/07 15:59:25 [INFO] Successfully uploaded Hectic.mp3 (object ID: 16783497) to /Music/Ephwurd_SWAGE/Hectic/Hectic.mp3
2025/03/07 15:59:25 [INFO] Found existing folder 'AHEE_Defunk' with ID: 16777324
2025/03/07 15:59:25 [INFO] Found existing folder 'I Feel It' with ID: 16777813
2025/03/07 15:59:25 [INFO] Uploading I Feel It.mp3 to album folder (storage ID: 131073, folder ID: 16777813)
2025/03/07 15:59:26 [INFO] Successfully uploaded I Feel It.mp3 (object ID: 16783498) to /Music/AHEE_Defunk/I Feel It/I Feel It.mp3
2025/03/07 15:59:26 [INFO] Found existing folder 'JOYRYDE' with ID: 16777310
2025/03/07 15:59:26 [INFO] Found existing folder 'BRAVE' with ID: 16777789
2025/03/07 15:59:26 [INFO] Uploading IM GONE.mp3 to album folder (storage ID: 131073, folder ID: 16777789)
2025/03/07 15:59:27 [INFO] Successfully uploaded IM GONE.mp3 (object ID: 16783499) to /Music/JOYRYDE/BRAVE/IM GONE.mp3
2025/03/07 15:59:28 [INFO] Found existing folder 'Jauz_Example' with ID: 16777325
2025/03/07 15:59:28 [INFO] Found existing folder 'The Wise and the Wicked' with ID: 16777814
2025/03/07 15:59:28 [INFO] Uploading In the Zone.mp3 to album folder (storage ID: 131073, folder ID: 16777814)
2025/03/07 15:59:28 [INFO] Successfully uploaded In the Zone.mp3 (object ID: 16783500) to /Music/Jauz_Example/The Wise and the Wicked/In the Zone.mp3
2025/03/07 15:59:28 [INFO] Found existing folder 'Tiësto_Jauz' with ID: 16777326
2025/03/07 15:59:29 [INFO] Found existing folder 'Infected' with ID: 16777815
2025/03/07 15:59:29 [INFO] Uploading Infected.mp3 to album folder (storage ID: 131073, folder ID: 16777815)
2025/03/07 15:59:29 [INFO] Successfully uploaded Infected.mp3 (object ID: 16783501) to /Music/Tiësto_Jauz/Infected/Infected.mp3
2025/03/07 15:59:29 [INFO] Found existing folder 'Zeds Dead_Jauz_Subtronics' with ID: 16777327
2025/03/07 15:59:30 [INFO] Found existing folder 'Lights Go Down (Remixes)' with ID: 16777816
2025/03/07 15:59:30 [INFO] Uploading Lights Go Down - Subtronics Remix.mp3 to album folder (storage ID: 131073, folder ID: 16777816)
2025/03/07 15:59:30 [INFO] Successfully uploaded Lights Go Down - Subtronics Remix.mp3 (object ID: 16783502) to /Music/Zeds Dead_Jauz_Subtronics/Lights Go Down (Remixes)/Lights Go Down - Subtronics Remix.mp3
2025/03/07 15:59:30 [INFO] Found existing folder 'JOYRYDE' with ID: 16777310
2025/03/07 15:59:30 [INFO] Found existing folder 'BRAVE' with ID: 16777789
2025/03/07 15:59:30 [INFO] Uploading MADDEN.mp3 to album folder (storage ID: 131073, folder ID: 16777789)
2025/03/07 15:59:31 [INFO] Successfully uploaded MADDEN.mp3 (object ID: 16783503) to /Music/JOYRYDE/BRAVE/MADDEN.mp3
2025/03/07 15:59:31 [INFO] Found existing folder 'Drezo' with ID: 16777328
2025/03/07 15:59:31 [INFO] Found existing folder 'Malice' with ID: 16777817
2025/03/07 15:59:31 [INFO] Uploading Malice.mp3 to album folder (storage ID: 131073, folder ID: 16777817)
2025/03/07 15:59:32 [INFO] Successfully uploaded Malice.mp3 (object ID: 16783504) to /Music/Drezo/Malice/Malice.mp3
2025/03/07 15:59:32 [INFO] Found existing folder 'Herobust' with ID: 16777314
2025/03/07 15:59:33 [INFO] Found existing folder 'Vertebreaker (Remixes)' with ID: 16777801
2025/03/07 15:59:33 [INFO] Uploading Move Mint - VIP.mp3 to album folder (storage ID: 131073, folder ID: 16777801)
2025/03/07 15:59:34 [INFO] Successfully uploaded Move Mint - VIP.mp3 (object ID: 16783505) to /Music/Herobust/Vertebreaker (Remixes)/Move Mint - VIP.mp3
2025/03/07 15:59:34 [INFO] Found existing folder 'Jauz_San Holo' with ID: 16777329
2025/03/07 15:59:34 [INFO] Found existing folder 'OK!' with ID: 16777818
2025/03/07 15:59:34 [INFO] Uploading OK!.mp3 to album folder (storage ID: 131073, folder ID: 16777818)
2025/03/07 15:59:35 [INFO] Successfully uploaded OK!.mp3 (object ID: 16783506) to /Music/Jauz_San Holo/OK!/OK!.mp3
2025/03/07 15:59:35 [INFO] Found existing folder 'BONNIE X CLYDE' with ID: 16777330
2025/03/07 15:59:35 [INFO] Found existing folder 'OURS' with ID: 16777819
2025/03/07 15:59:35 [INFO] Uploading OURS.mp3 to album folder (storage ID: 131073, folder ID: 16777819)
2025/03/07 15:59:35 [INFO] Successfully uploaded OURS.mp3 (object ID: 16783507) to /Music/BONNIE X CLYDE/OURS/OURS.mp3
2025/03/07 15:59:35 [INFO] Found existing folder 'Monxx' with ID: 16777331
2025/03/07 15:59:35 [INFO] Found existing folder 'On You' with ID: 16777820
2025/03/07 15:59:35 [INFO] Uploading On You.mp3 to album folder (storage ID: 131073, folder ID: 16777820)
2025/03/07 15:59:36 [INFO] Successfully uploaded On You.mp3 (object ID: 16783508) to /Music/Monxx/On You/On You.mp3
2025/03/07 15:59:36 [INFO] Found existing folder 'Knock2' with ID: 16777332
2025/03/07 15:59:36 [INFO] Found existing folder 'PARANOiD' with ID: 16777821
2025/03/07 15:59:36 [INFO] Uploading PARANOiD.mp3 to album folder (storage ID: 131073, folder ID: 16777821)
2025/03/07 15:59:37 [INFO] Successfully uploaded PARANOiD.mp3 (object ID: 16783509) to /Music/Knock2/PARANOiD/PARANOiD.mp3
2025/03/07 15:59:37 [INFO] Found existing folder 'Knife Party_Jauz' with ID: 16777333
2025/03/07 15:59:37 [INFO] Found existing folder 'Trigger Warning' with ID: 16777823
2025/03/07 15:59:37 [INFO] Uploading PLUR Police - Jauz Remix.mp3 to album folder (storage ID: 131073, folder ID: 16777823)
2025/03/07 15:59:38 [INFO] Successfully uploaded PLUR Police - Jauz Remix.mp3 (object ID: 16783510) to /Music/Knife Party_Jauz/Trigger Warning/PLUR Police - Jauz Remix.mp3
2025/03/07 15:59:38 [INFO] Found existing folder 'Bro Safari_Sarah Hudson' with ID: 16777334
2025/03/07 15:59:38 [INFO] Found existing folder 'Collisions' with ID: 16777824
2025/03/07 15:59:38 [INFO] Uploading Reality.mp3 to album folder (storage ID: 131073, folder ID: 16777824)
2025/03/07 15:59:39 [INFO] Successfully uploaded Reality.mp3 (object ID: 16783511) to /Music/Bro Safari_Sarah Hudson/Collisions/Reality.mp3
2025/03/07 15:59:39 [INFO] Found existing folder 'Jauz_Ephwurd' with ID: 16777335
2025/03/07 15:59:39 [INFO] Found existing folder 'Rock The Party' with ID: 16777825
2025/03/07 15:59:39 [INFO] Uploading Rock The Party.mp3 to album folder (storage ID: 131073, folder ID: 16777825)
2025/03/07 15:59:40 [INFO] Successfully uploaded Rock The Party.mp3 (object ID: 16783512) to /Music/Jauz_Ephwurd/Rock The Party/Rock The Party.mp3
2025/03/07 15:59:41 [INFO] Found existing folder 'JOYRYDE' with ID: 16777310
2025/03/07 15:59:41 [INFO] Found existing folder 'BRAVE' with ID: 16777789
2025/03/07 15:59:41 [INFO] Uploading SELECTA 19.mp3 to album folder (storage ID: 131073, folder ID: 16777789)
2025/03/07 15:59:41 [INFO] Successfully uploaded SELECTA 19.mp3 (object ID: 16783513) to /Music/JOYRYDE/BRAVE/SELECTA 19.mp3
2025/03/07 15:59:41 [INFO] Found existing folder 'JOYRYDE' with ID: 16777310
2025/03/07 15:59:42 [INFO] Found existing folder 'SPEED TRAP' with ID: 16777790
2025/03/07 15:59:42 [INFO] Uploading SPEED TRAP.mp3 to album folder (storage ID: 131073, folder ID: 16777790)
2025/03/07 15:59:42 [INFO] Successfully uploaded SPEED TRAP.mp3 (object ID: 16783514) to /Music/JOYRYDE/SPEED TRAP/SPEED TRAP.mp3
2025/03/07 15:59:42 [INFO] Found existing folder '12th Planet' with ID: 16777317
2025/03/07 15:59:42 [INFO] Found existing folder 'Shipwreck'd' with ID: 16777806
2025/03/07 15:59:42 [INFO] Uploading Shipwreck'd.mp3 to album folder (storage ID: 131073, folder ID: 16777806)
2025/03/07 15:59:42 [INFO] Successfully uploaded Shipwreck'd.mp3 (object ID: 16783515) to /Music/12th Planet/Shipwreck'd/Shipwreck'd.mp3
2025/03/07 15:59:43 [INFO] Found existing folder 'Sikdope_LOUD ABOUT US!' with ID: 16777336
2025/03/07 15:59:43 [INFO] Found existing folder 'Slow It Down' with ID: 16777826
2025/03/07 15:59:43 [INFO] Uploading Slow It Down.mp3 to album folder (storage ID: 131073, folder ID: 16777826)
2025/03/07 15:59:43 [INFO] Successfully uploaded Slow It Down.mp3 (object ID: 16783516) to /Music/Sikdope_LOUD ABOUT US!/Slow It Down/Slow It Down.mp3
2025/03/07 15:59:43 [INFO] Found existing folder 'Jauz_666' with ID: 16777337
2025/03/07 15:59:43 [INFO] Found existing folder 'The Wise and the Wicked' with ID: 16777827
2025/03/07 15:59:43 [INFO] Uploading Super Fly.mp3 to album folder (storage ID: 131073, folder ID: 16777827)
2025/03/07 15:59:44 [INFO] Successfully uploaded Super Fly.mp3 (object ID: 16783517) to /Music/Jauz_666/The Wise and the Wicked/Super Fly.mp3
2025/03/07 15:59:44 [INFO] Found existing folder 'Jauz_Nonsens' with ID: 16777377
2025/03/07 15:59:44 [INFO] Found existing folder 'The Beat' with ID: 16777868
2025/03/07 15:59:44 [INFO] Uploading The Beat.mp3 to album folder (storage ID: 131073, folder ID: 16777868)
2025/03/07 15:59:44 [INFO] Successfully uploaded The Beat.mp3 (object ID: 16783518) to /Music/Jauz_Nonsens/The Beat/The Beat.mp3
2025/03/07 15:59:44 [INFO] Found existing folder 'Jauz' with ID: 16777313
2025/03/07 15:59:44 [INFO] Found existing folder 'The Game' with ID: 16777798
2025/03/07 15:59:44 [INFO] Uploading The Game.mp3 to album folder (storage ID: 131073, folder ID: 16777798)
2025/03/07 15:59:45 [INFO] Successfully uploaded The Game.mp3 (object ID: 16783519) to /Music/Jauz/The Game/The Game.mp3
2025/03/07 15:59:45 [INFO] Found existing folder '4B' with ID: 16777338
2025/03/07 15:59:45 [INFO] Found existing folder 'There 4 You' with ID: 16777828
2025/03/07 15:59:45 [INFO] Uploading There 4 You.mp3 to album folder (storage ID: 131073, folder ID: 16777828)
2025/03/07 15:59:45 [INFO] Successfully uploaded There 4 You.mp3 (object ID: 16783520) to /Music/4B/There 4 You/There 4 You.mp3
2025/03/07 15:59:46 [INFO] Found existing folder 'Apashe_LEVEL UP_Sami Chaouki' with ID: 16777339
2025/03/07 15:59:46 [INFO] Found existing folder 'Time Warp (Level Up Remix)' with ID: 16777829
2025/03/07 15:59:46 [INFO] Uploading Time Warp - Level Up Remix.mp3 to album folder (storage ID: 131073, folder ID: 16777829)
2025/03/07 15:59:46 [INFO] Successfully uploaded Time Warp - Level Up Remix.mp3 (object ID: 16783521) to /Music/Apashe_LEVEL UP_Sami Chaouki/Time Warp (Level Up Remix)/Time Warp - Level Up Remix.mp3
2025/03/07 15:59:46 [INFO] Found existing folder 'Herobust' with ID: 16777314
2025/03/07 15:59:46 [INFO] Found existing folder 'WTF' with ID: 16777802
2025/03/07 15:59:46 [INFO] Uploading WTF.mp3 to album folder (storage ID: 131073, folder ID: 16777802)
2025/03/07 15:59:47 [INFO] Successfully uploaded WTF.mp3 (object ID: 16783522) to /Music/Herobust/WTF/WTF.mp3
2025/03/07 15:59:47 [INFO] Found existing folder 'FuntCase_Dani Poppitt' with ID: 16777340
2025/03/07 15:59:47 [INFO] Found existing folder 'Next Chapter' with ID: 16777830
2025/03/07 15:59:47 [INFO] Uploading Without.mp3 to album folder (storage ID: 131073, folder ID: 16777830)
2025/03/07 15:59:47 [INFO] Successfully uploaded Without.mp3 (object ID: 16783523) to /Music/FuntCase_Dani Poppitt/Next Chapter/Without.mp3
2025/03/07 15:59:47 [INFO] Using alternative transfer method for data of size 4315 bytes
2025/03/07 15:59:47 [INFO] Successfully created and uploaded playlist Jauz2.m3u8 (object ID: 16783524) with 49 songs
2025/03/07 15:59:47 [INFO] Verifying playlist upload for Jauz2.m3u8
2025/03/07 15:59:48 [INFO] Playlist verification: Found playlist Jauz2.m3u8 directly in parent folder (ID: 16783524)
2025/03/07 15:59:48 [INFO] Attempting to read content of playlist Jauz2.m3u8 (ID: 16783524)
2025/03/07 15:59:51 [INFO] Program completed
