2025/03/08 15:35:35 --- MTP Music Manager Started ---
2025/03/08 15:35:35 OS: darwin, Architecture: arm64
2025/03/08 15:35:35 Verbose logging: true
2025/03/08 15:35:35 [VERBOSE] (main.go:25) Starting MTP Music Manager
2025/03/08 15:35:35 [VERBOSE] (connect.go:15) Initializing device with timeout of 30s...
2025/03/08 15:35:35 [VERBOSE] (connect.go:28) Starting MTP device detection in background goroutine
2025/03/08 15:35:35 [VERBOSE] (connect.go:40) MTP device found successfully
2025/03/08 15:35:35 [VERBOSE] (connect.go:54) Device initialized successfully
2025/03/08 15:35:35 [VERBOSE] (storage.go:21) Fetching storages with timeout of 30s...
2025/03/08 15:35:35 [VERBOSE] (storage.go:48) Found 1 storage(s) on device
2025/03/08 15:35:35 [VERBOSE] (storage.go:61) Storage #1:  (ID: 131073)
2025/03/08 15:35:37 [INFO] (upload.go:1237) Automatically selected storage:  (ID: 131073)
2025/03/08 15:35:38 [ERROR] (storage.go:288) Error getting object info for handle 16783016: GeneralError
2025/03/08 15:35:38 [ERROR] (storage.go:288) Error getting object info for handle 16783017: GeneralError
2025/03/08 15:35:38 [ERROR] (storage.go:288) Error getting object info for handle 16783018: GeneralError
2025/03/08 15:35:38 [ERROR] (storage.go:288) Error getting object info for handle 16783019: GeneralError
2025/03/08 15:35:38 [ERROR] (storage.go:288) Error getting object info for handle 16783020: GeneralError
2025/03/08 15:35:38 [ERROR] (storage.go:288) Error getting object info for handle 16783021: GeneralError
2025/03/08 15:35:38 [ERROR] (storage.go:288) Error getting object info for handle 16783022: GeneralError
2025/03/08 15:35:38 [ERROR] (storage.go:288) Error getting object info for handle 16783023: GeneralError
2025/03/08 15:35:38 [ERROR] (storage.go:288) Error getting object info for handle 16783024: GeneralError
2025/03/08 15:35:38 [ERROR] (storage.go:288) Error getting object info for handle 16783025: GeneralError
2025/03/08 15:35:38 [ERROR] (storage.go:288) Error getting object info for handle 16783026: GeneralError
2025/03/08 15:35:38 [ERROR] (storage.go:288) Error getting object info for handle 16783027: GeneralError
2025/03/08 15:35:38 [ERROR] (storage.go:288) Error getting object info for handle 16783028: GeneralError
2025/03/08 15:35:38 [ERROR] (storage.go:288) Error getting object info for handle 16783029: GeneralError
2025/03/08 15:35:38 [ERROR] (storage.go:288) Error getting object info for handle 16783030: GeneralError
2025/03/08 15:35:38 [ERROR] (storage.go:288) Error getting object info for handle 16783031: GeneralError
2025/03/08 15:35:38 [ERROR] (storage.go:288) Error getting object info for handle 16783032: GeneralError
2025/03/08 15:35:38 [ERROR] (storage.go:288) Error getting object info for handle 16783034: GeneralError
2025/03/08 15:35:38 [ERROR] (storage.go:288) Error getting object info for handle 16783035: GeneralError
2025/03/08 15:35:38 [ERROR] (storage.go:288) Error getting object info for handle 16783036: GeneralError
2025/03/08 15:35:38 [ERROR] (storage.go:288) Error getting object info for handle 16783037: GeneralError
2025/03/08 15:35:38 [ERROR] (storage.go:288) Error getting object info for handle 16783038: GeneralError
2025/03/08 15:35:38 [ERROR] (storage.go:288) Error getting object info for handle 16783039: GeneralError
2025/03/08 15:35:38 [ERROR] (storage.go:288) Error getting object info for handle 16783040: GeneralError
2025/03/08 15:35:38 [ERROR] (storage.go:288) Error getting object info for handle 16783041: GeneralError
2025/03/08 15:35:38 [ERROR] (storage.go:288) Error getting object info for handle 16783042: GeneralError
2025/03/08 15:35:38 [ERROR] (storage.go:288) Error getting object info for handle 16783043: GeneralError
2025/03/08 15:35:38 [ERROR] (storage.go:288) Error getting object info for handle 16783044: GeneralError
2025/03/08 15:35:38 [ERROR] (storage.go:288) Error getting object info for handle 16783045: GeneralError
2025/03/08 15:35:38 [ERROR] (storage.go:288) Error getting object info for handle 16783046: GeneralError
2025/03/08 15:35:38 [ERROR] (storage.go:288) Error getting object info for handle 16783047: GeneralError
2025/03/08 15:35:38 [ERROR] (storage.go:288) Error getting object info for handle 16783048: GeneralError
2025/03/08 15:35:38 [ERROR] (storage.go:288) Error getting object info for handle 16783049: GeneralError
2025/03/08 15:35:38 [ERROR] (storage.go:288) Error getting object info for handle 16783050: GeneralError
2025/03/08 15:35:38 [ERROR] (storage.go:288) Error getting object info for handle 16783054: GeneralError
2025/03/08 15:35:38 [ERROR] (storage.go:288) Error getting object info for handle 16783056: GeneralError
2025/03/08 15:35:38 [ERROR] (storage.go:288) Error getting object info for handle 16783059: GeneralError
2025/03/08 15:35:38 [ERROR] (storage.go:288) Error getting object info for handle 16783062: GeneralError
2025/03/08 15:35:38 [ERROR] (storage.go:288) Error getting object info for handle 16783065: GeneralError
2025/03/08 15:35:38 [ERROR] (storage.go:288) Error getting object info for handle 16783068: GeneralError
2025/03/08 15:35:38 [ERROR] (storage.go:288) Error getting object info for handle 16783071: GeneralError
2025/03/08 15:35:38 [ERROR] (storage.go:288) Error getting object info for handle 16783073: GeneralError
2025/03/08 15:35:38 [ERROR] (storage.go:288) Error getting object info for handle 16783076: GeneralError
2025/03/08 15:35:38 [ERROR] (storage.go:288) Error getting object info for handle 16783079: GeneralError
2025/03/08 15:35:38 [ERROR] (storage.go:288) Error getting object info for handle 16783082: GeneralError
2025/03/08 15:35:38 [ERROR] (storage.go:288) Error getting object info for handle 16783083: GeneralError
2025/03/08 15:35:38 [ERROR] (storage.go:288) Error getting object info for handle 16783086: GeneralError
2025/03/08 15:35:38 [ERROR] (storage.go:288) Error getting object info for handle 16783088: GeneralError
2025/03/08 15:35:38 [ERROR] (storage.go:288) Error getting object info for handle 16783091: GeneralError
2025/03/08 15:35:38 [ERROR] (storage.go:288) Error getting object info for handle 16783094: GeneralError
2025/03/08 15:35:38 [ERROR] (storage.go:288) Error getting object info for handle 16783097: GeneralError
2025/03/08 15:35:38 [ERROR] (storage.go:288) Error getting object info for handle 16783099: GeneralError
2025/03/08 15:35:38 [ERROR] (storage.go:288) Error getting object info for handle 16783102: GeneralError
2025/03/08 15:35:38 [ERROR] (storage.go:288) Error getting object info for handle 16783105: GeneralError
2025/03/08 15:35:38 [ERROR] (storage.go:288) Error getting object info for handle 16783108: GeneralError
2025/03/08 15:35:38 [ERROR] (storage.go:288) Error getting object info for handle 16783109: GeneralError
2025/03/08 15:35:38 [ERROR] (storage.go:288) Error getting object info for handle 16783111: GeneralError
2025/03/08 15:35:38 [ERROR] (storage.go:288) Error getting object info for handle 16783113: GeneralError
2025/03/08 15:35:38 [ERROR] (storage.go:288) Error getting object info for handle 16783116: GeneralError
2025/03/08 15:35:38 [ERROR] (storage.go:288) Error getting object info for handle 16783119: GeneralError
2025/03/08 15:35:38 [ERROR] (storage.go:288) Error getting object info for handle 16783122: GeneralError
2025/03/08 15:35:38 [ERROR] (storage.go:288) Error getting object info for handle 16783124: GeneralError
2025/03/08 15:35:38 [ERROR] (storage.go:288) Error getting object info for handle 16783127: GeneralError
2025/03/08 15:35:38 [ERROR] (storage.go:288) Error getting object info for handle 16783130: GeneralError
2025/03/08 15:35:38 [ERROR] (storage.go:288) Error getting object info for handle 16783132: GeneralError
2025/03/08 15:35:38 [ERROR] (storage.go:288) Error getting object info for handle 16783135: GeneralError
2025/03/08 15:35:38 [ERROR] (storage.go:288) Error getting object info for handle 16783137: GeneralError
2025/03/08 15:35:38 [ERROR] (storage.go:288) Error getting object info for handle 16783138: GeneralError
2025/03/08 15:35:38 [ERROR] (storage.go:288) Error getting object info for handle 16783139: GeneralError
2025/03/08 15:35:38 [ERROR] (storage.go:288) Error getting object info for handle 16783140: GeneralError
2025/03/08 15:35:38 [ERROR] (storage.go:288) Error getting object info for handle 16783141: GeneralError
2025/03/08 15:35:38 [ERROR] (storage.go:288) Error getting object info for handle 16783142: GeneralError
2025/03/08 15:35:38 [ERROR] (storage.go:288) Error getting object info for handle 16783143: GeneralError
2025/03/08 15:35:38 [ERROR] (storage.go:288) Error getting object info for handle 16783144: GeneralError
2025/03/08 15:35:38 [ERROR] (storage.go:288) Error getting object info for handle 16783145: GeneralError
2025/03/08 15:35:38 [ERROR] (storage.go:288) Error getting object info for handle 16783146: GeneralError
2025/03/08 15:35:38 [ERROR] (storage.go:288) Error getting object info for handle 16783147: GeneralError
2025/03/08 15:35:38 [ERROR] (storage.go:288) Error getting object info for handle 16783148: GeneralError
2025/03/08 15:35:38 [ERROR] (storage.go:288) Error getting object info for handle 16783149: GeneralError
2025/03/08 15:35:38 [ERROR] (storage.go:288) Error getting object info for handle 16783150: GeneralError
2025/03/08 15:35:38 [ERROR] (storage.go:288) Error getting object info for handle 16783151: GeneralError
2025/03/08 15:35:38 [ERROR] (storage.go:288) Error getting object info for handle 16783152: GeneralError
2025/03/08 15:35:38 [ERROR] (storage.go:288) Error getting object info for handle 16783153: GeneralError
2025/03/08 15:35:38 [ERROR] (storage.go:288) Error getting object info for handle 16783154: GeneralError
2025/03/08 15:35:38 [ERROR] (storage.go:288) Error getting object info for handle 16783155: GeneralError
2025/03/08 15:35:38 [ERROR] (storage.go:288) Error getting object info for handle 16783156: GeneralError
2025/03/08 15:35:38 [ERROR] (storage.go:288) Error getting object info for handle 16783157: GeneralError
2025/03/08 15:35:38 [ERROR] (storage.go:288) Error getting object info for handle 16783158: GeneralError
2025/03/08 15:35:38 [ERROR] (storage.go:288) Error getting object info for handle 16783159: GeneralError
2025/03/08 15:35:38 [ERROR] (storage.go:288) Error getting object info for handle 16783160: GeneralError
2025/03/08 15:35:38 [ERROR] (storage.go:288) Error getting object info for handle 16783161: GeneralError
2025/03/08 15:35:38 [ERROR] (storage.go:288) Error getting object info for handle 16783162: GeneralError
2025/03/08 15:35:38 [ERROR] (storage.go:288) Error getting object info for handle 16783163: GeneralError
2025/03/08 15:35:38 [ERROR] (storage.go:288) Error getting object info for handle 16783164: GeneralError
2025/03/08 15:35:38 [ERROR] (storage.go:288) Error getting object info for handle 16783165: GeneralError
2025/03/08 15:35:38 [ERROR] (storage.go:288) Error getting object info for handle 16783166: GeneralError
2025/03/08 15:35:38 [ERROR] (storage.go:288) Error getting object info for handle 16783167: GeneralError
2025/03/08 15:35:38 [ERROR] (storage.go:288) Error getting object info for handle 16783168: GeneralError
2025/03/08 15:35:38 [ERROR] (storage.go:288) Error getting object info for handle 16783169: GeneralError
2025/03/08 15:35:38 [ERROR] (storage.go:288) Error getting object info for handle 16783170: GeneralError
2025/03/08 15:35:38 [ERROR] (storage.go:288) Error getting object info for handle 16783171: GeneralError
2025/03/08 15:35:38 [ERROR] (storage.go:288) Error getting object info for handle 16783172: GeneralError
2025/03/08 15:35:38 [ERROR] (storage.go:288) Error getting object info for handle 16783173: GeneralError
2025/03/08 15:35:38 [ERROR] (storage.go:288) Error getting object info for handle 16783174: GeneralError
2025/03/08 15:35:38 [ERROR] (storage.go:288) Error getting object info for handle 16783175: GeneralError
2025/03/08 15:35:38 [ERROR] (storage.go:288) Error getting object info for handle 16783176: GeneralError
2025/03/08 15:35:38 [ERROR] (storage.go:288) Error getting object info for handle 16783177: GeneralError
2025/03/08 15:35:38 [ERROR] (storage.go:288) Error getting object info for handle 16783178: GeneralError
2025/03/08 15:35:38 [ERROR] (storage.go:288) Error getting object info for handle 16783179: GeneralError
2025/03/08 15:35:38 [ERROR] (storage.go:288) Error getting object info for handle 16783180: GeneralError
2025/03/08 15:35:38 [ERROR] (storage.go:288) Error getting object info for handle 16783181: GeneralError
2025/03/08 15:35:38 [ERROR] (storage.go:288) Error getting object info for handle 16783182: GeneralError
2025/03/08 15:35:38 [ERROR] (storage.go:288) Error getting object info for handle 16783183: GeneralError
2025/03/08 15:35:38 [ERROR] (storage.go:288) Error getting object info for handle 16783184: GeneralError
2025/03/08 15:35:38 [ERROR] (storage.go:288) Error getting object info for handle 16783185: GeneralError
2025/03/08 15:35:38 [ERROR] (storage.go:288) Error getting object info for handle 16783186: GeneralError
2025/03/08 15:35:38 [ERROR] (storage.go:288) Error getting object info for handle 16783187: GeneralError
2025/03/08 15:35:38 [ERROR] (storage.go:288) Error getting object info for handle 16783188: GeneralError
2025/03/08 15:35:38 [ERROR] (storage.go:288) Error getting object info for handle 16783189: GeneralError
2025/03/08 15:35:38 [ERROR] (storage.go:288) Error getting object info for handle 16783190: GeneralError
2025/03/08 15:35:38 [ERROR] (storage.go:288) Error getting object info for handle 16783191: GeneralError
2025/03/08 15:35:38 [ERROR] (storage.go:288) Error getting object info for handle 16783192: GeneralError
2025/03/08 15:35:38 [ERROR] (storage.go:288) Error getting object info for handle 16783193: GeneralError
2025/03/08 15:35:38 [ERROR] (storage.go:288) Error getting object info for handle 16783194: GeneralError
2025/03/08 15:35:38 [ERROR] (storage.go:288) Error getting object info for handle 16783195: GeneralError
2025/03/08 15:35:38 [ERROR] (storage.go:288) Error getting object info for handle 16783196: GeneralError
2025/03/08 15:35:38 [ERROR] (storage.go:288) Error getting object info for handle 16783197: GeneralError
2025/03/08 15:35:38 [ERROR] (storage.go:288) Error getting object info for handle 16783198: GeneralError
2025/03/08 15:35:38 [ERROR] (storage.go:288) Error getting object info for handle 16783199: GeneralError
2025/03/08 15:35:38 [ERROR] (storage.go:288) Error getting object info for handle 16783200: GeneralError
2025/03/08 15:35:38 [ERROR] (storage.go:288) Error getting object info for handle 16783201: GeneralError
2025/03/08 15:35:38 [ERROR] (storage.go:288) Error getting object info for handle 16783202: GeneralError
2025/03/08 15:35:38 [ERROR] (storage.go:288) Error getting object info for handle 16783203: GeneralError
2025/03/08 15:35:38 [ERROR] (storage.go:288) Error getting object info for handle 16783204: GeneralError
2025/03/08 15:35:38 [ERROR] (storage.go:288) Error getting object info for handle 16783205: GeneralError
2025/03/08 15:35:38 [ERROR] (storage.go:288) Error getting object info for handle 16783206: GeneralError
2025/03/08 15:35:38 [ERROR] (storage.go:288) Error getting object info for handle 16783207: GeneralError
2025/03/08 15:35:38 [ERROR] (storage.go:288) Error getting object info for handle 16783208: GeneralError
2025/03/08 15:35:38 [ERROR] (storage.go:288) Error getting object info for handle 16783209: GeneralError
2025/03/08 15:35:38 [ERROR] (storage.go:288) Error getting object info for handle 16783210: GeneralError
2025/03/08 15:35:38 [ERROR] (storage.go:288) Error getting object info for handle 16783211: GeneralError
2025/03/08 15:35:38 [ERROR] (storage.go:288) Error getting object info for handle 16783212: GeneralError
2025/03/08 15:35:38 [ERROR] (storage.go:288) Error getting object info for handle 16783213: GeneralError
2025/03/08 15:35:38 [ERROR] (storage.go:288) Error getting object info for handle 16783214: GeneralError
2025/03/08 15:35:38 [ERROR] (storage.go:288) Error getting object info for handle 16783215: GeneralError
2025/03/08 15:35:38 [ERROR] (storage.go:288) Error getting object info for handle 16783216: GeneralError
2025/03/08 15:35:38 [ERROR] (storage.go:288) Error getting object info for handle 16783217: GeneralError
2025/03/08 15:35:38 [ERROR] (storage.go:288) Error getting object info for handle 16783218: GeneralError
2025/03/08 15:35:38 [ERROR] (storage.go:288) Error getting object info for handle 16783219: GeneralError
2025/03/08 15:35:38 [ERROR] (storage.go:288) Error getting object info for handle 16783220: GeneralError
2025/03/08 15:35:38 [ERROR] (storage.go:288) Error getting object info for handle 16783221: GeneralError
2025/03/08 15:35:38 [VERBOSE] (upload.go:1170) Found existing Music folder with ID: 16777218
