2025/03/08 16:08:11 --- MTP Music Manager Started ---
2025/03/08 16:08:11 OS: darwin, Architecture: arm64
2025/03/08 16:08:11 Verbose logging: true
2025/03/08 16:08:11 [VERBOSE] (main.go:25) Starting MTP Music Manager
2025/03/08 16:08:11 [VERBOSE] (connect.go:15) Initializing device with timeout of 30s...
2025/03/08 16:08:11 [VERBOSE] (connect.go:28) Starting MTP device detection in background goroutine
2025/03/08 16:08:11 [VERBOSE] (connect.go:40) MTP device found successfully
2025/03/08 16:08:11 [VERBOSE] (connect.go:54) Device initialized successfully
2025/03/08 16:08:11 [VERBOSE] (storage.go:22) Fetching storages with timeout of 30s...
2025/03/08 16:08:11 [VERBOSE] (storage.go:49) Found 1 storage(s) on device
2025/03/08 16:08:11 [VERBOSE] (storage.go:62) Storage #1:  (ID: 131073)
2025/03/08 16:08:13 [INFO] (list.go:27) Searching for MP3 files...
2025/03/08 16:08:13 [INFO] (list.go:46) Searching storage #1:  (ID: 131073)
2025/03/08 16:08:13 [INFO] (list.go:610) Searching for MP3 files in both case variations of music directories
2025/03/08 16:08:13 [INFO] (list.go:619) Searching in /Music directory
2025/03/08 16:08:13 [VERBOSE] (list.go:636) Found MP3: /Music/HWLS/HWLS/01 001.MP3 (Size: 3875427 bytes, ID: 16782638)
2025/03/08 16:08:13 [VERBOSE] (list.go:636) Found MP3: /Music/OF_THE_TREES/DREAM_ATLAS/02 6AM.MP3 (Size: 5148063 bytes, ID: 16782641)
2025/03/08 16:08:13 [VERBOSE] (list.go:636) Found MP3: /Music/GRIZMATIK_GRIZ_GRAMATIK/AS_WE_PROCEED/03 AS_WE_PROCEED.MP3 (Size: 4527705 bytes, ID: 16782644)
2025/03/08 16:08:13 [VERBOSE] (list.go:636) Found MP3: /Music/CAPTAIN_PLANET_SHUNGUDZO/NO_VISA/04 BIG_MAN.MP3 (Size: 3779247 bytes, ID: 16782647)
2025/03/08 16:08:13 [VERBOSE] (list.go:636) Found MP3: /Music/THE_POLISH_AMBASSADOR/TIME'S_RUNNING_IN/05 BEBE.MP3 (Size: 7358898 bytes, ID: 16782650)
2025/03/08 16:08:14 [VERBOSE] (list.go:636) Found MP3: /Music/SHUB_BLACK_LODGE_SINGERS/POWWOWSTEP/06 BIG_CROW.MP3 (Size: 4084850 bytes, ID: 16782653)
2025/03/08 16:08:14 [VERBOSE] (list.go:636) Found MP3: /Music/STICKYBUDS_K+LAB_KWADI/CLAP_YA_HANDS_NOW/07 CLAP_YA_HANDS_NOW.MP3 (Size: 4199670 bytes, ID: 16782656)
2025/03/08 16:08:14 [VERBOSE] (list.go:636) Found MP3: /Music/WOO2TECH/DON'T_BE_LATE_EP/08 DON'T_BE_LATE_-_ORIGINAL_MIX.MP3 (Size: 6624179 bytes, ID: 16782659)
2025/03/08 16:08:14 [VERBOSE] (list.go:636) Found MP3: /Music/SUPAMAN_WALKING_BUFFALO/MEDICINE_BUNDLE/09 ETHNOCIDE.MP3 (Size: 2242365 bytes, ID: 16782662)
2025/03/08 16:08:14 [VERBOSE] (list.go:636) Found MP3: /Music/THE_FUNK_HUNTERS_MOONTRICKS/MUSIC_W_FRIENDS/10 GET_UP_N_GO.MP3 (Size: 3922502 bytes, ID: 16782665)
2025/03/08 16:08:14 [VERBOSE] (list.go:636) Found MP3: /Music/TNGHT_HUDSON_MOHAWKE_LUNICE/TNGHT/11 GOOOO.MP3 (Size: 3450270 bytes, ID: 16782668)
2025/03/08 16:08:14 [VERBOSE] (list.go:636) Found MP3: /Music/DIRTYPHONICS_SULLIVAN_KING/VANTABLACK/12 HAMMER.MP3 (Size: 3259939 bytes, ID: 16782671)
2025/03/08 16:08:14 [VERBOSE] (list.go:636) Found MP3: /Music/ALANIS_MORISSETTE/JAGGED_LITTLE_PILL_(2015_REMASTER)/13 HAND_IN_MY_POCKET_-_2015_REMASTER.MP3 (Size: 3687189 bytes, ID: 16782674)
2025/03/08 16:08:14 [VERBOSE] (list.go:636) Found MP3: /Music/STYLUST_LAFA_TAYLOR_NEON_STEVE/HEATROCKS/14 HEAVY_METAL_SHIT_(FEAT._LAFA_TAYLOR_&_NEON_STEVE).MP3 (Size: 2991015 bytes, ID: 16782677)
2025/03/08 16:08:14 [VERBOSE] (list.go:636) Found MP3: /Music/PAUL_CAUTHEN_ELECTROPHUNCK/HOLY_GHOST_FIRE_(ELECTROPHUNCK_REMIX)/15 HOLY_GHOST_FIRE_-_ELECTROPHUNCK_REMIX.MP3 (Size: 4180755 bytes, ID: 16782680)
2025/03/08 16:08:15 [VERBOSE] (list.go:636) Found MP3: /Music/AMP_LIVE/THE_SPACE_BURRITO_EXPERIMENT/16 I_GOT_5.MP3 (Size: 3108644 bytes, ID: 16782683)
2025/03/08 16:08:15 [VERBOSE] (list.go:636) Found MP3: /Music/DENM_LANDON_MCNAMARA_JESSE_JAMES_PARIAH/SLUM_BEACH_POSSE._VOL._1/17 LOSE_MYSELF_(FEAT._JESSE_JAMES_PARIAH).MP3 (Size: 3638674 bytes, ID: 16782686)
2025/03/08 16:08:15 [VERBOSE] (list.go:636) Found MP3: /Music/GHOSTLAND_OBSERVATORY/PAPARAZZI_LIGHTNING/18 MIDNIGHT_VOYAGE.MP3 (Size: 6134642 bytes, ID: 16782689)
2025/03/08 16:08:15 [VERBOSE] (list.go:636) Found MP3: /Music/BOOGIE_T.RIO/THREE_FOR_ALL_EP/19 PACKING_BAGS.MP3 (Size: 5634788 bytes, ID: 16782692)
2025/03/08 16:08:15 [VERBOSE] (list.go:636) Found MP3: /Music/HIGH_STEP_SOCIETY/PERCEPTION/20 PERCEPTION.MP3 (Size: 3933976 bytes, ID: 16782695)
2025/03/08 16:08:15 [VERBOSE] (list.go:636) Found MP3: /Music/THE_FLOOZIES/POTATOES/21 POTATOES.MP3 (Size: 2499548 bytes, ID: 16782698)
2025/03/08 16:08:15 [VERBOSE] (list.go:636) Found MP3: /Music/K+LAB_MELODOWNZ_MUSTAFA_AKBAR/THE_WORLDLY'S/22 PULL_UP.MP3 (Size: 3356911 bytes, ID: 16782701)
2025/03/08 16:08:15 [VERBOSE] (list.go:636) Found MP3: /Music/OPIUO/SLURP_AND_GIGGLE/23 ROBO_BOOTY.MP3 (Size: 4648674 bytes, ID: 16782704)
2025/03/08 16:08:15 [VERBOSE] (list.go:636) Found MP3: /Music/HABITAAT_BLIMES/FALL_IN_DEEP/24 SHAKE.MP3 (Size: 2866072 bytes, ID: 16782707)
2025/03/08 16:08:16 [VERBOSE] (list.go:636) Found MP3: /Music/BOOMBOX/DOWNRIVERELECTRIC/25 SHAKEDOWN_STREET.MP3 (Size: 3394282 bytes, ID: 16782710)
2025/03/08 16:08:16 [VERBOSE] (list.go:636) Found MP3: /Music/MOUNTAIN_HEAD/SHIMMY_SHIMMY_YA/26 SHIMMY_SHIMMY_YA.MP3 (Size: 3131167 bytes, ID: 16782713)
2025/03/08 16:08:16 [VERBOSE] (list.go:636) Found MP3: /Music/CODY_KO_MOONLGHT/SHOULD_I_STAY_OR_SHOULD_I_GO/27 SHOULD_I_STAY_OR_SHOULD_I_GO.MP3 (Size: 2357044 bytes, ID: 16782716)
2025/03/08 16:08:16 [VERBOSE] (list.go:636) Found MP3: /Music/CHARLESTHEFIRST/STEP_TIME/28 STEP_TIME.MP3 (Size: 3779041 bytes, ID: 16782719)
2025/03/08 16:08:16 [VERBOSE] (list.go:636) Found MP3: /Music/DIRTWIRE/BLAZE/29 STRANGER.MP3 (Size: 3833090 bytes, ID: 16782722)
2025/03/08 16:08:16 [VERBOSE] (list.go:636) Found MP3: /Music/PHYPHR/UP/30 UP.MP3 (Size: 3093155 bytes, ID: 16782725)
2025/03/08 16:08:16 [VERBOSE] (list.go:636) Found MP3: /Music/ARTIKAL_SOUND_SYSTEM_LITTLE_STRANGER/WELCOME_TO_FLORIDA/31 WHEN_I_WANNA_(FEAT._LITTLE_STRANGER).MP3 (Size: 3365346 bytes, ID: 16782728)
2025/03/08 16:08:16 [INFO] (list.go:649) Found 32 total objects in /Music directory
2025/03/08 16:08:16 [INFO] (list.go:670) Found 31 valid MP3 files and 0 empty MP3 files across all music directories
2025/03/08 16:08:16 [INFO] (list.go:56) Found 31 MP3 files in storage #1
2025/03/08 16:08:16 [INFO] (list.go:66) Total MP3 files found across all storages: 31
2025/03/08 16:08:26 [INFO] (upload.go:1165) Automatically selected storage:  (ID: 131073)
2025/03/08 16:08:26 [INFO] (helpers.go:178) Found existing Music folder with ID: 16777218
2025/03/08 16:08:34 [VERBOSE] (upload.go:1113) Folder 'JOYRYDE_SKRILLEX' not found, attempting to create it
2025/03/08 16:08:34 [VERBOSE] (upload.go:1113) Folder 'AGEN_WIDA' not found, attempting to create it
2025/03/08 16:08:34 [VERBOSE] (upload.go:928) Uploading 01 AGEN_WIDA.MP3 to album folder (storage ID: 131073, folder ID: 16782731)
2025/03/08 16:08:34 [VERBOSE] (upload.go:1002) Successfully uploaded 01 AGEN_WIDA.MP3 (object ID: 16782732) to /MUSIC/JOYRYDE_SKRILLEX/AGEN_WIDA/01 AGEN_WIDA.MP3
2025/03/08 16:08:34 [INFO] (upload.go:1019) Verifying file upload for 01 AGEN_WIDA.MP3 (ID: 16782732)
2025/03/08 16:08:34 [INFO] (upload.go:1028) Direct verification successful: 01 AGEN_WIDA.MP3 exists with correct size 3386224 bytes
2025/03/08 16:08:34 [VERBOSE] (upload.go:1113) Folder 'ISOXO_KNOCK2' not found, attempting to create it
2025/03/08 16:08:34 [VERBOSE] (upload.go:1113) Folder 'NITEHARTS' not found, attempting to create it
2025/03/08 16:08:34 [VERBOSE] (upload.go:928) Uploading 02 AARENA_(KNOCK2_REMIX).MP3 to album folder (storage ID: 131073, folder ID: 16782734)
2025/03/08 16:08:35 [VERBOSE] (upload.go:1002) Successfully uploaded 02 AARENA_(KNOCK2_REMIX).MP3 (object ID: 16782735) to /MUSIC/ISOXO_KNOCK2/NITEHARTS/02 AARENA_(KNOCK2_REMIX).MP3
2025/03/08 16:08:35 [INFO] (upload.go:1019) Verifying file upload for 02 AARENA_(KNOCK2_REMIX).MP3 (ID: 16782735)
2025/03/08 16:08:35 [INFO] (upload.go:1028) Direct verification successful: 02 AARENA_(KNOCK2_REMIX).MP3 exists with correct size 3360333 bytes
2025/03/08 16:08:35 [VERBOSE] (upload.go:1113) Folder 'JAUZ' not found, attempting to create it
2025/03/08 16:08:35 [VERBOSE] (upload.go:1113) Folder 'ALPHA' not found, attempting to create it
2025/03/08 16:08:35 [VERBOSE] (upload.go:928) Uploading 03 ALPHA.MP3 to album folder (storage ID: 131073, folder ID: 16782737)
2025/03/08 16:08:36 [VERBOSE] (upload.go:1002) Successfully uploaded 03 ALPHA.MP3 (object ID: 16782738) to /MUSIC/JAUZ/ALPHA/03 ALPHA.MP3
2025/03/08 16:08:36 [INFO] (upload.go:1019) Verifying file upload for 03 ALPHA.MP3 (ID: 16782738)
2025/03/08 16:08:36 [INFO] (upload.go:1028) Direct verification successful: 03 ALPHA.MP3 exists with correct size 4850603 bytes
2025/03/08 16:08:36 [VERBOSE] (upload.go:1113) Folder 'HEROBUST' not found, attempting to create it
2025/03/08 16:08:36 [VERBOSE] (upload.go:1113) Folder 'BRUH_!' not found, attempting to create it
2025/03/08 16:08:36 [VERBOSE] (upload.go:928) Uploading 04 BRUH!.MP3 to album folder (storage ID: 131073, folder ID: 16782740)
2025/03/08 16:08:36 [VERBOSE] (upload.go:1002) Successfully uploaded 04 BRUH!.MP3 (object ID: 16782741) to /MUSIC/HEROBUST/BRUH_!/04 BRUH!.MP3
2025/03/08 16:08:36 [INFO] (upload.go:1019) Verifying file upload for 04 BRUH!.MP3 (ID: 16782741)
2025/03/08 16:08:36 [INFO] (upload.go:1028) Direct verification successful: 04 BRUH!.MP3 exists with correct size 3813674 bytes
2025/03/08 16:08:36 [VERBOSE] (upload.go:1113) Folder 'BRO_SAFARI_TANK_PARADE' not found, attempting to create it
2025/03/08 16:08:37 [VERBOSE] (upload.go:1113) Folder 'BLITZ' not found, attempting to create it
2025/03/08 16:08:37 [VERBOSE] (upload.go:928) Uploading 05 BLITZ.MP3 to album folder (storage ID: 131073, folder ID: 16782743)
2025/03/08 16:08:37 [VERBOSE] (upload.go:1002) Successfully uploaded 05 BLITZ.MP3 (object ID: 16782744) to /MUSIC/BRO_SAFARI_TANK_PARADE/BLITZ/05 BLITZ.MP3
2025/03/08 16:08:37 [INFO] (upload.go:1019) Verifying file upload for 05 BLITZ.MP3 (ID: 16782744)
2025/03/08 16:08:37 [INFO] (upload.go:1028) Direct verification successful: 05 BLITZ.MP3 exists with correct size 4384700 bytes
2025/03/08 16:08:37 [VERBOSE] (upload.go:1108) Using existing folder: HEROBUST (ID: 16782739)
2025/03/08 16:08:37 [VERBOSE] (upload.go:1113) Folder 'BLOCKBUSTER_VIP' not found, attempting to create it
2025/03/08 16:08:37 [VERBOSE] (upload.go:928) Uploading 06 BLOCKBUSTER_VIP.MP3 to album folder (storage ID: 131073, folder ID: 16782745)
2025/03/08 16:08:38 [VERBOSE] (upload.go:1002) Successfully uploaded 06 BLOCKBUSTER_VIP.MP3 (object ID: 16782746) to /MUSIC/HEROBUST/BLOCKBUSTER_VIP/06 BLOCKBUSTER_VIP.MP3
2025/03/08 16:08:38 [INFO] (upload.go:1019) Verifying file upload for 06 BLOCKBUSTER_VIP.MP3 (ID: 16782746)
2025/03/08 16:08:38 [INFO] (upload.go:1028) Direct verification successful: 06 BLOCKBUSTER_VIP.MP3 exists with correct size 2716778 bytes
2025/03/08 16:08:38 [VERBOSE] (upload.go:1113) Folder 'RUSKO_SUBTRONICS' not found, attempting to create it
2025/03/08 16:08:38 [VERBOSE] (upload.go:1113) Folder 'BOUNCE' not found, attempting to create it
2025/03/08 16:08:38 [VERBOSE] (upload.go:928) Uploading 07 BOUNCE.MP3 to album folder (storage ID: 131073, folder ID: 16782748)
2025/03/08 16:08:38 [VERBOSE] (upload.go:1002) Successfully uploaded 07 BOUNCE.MP3 (object ID: 16782749) to /MUSIC/RUSKO_SUBTRONICS/BOUNCE/07 BOUNCE.MP3
2025/03/08 16:08:38 [INFO] (upload.go:1019) Verifying file upload for 07 BOUNCE.MP3 (ID: 16782749)
2025/03/08 16:08:38 [INFO] (upload.go:1028) Direct verification successful: 07 BOUNCE.MP3 exists with correct size 3197878 bytes
2025/03/08 16:08:38 [VERBOSE] (upload.go:1113) Folder '12TH_PLANET' not found, attempting to create it
2025/03/08 16:08:38 [VERBOSE] (upload.go:1113) Folder 'CLAIRVOYANT' not found, attempting to create it
2025/03/08 16:08:39 [VERBOSE] (upload.go:928) Uploading 08 CLAIRVOYANT.MP3 to album folder (storage ID: 131073, folder ID: 16782751)
2025/03/08 16:08:39 [VERBOSE] (upload.go:1002) Successfully uploaded 08 CLAIRVOYANT.MP3 (object ID: 16782752) to /MUSIC/12TH_PLANET/CLAIRVOYANT/08 CLAIRVOYANT.MP3
2025/03/08 16:08:39 [INFO] (upload.go:1019) Verifying file upload for 08 CLAIRVOYANT.MP3 (ID: 16782752)
2025/03/08 16:08:39 [INFO] (upload.go:1028) Direct verification successful: 08 CLAIRVOYANT.MP3 exists with correct size 2847009 bytes
2025/03/08 16:08:39 [VERBOSE] (upload.go:1113) Folder '4B_NVRLEFT' not found, attempting to create it
2025/03/08 16:08:39 [VERBOSE] (upload.go:1113) Folder 'DOPE' not found, attempting to create it
2025/03/08 16:08:39 [VERBOSE] (upload.go:928) Uploading 09 DOPE.MP3 to album folder (storage ID: 131073, folder ID: 16782754)
2025/03/08 16:08:40 [VERBOSE] (upload.go:1002) Successfully uploaded 09 DOPE.MP3 (object ID: 16782755) to /MUSIC/4B_NVRLEFT/DOPE/09 DOPE.MP3
2025/03/08 16:08:40 [INFO] (upload.go:1019) Verifying file upload for 09 DOPE.MP3 (ID: 16782755)
2025/03/08 16:08:40 [INFO] (upload.go:1028) Direct verification successful: 09 DOPE.MP3 exists with correct size 2730783 bytes
2025/03/08 16:08:40 [VERBOSE] (upload.go:1113) Folder 'RIOT' not found, attempting to create it
2025/03/08 16:08:40 [VERBOSE] (upload.go:1113) Folder 'DOWN_WITH_YOUR_LOVE' not found, attempting to create it
2025/03/08 16:08:40 [VERBOSE] (upload.go:928) Uploading 10 DOWN_WITH_YOUR_LOVE.MP3 to album folder (storage ID: 131073, folder ID: 16782757)
2025/03/08 16:08:40 [VERBOSE] (upload.go:1002) Successfully uploaded 10 DOWN_WITH_YOUR_LOVE.MP3 (object ID: 16782758) to /MUSIC/RIOT/DOWN_WITH_YOUR_LOVE/10 DOWN_WITH_YOUR_LOVE.MP3
2025/03/08 16:08:40 [INFO] (upload.go:1019) Verifying file upload for 10 DOWN_WITH_YOUR_LOVE.MP3 (ID: 16782758)
2025/03/08 16:08:40 [INFO] (upload.go:1028) Direct verification successful: 10 DOWN_WITH_YOUR_LOVE.MP3 exists with correct size 4797497 bytes
2025/03/08 16:08:40 [VERBOSE] (upload.go:1113) Folder 'BRAINRACK_EYEZIC_ALLEYCVT' not found, attempting to create it
2025/03/08 16:08:41 [VERBOSE] (upload.go:1113) Folder 'EYES_CLOSED' not found, attempting to create it
2025/03/08 16:08:41 [VERBOSE] (upload.go:928) Uploading 11 EYES_CLOSED.MP3 to album folder (storage ID: 131073, folder ID: 16782760)
2025/03/08 16:08:41 [VERBOSE] (upload.go:1002) Successfully uploaded 11 EYES_CLOSED.MP3 (object ID: 16782761) to /MUSIC/BRAINRACK_EYEZIC_ALLEYCVT/EYES_CLOSED/11 EYES_CLOSED.MP3
2025/03/08 16:08:41 [INFO] (upload.go:1019) Verifying file upload for 11 EYES_CLOSED.MP3 (ID: 16782761)
2025/03/08 16:08:41 [INFO] (upload.go:1028) Direct verification successful: 11 EYES_CLOSED.MP3 exists with correct size 3493297 bytes
2025/03/08 16:08:41 [VERBOSE] (upload.go:1108) Using existing folder: JAUZ (ID: 16782736)
2025/03/08 16:08:41 [VERBOSE] (upload.go:1113) Folder 'FEEL_THE_VOLUME' not found, attempting to create it
2025/03/08 16:08:41 [VERBOSE] (upload.go:928) Uploading 12 FEEL_THE_VOLUME.MP3 to album folder (storage ID: 131073, folder ID: 16782762)
2025/03/08 16:08:42 [VERBOSE] (upload.go:1002) Successfully uploaded 12 FEEL_THE_VOLUME.MP3 (object ID: 16782763) to /MUSIC/JAUZ/FEEL_THE_VOLUME/12 FEEL_THE_VOLUME.MP3
2025/03/08 16:08:42 [INFO] (upload.go:1019) Verifying file upload for 12 FEEL_THE_VOLUME.MP3 (ID: 16782763)
2025/03/08 16:08:42 [INFO] (upload.go:1028) Direct verification successful: 12 FEEL_THE_VOLUME.MP3 exists with correct size 3766959 bytes
2025/03/08 16:08:42 [VERBOSE] (upload.go:1113) Folder '12TH_PLANET_KATIE_SKY' not found, attempting to create it
2025/03/08 16:08:42 [VERBOSE] (upload.go:1113) Folder 'FOLLOW' not found, attempting to create it
2025/03/08 16:08:42 [VERBOSE] (upload.go:928) Uploading 13 FOLLOW.MP3 to album folder (storage ID: 131073, folder ID: 16782765)
2025/03/08 16:08:42 [VERBOSE] (upload.go:1002) Successfully uploaded 13 FOLLOW.MP3 (object ID: 16782766) to /MUSIC/12TH_PLANET_KATIE_SKY/FOLLOW/13 FOLLOW.MP3
2025/03/08 16:08:42 [INFO] (upload.go:1019) Verifying file upload for 13 FOLLOW.MP3 (ID: 16782766)
2025/03/08 16:08:42 [INFO] (upload.go:1028) Direct verification successful: 13 FOLLOW.MP3 exists with correct size 2911706 bytes
2025/03/08 16:08:43 [VERBOSE] (upload.go:1113) Folder 'BUKU_BASSNECTAR' not found, attempting to create it
2025/03/08 16:08:43 [VERBOSE] (upload.go:1113) Folder 'FRONT_TO_BACK_(BASSNECTAR_REMIX)' not found, attempting to create it
2025/03/08 16:08:43 [VERBOSE] (upload.go:928) Uploading 14 FRONT_TO_BACK_-_BASSNECTAR_REMIX.MP3 to album folder (storage ID: 131073, folder ID: 16782768)
2025/03/08 16:08:43 [VERBOSE] (upload.go:1002) Successfully uploaded 14 FRONT_TO_BACK_-_BASSNECTAR_REMIX.MP3 (object ID: 16782769) to /MUSIC/BUKU_BASSNECTAR/FRONT_TO_BACK_(BASSNECTAR_REMIX)/14 FRONT_TO_BACK_-_BASSNECTAR_REMIX.MP3
2025/03/08 16:08:43 [INFO] (upload.go:1019) Verifying file upload for 14 FRONT_TO_BACK_-_BASSNECTAR_REMIX.MP3 (ID: 16782769)
2025/03/08 16:08:43 [INFO] (upload.go:1028) Direct verification successful: 14 FRONT_TO_BACK_-_BASSNECTAR_REMIX.MP3 exists with correct size 3158589 bytes
2025/03/08 16:08:43 [VERBOSE] (upload.go:1113) Folder 'KNOCK2' not found, attempting to create it
2025/03/08 16:08:43 [VERBOSE] (upload.go:1113) Folder 'SABLE_VALLEY_SUMMER_VOL._1' not found, attempting to create it
2025/03/08 16:08:43 [VERBOSE] (upload.go:928) Uploading 15 GEMS.MP3 to album folder (storage ID: 131073, folder ID: 16782771)
2025/03/08 16:08:44 [VERBOSE] (upload.go:1002) Successfully uploaded 15 GEMS.MP3 (object ID: 16782772) to /MUSIC/KNOCK2/SABLE_VALLEY_SUMMER_VOL._1/15 GEMS.MP3
2025/03/08 16:08:44 [INFO] (upload.go:1019) Verifying file upload for 15 GEMS.MP3 (ID: 16782772)
2025/03/08 16:08:44 [INFO] (upload.go:1028) Direct verification successful: 15 GEMS.MP3 exists with correct size 3556564 bytes
2025/03/08 16:08:44 [VERBOSE] (upload.go:1108) Using existing folder: JAUZ (ID: 16782736)
2025/03/08 16:08:44 [VERBOSE] (upload.go:1113) Folder 'GET_TO_ME' not found, attempting to create it
2025/03/08 16:08:44 [VERBOSE] (upload.go:928) Uploading 16 GET_TO_ME.MP3 to album folder (storage ID: 131073, folder ID: 16782773)
2025/03/08 16:08:44 [VERBOSE] (upload.go:1002) Successfully uploaded 16 GET_TO_ME.MP3 (object ID: 16782774) to /MUSIC/JAUZ/GET_TO_ME/16 GET_TO_ME.MP3
2025/03/08 16:08:44 [INFO] (upload.go:1019) Verifying file upload for 16 GET_TO_ME.MP3 (ID: 16782774)
2025/03/08 16:08:44 [INFO] (upload.go:1028) Direct verification successful: 16 GET_TO_ME.MP3 exists with correct size 4214562 bytes
2025/03/08 16:08:44 [VERBOSE] (upload.go:1113) Folder 'DEADMAU5_ROB_SWIRE_JAUZ' not found, attempting to create it
2025/03/08 16:08:45 [VERBOSE] (upload.go:1113) Folder 'GHOSTS_'N'_STUFF_(JAUZ_REMIX)' not found, attempting to create it
2025/03/08 16:08:45 [VERBOSE] (upload.go:928) Uploading 17 GHOSTS_'N'_STUFF_-_JAUZ_REMIX.MP3 to album folder (storage ID: 131073, folder ID: 16782776)
2025/03/08 16:08:45 [VERBOSE] (upload.go:1002) Successfully uploaded 17 GHOSTS_'N'_STUFF_-_JAUZ_REMIX.MP3 (object ID: 16782777) to /MUSIC/DEADMAU5_ROB_SWIRE_JAUZ/GHOSTS_'N'_STUFF_(JAUZ_REMIX)/17 GHOSTS_'N'_STUFF_-_JAUZ_REMIX.MP3
2025/03/08 16:08:45 [INFO] (upload.go:1019) Verifying file upload for 17 GHOSTS_'N'_STUFF_-_JAUZ_REMIX.MP3 (ID: 16782777)
2025/03/08 16:08:45 [INFO] (upload.go:1028) Direct verification successful: 17 GHOSTS_'N'_STUFF_-_JAUZ_REMIX.MP3 exists with correct size 3739538 bytes
2025/03/08 16:08:45 [VERBOSE] (sanitize.go:238) Formatted playlist path to: 0:/MUSIC/JOYRYDE_SKRILLEX/AGEN_WIDA/01 AGEN_WIDA.MP3
2025/03/08 16:08:45 [VERBOSE] (upload.go:298) Added to playlist: 0:/MUSIC/JOYRYDE_SKRILLEX/AGEN_WIDA/01 AGEN_WIDA.MP3 -> JOYRYDE SKRILLEX - 01 AGEN WIDA
2025/03/08 16:08:45 [VERBOSE] (sanitize.go:238) Formatted playlist path to: 0:/MUSIC/ISOXO_KNOCK2/NITEHARTS/02 AARENA_(KNOCK2_REMIX).MP3
2025/03/08 16:08:45 [VERBOSE] (upload.go:298) Added to playlist: 0:/MUSIC/ISOXO_KNOCK2/NITEHARTS/02 AARENA_(KNOCK2_REMIX).MP3 -> ISOXO KNOCK2 - 02 AARENA (KNOCK2 REMIX)
2025/03/08 16:08:45 [VERBOSE] (sanitize.go:238) Formatted playlist path to: 0:/MUSIC/JAUZ/ALPHA/03 ALPHA.MP3
2025/03/08 16:08:45 [VERBOSE] (upload.go:298) Added to playlist: 0:/MUSIC/JAUZ/ALPHA/03 ALPHA.MP3 -> JAUZ - 03 ALPHA
2025/03/08 16:08:45 [VERBOSE] (sanitize.go:238) Formatted playlist path to: 0:/MUSIC/HEROBUST/BRUH_!/04 BRUH!.MP3
2025/03/08 16:08:45 [VERBOSE] (upload.go:298) Added to playlist: 0:/MUSIC/HEROBUST/BRUH_!/04 BRUH!.MP3 -> HEROBUST - 04 BRUH!
2025/03/08 16:08:45 [VERBOSE] (sanitize.go:238) Formatted playlist path to: 0:/MUSIC/BRO_SAFARI_TANK_PARADE/BLITZ/05 BLITZ.MP3
2025/03/08 16:08:45 [VERBOSE] (upload.go:298) Added to playlist: 0:/MUSIC/BRO_SAFARI_TANK_PARADE/BLITZ/05 BLITZ.MP3 -> BRO SAFARI TANK PARADE - 05 BLITZ
2025/03/08 16:08:45 [VERBOSE] (sanitize.go:238) Formatted playlist path to: 0:/MUSIC/HEROBUST/BLOCKBUSTER_VIP/06 BLOCKBUSTER_VIP.MP3
2025/03/08 16:08:45 [VERBOSE] (upload.go:298) Added to playlist: 0:/MUSIC/HEROBUST/BLOCKBUSTER_VIP/06 BLOCKBUSTER_VIP.MP3 -> HEROBUST - 06 BLOCKBUSTER VIP
2025/03/08 16:08:45 [VERBOSE] (sanitize.go:238) Formatted playlist path to: 0:/MUSIC/RUSKO_SUBTRONICS/BOUNCE/07 BOUNCE.MP3
2025/03/08 16:08:45 [VERBOSE] (upload.go:298) Added to playlist: 0:/MUSIC/RUSKO_SUBTRONICS/BOUNCE/07 BOUNCE.MP3 -> RUSKO SUBTRONICS - 07 BOUNCE
2025/03/08 16:08:45 [VERBOSE] (sanitize.go:238) Formatted playlist path to: 0:/MUSIC/12TH_PLANET/CLAIRVOYANT/08 CLAIRVOYANT.MP3
2025/03/08 16:08:45 [VERBOSE] (upload.go:298) Added to playlist: 0:/MUSIC/12TH_PLANET/CLAIRVOYANT/08 CLAIRVOYANT.MP3 -> 12TH PLANET - 08 CLAIRVOYANT
2025/03/08 16:08:45 [VERBOSE] (sanitize.go:238) Formatted playlist path to: 0:/MUSIC/4B_NVRLEFT/DOPE/09 DOPE.MP3
2025/03/08 16:08:45 [VERBOSE] (upload.go:298) Added to playlist: 0:/MUSIC/4B_NVRLEFT/DOPE/09 DOPE.MP3 -> 4B NVRLEFT - 09 DOPE
2025/03/08 16:08:45 [VERBOSE] (sanitize.go:238) Formatted playlist path to: 0:/MUSIC/RIOT/DOWN_WITH_YOUR_LOVE/10 DOWN_WITH_YOUR_LOVE.MP3
2025/03/08 16:08:45 [VERBOSE] (upload.go:298) Added to playlist: 0:/MUSIC/RIOT/DOWN_WITH_YOUR_LOVE/10 DOWN_WITH_YOUR_LOVE.MP3 -> RIOT - 10 DOWN WITH YOUR LOVE
2025/03/08 16:08:45 [VERBOSE] (sanitize.go:238) Formatted playlist path to: 0:/MUSIC/BRAINRACK_EYEZIC_ALLEYCVT/EYES_CLOSED/11 EYES_CLOSED.MP3
2025/03/08 16:08:45 [VERBOSE] (upload.go:298) Added to playlist: 0:/MUSIC/BRAINRACK_EYEZIC_ALLEYCVT/EYES_CLOSED/11 EYES_CLOSED.MP3 -> BRAINRACK EYEZIC ALLEYCVT - 11 EYES CLOSED
2025/03/08 16:08:45 [VERBOSE] (sanitize.go:238) Formatted playlist path to: 0:/MUSIC/JAUZ/FEEL_THE_VOLUME/12 FEEL_THE_VOLUME.MP3
2025/03/08 16:08:45 [VERBOSE] (upload.go:298) Added to playlist: 0:/MUSIC/JAUZ/FEEL_THE_VOLUME/12 FEEL_THE_VOLUME.MP3 -> JAUZ - 12 FEEL THE VOLUME
2025/03/08 16:08:45 [VERBOSE] (sanitize.go:238) Formatted playlist path to: 0:/MUSIC/12TH_PLANET_KATIE_SKY/FOLLOW/13 FOLLOW.MP3
2025/03/08 16:08:45 [VERBOSE] (upload.go:298) Added to playlist: 0:/MUSIC/12TH_PLANET_KATIE_SKY/FOLLOW/13 FOLLOW.MP3 -> 12TH PLANET KATIE SKY - 13 FOLLOW
2025/03/08 16:08:45 [VERBOSE] (sanitize.go:238) Formatted playlist path to: 0:/MUSIC/BUKU_BASSNECTAR/FRONT_TO_BACK_(BASSNECTAR_REMIX)/14 FRONT_TO_BACK_-_BASSNECTAR_REMIX.MP3
2025/03/08 16:08:45 [VERBOSE] (upload.go:298) Added to playlist: 0:/MUSIC/BUKU_BASSNECTAR/FRONT_TO_BACK_(BASSNECTAR_REMIX)/14 FRONT_TO_BACK_-_BASSNECTAR_REMIX.MP3 -> BUKU BASSNECTAR - 14 FRONT TO BACK - BASSNECTAR REMIX
2025/03/08 16:08:45 [VERBOSE] (sanitize.go:238) Formatted playlist path to: 0:/MUSIC/KNOCK2/SABLE_VALLEY_SUMMER_VOL._1/15 GEMS.MP3
2025/03/08 16:08:45 [VERBOSE] (upload.go:298) Added to playlist: 0:/MUSIC/KNOCK2/SABLE_VALLEY_SUMMER_VOL._1/15 GEMS.MP3 -> KNOCK2 - 15 GEMS
2025/03/08 16:08:45 [VERBOSE] (sanitize.go:238) Formatted playlist path to: 0:/MUSIC/JAUZ/GET_TO_ME/16 GET_TO_ME.MP3
2025/03/08 16:08:45 [VERBOSE] (upload.go:298) Added to playlist: 0:/MUSIC/JAUZ/GET_TO_ME/16 GET_TO_ME.MP3 -> JAUZ - 16 GET TO ME
2025/03/08 16:08:45 [VERBOSE] (sanitize.go:238) Formatted playlist path to: 0:/MUSIC/DEADMAU5_ROB_SWIRE_JAUZ/GHOSTS_'N'_STUFF_(JAUZ_REMIX)/17 GHOSTS_'N'_STUFF_-_JAUZ_REMIX.MP3
2025/03/08 16:08:45 [VERBOSE] (upload.go:298) Added to playlist: 0:/MUSIC/DEADMAU5_ROB_SWIRE_JAUZ/GHOSTS_'N'_STUFF_(JAUZ_REMIX)/17 GHOSTS_'N'_STUFF_-_JAUZ_REMIX.MP3 -> DEADMAU5 ROB SWIRE JAUZ - 17 GHOSTS 'N' STUFF - JAUZ REMIX
2025/03/08 16:08:45 [VERBOSE] (upload.go:302) Full playlist content:
#EXTM3U
#EXTINF:-1,JOYRYDE SKRILLEX - 01 AGEN WIDA
0:/MUSIC/JOYRYDE_SKRILLEX/AGEN_WIDA/01 AGEN_WIDA.MP3
#EXTINF:-1,ISOXO KNOCK2 - 02 AARENA (KNOCK2 REMIX)
0:/MUSIC/ISOXO_KNOCK2/NITEHARTS/02 AARENA_(KNOCK2_REMIX).MP3
#EXTINF:-1,JAUZ - 03 ALPHA
0:/MUSIC/JAUZ/ALPHA/03 ALPHA.MP3
#EXTINF:-1,HEROBUST - 04 BRUH!
0:/MUSIC/HEROBUST/BRUH_!/04 BRUH!.MP3
#EXTINF:-1,BRO SAFARI TANK PARADE - 05 BLITZ
0:/MUSIC/BRO_SAFARI_TANK_PARADE/BLITZ/05 BLITZ.MP3
#EXTINF:-1,HEROBUST - 06 BLOCKBUSTER VIP
0:/MUSIC/HEROBUST/BLOCKBUSTER_VIP/06 BLOCKBUSTER_VIP.MP3
#EXTINF:-1,RUSKO SUBTRONICS - 07 BOUNCE
0:/MUSIC/RUSKO_SUBTRONICS/BOUNCE/07 BOUNCE.MP3
#EXTINF:-1,12TH PLANET - 08 CLAIRVOYANT
0:/MUSIC/12TH_PLANET/CLAIRVOYANT/08 CLAIRVOYANT.MP3
#EXTINF:-1,4B NVRLEFT - 09 DOPE
0:/MUSIC/4B_NVRLEFT/DOPE/09 DOPE.MP3
#EXTINF:-1,RIOT - 10 DOWN WITH YOUR LOVE
0:/MUSIC/RIOT/DOWN_WITH_YOUR_LOVE/10 DOWN_WITH_YOUR_LOVE.MP3
#EXTINF:-1,BRAINRACK EYEZIC ALLEYCVT - 11 EYES CLOSED
0:/MUSIC/BRAINRACK_EYEZIC_ALLEYCVT/EYES_CLOSED/11 EYES_CLOSED.MP3
#EXTINF:-1,JAUZ - 12 FEEL THE VOLUME
0:/MUSIC/JAUZ/FEEL_THE_VOLUME/12 FEEL_THE_VOLUME.MP3
#EXTINF:-1,12TH PLANET KATIE SKY - 13 FOLLOW
0:/MUSIC/12TH_PLANET_KATIE_SKY/FOLLOW/13 FOLLOW.MP3
#EXTINF:-1,BUKU BASSNECTAR - 14 FRONT TO BACK - BASSNECTAR REMIX
0:/MUSIC/BUKU_BASSNECTAR/FRONT_TO_BACK_(BASSNECTAR_REMIX)/14 FRONT_TO_BACK_-_BASSNECTAR_REMIX.MP3
#EXTINF:-1,KNOCK2 - 15 GEMS
0:/MUSIC/KNOCK2/SABLE_VALLEY_SUMMER_VOL._1/15 GEMS.MP3
#EXTINF:-1,JAUZ - 16 GET TO ME
0:/MUSIC/JAUZ/GET_TO_ME/16 GET_TO_ME.MP3
#EXTINF:-1,DEADMAU5 ROB SWIRE JAUZ - 17 GHOSTS 'N' STUFF - JAUZ REMIX
0:/MUSIC/DEADMAU5_ROB_SWIRE_JAUZ/GHOSTS_'N'_STUFF_(JAUZ_REMIX)/17 GHOSTS_'N'_STUFF_-_JAUZ_REMIX.MP3
2025/03/08 16:08:45 [INFO] (upload.go:381) Successfully created and uploaded playlist WORKINGJAUZ.m3u8 (object ID: 16782778) with 17 songs
2025/03/08 16:08:45 [INFO] (upload.go:613) Verifying playlist upload for WORKINGJAUZ.m3u8
2025/03/08 16:08:45 [INFO] (upload.go:637) Playlist verification: Found playlist WORKINGJAUZ.m3u8 directly in parent folder (ID: 16782778)
2025/03/08 16:08:45 [INFO] (upload.go:694) Attempting to read content of playlist WORKINGJAUZ.m3u8 (ID: 16782778)
2025/03/08 16:08:47 [INFO] (list.go:680) Searching for playlists...
2025/03/08 16:08:47 [INFO] (list.go:699) Searching storage #1:  (ID: 131073)
2025/03/08 16:08:47 [INFO] (list.go:468) Searching for playlists in both /MUSIC and /Music directories
2025/03/08 16:08:47 [VERBOSE] (list.go:507) Found playlist: /Music/SICKATHON.m3u8 (ID: 16782729, Format: 47621)
2025/03/08 16:08:47 [VERBOSE] (list.go:507) Found playlist: /Music/WORKINGJAUZ.m3u8 (ID: 16782778, Format: 47621)
2025/03/08 16:08:47 [INFO] (list.go:512) Playlists found in /Music: 2
2025/03/08 16:08:47 [INFO] (list.go:515) Total playlists found: 2
2025/03/08 16:08:47 [INFO] (list.go:709) Found 2 playlists in storage #1
2025/03/08 16:08:47 [VERBOSE] (list.go:180) Normalized path for lookup: /Music/SICKATHON.m3u8
2025/03/08 16:08:47 [VERBOSE] (list.go:295) Trying path variation: /Music/SICKATHON.m3u8
2025/03/08 16:08:47 [VERBOSE] (list.go:335) Found object: SICKATHON.m3u8 (ID: 16782729)
2025/03/08 16:08:47 [VERBOSE] (list.go:185) Found object by path: /Music/SICKATHON.m3u8 (ID: 16782729)
2025/03/08 16:08:47 [VERBOSE] (list.go:180) Normalized path for lookup: /Music/WORKINGJAUZ.m3u8
2025/03/08 16:08:47 [VERBOSE] (list.go:295) Trying path variation: /Music/WORKINGJAUZ.m3u8
2025/03/08 16:08:47 [VERBOSE] (list.go:335) Found object: WORKINGJAUZ.m3u8 (ID: 16782778)
2025/03/08 16:08:47 [VERBOSE] (list.go:185) Found object by path: /Music/WORKINGJAUZ.m3u8 (ID: 16782778)
2025/03/08 16:08:47 [INFO] (list.go:732) Total playlists found across all storages: 2
2025/03/08 16:09:01 [INFO] (list.go:680) Searching for playlists...
2025/03/08 16:09:01 [INFO] (list.go:699) Searching storage #1:  (ID: 131073)
2025/03/08 16:09:01 [INFO] (list.go:468) Searching for playlists in both /MUSIC and /Music directories
2025/03/08 16:09:01 [VERBOSE] (list.go:507) Found playlist: /Music/SICKATHON.m3u8 (ID: 16782729, Format: 47621)
2025/03/08 16:09:01 [VERBOSE] (list.go:507) Found playlist: /Music/WORKINGJAUZ.m3u8 (ID: 16782778, Format: 47621)
2025/03/08 16:09:01 [INFO] (list.go:512) Playlists found in /Music: 2
2025/03/08 16:09:01 [INFO] (list.go:515) Total playlists found: 2
2025/03/08 16:09:01 [INFO] (list.go:709) Found 2 playlists in storage #1
2025/03/08 16:09:01 [VERBOSE] (list.go:180) Normalized path for lookup: /Music/SICKATHON.m3u8
2025/03/08 16:09:01 [VERBOSE] (list.go:295) Trying path variation: /Music/SICKATHON.m3u8
2025/03/08 16:09:01 [VERBOSE] (list.go:335) Found object: SICKATHON.m3u8 (ID: 16782729)
2025/03/08 16:09:01 [VERBOSE] (list.go:185) Found object by path: /Music/SICKATHON.m3u8 (ID: 16782729)
2025/03/08 16:09:01 [VERBOSE] (list.go:180) Normalized path for lookup: /Music/WORKINGJAUZ.m3u8
2025/03/08 16:09:01 [VERBOSE] (list.go:295) Trying path variation: /Music/WORKINGJAUZ.m3u8
2025/03/08 16:09:02 [VERBOSE] (list.go:335) Found object: WORKINGJAUZ.m3u8 (ID: 16782778)
2025/03/08 16:09:02 [VERBOSE] (list.go:185) Found object by path: /Music/WORKINGJAUZ.m3u8 (ID: 16782778)
2025/03/08 16:09:02 [INFO] (list.go:732) Total playlists found across all storages: 2
2025/03/08 16:09:05 [VERBOSE] (list.go:522) Starting playlist deletion operation for WORKINGJAUZ.M3U8
2025/03/08 16:09:05 [INFO] (list.go:680) Searching for playlists...
2025/03/08 16:09:05 [INFO] (list.go:699) Searching storage #1:  (ID: 131073)
2025/03/08 16:09:05 [INFO] (list.go:468) Searching for playlists in both /MUSIC and /Music directories
2025/03/08 16:09:05 [VERBOSE] (list.go:507) Found playlist: /Music/SICKATHON.m3u8 (ID: 16782729, Format: 47621)
2025/03/08 16:09:05 [VERBOSE] (list.go:507) Found playlist: /Music/WORKINGJAUZ.m3u8 (ID: 16782778, Format: 47621)
2025/03/08 16:09:05 [INFO] (list.go:512) Playlists found in /Music: 2
2025/03/08 16:09:05 [INFO] (list.go:515) Total playlists found: 2
2025/03/08 16:09:05 [INFO] (list.go:709) Found 2 playlists in storage #1
2025/03/08 16:09:05 [VERBOSE] (list.go:180) Normalized path for lookup: /Music/SICKATHON.m3u8
2025/03/08 16:09:05 [VERBOSE] (list.go:295) Trying path variation: /Music/SICKATHON.m3u8
2025/03/08 16:09:05 [VERBOSE] (list.go:335) Found object: SICKATHON.m3u8 (ID: 16782729)
2025/03/08 16:09:05 [VERBOSE] (list.go:185) Found object by path: /Music/SICKATHON.m3u8 (ID: 16782729)
2025/03/08 16:09:05 [VERBOSE] (list.go:180) Normalized path for lookup: /Music/WORKINGJAUZ.m3u8
2025/03/08 16:09:05 [VERBOSE] (list.go:295) Trying path variation: /Music/WORKINGJAUZ.m3u8
2025/03/08 16:09:05 [VERBOSE] (list.go:335) Found object: WORKINGJAUZ.m3u8 (ID: 16782778)
2025/03/08 16:09:05 [VERBOSE] (list.go:185) Found object by path: /Music/WORKINGJAUZ.m3u8 (ID: 16782778)
2025/03/08 16:09:05 [INFO] (list.go:732) Total playlists found across all storages: 2
2025/03/08 16:09:05 [VERBOSE] (list.go:530) Playlist: SICKATHON.m3u8
2025/03/08 16:09:05 [VERBOSE] (list.go:530) Playlist: WORKINGJAUZ.m3u8
2025/03/08 16:09:05 [INFO] (list.go:551) Playlist contains 17 songs
2025/03/08 16:09:05 [VERBOSE] (list.go:569) Original song path: 0:/MUSIC/JOYRYDE_SKRILLEX/AGEN_WIDA/01 AGEN_WIDA.MP3
2025/03/08 16:09:05 [VERBOSE] (list.go:570) Normalized song path: /Music/JOYRYDE_SKRILLEX/AGEN_WIDA/01 AGEN_WIDA.MP3
2025/03/08 16:09:05 [VERBOSE] (list.go:572) Deleting song: /Music/JOYRYDE_SKRILLEX/AGEN_WIDA/01 AGEN_WIDA.MP3
2025/03/08 16:09:05 [VERBOSE] (list.go:180) Normalized path for lookup: /Music/JOYRYDE_SKRILLEX/AGEN_WIDA/01 AGEN_WIDA.MP3
2025/03/08 16:09:05 [VERBOSE] (list.go:295) Trying path variation: /Music/JOYRYDE_SKRILLEX/AGEN_WIDA/01 AGEN_WIDA.MP3
2025/03/08 16:09:05 [VERBOSE] (list.go:335) Found object: 01 AGEN_WIDA.MP3 (ID: 16782732)
2025/03/08 16:09:05 [VERBOSE] (list.go:185) Found object by path: /Music/JOYRYDE_SKRILLEX/AGEN_WIDA/01 AGEN_WIDA.MP3 (ID: 16782732)
2025/03/08 16:09:05 [INFO] (list.go:585) Deleted song: /Music/JOYRYDE_SKRILLEX/AGEN_WIDA/01 AGEN_WIDA.MP3 (ID: 16782732)
2025/03/08 16:09:05 [VERBOSE] (list.go:569) Original song path: 0:/MUSIC/ISOXO_KNOCK2/NITEHARTS/02 AARENA_(KNOCK2_REMIX).MP3
2025/03/08 16:09:05 [VERBOSE] (list.go:570) Normalized song path: /Music/ISOXO_KNOCK2/NITEHARTS/02 AARENA_(KNOCK2_REMIX).MP3
2025/03/08 16:09:05 [VERBOSE] (list.go:572) Deleting song: /Music/ISOXO_KNOCK2/NITEHARTS/02 AARENA_(KNOCK2_REMIX).MP3
2025/03/08 16:09:05 [VERBOSE] (list.go:180) Normalized path for lookup: /Music/ISOXO_KNOCK2/NITEHARTS/02 AARENA_(KNOCK2_REMIX).MP3
2025/03/08 16:09:05 [VERBOSE] (list.go:295) Trying path variation: /Music/ISOXO_KNOCK2/NITEHARTS/02 AARENA_(KNOCK2_REMIX).MP3
2025/03/08 16:09:06 [VERBOSE] (list.go:335) Found object: 02 AARENA_(KNOCK2_REMIX).MP3 (ID: 16782735)
2025/03/08 16:09:06 [VERBOSE] (list.go:185) Found object by path: /Music/ISOXO_KNOCK2/NITEHARTS/02 AARENA_(KNOCK2_REMIX).MP3 (ID: 16782735)
2025/03/08 16:09:06 [INFO] (list.go:585) Deleted song: /Music/ISOXO_KNOCK2/NITEHARTS/02 AARENA_(KNOCK2_REMIX).MP3 (ID: 16782735)
2025/03/08 16:09:06 [VERBOSE] (list.go:569) Original song path: 0:/MUSIC/JAUZ/ALPHA/03 ALPHA.MP3
2025/03/08 16:09:06 [VERBOSE] (list.go:570) Normalized song path: /Music/JAUZ/ALPHA/03 ALPHA.MP3
2025/03/08 16:09:06 [VERBOSE] (list.go:572) Deleting song: /Music/JAUZ/ALPHA/03 ALPHA.MP3
2025/03/08 16:09:06 [VERBOSE] (list.go:180) Normalized path for lookup: /Music/JAUZ/ALPHA/03 ALPHA.MP3
2025/03/08 16:09:06 [VERBOSE] (list.go:295) Trying path variation: /Music/JAUZ/ALPHA/03 ALPHA.MP3
2025/03/08 16:09:06 [VERBOSE] (list.go:335) Found object: 03 ALPHA.MP3 (ID: 16782738)
2025/03/08 16:09:06 [VERBOSE] (list.go:185) Found object by path: /Music/JAUZ/ALPHA/03 ALPHA.MP3 (ID: 16782738)
2025/03/08 16:09:06 [INFO] (list.go:585) Deleted song: /Music/JAUZ/ALPHA/03 ALPHA.MP3 (ID: 16782738)
2025/03/08 16:09:06 [VERBOSE] (list.go:569) Original song path: 0:/MUSIC/HEROBUST/BRUH_!/04 BRUH!.MP3
2025/03/08 16:09:06 [VERBOSE] (list.go:570) Normalized song path: /Music/HEROBUST/BRUH_!/04 BRUH!.MP3
2025/03/08 16:09:06 [VERBOSE] (list.go:572) Deleting song: /Music/HEROBUST/BRUH_!/04 BRUH!.MP3
2025/03/08 16:09:06 [VERBOSE] (list.go:180) Normalized path for lookup: /Music/HEROBUST/BRUH_!/04 BRUH!.MP3
2025/03/08 16:09:06 [VERBOSE] (list.go:295) Trying path variation: /Music/HEROBUST/BRUH_!/04 BRUH!.MP3
2025/03/08 16:09:06 [VERBOSE] (list.go:335) Found object: 04 BRUH!.MP3 (ID: 16782741)
2025/03/08 16:09:06 [VERBOSE] (list.go:185) Found object by path: /Music/HEROBUST/BRUH_!/04 BRUH!.MP3 (ID: 16782741)
2025/03/08 16:09:06 [INFO] (list.go:585) Deleted song: /Music/HEROBUST/BRUH_!/04 BRUH!.MP3 (ID: 16782741)
2025/03/08 16:09:06 [VERBOSE] (list.go:569) Original song path: 0:/MUSIC/BRO_SAFARI_TANK_PARADE/BLITZ/05 BLITZ.MP3
2025/03/08 16:09:06 [VERBOSE] (list.go:570) Normalized song path: /Music/BRO_SAFARI_TANK_PARADE/BLITZ/05 BLITZ.MP3
2025/03/08 16:09:06 [VERBOSE] (list.go:572) Deleting song: /Music/BRO_SAFARI_TANK_PARADE/BLITZ/05 BLITZ.MP3
2025/03/08 16:09:06 [VERBOSE] (list.go:180) Normalized path for lookup: /Music/BRO_SAFARI_TANK_PARADE/BLITZ/05 BLITZ.MP3
2025/03/08 16:09:06 [VERBOSE] (list.go:295) Trying path variation: /Music/BRO_SAFARI_TANK_PARADE/BLITZ/05 BLITZ.MP3
2025/03/08 16:09:07 [VERBOSE] (list.go:335) Found object: 05 BLITZ.MP3 (ID: 16782744)
2025/03/08 16:09:07 [VERBOSE] (list.go:185) Found object by path: /Music/BRO_SAFARI_TANK_PARADE/BLITZ/05 BLITZ.MP3 (ID: 16782744)
2025/03/08 16:09:07 [INFO] (list.go:585) Deleted song: /Music/BRO_SAFARI_TANK_PARADE/BLITZ/05 BLITZ.MP3 (ID: 16782744)
2025/03/08 16:09:07 [VERBOSE] (list.go:569) Original song path: 0:/MUSIC/HEROBUST/BLOCKBUSTER_VIP/06 BLOCKBUSTER_VIP.MP3
2025/03/08 16:09:07 [VERBOSE] (list.go:570) Normalized song path: /Music/HEROBUST/BLOCKBUSTER_VIP/06 BLOCKBUSTER_VIP.MP3
2025/03/08 16:09:07 [VERBOSE] (list.go:572) Deleting song: /Music/HEROBUST/BLOCKBUSTER_VIP/06 BLOCKBUSTER_VIP.MP3
2025/03/08 16:09:07 [VERBOSE] (list.go:180) Normalized path for lookup: /Music/HEROBUST/BLOCKBUSTER_VIP/06 BLOCKBUSTER_VIP.MP3
2025/03/08 16:09:07 [VERBOSE] (list.go:295) Trying path variation: /Music/HEROBUST/BLOCKBUSTER_VIP/06 BLOCKBUSTER_VIP.MP3
2025/03/08 16:09:07 [VERBOSE] (list.go:335) Found object: 06 BLOCKBUSTER_VIP.MP3 (ID: 16782746)
2025/03/08 16:09:07 [VERBOSE] (list.go:185) Found object by path: /Music/HEROBUST/BLOCKBUSTER_VIP/06 BLOCKBUSTER_VIP.MP3 (ID: 16782746)
2025/03/08 16:09:07 [INFO] (list.go:585) Deleted song: /Music/HEROBUST/BLOCKBUSTER_VIP/06 BLOCKBUSTER_VIP.MP3 (ID: 16782746)
2025/03/08 16:09:07 [VERBOSE] (list.go:569) Original song path: 0:/MUSIC/RUSKO_SUBTRONICS/BOUNCE/07 BOUNCE.MP3
2025/03/08 16:09:07 [VERBOSE] (list.go:570) Normalized song path: /Music/RUSKO_SUBTRONICS/BOUNCE/07 BOUNCE.MP3
2025/03/08 16:09:07 [VERBOSE] (list.go:572) Deleting song: /Music/RUSKO_SUBTRONICS/BOUNCE/07 BOUNCE.MP3
2025/03/08 16:09:07 [VERBOSE] (list.go:180) Normalized path for lookup: /Music/RUSKO_SUBTRONICS/BOUNCE/07 BOUNCE.MP3
2025/03/08 16:09:07 [VERBOSE] (list.go:295) Trying path variation: /Music/RUSKO_SUBTRONICS/BOUNCE/07 BOUNCE.MP3
2025/03/08 16:09:07 [VERBOSE] (list.go:335) Found object: 07 BOUNCE.MP3 (ID: 16782749)
2025/03/08 16:09:07 [VERBOSE] (list.go:185) Found object by path: /Music/RUSKO_SUBTRONICS/BOUNCE/07 BOUNCE.MP3 (ID: 16782749)
2025/03/08 16:09:07 [INFO] (list.go:585) Deleted song: /Music/RUSKO_SUBTRONICS/BOUNCE/07 BOUNCE.MP3 (ID: 16782749)
2025/03/08 16:09:07 [VERBOSE] (list.go:569) Original song path: 0:/MUSIC/12TH_PLANET/CLAIRVOYANT/08 CLAIRVOYANT.MP3
2025/03/08 16:09:07 [VERBOSE] (list.go:570) Normalized song path: /Music/12TH_PLANET/CLAIRVOYANT/08 CLAIRVOYANT.MP3
2025/03/08 16:09:07 [VERBOSE] (list.go:572) Deleting song: /Music/12TH_PLANET/CLAIRVOYANT/08 CLAIRVOYANT.MP3
2025/03/08 16:09:07 [VERBOSE] (list.go:180) Normalized path for lookup: /Music/12TH_PLANET/CLAIRVOYANT/08 CLAIRVOYANT.MP3
2025/03/08 16:09:07 [VERBOSE] (list.go:295) Trying path variation: /Music/12TH_PLANET/CLAIRVOYANT/08 CLAIRVOYANT.MP3
2025/03/08 16:09:08 [VERBOSE] (list.go:335) Found object: 08 CLAIRVOYANT.MP3 (ID: 16782752)
2025/03/08 16:09:08 [VERBOSE] (list.go:185) Found object by path: /Music/12TH_PLANET/CLAIRVOYANT/08 CLAIRVOYANT.MP3 (ID: 16782752)
2025/03/08 16:09:08 [INFO] (list.go:585) Deleted song: /Music/12TH_PLANET/CLAIRVOYANT/08 CLAIRVOYANT.MP3 (ID: 16782752)
2025/03/08 16:09:08 [VERBOSE] (list.go:569) Original song path: 0:/MUSIC/4B_NVRLEFT/DOPE/09 DOPE.MP3
2025/03/08 16:09:08 [VERBOSE] (list.go:570) Normalized song path: /Music/4B_NVRLEFT/DOPE/09 DOPE.MP3
2025/03/08 16:09:08 [VERBOSE] (list.go:572) Deleting song: /Music/4B_NVRLEFT/DOPE/09 DOPE.MP3
2025/03/08 16:09:08 [VERBOSE] (list.go:180) Normalized path for lookup: /Music/4B_NVRLEFT/DOPE/09 DOPE.MP3
2025/03/08 16:09:08 [VERBOSE] (list.go:295) Trying path variation: /Music/4B_NVRLEFT/DOPE/09 DOPE.MP3
2025/03/08 16:09:08 [VERBOSE] (list.go:335) Found object: 09 DOPE.MP3 (ID: 16782755)
2025/03/08 16:09:08 [VERBOSE] (list.go:185) Found object by path: /Music/4B_NVRLEFT/DOPE/09 DOPE.MP3 (ID: 16782755)
2025/03/08 16:09:08 [INFO] (list.go:585) Deleted song: /Music/4B_NVRLEFT/DOPE/09 DOPE.MP3 (ID: 16782755)
2025/03/08 16:09:08 [VERBOSE] (list.go:569) Original song path: 0:/MUSIC/RIOT/DOWN_WITH_YOUR_LOVE/10 DOWN_WITH_YOUR_LOVE.MP3
2025/03/08 16:09:08 [VERBOSE] (list.go:570) Normalized song path: /Music/RIOT/DOWN_WITH_YOUR_LOVE/10 DOWN_WITH_YOUR_LOVE.MP3
2025/03/08 16:09:08 [VERBOSE] (list.go:572) Deleting song: /Music/RIOT/DOWN_WITH_YOUR_LOVE/10 DOWN_WITH_YOUR_LOVE.MP3
2025/03/08 16:09:08 [VERBOSE] (list.go:180) Normalized path for lookup: /Music/RIOT/DOWN_WITH_YOUR_LOVE/10 DOWN_WITH_YOUR_LOVE.MP3
2025/03/08 16:09:08 [VERBOSE] (list.go:295) Trying path variation: /Music/RIOT/DOWN_WITH_YOUR_LOVE/10 DOWN_WITH_YOUR_LOVE.MP3
2025/03/08 16:09:08 [VERBOSE] (list.go:335) Found object: 10 DOWN_WITH_YOUR_LOVE.MP3 (ID: 16782758)
2025/03/08 16:09:08 [VERBOSE] (list.go:185) Found object by path: /Music/RIOT/DOWN_WITH_YOUR_LOVE/10 DOWN_WITH_YOUR_LOVE.MP3 (ID: 16782758)
2025/03/08 16:09:08 [INFO] (list.go:585) Deleted song: /Music/RIOT/DOWN_WITH_YOUR_LOVE/10 DOWN_WITH_YOUR_LOVE.MP3 (ID: 16782758)
2025/03/08 16:09:08 [VERBOSE] (list.go:569) Original song path: 0:/MUSIC/BRAINRACK_EYEZIC_ALLEYCVT/EYES_CLOSED/11 EYES_CLOSED.MP3
2025/03/08 16:09:08 [VERBOSE] (list.go:570) Normalized song path: /Music/BRAINRACK_EYEZIC_ALLEYCVT/EYES_CLOSED/11 EYES_CLOSED.MP3
2025/03/08 16:09:08 [VERBOSE] (list.go:572) Deleting song: /Music/BRAINRACK_EYEZIC_ALLEYCVT/EYES_CLOSED/11 EYES_CLOSED.MP3
2025/03/08 16:09:08 [VERBOSE] (list.go:180) Normalized path for lookup: /Music/BRAINRACK_EYEZIC_ALLEYCVT/EYES_CLOSED/11 EYES_CLOSED.MP3
2025/03/08 16:09:08 [VERBOSE] (list.go:295) Trying path variation: /Music/BRAINRACK_EYEZIC_ALLEYCVT/EYES_CLOSED/11 EYES_CLOSED.MP3
2025/03/08 16:09:09 [VERBOSE] (list.go:335) Found object: 11 EYES_CLOSED.MP3 (ID: 16782761)
2025/03/08 16:09:09 [VERBOSE] (list.go:185) Found object by path: /Music/BRAINRACK_EYEZIC_ALLEYCVT/EYES_CLOSED/11 EYES_CLOSED.MP3 (ID: 16782761)
2025/03/08 16:09:09 [INFO] (list.go:585) Deleted song: /Music/BRAINRACK_EYEZIC_ALLEYCVT/EYES_CLOSED/11 EYES_CLOSED.MP3 (ID: 16782761)
2025/03/08 16:09:09 [VERBOSE] (list.go:569) Original song path: 0:/MUSIC/JAUZ/FEEL_THE_VOLUME/12 FEEL_THE_VOLUME.MP3
2025/03/08 16:09:09 [VERBOSE] (list.go:570) Normalized song path: /Music/JAUZ/FEEL_THE_VOLUME/12 FEEL_THE_VOLUME.MP3
2025/03/08 16:09:09 [VERBOSE] (list.go:572) Deleting song: /Music/JAUZ/FEEL_THE_VOLUME/12 FEEL_THE_VOLUME.MP3
2025/03/08 16:09:09 [VERBOSE] (list.go:180) Normalized path for lookup: /Music/JAUZ/FEEL_THE_VOLUME/12 FEEL_THE_VOLUME.MP3
2025/03/08 16:09:09 [VERBOSE] (list.go:295) Trying path variation: /Music/JAUZ/FEEL_THE_VOLUME/12 FEEL_THE_VOLUME.MP3
2025/03/08 16:09:09 [VERBOSE] (list.go:335) Found object: 12 FEEL_THE_VOLUME.MP3 (ID: 16782763)
2025/03/08 16:09:09 [VERBOSE] (list.go:185) Found object by path: /Music/JAUZ/FEEL_THE_VOLUME/12 FEEL_THE_VOLUME.MP3 (ID: 16782763)
2025/03/08 16:09:09 [INFO] (list.go:585) Deleted song: /Music/JAUZ/FEEL_THE_VOLUME/12 FEEL_THE_VOLUME.MP3 (ID: 16782763)
2025/03/08 16:09:09 [VERBOSE] (list.go:569) Original song path: 0:/MUSIC/12TH_PLANET_KATIE_SKY/FOLLOW/13 FOLLOW.MP3
2025/03/08 16:09:09 [VERBOSE] (list.go:570) Normalized song path: /Music/12TH_PLANET_KATIE_SKY/FOLLOW/13 FOLLOW.MP3
2025/03/08 16:09:09 [VERBOSE] (list.go:572) Deleting song: /Music/12TH_PLANET_KATIE_SKY/FOLLOW/13 FOLLOW.MP3
2025/03/08 16:09:09 [VERBOSE] (list.go:180) Normalized path for lookup: /Music/12TH_PLANET_KATIE_SKY/FOLLOW/13 FOLLOW.MP3
2025/03/08 16:09:09 [VERBOSE] (list.go:295) Trying path variation: /Music/12TH_PLANET_KATIE_SKY/FOLLOW/13 FOLLOW.MP3
2025/03/08 16:09:09 [VERBOSE] (list.go:335) Found object: 13 FOLLOW.MP3 (ID: 16782766)
2025/03/08 16:09:09 [VERBOSE] (list.go:185) Found object by path: /Music/12TH_PLANET_KATIE_SKY/FOLLOW/13 FOLLOW.MP3 (ID: 16782766)
2025/03/08 16:09:09 [INFO] (list.go:585) Deleted song: /Music/12TH_PLANET_KATIE_SKY/FOLLOW/13 FOLLOW.MP3 (ID: 16782766)
2025/03/08 16:09:09 [VERBOSE] (list.go:569) Original song path: 0:/MUSIC/BUKU_BASSNECTAR/FRONT_TO_BACK_(BASSNECTAR_REMIX)/14 FRONT_TO_BACK_-_BASSNECTAR_REMIX.MP3
2025/03/08 16:09:09 [VERBOSE] (list.go:570) Normalized song path: /Music/BUKU_BASSNECTAR/FRONT_TO_BACK_(BASSNECTAR_REMIX)/14 FRONT_TO_BACK_-_BASSNECTAR_REMIX.MP3
2025/03/08 16:09:09 [VERBOSE] (list.go:572) Deleting song: /Music/BUKU_BASSNECTAR/FRONT_TO_BACK_(BASSNECTAR_REMIX)/14 FRONT_TO_BACK_-_BASSNECTAR_REMIX.MP3
2025/03/08 16:09:09 [VERBOSE] (list.go:180) Normalized path for lookup: /Music/BUKU_BASSNECTAR/FRONT_TO_BACK_(BASSNECTAR_REMIX)/14 FRONT_TO_BACK_-_BASSNECTAR_REMIX.MP3
2025/03/08 16:09:09 [VERBOSE] (list.go:295) Trying path variation: /Music/BUKU_BASSNECTAR/FRONT_TO_BACK_(BASSNECTAR_REMIX)/14 FRONT_TO_BACK_-_BASSNECTAR_REMIX.MP3
2025/03/08 16:09:10 [VERBOSE] (list.go:335) Found object: 14 FRONT_TO_BACK_-_BASSNECTAR_REMIX.MP3 (ID: 16782769)
2025/03/08 16:09:10 [VERBOSE] (list.go:185) Found object by path: /Music/BUKU_BASSNECTAR/FRONT_TO_BACK_(BASSNECTAR_REMIX)/14 FRONT_TO_BACK_-_BASSNECTAR_REMIX.MP3 (ID: 16782769)
2025/03/08 16:09:10 [INFO] (list.go:585) Deleted song: /Music/BUKU_BASSNECTAR/FRONT_TO_BACK_(BASSNECTAR_REMIX)/14 FRONT_TO_BACK_-_BASSNECTAR_REMIX.MP3 (ID: 16782769)
2025/03/08 16:09:10 [VERBOSE] (list.go:569) Original song path: 0:/MUSIC/KNOCK2/SABLE_VALLEY_SUMMER_VOL._1/15 GEMS.MP3
2025/03/08 16:09:10 [VERBOSE] (list.go:570) Normalized song path: /Music/KNOCK2/SABLE_VALLEY_SUMMER_VOL._1/15 GEMS.MP3
2025/03/08 16:09:10 [VERBOSE] (list.go:572) Deleting song: /Music/KNOCK2/SABLE_VALLEY_SUMMER_VOL._1/15 GEMS.MP3
2025/03/08 16:09:10 [VERBOSE] (list.go:180) Normalized path for lookup: /Music/KNOCK2/SABLE_VALLEY_SUMMER_VOL._1/15 GEMS.MP3
2025/03/08 16:09:10 [VERBOSE] (list.go:295) Trying path variation: /Music/KNOCK2/SABLE_VALLEY_SUMMER_VOL._1/15 GEMS.MP3
2025/03/08 16:09:10 [VERBOSE] (list.go:335) Found object: 15 GEMS.MP3 (ID: 16782772)
2025/03/08 16:09:10 [VERBOSE] (list.go:185) Found object by path: /Music/KNOCK2/SABLE_VALLEY_SUMMER_VOL._1/15 GEMS.MP3 (ID: 16782772)
2025/03/08 16:09:10 [INFO] (list.go:585) Deleted song: /Music/KNOCK2/SABLE_VALLEY_SUMMER_VOL._1/15 GEMS.MP3 (ID: 16782772)
2025/03/08 16:09:10 [VERBOSE] (list.go:569) Original song path: 0:/MUSIC/JAUZ/GET_TO_ME/16 GET_TO_ME.MP3
2025/03/08 16:09:10 [VERBOSE] (list.go:570) Normalized song path: /Music/JAUZ/GET_TO_ME/16 GET_TO_ME.MP3
2025/03/08 16:09:10 [VERBOSE] (list.go:572) Deleting song: /Music/JAUZ/GET_TO_ME/16 GET_TO_ME.MP3
2025/03/08 16:09:10 [VERBOSE] (list.go:180) Normalized path for lookup: /Music/JAUZ/GET_TO_ME/16 GET_TO_ME.MP3
2025/03/08 16:09:10 [VERBOSE] (list.go:295) Trying path variation: /Music/JAUZ/GET_TO_ME/16 GET_TO_ME.MP3
2025/03/08 16:09:10 [VERBOSE] (list.go:335) Found object: 16 GET_TO_ME.MP3 (ID: 16782774)
2025/03/08 16:09:10 [VERBOSE] (list.go:185) Found object by path: /Music/JAUZ/GET_TO_ME/16 GET_TO_ME.MP3 (ID: 16782774)
2025/03/08 16:09:10 [INFO] (list.go:585) Deleted song: /Music/JAUZ/GET_TO_ME/16 GET_TO_ME.MP3 (ID: 16782774)
2025/03/08 16:09:10 [VERBOSE] (list.go:569) Original song path: 0:/MUSIC/DEADMAU5_ROB_SWIRE_JAUZ/GHOSTS_'N'_STUFF_(JAUZ_REMIX)/17 GHOSTS_'N'_STUFF_-_JAUZ_REMIX.MP3
2025/03/08 16:09:10 [VERBOSE] (list.go:570) Normalized song path: /Music/DEADMAU5_ROB_SWIRE_JAUZ/GHOSTS_'N'_STUFF_(JAUZ_REMIX)/17 GHOSTS_'N'_STUFF_-_JAUZ_REMIX.MP3
2025/03/08 16:09:10 [VERBOSE] (list.go:572) Deleting song: /Music/DEADMAU5_ROB_SWIRE_JAUZ/GHOSTS_'N'_STUFF_(JAUZ_REMIX)/17 GHOSTS_'N'_STUFF_-_JAUZ_REMIX.MP3
2025/03/08 16:09:10 [VERBOSE] (list.go:180) Normalized path for lookup: /Music/DEADMAU5_ROB_SWIRE_JAUZ/GHOSTS_'N'_STUFF_(JAUZ_REMIX)/17 GHOSTS_'N'_STUFF_-_JAUZ_REMIX.MP3
2025/03/08 16:09:10 [VERBOSE] (list.go:295) Trying path variation: /Music/DEADMAU5_ROB_SWIRE_JAUZ/GHOSTS_'N'_STUFF_(JAUZ_REMIX)/17 GHOSTS_'N'_STUFF_-_JAUZ_REMIX.MP3
2025/03/08 16:09:11 [VERBOSE] (list.go:335) Found object: 17 GHOSTS_'N'_STUFF_-_JAUZ_REMIX.MP3 (ID: 16782777)
2025/03/08 16:09:11 [VERBOSE] (list.go:185) Found object by path: /Music/DEADMAU5_ROB_SWIRE_JAUZ/GHOSTS_'N'_STUFF_(JAUZ_REMIX)/17 GHOSTS_'N'_STUFF_-_JAUZ_REMIX.MP3 (ID: 16782777)
2025/03/08 16:09:11 [INFO] (list.go:585) Deleted song: /Music/DEADMAU5_ROB_SWIRE_JAUZ/GHOSTS_'N'_STUFF_(JAUZ_REMIX)/17 GHOSTS_'N'_STUFF_-_JAUZ_REMIX.MP3 (ID: 16782777)
2025/03/08 16:09:11 [INFO] (list.go:598) Deleted playlist: /Music/WORKINGJAUZ.m3u8 (ID: 16782778)
2025/03/08 16:09:13 [INFO] (list.go:680) Searching for playlists...
2025/03/08 16:09:13 [INFO] (list.go:699) Searching storage #1:  (ID: 131073)
2025/03/08 16:09:13 [INFO] (list.go:468) Searching for playlists in both /MUSIC and /Music directories
2025/03/08 16:09:13 [VERBOSE] (list.go:507) Found playlist: /Music/SICKATHON.m3u8 (ID: 16782729, Format: 47621)
2025/03/08 16:09:13 [INFO] (list.go:512) Playlists found in /Music: 1
2025/03/08 16:09:13 [INFO] (list.go:515) Total playlists found: 1
2025/03/08 16:09:13 [INFO] (list.go:709) Found 1 playlists in storage #1
2025/03/08 16:09:13 [VERBOSE] (list.go:180) Normalized path for lookup: /Music/SICKATHON.m3u8
2025/03/08 16:09:13 [VERBOSE] (list.go:295) Trying path variation: /Music/SICKATHON.m3u8
2025/03/08 16:09:13 [VERBOSE] (list.go:335) Found object: SICKATHON.m3u8 (ID: 16782729)
2025/03/08 16:09:13 [VERBOSE] (list.go:185) Found object by path: /Music/SICKATHON.m3u8 (ID: 16782729)
2025/03/08 16:09:13 [INFO] (list.go:732) Total playlists found across all storages: 1
2025/03/08 16:09:18 [INFO] (list.go:27) Searching for MP3 files...
2025/03/08 16:09:18 [INFO] (list.go:46) Searching storage #1:  (ID: 131073)
2025/03/08 16:09:18 [INFO] (list.go:610) Searching for MP3 files in both case variations of music directories
2025/03/08 16:09:18 [INFO] (list.go:619) Searching in /Music directory
2025/03/08 16:09:18 [VERBOSE] (list.go:636) Found MP3: /Music/HWLS/HWLS/01 001.MP3 (Size: 3875427 bytes, ID: 16782638)
2025/03/08 16:09:18 [VERBOSE] (list.go:636) Found MP3: /Music/OF_THE_TREES/DREAM_ATLAS/02 6AM.MP3 (Size: 5148063 bytes, ID: 16782641)
2025/03/08 16:09:18 [VERBOSE] (list.go:636) Found MP3: /Music/GRIZMATIK_GRIZ_GRAMATIK/AS_WE_PROCEED/03 AS_WE_PROCEED.MP3 (Size: 4527705 bytes, ID: 16782644)
2025/03/08 16:09:18 [VERBOSE] (list.go:636) Found MP3: /Music/CAPTAIN_PLANET_SHUNGUDZO/NO_VISA/04 BIG_MAN.MP3 (Size: 3779247 bytes, ID: 16782647)
2025/03/08 16:09:19 [VERBOSE] (list.go:636) Found MP3: /Music/THE_POLISH_AMBASSADOR/TIME'S_RUNNING_IN/05 BEBE.MP3 (Size: 7358898 bytes, ID: 16782650)
2025/03/08 16:09:19 [VERBOSE] (list.go:636) Found MP3: /Music/SHUB_BLACK_LODGE_SINGERS/POWWOWSTEP/06 BIG_CROW.MP3 (Size: 4084850 bytes, ID: 16782653)
2025/03/08 16:09:19 [VERBOSE] (list.go:636) Found MP3: /Music/STICKYBUDS_K+LAB_KWADI/CLAP_YA_HANDS_NOW/07 CLAP_YA_HANDS_NOW.MP3 (Size: 4199670 bytes, ID: 16782656)
2025/03/08 16:09:19 [VERBOSE] (list.go:636) Found MP3: /Music/WOO2TECH/DON'T_BE_LATE_EP/08 DON'T_BE_LATE_-_ORIGINAL_MIX.MP3 (Size: 6624179 bytes, ID: 16782659)
2025/03/08 16:09:19 [VERBOSE] (list.go:636) Found MP3: /Music/SUPAMAN_WALKING_BUFFALO/MEDICINE_BUNDLE/09 ETHNOCIDE.MP3 (Size: 2242365 bytes, ID: 16782662)
2025/03/08 16:09:19 [VERBOSE] (list.go:636) Found MP3: /Music/THE_FUNK_HUNTERS_MOONTRICKS/MUSIC_W_FRIENDS/10 GET_UP_N_GO.MP3 (Size: 3922502 bytes, ID: 16782665)
2025/03/08 16:09:19 [VERBOSE] (list.go:636) Found MP3: /Music/TNGHT_HUDSON_MOHAWKE_LUNICE/TNGHT/11 GOOOO.MP3 (Size: 3450270 bytes, ID: 16782668)
2025/03/08 16:09:19 [VERBOSE] (list.go:636) Found MP3: /Music/DIRTYPHONICS_SULLIVAN_KING/VANTABLACK/12 HAMMER.MP3 (Size: 3259939 bytes, ID: 16782671)
2025/03/08 16:09:19 [VERBOSE] (list.go:636) Found MP3: /Music/ALANIS_MORISSETTE/JAGGED_LITTLE_PILL_(2015_REMASTER)/13 HAND_IN_MY_POCKET_-_2015_REMASTER.MP3 (Size: 3687189 bytes, ID: 16782674)
2025/03/08 16:09:20 [VERBOSE] (list.go:636) Found MP3: /Music/STYLUST_LAFA_TAYLOR_NEON_STEVE/HEATROCKS/14 HEAVY_METAL_SHIT_(FEAT._LAFA_TAYLOR_&_NEON_STEVE).MP3 (Size: 2991015 bytes, ID: 16782677)
2025/03/08 16:09:20 [VERBOSE] (list.go:636) Found MP3: /Music/PAUL_CAUTHEN_ELECTROPHUNCK/HOLY_GHOST_FIRE_(ELECTROPHUNCK_REMIX)/15 HOLY_GHOST_FIRE_-_ELECTROPHUNCK_REMIX.MP3 (Size: 4180755 bytes, ID: 16782680)
2025/03/08 16:09:20 [VERBOSE] (list.go:636) Found MP3: /Music/AMP_LIVE/THE_SPACE_BURRITO_EXPERIMENT/16 I_GOT_5.MP3 (Size: 3108644 bytes, ID: 16782683)
2025/03/08 16:09:20 [VERBOSE] (list.go:636) Found MP3: /Music/DENM_LANDON_MCNAMARA_JESSE_JAMES_PARIAH/SLUM_BEACH_POSSE._VOL._1/17 LOSE_MYSELF_(FEAT._JESSE_JAMES_PARIAH).MP3 (Size: 3638674 bytes, ID: 16782686)
2025/03/08 16:09:20 [VERBOSE] (list.go:636) Found MP3: /Music/GHOSTLAND_OBSERVATORY/PAPARAZZI_LIGHTNING/18 MIDNIGHT_VOYAGE.MP3 (Size: 6134642 bytes, ID: 16782689)
2025/03/08 16:09:20 [VERBOSE] (list.go:636) Found MP3: /Music/BOOGIE_T.RIO/THREE_FOR_ALL_EP/19 PACKING_BAGS.MP3 (Size: 5634788 bytes, ID: 16782692)
2025/03/08 16:09:20 [VERBOSE] (list.go:636) Found MP3: /Music/HIGH_STEP_SOCIETY/PERCEPTION/20 PERCEPTION.MP3 (Size: 3933976 bytes, ID: 16782695)
2025/03/08 16:09:20 [VERBOSE] (list.go:636) Found MP3: /Music/THE_FLOOZIES/POTATOES/21 POTATOES.MP3 (Size: 2499548 bytes, ID: 16782698)
2025/03/08 16:09:20 [VERBOSE] (list.go:636) Found MP3: /Music/K+LAB_MELODOWNZ_MUSTAFA_AKBAR/THE_WORLDLY'S/22 PULL_UP.MP3 (Size: 3356911 bytes, ID: 16782701)
2025/03/08 16:09:21 [VERBOSE] (list.go:636) Found MP3: /Music/OPIUO/SLURP_AND_GIGGLE/23 ROBO_BOOTY.MP3 (Size: 4648674 bytes, ID: 16782704)
2025/03/08 16:09:21 [VERBOSE] (list.go:636) Found MP3: /Music/HABITAAT_BLIMES/FALL_IN_DEEP/24 SHAKE.MP3 (Size: 2866072 bytes, ID: 16782707)
2025/03/08 16:09:21 [VERBOSE] (list.go:636) Found MP3: /Music/BOOMBOX/DOWNRIVERELECTRIC/25 SHAKEDOWN_STREET.MP3 (Size: 3394282 bytes, ID: 16782710)
2025/03/08 16:09:21 [VERBOSE] (list.go:636) Found MP3: /Music/MOUNTAIN_HEAD/SHIMMY_SHIMMY_YA/26 SHIMMY_SHIMMY_YA.MP3 (Size: 3131167 bytes, ID: 16782713)
2025/03/08 16:09:21 [VERBOSE] (list.go:636) Found MP3: /Music/CODY_KO_MOONLGHT/SHOULD_I_STAY_OR_SHOULD_I_GO/27 SHOULD_I_STAY_OR_SHOULD_I_GO.MP3 (Size: 2357044 bytes, ID: 16782716)
2025/03/08 16:09:21 [VERBOSE] (list.go:636) Found MP3: /Music/CHARLESTHEFIRST/STEP_TIME/28 STEP_TIME.MP3 (Size: 3779041 bytes, ID: 16782719)
2025/03/08 16:09:21 [VERBOSE] (list.go:636) Found MP3: /Music/DIRTWIRE/BLAZE/29 STRANGER.MP3 (Size: 3833090 bytes, ID: 16782722)
2025/03/08 16:09:21 [VERBOSE] (list.go:636) Found MP3: /Music/PHYPHR/UP/30 UP.MP3 (Size: 3093155 bytes, ID: 16782725)
2025/03/08 16:09:21 [VERBOSE] (list.go:636) Found MP3: /Music/ARTIKAL_SOUND_SYSTEM_LITTLE_STRANGER/WELCOME_TO_FLORIDA/31 WHEN_I_WANNA_(FEAT._LITTLE_STRANGER).MP3 (Size: 3365346 bytes, ID: 16782728)
2025/03/08 16:09:23 [INFO] (list.go:649) Found 32 total objects in /Music directory
2025/03/08 16:09:23 [INFO] (list.go:670) Found 31 valid MP3 files and 0 empty MP3 files across all music directories
2025/03/08 16:09:23 [INFO] (list.go:56) Found 31 MP3 files in storage #1
2025/03/08 16:09:23 [INFO] (list.go:66) Total MP3 files found across all storages: 31
2025/03/08 16:09:27 [INFO] (list.go:680) Searching for playlists...
2025/03/08 16:09:27 [INFO] (list.go:699) Searching storage #1:  (ID: 131073)
2025/03/08 16:09:27 [INFO] (list.go:468) Searching for playlists in both /MUSIC and /Music directories
2025/03/08 16:09:27 [VERBOSE] (list.go:507) Found playlist: /Music/SICKATHON.m3u8 (ID: 16782729, Format: 47621)
2025/03/08 16:09:27 [INFO] (list.go:512) Playlists found in /Music: 1
2025/03/08 16:09:27 [INFO] (list.go:515) Total playlists found: 1
2025/03/08 16:09:27 [INFO] (list.go:709) Found 1 playlists in storage #1
2025/03/08 16:09:27 [VERBOSE] (list.go:180) Normalized path for lookup: /Music/SICKATHON.m3u8
2025/03/08 16:09:27 [VERBOSE] (list.go:295) Trying path variation: /Music/SICKATHON.m3u8
2025/03/08 16:09:27 [VERBOSE] (list.go:335) Found object: SICKATHON.m3u8 (ID: 16782729)
2025/03/08 16:09:27 [VERBOSE] (list.go:185) Found object by path: /Music/SICKATHON.m3u8 (ID: 16782729)
2025/03/08 16:09:27 [INFO] (list.go:732) Total playlists found across all storages: 1
2025/03/08 16:09:29 [VERBOSE] (list.go:522) Starting playlist deletion operation for SICKATHON.M3U8
2025/03/08 16:09:29 [INFO] (list.go:680) Searching for playlists...
2025/03/08 16:09:29 [INFO] (list.go:699) Searching storage #1:  (ID: 131073)
2025/03/08 16:09:29 [INFO] (list.go:468) Searching for playlists in both /MUSIC and /Music directories
2025/03/08 16:09:29 [VERBOSE] (list.go:507) Found playlist: /Music/SICKATHON.m3u8 (ID: 16782729, Format: 47621)
2025/03/08 16:09:29 [INFO] (list.go:512) Playlists found in /Music: 1
2025/03/08 16:09:29 [INFO] (list.go:515) Total playlists found: 1
2025/03/08 16:09:29 [INFO] (list.go:709) Found 1 playlists in storage #1
2025/03/08 16:09:29 [VERBOSE] (list.go:180) Normalized path for lookup: /Music/SICKATHON.m3u8
2025/03/08 16:09:29 [VERBOSE] (list.go:295) Trying path variation: /Music/SICKATHON.m3u8
2025/03/08 16:09:29 [VERBOSE] (list.go:335) Found object: SICKATHON.m3u8 (ID: 16782729)
2025/03/08 16:09:29 [VERBOSE] (list.go:185) Found object by path: /Music/SICKATHON.m3u8 (ID: 16782729)
2025/03/08 16:09:29 [INFO] (list.go:732) Total playlists found across all storages: 1
2025/03/08 16:09:29 [VERBOSE] (list.go:530) Playlist: SICKATHON.m3u8
2025/03/08 16:09:29 [INFO] (list.go:551) Playlist contains 31 songs
2025/03/08 16:09:29 [VERBOSE] (list.go:569) Original song path: 0:/MUSIC/HWLS/HWLS/01 001.MP3
2025/03/08 16:09:29 [VERBOSE] (list.go:570) Normalized song path: /Music/HWLS/HWLS/01 001.MP3
2025/03/08 16:09:29 [VERBOSE] (list.go:572) Deleting song: /Music/HWLS/HWLS/01 001.MP3
2025/03/08 16:09:29 [VERBOSE] (list.go:180) Normalized path for lookup: /Music/HWLS/HWLS/01 001.MP3
2025/03/08 16:09:29 [VERBOSE] (list.go:295) Trying path variation: /Music/HWLS/HWLS/01 001.MP3
2025/03/08 16:09:30 [VERBOSE] (list.go:335) Found object: 01 001.MP3 (ID: 16782638)
2025/03/08 16:09:30 [VERBOSE] (list.go:185) Found object by path: /Music/HWLS/HWLS/01 001.MP3 (ID: 16782638)
2025/03/08 16:09:30 [INFO] (list.go:585) Deleted song: /Music/HWLS/HWLS/01 001.MP3 (ID: 16782638)
2025/03/08 16:09:30 [VERBOSE] (list.go:569) Original song path: 0:/MUSIC/OF_THE_TREES/DREAM_ATLAS/02 6AM.MP3
2025/03/08 16:09:30 [VERBOSE] (list.go:570) Normalized song path: /Music/OF_THE_TREES/DREAM_ATLAS/02 6AM.MP3
2025/03/08 16:09:30 [VERBOSE] (list.go:572) Deleting song: /Music/OF_THE_TREES/DREAM_ATLAS/02 6AM.MP3
2025/03/08 16:09:30 [VERBOSE] (list.go:180) Normalized path for lookup: /Music/OF_THE_TREES/DREAM_ATLAS/02 6AM.MP3
2025/03/08 16:09:30 [VERBOSE] (list.go:295) Trying path variation: /Music/OF_THE_TREES/DREAM_ATLAS/02 6AM.MP3
2025/03/08 16:09:30 [VERBOSE] (list.go:335) Found object: 02 6AM.MP3 (ID: 16782641)
2025/03/08 16:09:30 [VERBOSE] (list.go:185) Found object by path: /Music/OF_THE_TREES/DREAM_ATLAS/02 6AM.MP3 (ID: 16782641)
2025/03/08 16:09:30 [INFO] (list.go:585) Deleted song: /Music/OF_THE_TREES/DREAM_ATLAS/02 6AM.MP3 (ID: 16782641)
2025/03/08 16:09:30 [VERBOSE] (list.go:569) Original song path: 0:/MUSIC/GRIZMATIK_GRIZ_GRAMATIK/AS_WE_PROCEED/03 AS_WE_PROCEED.MP3
2025/03/08 16:09:30 [VERBOSE] (list.go:570) Normalized song path: /Music/GRIZMATIK_GRIZ_GRAMATIK/AS_WE_PROCEED/03 AS_WE_PROCEED.MP3
2025/03/08 16:09:30 [VERBOSE] (list.go:572) Deleting song: /Music/GRIZMATIK_GRIZ_GRAMATIK/AS_WE_PROCEED/03 AS_WE_PROCEED.MP3
2025/03/08 16:09:30 [VERBOSE] (list.go:180) Normalized path for lookup: /Music/GRIZMATIK_GRIZ_GRAMATIK/AS_WE_PROCEED/03 AS_WE_PROCEED.MP3
2025/03/08 16:09:30 [VERBOSE] (list.go:295) Trying path variation: /Music/GRIZMATIK_GRIZ_GRAMATIK/AS_WE_PROCEED/03 AS_WE_PROCEED.MP3
2025/03/08 16:09:30 [VERBOSE] (list.go:335) Found object: 03 AS_WE_PROCEED.MP3 (ID: 16782644)
2025/03/08 16:09:30 [VERBOSE] (list.go:185) Found object by path: /Music/GRIZMATIK_GRIZ_GRAMATIK/AS_WE_PROCEED/03 AS_WE_PROCEED.MP3 (ID: 16782644)
2025/03/08 16:09:30 [INFO] (list.go:585) Deleted song: /Music/GRIZMATIK_GRIZ_GRAMATIK/AS_WE_PROCEED/03 AS_WE_PROCEED.MP3 (ID: 16782644)
2025/03/08 16:09:30 [VERBOSE] (list.go:569) Original song path: 0:/MUSIC/CAPTAIN_PLANET_SHUNGUDZO/NO_VISA/04 BIG_MAN.MP3
2025/03/08 16:09:30 [VERBOSE] (list.go:570) Normalized song path: /Music/CAPTAIN_PLANET_SHUNGUDZO/NO_VISA/04 BIG_MAN.MP3
2025/03/08 16:09:30 [VERBOSE] (list.go:572) Deleting song: /Music/CAPTAIN_PLANET_SHUNGUDZO/NO_VISA/04 BIG_MAN.MP3
2025/03/08 16:09:30 [VERBOSE] (list.go:180) Normalized path for lookup: /Music/CAPTAIN_PLANET_SHUNGUDZO/NO_VISA/04 BIG_MAN.MP3
2025/03/08 16:09:30 [VERBOSE] (list.go:295) Trying path variation: /Music/CAPTAIN_PLANET_SHUNGUDZO/NO_VISA/04 BIG_MAN.MP3
2025/03/08 16:09:30 [VERBOSE] (list.go:335) Found object: 04 BIG_MAN.MP3 (ID: 16782647)
2025/03/08 16:09:30 [VERBOSE] (list.go:185) Found object by path: /Music/CAPTAIN_PLANET_SHUNGUDZO/NO_VISA/04 BIG_MAN.MP3 (ID: 16782647)
2025/03/08 16:09:31 [INFO] (list.go:585) Deleted song: /Music/CAPTAIN_PLANET_SHUNGUDZO/NO_VISA/04 BIG_MAN.MP3 (ID: 16782647)
2025/03/08 16:09:31 [VERBOSE] (list.go:569) Original song path: 0:/MUSIC/THE_POLISH_AMBASSADOR/TIME'S_RUNNING_IN/05 BEBE.MP3
2025/03/08 16:09:31 [VERBOSE] (list.go:570) Normalized song path: /Music/THE_POLISH_AMBASSADOR/TIME'S_RUNNING_IN/05 BEBE.MP3
2025/03/08 16:09:31 [VERBOSE] (list.go:572) Deleting song: /Music/THE_POLISH_AMBASSADOR/TIME'S_RUNNING_IN/05 BEBE.MP3
2025/03/08 16:09:31 [VERBOSE] (list.go:180) Normalized path for lookup: /Music/THE_POLISH_AMBASSADOR/TIME'S_RUNNING_IN/05 BEBE.MP3
2025/03/08 16:09:31 [VERBOSE] (list.go:295) Trying path variation: /Music/THE_POLISH_AMBASSADOR/TIME'S_RUNNING_IN/05 BEBE.MP3
2025/03/08 16:09:31 [VERBOSE] (list.go:335) Found object: 05 BEBE.MP3 (ID: 16782650)
2025/03/08 16:09:31 [VERBOSE] (list.go:185) Found object by path: /Music/THE_POLISH_AMBASSADOR/TIME'S_RUNNING_IN/05 BEBE.MP3 (ID: 16782650)
2025/03/08 16:09:31 [INFO] (list.go:585) Deleted song: /Music/THE_POLISH_AMBASSADOR/TIME'S_RUNNING_IN/05 BEBE.MP3 (ID: 16782650)
2025/03/08 16:09:31 [VERBOSE] (list.go:569) Original song path: 0:/MUSIC/SHUB_BLACK_LODGE_SINGERS/POWWOWSTEP/06 BIG_CROW.MP3
2025/03/08 16:09:31 [VERBOSE] (list.go:570) Normalized song path: /Music/SHUB_BLACK_LODGE_SINGERS/POWWOWSTEP/06 BIG_CROW.MP3
2025/03/08 16:09:31 [VERBOSE] (list.go:572) Deleting song: /Music/SHUB_BLACK_LODGE_SINGERS/POWWOWSTEP/06 BIG_CROW.MP3
2025/03/08 16:09:31 [VERBOSE] (list.go:180) Normalized path for lookup: /Music/SHUB_BLACK_LODGE_SINGERS/POWWOWSTEP/06 BIG_CROW.MP3
2025/03/08 16:09:31 [VERBOSE] (list.go:295) Trying path variation: /Music/SHUB_BLACK_LODGE_SINGERS/POWWOWSTEP/06 BIG_CROW.MP3
2025/03/08 16:09:31 [VERBOSE] (list.go:335) Found object: 06 BIG_CROW.MP3 (ID: 16782653)
2025/03/08 16:09:31 [VERBOSE] (list.go:185) Found object by path: /Music/SHUB_BLACK_LODGE_SINGERS/POWWOWSTEP/06 BIG_CROW.MP3 (ID: 16782653)
2025/03/08 16:09:31 [INFO] (list.go:585) Deleted song: /Music/SHUB_BLACK_LODGE_SINGERS/POWWOWSTEP/06 BIG_CROW.MP3 (ID: 16782653)
2025/03/08 16:09:31 [VERBOSE] (list.go:569) Original song path: 0:/MUSIC/STICKYBUDS_K+LAB_KWADI/CLAP_YA_HANDS_NOW/07 CLAP_YA_HANDS_NOW.MP3
2025/03/08 16:09:31 [VERBOSE] (list.go:570) Normalized song path: /Music/STICKYBUDS_K+LAB_KWADI/CLAP_YA_HANDS_NOW/07 CLAP_YA_HANDS_NOW.MP3
2025/03/08 16:09:31 [VERBOSE] (list.go:572) Deleting song: /Music/STICKYBUDS_K+LAB_KWADI/CLAP_YA_HANDS_NOW/07 CLAP_YA_HANDS_NOW.MP3
2025/03/08 16:09:31 [VERBOSE] (list.go:180) Normalized path for lookup: /Music/STICKYBUDS_K+LAB_KWADI/CLAP_YA_HANDS_NOW/07 CLAP_YA_HANDS_NOW.MP3
2025/03/08 16:09:31 [VERBOSE] (list.go:295) Trying path variation: /Music/STICKYBUDS_K+LAB_KWADI/CLAP_YA_HANDS_NOW/07 CLAP_YA_HANDS_NOW.MP3
2025/03/08 16:09:31 [VERBOSE] (list.go:335) Found object: 07 CLAP_YA_HANDS_NOW.MP3 (ID: 16782656)
2025/03/08 16:09:31 [VERBOSE] (list.go:185) Found object by path: /Music/STICKYBUDS_K+LAB_KWADI/CLAP_YA_HANDS_NOW/07 CLAP_YA_HANDS_NOW.MP3 (ID: 16782656)
2025/03/08 16:09:31 [INFO] (list.go:585) Deleted song: /Music/STICKYBUDS_K+LAB_KWADI/CLAP_YA_HANDS_NOW/07 CLAP_YA_HANDS_NOW.MP3 (ID: 16782656)
2025/03/08 16:09:31 [VERBOSE] (list.go:569) Original song path: 0:/MUSIC/WOO2TECH/DON'T_BE_LATE_EP/08 DON'T_BE_LATE_-_ORIGINAL_MIX.MP3
2025/03/08 16:09:31 [VERBOSE] (list.go:570) Normalized song path: /Music/WOO2TECH/DON'T_BE_LATE_EP/08 DON'T_BE_LATE_-_ORIGINAL_MIX.MP3
2025/03/08 16:09:31 [VERBOSE] (list.go:572) Deleting song: /Music/WOO2TECH/DON'T_BE_LATE_EP/08 DON'T_BE_LATE_-_ORIGINAL_MIX.MP3
2025/03/08 16:09:31 [VERBOSE] (list.go:180) Normalized path for lookup: /Music/WOO2TECH/DON'T_BE_LATE_EP/08 DON'T_BE_LATE_-_ORIGINAL_MIX.MP3
2025/03/08 16:09:31 [VERBOSE] (list.go:295) Trying path variation: /Music/WOO2TECH/DON'T_BE_LATE_EP/08 DON'T_BE_LATE_-_ORIGINAL_MIX.MP3
2025/03/08 16:09:32 [VERBOSE] (list.go:335) Found object: 08 DON'T_BE_LATE_-_ORIGINAL_MIX.MP3 (ID: 16782659)
2025/03/08 16:09:32 [VERBOSE] (list.go:185) Found object by path: /Music/WOO2TECH/DON'T_BE_LATE_EP/08 DON'T_BE_LATE_-_ORIGINAL_MIX.MP3 (ID: 16782659)
2025/03/08 16:09:32 [INFO] (list.go:585) Deleted song: /Music/WOO2TECH/DON'T_BE_LATE_EP/08 DON'T_BE_LATE_-_ORIGINAL_MIX.MP3 (ID: 16782659)
2025/03/08 16:09:32 [VERBOSE] (list.go:569) Original song path: 0:/MUSIC/SUPAMAN_WALKING_BUFFALO/MEDICINE_BUNDLE/09 ETHNOCIDE.MP3
2025/03/08 16:09:32 [VERBOSE] (list.go:570) Normalized song path: /Music/SUPAMAN_WALKING_BUFFALO/MEDICINE_BUNDLE/09 ETHNOCIDE.MP3
2025/03/08 16:09:32 [VERBOSE] (list.go:572) Deleting song: /Music/SUPAMAN_WALKING_BUFFALO/MEDICINE_BUNDLE/09 ETHNOCIDE.MP3
2025/03/08 16:09:32 [VERBOSE] (list.go:180) Normalized path for lookup: /Music/SUPAMAN_WALKING_BUFFALO/MEDICINE_BUNDLE/09 ETHNOCIDE.MP3
2025/03/08 16:09:32 [VERBOSE] (list.go:295) Trying path variation: /Music/SUPAMAN_WALKING_BUFFALO/MEDICINE_BUNDLE/09 ETHNOCIDE.MP3
2025/03/08 16:09:32 [VERBOSE] (list.go:335) Found object: 09 ETHNOCIDE.MP3 (ID: 16782662)
2025/03/08 16:09:32 [VERBOSE] (list.go:185) Found object by path: /Music/SUPAMAN_WALKING_BUFFALO/MEDICINE_BUNDLE/09 ETHNOCIDE.MP3 (ID: 16782662)
2025/03/08 16:09:32 [INFO] (list.go:585) Deleted song: /Music/SUPAMAN_WALKING_BUFFALO/MEDICINE_BUNDLE/09 ETHNOCIDE.MP3 (ID: 16782662)
2025/03/08 16:09:32 [VERBOSE] (list.go:569) Original song path: 0:/MUSIC/THE_FUNK_HUNTERS_MOONTRICKS/MUSIC_W_FRIENDS/10 GET_UP_N_GO.MP3
2025/03/08 16:09:32 [VERBOSE] (list.go:570) Normalized song path: /Music/THE_FUNK_HUNTERS_MOONTRICKS/MUSIC_W_FRIENDS/10 GET_UP_N_GO.MP3
2025/03/08 16:09:32 [VERBOSE] (list.go:572) Deleting song: /Music/THE_FUNK_HUNTERS_MOONTRICKS/MUSIC_W_FRIENDS/10 GET_UP_N_GO.MP3
2025/03/08 16:09:32 [VERBOSE] (list.go:180) Normalized path for lookup: /Music/THE_FUNK_HUNTERS_MOONTRICKS/MUSIC_W_FRIENDS/10 GET_UP_N_GO.MP3
2025/03/08 16:09:32 [VERBOSE] (list.go:295) Trying path variation: /Music/THE_FUNK_HUNTERS_MOONTRICKS/MUSIC_W_FRIENDS/10 GET_UP_N_GO.MP3
2025/03/08 16:09:32 [VERBOSE] (list.go:335) Found object: 10 GET_UP_N_GO.MP3 (ID: 16782665)
2025/03/08 16:09:32 [VERBOSE] (list.go:185) Found object by path: /Music/THE_FUNK_HUNTERS_MOONTRICKS/MUSIC_W_FRIENDS/10 GET_UP_N_GO.MP3 (ID: 16782665)
2025/03/08 16:09:32 [INFO] (list.go:585) Deleted song: /Music/THE_FUNK_HUNTERS_MOONTRICKS/MUSIC_W_FRIENDS/10 GET_UP_N_GO.MP3 (ID: 16782665)
2025/03/08 16:09:32 [VERBOSE] (list.go:569) Original song path: 0:/MUSIC/TNGHT_HUDSON_MOHAWKE_LUNICE/TNGHT/11 GOOOO.MP3
2025/03/08 16:09:32 [VERBOSE] (list.go:570) Normalized song path: /Music/TNGHT_HUDSON_MOHAWKE_LUNICE/TNGHT/11 GOOOO.MP3
2025/03/08 16:09:32 [VERBOSE] (list.go:572) Deleting song: /Music/TNGHT_HUDSON_MOHAWKE_LUNICE/TNGHT/11 GOOOO.MP3
2025/03/08 16:09:32 [VERBOSE] (list.go:180) Normalized path for lookup: /Music/TNGHT_HUDSON_MOHAWKE_LUNICE/TNGHT/11 GOOOO.MP3
2025/03/08 16:09:32 [VERBOSE] (list.go:295) Trying path variation: /Music/TNGHT_HUDSON_MOHAWKE_LUNICE/TNGHT/11 GOOOO.MP3
2025/03/08 16:09:33 [VERBOSE] (list.go:335) Found object: 11 GOOOO.MP3 (ID: 16782668)
2025/03/08 16:09:33 [VERBOSE] (list.go:185) Found object by path: /Music/TNGHT_HUDSON_MOHAWKE_LUNICE/TNGHT/11 GOOOO.MP3 (ID: 16782668)
2025/03/08 16:09:33 [INFO] (list.go:585) Deleted song: /Music/TNGHT_HUDSON_MOHAWKE_LUNICE/TNGHT/11 GOOOO.MP3 (ID: 16782668)
2025/03/08 16:09:33 [VERBOSE] (list.go:569) Original song path: 0:/MUSIC/DIRTYPHONICS_SULLIVAN_KING/VANTABLACK/12 HAMMER.MP3
2025/03/08 16:09:33 [VERBOSE] (list.go:570) Normalized song path: /Music/DIRTYPHONICS_SULLIVAN_KING/VANTABLACK/12 HAMMER.MP3
2025/03/08 16:09:33 [VERBOSE] (list.go:572) Deleting song: /Music/DIRTYPHONICS_SULLIVAN_KING/VANTABLACK/12 HAMMER.MP3
2025/03/08 16:09:33 [VERBOSE] (list.go:180) Normalized path for lookup: /Music/DIRTYPHONICS_SULLIVAN_KING/VANTABLACK/12 HAMMER.MP3
2025/03/08 16:09:33 [VERBOSE] (list.go:295) Trying path variation: /Music/DIRTYPHONICS_SULLIVAN_KING/VANTABLACK/12 HAMMER.MP3
2025/03/08 16:09:33 [VERBOSE] (list.go:335) Found object: 12 HAMMER.MP3 (ID: 16782671)
2025/03/08 16:09:33 [VERBOSE] (list.go:185) Found object by path: /Music/DIRTYPHONICS_SULLIVAN_KING/VANTABLACK/12 HAMMER.MP3 (ID: 16782671)
2025/03/08 16:09:33 [INFO] (list.go:585) Deleted song: /Music/DIRTYPHONICS_SULLIVAN_KING/VANTABLACK/12 HAMMER.MP3 (ID: 16782671)
2025/03/08 16:09:33 [VERBOSE] (list.go:569) Original song path: 0:/MUSIC/ALANIS_MORISSETTE/JAGGED_LITTLE_PILL_(2015_REMASTER)/13 HAND_IN_MY_POCKET_-_2015_REMASTER.MP3
2025/03/08 16:09:33 [VERBOSE] (list.go:570) Normalized song path: /Music/ALANIS_MORISSETTE/JAGGED_LITTLE_PILL_(2015_REMASTER)/13 HAND_IN_MY_POCKET_-_2015_REMASTER.MP3
2025/03/08 16:09:33 [VERBOSE] (list.go:572) Deleting song: /Music/ALANIS_MORISSETTE/JAGGED_LITTLE_PILL_(2015_REMASTER)/13 HAND_IN_MY_POCKET_-_2015_REMASTER.MP3
2025/03/08 16:09:33 [VERBOSE] (list.go:180) Normalized path for lookup: /Music/ALANIS_MORISSETTE/JAGGED_LITTLE_PILL_(2015_REMASTER)/13 HAND_IN_MY_POCKET_-_2015_REMASTER.MP3
2025/03/08 16:09:33 [VERBOSE] (list.go:295) Trying path variation: /Music/ALANIS_MORISSETTE/JAGGED_LITTLE_PILL_(2015_REMASTER)/13 HAND_IN_MY_POCKET_-_2015_REMASTER.MP3
2025/03/08 16:09:33 [VERBOSE] (list.go:335) Found object: 13 HAND_IN_MY_POCKET_-_2015_REMASTER.MP3 (ID: 16782674)
2025/03/08 16:09:33 [VERBOSE] (list.go:185) Found object by path: /Music/ALANIS_MORISSETTE/JAGGED_LITTLE_PILL_(2015_REMASTER)/13 HAND_IN_MY_POCKET_-_2015_REMASTER.MP3 (ID: 16782674)
2025/03/08 16:09:33 [INFO] (list.go:585) Deleted song: /Music/ALANIS_MORISSETTE/JAGGED_LITTLE_PILL_(2015_REMASTER)/13 HAND_IN_MY_POCKET_-_2015_REMASTER.MP3 (ID: 16782674)
2025/03/08 16:09:33 [VERBOSE] (list.go:569) Original song path: 0:/MUSIC/STYLUST_LAFA_TAYLOR_NEON_STEVE/HEATROCKS/14 HEAVY_METAL_SHIT_(FEAT._LAFA_TAYLOR_&_NEON_STEVE).MP3
2025/03/08 16:09:33 [VERBOSE] (list.go:570) Normalized song path: /Music/STYLUST_LAFA_TAYLOR_NEON_STEVE/HEATROCKS/14 HEAVY_METAL_SHIT_(FEAT._LAFA_TAYLOR_&_NEON_STEVE).MP3
2025/03/08 16:09:33 [VERBOSE] (list.go:572) Deleting song: /Music/STYLUST_LAFA_TAYLOR_NEON_STEVE/HEATROCKS/14 HEAVY_METAL_SHIT_(FEAT._LAFA_TAYLOR_&_NEON_STEVE).MP3
2025/03/08 16:09:33 [VERBOSE] (list.go:180) Normalized path for lookup: /Music/STYLUST_LAFA_TAYLOR_NEON_STEVE/HEATROCKS/14 HEAVY_METAL_SHIT_(FEAT._LAFA_TAYLOR_&_NEON_STEVE).MP3
2025/03/08 16:09:33 [VERBOSE] (list.go:295) Trying path variation: /Music/STYLUST_LAFA_TAYLOR_NEON_STEVE/HEATROCKS/14 HEAVY_METAL_SHIT_(FEAT._LAFA_TAYLOR_&_NEON_STEVE).MP3
2025/03/08 16:09:33 [VERBOSE] (list.go:335) Found object: 14 HEAVY_METAL_SHIT_(FEAT._LAFA_TAYLOR_&_NEON_STEVE).MP3 (ID: 16782677)
2025/03/08 16:09:33 [VERBOSE] (list.go:185) Found object by path: /Music/STYLUST_LAFA_TAYLOR_NEON_STEVE/HEATROCKS/14 HEAVY_METAL_SHIT_(FEAT._LAFA_TAYLOR_&_NEON_STEVE).MP3 (ID: 16782677)
2025/03/08 16:09:33 [INFO] (list.go:585) Deleted song: /Music/STYLUST_LAFA_TAYLOR_NEON_STEVE/HEATROCKS/14 HEAVY_METAL_SHIT_(FEAT._LAFA_TAYLOR_&_NEON_STEVE).MP3 (ID: 16782677)
2025/03/08 16:09:33 [VERBOSE] (list.go:569) Original song path: 0:/MUSIC/PAUL_CAUTHEN_ELECTROPHUNCK/HOLY_GHOST_FIRE_(ELECTROPHUNCK_REMIX)/15 HOLY_GHOST_FIRE_-_ELECTROPHUNCK_REMIX.MP3
2025/03/08 16:09:33 [VERBOSE] (list.go:570) Normalized song path: /Music/PAUL_CAUTHEN_ELECTROPHUNCK/HOLY_GHOST_FIRE_(ELECTROPHUNCK_REMIX)/15 HOLY_GHOST_FIRE_-_ELECTROPHUNCK_REMIX.MP3
2025/03/08 16:09:33 [VERBOSE] (list.go:572) Deleting song: /Music/PAUL_CAUTHEN_ELECTROPHUNCK/HOLY_GHOST_FIRE_(ELECTROPHUNCK_REMIX)/15 HOLY_GHOST_FIRE_-_ELECTROPHUNCK_REMIX.MP3
2025/03/08 16:09:33 [VERBOSE] (list.go:180) Normalized path for lookup: /Music/PAUL_CAUTHEN_ELECTROPHUNCK/HOLY_GHOST_FIRE_(ELECTROPHUNCK_REMIX)/15 HOLY_GHOST_FIRE_-_ELECTROPHUNCK_REMIX.MP3
2025/03/08 16:09:33 [VERBOSE] (list.go:295) Trying path variation: /Music/PAUL_CAUTHEN_ELECTROPHUNCK/HOLY_GHOST_FIRE_(ELECTROPHUNCK_REMIX)/15 HOLY_GHOST_FIRE_-_ELECTROPHUNCK_REMIX.MP3
2025/03/08 16:09:34 [VERBOSE] (list.go:335) Found object: 15 HOLY_GHOST_FIRE_-_ELECTROPHUNCK_REMIX.MP3 (ID: 16782680)
2025/03/08 16:09:34 [VERBOSE] (list.go:185) Found object by path: /Music/PAUL_CAUTHEN_ELECTROPHUNCK/HOLY_GHOST_FIRE_(ELECTROPHUNCK_REMIX)/15 HOLY_GHOST_FIRE_-_ELECTROPHUNCK_REMIX.MP3 (ID: 16782680)
2025/03/08 16:09:34 [INFO] (list.go:585) Deleted song: /Music/PAUL_CAUTHEN_ELECTROPHUNCK/HOLY_GHOST_FIRE_(ELECTROPHUNCK_REMIX)/15 HOLY_GHOST_FIRE_-_ELECTROPHUNCK_REMIX.MP3 (ID: 16782680)
2025/03/08 16:09:34 [VERBOSE] (list.go:569) Original song path: 0:/MUSIC/AMP_LIVE/THE_SPACE_BURRITO_EXPERIMENT/16 I_GOT_5.MP3
2025/03/08 16:09:34 [VERBOSE] (list.go:570) Normalized song path: /Music/AMP_LIVE/THE_SPACE_BURRITO_EXPERIMENT/16 I_GOT_5.MP3
2025/03/08 16:09:34 [VERBOSE] (list.go:572) Deleting song: /Music/AMP_LIVE/THE_SPACE_BURRITO_EXPERIMENT/16 I_GOT_5.MP3
2025/03/08 16:09:34 [VERBOSE] (list.go:180) Normalized path for lookup: /Music/AMP_LIVE/THE_SPACE_BURRITO_EXPERIMENT/16 I_GOT_5.MP3
2025/03/08 16:09:34 [VERBOSE] (list.go:295) Trying path variation: /Music/AMP_LIVE/THE_SPACE_BURRITO_EXPERIMENT/16 I_GOT_5.MP3
2025/03/08 16:09:34 [VERBOSE] (list.go:335) Found object: 16 I_GOT_5.MP3 (ID: 16782683)
2025/03/08 16:09:34 [VERBOSE] (list.go:185) Found object by path: /Music/AMP_LIVE/THE_SPACE_BURRITO_EXPERIMENT/16 I_GOT_5.MP3 (ID: 16782683)
2025/03/08 16:09:34 [INFO] (list.go:585) Deleted song: /Music/AMP_LIVE/THE_SPACE_BURRITO_EXPERIMENT/16 I_GOT_5.MP3 (ID: 16782683)
2025/03/08 16:09:34 [VERBOSE] (list.go:569) Original song path: 0:/MUSIC/DENM_LANDON_MCNAMARA_JESSE_JAMES_PARIAH/SLUM_BEACH_POSSE._VOL._1/17 LOSE_MYSELF_(FEAT._JESSE_JAMES_PARIAH).MP3
2025/03/08 16:09:34 [VERBOSE] (list.go:570) Normalized song path: /Music/DENM_LANDON_MCNAMARA_JESSE_JAMES_PARIAH/SLUM_BEACH_POSSE._VOL._1/17 LOSE_MYSELF_(FEAT._JESSE_JAMES_PARIAH).MP3
2025/03/08 16:09:34 [VERBOSE] (list.go:572) Deleting song: /Music/DENM_LANDON_MCNAMARA_JESSE_JAMES_PARIAH/SLUM_BEACH_POSSE._VOL._1/17 LOSE_MYSELF_(FEAT._JESSE_JAMES_PARIAH).MP3
2025/03/08 16:09:34 [VERBOSE] (list.go:180) Normalized path for lookup: /Music/DENM_LANDON_MCNAMARA_JESSE_JAMES_PARIAH/SLUM_BEACH_POSSE._VOL._1/17 LOSE_MYSELF_(FEAT._JESSE_JAMES_PARIAH).MP3
2025/03/08 16:09:34 [VERBOSE] (list.go:295) Trying path variation: /Music/DENM_LANDON_MCNAMARA_JESSE_JAMES_PARIAH/SLUM_BEACH_POSSE._VOL._1/17 LOSE_MYSELF_(FEAT._JESSE_JAMES_PARIAH).MP3
2025/03/08 16:09:34 [VERBOSE] (list.go:335) Found object: 17 LOSE_MYSELF_(FEAT._JESSE_JAMES_PARIAH).MP3 (ID: 16782686)
2025/03/08 16:09:34 [VERBOSE] (list.go:185) Found object by path: /Music/DENM_LANDON_MCNAMARA_JESSE_JAMES_PARIAH/SLUM_BEACH_POSSE._VOL._1/17 LOSE_MYSELF_(FEAT._JESSE_JAMES_PARIAH).MP3 (ID: 16782686)
2025/03/08 16:09:34 [INFO] (list.go:585) Deleted song: /Music/DENM_LANDON_MCNAMARA_JESSE_JAMES_PARIAH/SLUM_BEACH_POSSE._VOL._1/17 LOSE_MYSELF_(FEAT._JESSE_JAMES_PARIAH).MP3 (ID: 16782686)
2025/03/08 16:09:34 [VERBOSE] (list.go:569) Original song path: 0:/MUSIC/GHOSTLAND_OBSERVATORY/PAPARAZZI_LIGHTNING/18 MIDNIGHT_VOYAGE.MP3
2025/03/08 16:09:34 [VERBOSE] (list.go:570) Normalized song path: /Music/GHOSTLAND_OBSERVATORY/PAPARAZZI_LIGHTNING/18 MIDNIGHT_VOYAGE.MP3
2025/03/08 16:09:34 [VERBOSE] (list.go:572) Deleting song: /Music/GHOSTLAND_OBSERVATORY/PAPARAZZI_LIGHTNING/18 MIDNIGHT_VOYAGE.MP3
2025/03/08 16:09:34 [VERBOSE] (list.go:180) Normalized path for lookup: /Music/GHOSTLAND_OBSERVATORY/PAPARAZZI_LIGHTNING/18 MIDNIGHT_VOYAGE.MP3
2025/03/08 16:09:34 [VERBOSE] (list.go:295) Trying path variation: /Music/GHOSTLAND_OBSERVATORY/PAPARAZZI_LIGHTNING/18 MIDNIGHT_VOYAGE.MP3
2025/03/08 16:09:35 [VERBOSE] (list.go:335) Found object: 18 MIDNIGHT_VOYAGE.MP3 (ID: 16782689)
2025/03/08 16:09:35 [VERBOSE] (list.go:185) Found object by path: /Music/GHOSTLAND_OBSERVATORY/PAPARAZZI_LIGHTNING/18 MIDNIGHT_VOYAGE.MP3 (ID: 16782689)
2025/03/08 16:09:35 [INFO] (list.go:585) Deleted song: /Music/GHOSTLAND_OBSERVATORY/PAPARAZZI_LIGHTNING/18 MIDNIGHT_VOYAGE.MP3 (ID: 16782689)
2025/03/08 16:09:35 [VERBOSE] (list.go:569) Original song path: 0:/MUSIC/BOOGIE_T.RIO/THREE_FOR_ALL_EP/19 PACKING_BAGS.MP3
2025/03/08 16:09:35 [VERBOSE] (list.go:570) Normalized song path: /Music/BOOGIE_T.RIO/THREE_FOR_ALL_EP/19 PACKING_BAGS.MP3
2025/03/08 16:09:35 [VERBOSE] (list.go:572) Deleting song: /Music/BOOGIE_T.RIO/THREE_FOR_ALL_EP/19 PACKING_BAGS.MP3
2025/03/08 16:09:35 [VERBOSE] (list.go:180) Normalized path for lookup: /Music/BOOGIE_T.RIO/THREE_FOR_ALL_EP/19 PACKING_BAGS.MP3
2025/03/08 16:09:35 [VERBOSE] (list.go:295) Trying path variation: /Music/BOOGIE_T.RIO/THREE_FOR_ALL_EP/19 PACKING_BAGS.MP3
2025/03/08 16:09:35 [VERBOSE] (list.go:335) Found object: 19 PACKING_BAGS.MP3 (ID: 16782692)
2025/03/08 16:09:35 [VERBOSE] (list.go:185) Found object by path: /Music/BOOGIE_T.RIO/THREE_FOR_ALL_EP/19 PACKING_BAGS.MP3 (ID: 16782692)
2025/03/08 16:09:35 [INFO] (list.go:585) Deleted song: /Music/BOOGIE_T.RIO/THREE_FOR_ALL_EP/19 PACKING_BAGS.MP3 (ID: 16782692)
2025/03/08 16:09:35 [VERBOSE] (list.go:569) Original song path: 0:/MUSIC/HIGH_STEP_SOCIETY/PERCEPTION/20 PERCEPTION.MP3
2025/03/08 16:09:35 [VERBOSE] (list.go:570) Normalized song path: /Music/HIGH_STEP_SOCIETY/PERCEPTION/20 PERCEPTION.MP3
2025/03/08 16:09:35 [VERBOSE] (list.go:572) Deleting song: /Music/HIGH_STEP_SOCIETY/PERCEPTION/20 PERCEPTION.MP3
2025/03/08 16:09:35 [VERBOSE] (list.go:180) Normalized path for lookup: /Music/HIGH_STEP_SOCIETY/PERCEPTION/20 PERCEPTION.MP3
2025/03/08 16:09:35 [VERBOSE] (list.go:295) Trying path variation: /Music/HIGH_STEP_SOCIETY/PERCEPTION/20 PERCEPTION.MP3
2025/03/08 16:09:35 [VERBOSE] (list.go:335) Found object: 20 PERCEPTION.MP3 (ID: 16782695)
2025/03/08 16:09:35 [VERBOSE] (list.go:185) Found object by path: /Music/HIGH_STEP_SOCIETY/PERCEPTION/20 PERCEPTION.MP3 (ID: 16782695)
2025/03/08 16:09:35 [INFO] (list.go:585) Deleted song: /Music/HIGH_STEP_SOCIETY/PERCEPTION/20 PERCEPTION.MP3 (ID: 16782695)
2025/03/08 16:09:35 [VERBOSE] (list.go:569) Original song path: 0:/MUSIC/THE_FLOOZIES/POTATOES/21 POTATOES.MP3
2025/03/08 16:09:35 [VERBOSE] (list.go:570) Normalized song path: /Music/THE_FLOOZIES/POTATOES/21 POTATOES.MP3
2025/03/08 16:09:35 [VERBOSE] (list.go:572) Deleting song: /Music/THE_FLOOZIES/POTATOES/21 POTATOES.MP3
2025/03/08 16:09:35 [VERBOSE] (list.go:180) Normalized path for lookup: /Music/THE_FLOOZIES/POTATOES/21 POTATOES.MP3
2025/03/08 16:09:35 [VERBOSE] (list.go:295) Trying path variation: /Music/THE_FLOOZIES/POTATOES/21 POTATOES.MP3
2025/03/08 16:09:36 [VERBOSE] (list.go:335) Found object: 21 POTATOES.MP3 (ID: 16782698)
2025/03/08 16:09:36 [VERBOSE] (list.go:185) Found object by path: /Music/THE_FLOOZIES/POTATOES/21 POTATOES.MP3 (ID: 16782698)
2025/03/08 16:09:36 [INFO] (list.go:585) Deleted song: /Music/THE_FLOOZIES/POTATOES/21 POTATOES.MP3 (ID: 16782698)
2025/03/08 16:09:36 [VERBOSE] (list.go:569) Original song path: 0:/MUSIC/K+LAB_MELODOWNZ_MUSTAFA_AKBAR/THE_WORLDLY'S/22 PULL_UP.MP3
2025/03/08 16:09:36 [VERBOSE] (list.go:570) Normalized song path: /Music/K+LAB_MELODOWNZ_MUSTAFA_AKBAR/THE_WORLDLY'S/22 PULL_UP.MP3
2025/03/08 16:09:36 [VERBOSE] (list.go:572) Deleting song: /Music/K+LAB_MELODOWNZ_MUSTAFA_AKBAR/THE_WORLDLY'S/22 PULL_UP.MP3
2025/03/08 16:09:36 [VERBOSE] (list.go:180) Normalized path for lookup: /Music/K+LAB_MELODOWNZ_MUSTAFA_AKBAR/THE_WORLDLY'S/22 PULL_UP.MP3
2025/03/08 16:09:36 [VERBOSE] (list.go:295) Trying path variation: /Music/K+LAB_MELODOWNZ_MUSTAFA_AKBAR/THE_WORLDLY'S/22 PULL_UP.MP3
2025/03/08 16:09:36 [VERBOSE] (list.go:335) Found object: 22 PULL_UP.MP3 (ID: 16782701)
2025/03/08 16:09:36 [VERBOSE] (list.go:185) Found object by path: /Music/K+LAB_MELODOWNZ_MUSTAFA_AKBAR/THE_WORLDLY'S/22 PULL_UP.MP3 (ID: 16782701)
2025/03/08 16:09:36 [INFO] (list.go:585) Deleted song: /Music/K+LAB_MELODOWNZ_MUSTAFA_AKBAR/THE_WORLDLY'S/22 PULL_UP.MP3 (ID: 16782701)
2025/03/08 16:09:36 [VERBOSE] (list.go:569) Original song path: 0:/MUSIC/OPIUO/SLURP_AND_GIGGLE/23 ROBO_BOOTY.MP3
2025/03/08 16:09:36 [VERBOSE] (list.go:570) Normalized song path: /Music/OPIUO/SLURP_AND_GIGGLE/23 ROBO_BOOTY.MP3
2025/03/08 16:09:36 [VERBOSE] (list.go:572) Deleting song: /Music/OPIUO/SLURP_AND_GIGGLE/23 ROBO_BOOTY.MP3
2025/03/08 16:09:36 [VERBOSE] (list.go:180) Normalized path for lookup: /Music/OPIUO/SLURP_AND_GIGGLE/23 ROBO_BOOTY.MP3
2025/03/08 16:09:36 [VERBOSE] (list.go:295) Trying path variation: /Music/OPIUO/SLURP_AND_GIGGLE/23 ROBO_BOOTY.MP3
2025/03/08 16:09:36 [VERBOSE] (list.go:335) Found object: 23 ROBO_BOOTY.MP3 (ID: 16782704)
2025/03/08 16:09:36 [VERBOSE] (list.go:185) Found object by path: /Music/OPIUO/SLURP_AND_GIGGLE/23 ROBO_BOOTY.MP3 (ID: 16782704)
2025/03/08 16:09:36 [INFO] (list.go:585) Deleted song: /Music/OPIUO/SLURP_AND_GIGGLE/23 ROBO_BOOTY.MP3 (ID: 16782704)
2025/03/08 16:09:36 [VERBOSE] (list.go:569) Original song path: 0:/MUSIC/HABITAAT_BLIMES/FALL_IN_DEEP/24 SHAKE.MP3
2025/03/08 16:09:36 [VERBOSE] (list.go:570) Normalized song path: /Music/HABITAAT_BLIMES/FALL_IN_DEEP/24 SHAKE.MP3
2025/03/08 16:09:36 [VERBOSE] (list.go:572) Deleting song: /Music/HABITAAT_BLIMES/FALL_IN_DEEP/24 SHAKE.MP3
2025/03/08 16:09:36 [VERBOSE] (list.go:180) Normalized path for lookup: /Music/HABITAAT_BLIMES/FALL_IN_DEEP/24 SHAKE.MP3
2025/03/08 16:09:36 [VERBOSE] (list.go:295) Trying path variation: /Music/HABITAAT_BLIMES/FALL_IN_DEEP/24 SHAKE.MP3
2025/03/08 16:09:36 [VERBOSE] (list.go:335) Found object: 24 SHAKE.MP3 (ID: 16782707)
2025/03/08 16:09:36 [VERBOSE] (list.go:185) Found object by path: /Music/HABITAAT_BLIMES/FALL_IN_DEEP/24 SHAKE.MP3 (ID: 16782707)
2025/03/08 16:09:37 [INFO] (list.go:585) Deleted song: /Music/HABITAAT_BLIMES/FALL_IN_DEEP/24 SHAKE.MP3 (ID: 16782707)
2025/03/08 16:09:37 [VERBOSE] (list.go:569) Original song path: 0:/MUSIC/BOOMBOX/DOWNRIVERELECTRIC/25 SHAKEDOWN_STREET.MP3
2025/03/08 16:09:37 [VERBOSE] (list.go:570) Normalized song path: /Music/BOOMBOX/DOWNRIVERELECTRIC/25 SHAKEDOWN_STREET.MP3
2025/03/08 16:09:37 [VERBOSE] (list.go:572) Deleting song: /Music/BOOMBOX/DOWNRIVERELECTRIC/25 SHAKEDOWN_STREET.MP3
2025/03/08 16:09:37 [VERBOSE] (list.go:180) Normalized path for lookup: /Music/BOOMBOX/DOWNRIVERELECTRIC/25 SHAKEDOWN_STREET.MP3
2025/03/08 16:09:37 [VERBOSE] (list.go:295) Trying path variation: /Music/BOOMBOX/DOWNRIVERELECTRIC/25 SHAKEDOWN_STREET.MP3
2025/03/08 16:09:37 [VERBOSE] (list.go:335) Found object: 25 SHAKEDOWN_STREET.MP3 (ID: 16782710)
2025/03/08 16:09:37 [VERBOSE] (list.go:185) Found object by path: /Music/BOOMBOX/DOWNRIVERELECTRIC/25 SHAKEDOWN_STREET.MP3 (ID: 16782710)
2025/03/08 16:09:37 [INFO] (list.go:585) Deleted song: /Music/BOOMBOX/DOWNRIVERELECTRIC/25 SHAKEDOWN_STREET.MP3 (ID: 16782710)
2025/03/08 16:09:37 [VERBOSE] (list.go:569) Original song path: 0:/MUSIC/MOUNTAIN_HEAD/SHIMMY_SHIMMY_YA/26 SHIMMY_SHIMMY_YA.MP3
2025/03/08 16:09:37 [VERBOSE] (list.go:570) Normalized song path: /Music/MOUNTAIN_HEAD/SHIMMY_SHIMMY_YA/26 SHIMMY_SHIMMY_YA.MP3
2025/03/08 16:09:37 [VERBOSE] (list.go:572) Deleting song: /Music/MOUNTAIN_HEAD/SHIMMY_SHIMMY_YA/26 SHIMMY_SHIMMY_YA.MP3
2025/03/08 16:09:37 [VERBOSE] (list.go:180) Normalized path for lookup: /Music/MOUNTAIN_HEAD/SHIMMY_SHIMMY_YA/26 SHIMMY_SHIMMY_YA.MP3
2025/03/08 16:09:37 [VERBOSE] (list.go:295) Trying path variation: /Music/MOUNTAIN_HEAD/SHIMMY_SHIMMY_YA/26 SHIMMY_SHIMMY_YA.MP3
2025/03/08 16:09:37 [VERBOSE] (list.go:335) Found object: 26 SHIMMY_SHIMMY_YA.MP3 (ID: 16782713)
2025/03/08 16:09:37 [VERBOSE] (list.go:185) Found object by path: /Music/MOUNTAIN_HEAD/SHIMMY_SHIMMY_YA/26 SHIMMY_SHIMMY_YA.MP3 (ID: 16782713)
2025/03/08 16:09:37 [INFO] (list.go:585) Deleted song: /Music/MOUNTAIN_HEAD/SHIMMY_SHIMMY_YA/26 SHIMMY_SHIMMY_YA.MP3 (ID: 16782713)
2025/03/08 16:09:37 [VERBOSE] (list.go:569) Original song path: 0:/MUSIC/CODY_KO_MOONLGHT/SHOULD_I_STAY_OR_SHOULD_I_GO/27 SHOULD_I_STAY_OR_SHOULD_I_GO.MP3
2025/03/08 16:09:37 [VERBOSE] (list.go:570) Normalized song path: /Music/CODY_KO_MOONLGHT/SHOULD_I_STAY_OR_SHOULD_I_GO/27 SHOULD_I_STAY_OR_SHOULD_I_GO.MP3
2025/03/08 16:09:37 [VERBOSE] (list.go:572) Deleting song: /Music/CODY_KO_MOONLGHT/SHOULD_I_STAY_OR_SHOULD_I_GO/27 SHOULD_I_STAY_OR_SHOULD_I_GO.MP3
2025/03/08 16:09:37 [VERBOSE] (list.go:180) Normalized path for lookup: /Music/CODY_KO_MOONLGHT/SHOULD_I_STAY_OR_SHOULD_I_GO/27 SHOULD_I_STAY_OR_SHOULD_I_GO.MP3
2025/03/08 16:09:37 [VERBOSE] (list.go:295) Trying path variation: /Music/CODY_KO_MOONLGHT/SHOULD_I_STAY_OR_SHOULD_I_GO/27 SHOULD_I_STAY_OR_SHOULD_I_GO.MP3
2025/03/08 16:09:37 [VERBOSE] (list.go:335) Found object: 27 SHOULD_I_STAY_OR_SHOULD_I_GO.MP3 (ID: 16782716)
2025/03/08 16:09:37 [VERBOSE] (list.go:185) Found object by path: /Music/CODY_KO_MOONLGHT/SHOULD_I_STAY_OR_SHOULD_I_GO/27 SHOULD_I_STAY_OR_SHOULD_I_GO.MP3 (ID: 16782716)
2025/03/08 16:09:37 [INFO] (list.go:585) Deleted song: /Music/CODY_KO_MOONLGHT/SHOULD_I_STAY_OR_SHOULD_I_GO/27 SHOULD_I_STAY_OR_SHOULD_I_GO.MP3 (ID: 16782716)
2025/03/08 16:09:37 [VERBOSE] (list.go:569) Original song path: 0:/MUSIC/CHARLESTHEFIRST/STEP_TIME/28 STEP_TIME.MP3
2025/03/08 16:09:37 [VERBOSE] (list.go:570) Normalized song path: /Music/CHARLESTHEFIRST/STEP_TIME/28 STEP_TIME.MP3
2025/03/08 16:09:37 [VERBOSE] (list.go:572) Deleting song: /Music/CHARLESTHEFIRST/STEP_TIME/28 STEP_TIME.MP3
2025/03/08 16:09:37 [VERBOSE] (list.go:180) Normalized path for lookup: /Music/CHARLESTHEFIRST/STEP_TIME/28 STEP_TIME.MP3
2025/03/08 16:09:37 [VERBOSE] (list.go:295) Trying path variation: /Music/CHARLESTHEFIRST/STEP_TIME/28 STEP_TIME.MP3
2025/03/08 16:09:38 [VERBOSE] (list.go:335) Found object: 28 STEP_TIME.MP3 (ID: 16782719)
2025/03/08 16:09:38 [VERBOSE] (list.go:185) Found object by path: /Music/CHARLESTHEFIRST/STEP_TIME/28 STEP_TIME.MP3 (ID: 16782719)
2025/03/08 16:09:38 [INFO] (list.go:585) Deleted song: /Music/CHARLESTHEFIRST/STEP_TIME/28 STEP_TIME.MP3 (ID: 16782719)
2025/03/08 16:09:38 [VERBOSE] (list.go:569) Original song path: 0:/MUSIC/DIRTWIRE/BLAZE/29 STRANGER.MP3
2025/03/08 16:09:38 [VERBOSE] (list.go:570) Normalized song path: /Music/DIRTWIRE/BLAZE/29 STRANGER.MP3
2025/03/08 16:09:38 [VERBOSE] (list.go:572) Deleting song: /Music/DIRTWIRE/BLAZE/29 STRANGER.MP3
2025/03/08 16:09:38 [VERBOSE] (list.go:180) Normalized path for lookup: /Music/DIRTWIRE/BLAZE/29 STRANGER.MP3
2025/03/08 16:09:38 [VERBOSE] (list.go:295) Trying path variation: /Music/DIRTWIRE/BLAZE/29 STRANGER.MP3
2025/03/08 16:09:38 [VERBOSE] (list.go:335) Found object: 29 STRANGER.MP3 (ID: 16782722)
2025/03/08 16:09:38 [VERBOSE] (list.go:185) Found object by path: /Music/DIRTWIRE/BLAZE/29 STRANGER.MP3 (ID: 16782722)
2025/03/08 16:09:38 [INFO] (list.go:585) Deleted song: /Music/DIRTWIRE/BLAZE/29 STRANGER.MP3 (ID: 16782722)
2025/03/08 16:09:38 [VERBOSE] (list.go:569) Original song path: 0:/MUSIC/PHYPHR/UP/30 UP.MP3
2025/03/08 16:09:38 [VERBOSE] (list.go:570) Normalized song path: /Music/PHYPHR/UP/30 UP.MP3
2025/03/08 16:09:38 [VERBOSE] (list.go:572) Deleting song: /Music/PHYPHR/UP/30 UP.MP3
2025/03/08 16:09:38 [VERBOSE] (list.go:180) Normalized path for lookup: /Music/PHYPHR/UP/30 UP.MP3
2025/03/08 16:09:38 [VERBOSE] (list.go:295) Trying path variation: /Music/PHYPHR/UP/30 UP.MP3
2025/03/08 16:09:38 [VERBOSE] (list.go:335) Found object: 30 UP.MP3 (ID: 16782725)
2025/03/08 16:09:38 [VERBOSE] (list.go:185) Found object by path: /Music/PHYPHR/UP/30 UP.MP3 (ID: 16782725)
2025/03/08 16:09:38 [INFO] (list.go:585) Deleted song: /Music/PHYPHR/UP/30 UP.MP3 (ID: 16782725)
2025/03/08 16:09:38 [VERBOSE] (list.go:569) Original song path: 0:/MUSIC/ARTIKAL_SOUND_SYSTEM_LITTLE_STRANGER/WELCOME_TO_FLORIDA/31 WHEN_I_WANNA_(FEAT._LITTLE_STRANGER).MP3
2025/03/08 16:09:38 [VERBOSE] (list.go:570) Normalized song path: /Music/ARTIKAL_SOUND_SYSTEM_LITTLE_STRANGER/WELCOME_TO_FLORIDA/31 WHEN_I_WANNA_(FEAT._LITTLE_STRANGER).MP3
2025/03/08 16:09:38 [VERBOSE] (list.go:572) Deleting song: /Music/ARTIKAL_SOUND_SYSTEM_LITTLE_STRANGER/WELCOME_TO_FLORIDA/31 WHEN_I_WANNA_(FEAT._LITTLE_STRANGER).MP3
2025/03/08 16:09:38 [VERBOSE] (list.go:180) Normalized path for lookup: /Music/ARTIKAL_SOUND_SYSTEM_LITTLE_STRANGER/WELCOME_TO_FLORIDA/31 WHEN_I_WANNA_(FEAT._LITTLE_STRANGER).MP3
2025/03/08 16:09:38 [VERBOSE] (list.go:295) Trying path variation: /Music/ARTIKAL_SOUND_SYSTEM_LITTLE_STRANGER/WELCOME_TO_FLORIDA/31 WHEN_I_WANNA_(FEAT._LITTLE_STRANGER).MP3
2025/03/08 16:09:39 [VERBOSE] (list.go:335) Found object: 31 WHEN_I_WANNA_(FEAT._LITTLE_STRANGER).MP3 (ID: 16782728)
2025/03/08 16:09:39 [VERBOSE] (list.go:185) Found object by path: /Music/ARTIKAL_SOUND_SYSTEM_LITTLE_STRANGER/WELCOME_TO_FLORIDA/31 WHEN_I_WANNA_(FEAT._LITTLE_STRANGER).MP3 (ID: 16782728)
2025/03/08 16:09:39 [INFO] (list.go:585) Deleted song: /Music/ARTIKAL_SOUND_SYSTEM_LITTLE_STRANGER/WELCOME_TO_FLORIDA/31 WHEN_I_WANNA_(FEAT._LITTLE_STRANGER).MP3 (ID: 16782728)
2025/03/08 16:09:39 [INFO] (list.go:598) Deleted playlist: /Music/SICKATHON.m3u8 (ID: 16782729)
2025/03/08 16:09:40 [INFO] (list.go:27) Searching for MP3 files...
2025/03/08 16:09:40 [INFO] (list.go:46) Searching storage #1:  (ID: 131073)
2025/03/08 16:09:40 [INFO] (list.go:610) Searching for MP3 files in both case variations of music directories
2025/03/08 16:09:40 [INFO] (list.go:619) Searching in /Music directory
2025/03/08 16:09:44 [INFO] (list.go:649) Found 0 total objects in /Music directory
2025/03/08 16:09:44 [ERROR] (list.go:664) No MP3 files found in any music directories
2025/03/08 16:09:44 [INFO] (list.go:665) HINT: If you've uploaded files but can't find them, check:
2025/03/08 16:09:44 [INFO] (list.go:666) 1. The files were uploaded successfully (no errors during upload)
2025/03/08 16:09:44 [INFO] (list.go:667) 2. The case of the music directory: the app now searches both /MUSIC and /Music
2025/03/08 16:09:44 [INFO] (list.go:668) 3. The directory structure on the device (using a direct file browser)
2025/03/08 16:09:44 [INFO] (list.go:56) Found 0 MP3 files in storage #1
2025/03/08 16:09:44 [INFO] (list.go:66) Total MP3 files found across all storages: 0
