2025/03/08 12:06:11 --- MTP Music Manager Started ---
2025/03/08 12:06:11 OS: darwin, Architecture: arm64
2025/03/08 12:06:11 Verbose logging: false
2025/03/08 12:06:11 [INFO] (main.go:25) Starting MTP Music Manager
2025/03/08 12:06:11 [INFO] (connect.go:15) Initializing device with timeout of 30s...
2025/03/08 12:06:11 [INFO] (connect.go:28) Starting MTP device detection in background goroutine
2025/03/08 12:06:11 [INFO] (connect.go:40) MTP device found successfully
2025/03/08 12:06:11 [INFO] (connect.go:54) Device initialized successfully
2025/03/08 12:06:11 [INFO] (storage.go:21) Fetching storages with timeout of 30s...
2025/03/08 12:06:11 [INFO] (storage.go:48) Found 1 storage(s) on device
2025/03/08 12:06:11 [INFO] (storage.go:61) Storage #1:  (ID: 131073)
2025/03/08 12:06:23 [INFO] (delete.go:504) Scanned 380 files, found 0 playlists
2025/03/08 12:06:32 [INFO] (upload.go:1059) Automatically selected storage:  (ID: 131073)
2025/03/08 12:06:32 [INFO] (upload.go:916) Found existing Music folder with ID: 16777218
2025/03/08 12:06:38 [INFO] (upload.go:972) Using existing folder: ROOTKIT_TYLOR_MAURER (ID: 16777306)
2025/03/08 12:06:38 [INFO] (upload.go:972) Using existing folder: GOOD_2_GO (ID: 16777652)
2025/03/08 12:06:38 [INFO] (upload.go:609) Uploading GOOD_2_GO.MP3 to album folder (storage ID: 131073, folder ID: 16777652)
2025/03/08 12:06:39 [ERROR] (upload.go:651) Transfer attempt 1 failed: EOF
2025/03/08 12:06:43 [ERROR] (upload.go:651) Transfer attempt 2 failed: EOF
2025/03/08 12:06:47 [ERROR] (upload.go:651) Transfer attempt 3 failed: EOF
2025/03/08 12:06:47 [ERROR] (upload.go:663) All transfer attempts failed: EOF
2025/03/08 12:07:18 [INFO] (upload.go:977) Folder 'JAUZ' not found, attempting to create it
2025/03/08 12:07:18 [ERROR] (upload.go:595) Error creating artist folder: error finding or creating folder 'JAUZ': error sending folder info: mtp: cannot run operation SendObjectInfo, device is not open
2025/03/08 12:07:18 [INFO] (upload.go:977) Folder 'QUIX' not found, attempting to create it
2025/03/08 12:07:18 [ERROR] (upload.go:595) Error creating artist folder: error finding or creating folder 'QUIX': error sending folder info: mtp: cannot run operation SendObjectInfo, device is not open
2025/03/08 12:07:18 [INFO] (upload.go:977) Folder 'JOYRYDE' not found, attempting to create it
2025/03/08 12:07:18 [ERROR] (upload.go:595) Error creating artist folder: error finding or creating folder 'JOYRYDE': error sending folder info: mtp: cannot run operation SendObjectInfo, device is not open
2025/03/08 12:07:18 [INFO] (upload.go:977) Folder 'QUIX_AMBA_SHEPHERD' not found, attempting to create it
2025/03/08 12:07:18 [ERROR] (upload.go:595) Error creating artist folder: error finding or creating folder 'QUIX_AMBA_SHEPHERD': error sending folder info: mtp: cannot run operation SendObjectInfo, device is not open
2025/03/08 12:07:18 [INFO] (upload.go:977) Folder 'EPHWURD_SWAGE' not found, attempting to create it
2025/03/08 12:07:18 [ERROR] (upload.go:595) Error creating artist folder: error finding or creating folder 'EPHWURD_SWAGE': error sending folder info: mtp: cannot run operation SendObjectInfo, device is not open
2025/03/08 12:07:18 [INFO] (upload.go:977) Folder 'AHEE_DEFUNK' not found, attempting to create it
2025/03/08 12:07:18 [ERROR] (upload.go:595) Error creating artist folder: error finding or creating folder 'AHEE_DEFUNK': error sending folder info: mtp: cannot run operation SendObjectInfo, device is not open
2025/03/08 12:07:18 [INFO] (upload.go:977) Folder 'JOYRYDE' not found, attempting to create it
2025/03/08 12:07:18 [ERROR] (upload.go:595) Error creating artist folder: error finding or creating folder 'JOYRYDE': error sending folder info: mtp: cannot run operation SendObjectInfo, device is not open
2025/03/08 12:07:18 [INFO] (upload.go:977) Folder 'JAUZ_EXAMPLE' not found, attempting to create it
2025/03/08 12:07:18 [ERROR] (upload.go:595) Error creating artist folder: error finding or creating folder 'JAUZ_EXAMPLE': error sending folder info: mtp: cannot run operation SendObjectInfo, device is not open
2025/03/08 12:07:18 [INFO] (upload.go:977) Folder 'TIËSTO_JAUZ' not found, attempting to create it
2025/03/08 12:07:18 [ERROR] (upload.go:595) Error creating artist folder: error finding or creating folder 'TIËSTO_JAUZ': error sending folder info: mtp: cannot run operation SendObjectInfo, device is not open
2025/03/08 12:07:18 [INFO] (upload.go:977) Folder 'ZEDS_DEAD_JAUZ_SUBTRONICS' not found, attempting to create it
2025/03/08 12:07:18 [ERROR] (upload.go:595) Error creating artist folder: error finding or creating folder 'ZEDS_DEAD_JAUZ_SUBTRONICS': error sending folder info: mtp: cannot run operation SendObjectInfo, device is not open
2025/03/08 12:07:18 [INFO] (upload.go:977) Folder 'JOYRYDE' not found, attempting to create it
2025/03/08 12:07:18 [ERROR] (upload.go:595) Error creating artist folder: error finding or creating folder 'JOYRYDE': error sending folder info: mtp: cannot run operation SendObjectInfo, device is not open
2025/03/08 12:07:18 [INFO] (upload.go:977) Folder 'DREZO' not found, attempting to create it
2025/03/08 12:07:18 [ERROR] (upload.go:595) Error creating artist folder: error finding or creating folder 'DREZO': error sending folder info: mtp: cannot run operation SendObjectInfo, device is not open
2025/03/08 12:07:18 [INFO] (upload.go:977) Folder 'HEROBUST' not found, attempting to create it
2025/03/08 12:07:18 [ERROR] (upload.go:595) Error creating artist folder: error finding or creating folder 'HEROBUST': error sending folder info: mtp: cannot run operation SendObjectInfo, device is not open
2025/03/08 12:07:18 [INFO] (upload.go:977) Folder 'JAUZ_SAN_HOLO' not found, attempting to create it
2025/03/08 12:07:18 [ERROR] (upload.go:595) Error creating artist folder: error finding or creating folder 'JAUZ_SAN_HOLO': error sending folder info: mtp: cannot run operation SendObjectInfo, device is not open
2025/03/08 12:07:18 [INFO] (upload.go:977) Folder 'BONNIE_X_CLYDE' not found, attempting to create it
2025/03/08 12:07:18 [ERROR] (upload.go:595) Error creating artist folder: error finding or creating folder 'BONNIE_X_CLYDE': error sending folder info: mtp: cannot run operation SendObjectInfo, device is not open
2025/03/08 12:07:18 [INFO] (upload.go:977) Folder 'MONXX' not found, attempting to create it
2025/03/08 12:07:18 [ERROR] (upload.go:595) Error creating artist folder: error finding or creating folder 'MONXX': error sending folder info: mtp: cannot run operation SendObjectInfo, device is not open
2025/03/08 12:07:18 [INFO] (upload.go:977) Folder 'KNOCK2' not found, attempting to create it
2025/03/08 12:07:18 [ERROR] (upload.go:595) Error creating artist folder: error finding or creating folder 'KNOCK2': error sending folder info: mtp: cannot run operation SendObjectInfo, device is not open
2025/03/08 12:07:18 [INFO] (upload.go:977) Folder 'KNIFE_PARTY_JAUZ' not found, attempting to create it
2025/03/08 12:07:18 [ERROR] (upload.go:595) Error creating artist folder: error finding or creating folder 'KNIFE_PARTY_JAUZ': error sending folder info: mtp: cannot run operation SendObjectInfo, device is not open
2025/03/08 12:07:18 [INFO] (upload.go:977) Folder 'BRO_SAFARI_SARAH_HUDSON' not found, attempting to create it
2025/03/08 12:07:18 [ERROR] (upload.go:595) Error creating artist folder: error finding or creating folder 'BRO_SAFARI_SARAH_HUDSON': error sending folder info: mtp: cannot run operation SendObjectInfo, device is not open
2025/03/08 12:07:18 [INFO] (upload.go:977) Folder 'JAUZ_EPHWURD' not found, attempting to create it
2025/03/08 12:07:18 [ERROR] (upload.go:595) Error creating artist folder: error finding or creating folder 'JAUZ_EPHWURD': error sending folder info: mtp: cannot run operation SendObjectInfo, device is not open
2025/03/08 12:07:18 [INFO] (upload.go:977) Folder 'JOYRYDE' not found, attempting to create it
2025/03/08 12:07:18 [ERROR] (upload.go:595) Error creating artist folder: error finding or creating folder 'JOYRYDE': error sending folder info: mtp: cannot run operation SendObjectInfo, device is not open
2025/03/08 12:07:18 [INFO] (upload.go:977) Folder 'JOYRYDE' not found, attempting to create it
2025/03/08 12:07:18 [ERROR] (upload.go:595) Error creating artist folder: error finding or creating folder 'JOYRYDE': error sending folder info: mtp: cannot run operation SendObjectInfo, device is not open
2025/03/08 12:07:18 [INFO] (upload.go:977) Folder '12TH_PLANET' not found, attempting to create it
2025/03/08 12:07:18 [ERROR] (upload.go:595) Error creating artist folder: error finding or creating folder '12TH_PLANET': error sending folder info: mtp: cannot run operation SendObjectInfo, device is not open
2025/03/08 12:07:18 [INFO] (upload.go:977) Folder 'SIKDOPE_LOUD_ABOUT_US!' not found, attempting to create it
2025/03/08 12:07:18 [ERROR] (upload.go:595) Error creating artist folder: error finding or creating folder 'SIKDOPE_LOUD_ABOUT_US!': error sending folder info: mtp: cannot run operation SendObjectInfo, device is not open
2025/03/08 12:07:18 [INFO] (upload.go:977) Folder 'JAUZ_666' not found, attempting to create it
2025/03/08 12:07:18 [ERROR] (upload.go:595) Error creating artist folder: error finding or creating folder 'JAUZ_666': error sending folder info: mtp: cannot run operation SendObjectInfo, device is not open
2025/03/08 12:07:18 [INFO] (upload.go:977) Folder 'JAUZ_NONSENS' not found, attempting to create it
2025/03/08 12:07:18 [ERROR] (upload.go:595) Error creating artist folder: error finding or creating folder 'JAUZ_NONSENS': error sending folder info: mtp: cannot run operation SendObjectInfo, device is not open
2025/03/08 12:07:18 [INFO] (upload.go:977) Folder 'JAUZ' not found, attempting to create it
2025/03/08 12:07:18 [ERROR] (upload.go:595) Error creating artist folder: error finding or creating folder 'JAUZ': error sending folder info: mtp: cannot run operation SendObjectInfo, device is not open
2025/03/08 12:07:18 [INFO] (upload.go:977) Folder '4B' not found, attempting to create it
2025/03/08 12:07:18 [ERROR] (upload.go:595) Error creating artist folder: error finding or creating folder '4B': error sending folder info: mtp: cannot run operation SendObjectInfo, device is not open
2025/03/08 12:07:18 [INFO] (upload.go:977) Folder 'APASHE_LEVEL_UP_SAMI_CHAOUKI' not found, attempting to create it
2025/03/08 12:07:18 [ERROR] (upload.go:595) Error creating artist folder: error finding or creating folder 'APASHE_LEVEL_UP_SAMI_CHAOUKI': error sending folder info: mtp: cannot run operation SendObjectInfo, device is not open
2025/03/08 12:07:18 [INFO] (upload.go:977) Folder 'HEROBUST' not found, attempting to create it
2025/03/08 12:07:18 [ERROR] (upload.go:595) Error creating artist folder: error finding or creating folder 'HEROBUST': error sending folder info: mtp: cannot run operation SendObjectInfo, device is not open
2025/03/08 12:07:18 [INFO] (upload.go:977) Folder 'FUNTCASE_DANI_POPPITT' not found, attempting to create it
2025/03/08 12:07:18 [ERROR] (upload.go:595) Error creating artist folder: error finding or creating folder 'FUNTCASE_DANI_POPPITT': error sending folder info: mtp: cannot run operation SendObjectInfo, device is not open
