2025/03/08 14:23:04 --- MTP Music Manager Started ---
2025/03/08 14:23:04 OS: darwin, Architecture: arm64
2025/03/08 14:23:04 Verbose logging: true
2025/03/08 14:23:04 [VERBOSE] (main.go:25) Starting MTP Music Manager
2025/03/08 14:23:04 [VERBOSE] (connect.go:15) Initializing device with timeout of 30s...
2025/03/08 14:23:04 [VERBOSE] (connect.go:28) Starting MTP device detection in background goroutine
2025/03/08 14:23:04 [VERBOSE] (connect.go:40) MTP device found successfully
2025/03/08 14:23:04 [VERBOSE] (connect.go:54) Device initialized successfully
2025/03/08 14:23:04 [VERBOSE] (storage.go:21) Fetching storages with timeout of 30s...
2025/03/08 14:23:04 [VERBOSE] (storage.go:48) Found 1 storage(s) on device
2025/03/08 14:23:04 [VERBOSE] (storage.go:61) Storage #1:  (ID: 131073)
2025/03/08 14:23:08 [INFO] (list.go:93) Searching for MP3 files...
2025/03/08 14:23:08 [INFO] (list.go:112) Searching storage #1:  (ID: 131073)
2025/03/08 14:23:13 [VERBOSE] (list.go:712) Found MP3: /Music/JAUZ/FEEL_THE_VOLUME/FEEL_THE_VOLUME.MP3 (Size: 3766959 bytes)
2025/03/08 14:23:13 [VERBOSE] (list.go:712) Found MP3: /Music/JAUZ/GET_TO_ME/GET_TO_ME.MP3 (Size: 4214562 bytes)
2025/03/08 14:23:14 [VERBOSE] (list.go:712) Found MP3: /Music/TI_STO_JAUZ/INFECTED/10 INFECTED.MP3 (Size: 4660354 bytes)
2025/03/08 14:23:14 [VERBOSE] (list.go:712) Found MP3: /Music/KNOCK2/SABLE_VALLEY_SUMMER,_VOL._1/GEMS.MP3 (Size: 3556564 bytes)
2025/03/08 14:23:16 [VERBOSE] (list.go:712) Found MP3: /Music/BUKU_BASSNECTAR/FRONT_TO_BACK_(BASSNECTAR_REMIX)/FRONT_TO_BACK_-_BASSNECTAR_REMIX.MP3 (Size: 3158589 bytes)
2025/03/08 14:23:16 [VERBOSE] (list.go:712) Found MP3: /Music/DEADMAU5_ROB_SWIRE_JAUZ/GHOSTS_'N'_STUFF_(JAUZ_REMIX)/GHOSTS_'N'_STUFF_-_JAUZ_REMIX.MP3 (Size: 3739538 bytes)
2025/03/08 14:23:16 [INFO] (list.go:722) Scanned 336 files in storage
2025/03/08 14:23:16 [INFO] (list.go:122) Found 6 MP3 files in storage #1
2025/03/08 14:23:16 [INFO] (list.go:132) Total MP3 files found across all storages: 6
2025/03/08 14:23:20 [INFO] (upload.go:1188) Automatically selected storage:  (ID: 131073)
2025/03/08 14:23:20 [VERBOSE] (upload.go:1075) Found existing Music folder with ID: 16777218
2025/03/08 14:23:26 [VERBOSE] (upload.go:1131) Using existing folder: JOYRYDE_SKRILLEX (ID: 16777333)
2025/03/08 14:23:26 [VERBOSE] (upload.go:1131) Using existing folder: AGEN_WIDA (ID: 16777700)
2025/03/08 14:23:26 [INFO] (upload.go:919) Uploading 01 AGEN_WIDA.MP3 to album folder (storage ID: 131073, folder ID: 16777700)
2025/03/08 14:23:26 [INFO] (upload.go:974) Successfully uploaded 01 AGEN_WIDA.MP3 (object ID: 16783074) to /Music/JOYRYDE_SKRILLEX/AGEN_WIDA/01 AGEN_WIDA.MP3
2025/03/08 14:23:26 [VERBOSE] (upload.go:1131) Using existing folder: ISOXO_KNOCK2 (ID: 16777334)
2025/03/08 14:23:26 [VERBOSE] (upload.go:1131) Using existing folder: NITEHARTS (ID: 16777701)
2025/03/08 14:23:26 [INFO] (upload.go:919) Uploading 02 AARENA_(KNOCK2_REMIX).MP3 to album folder (storage ID: 131073, folder ID: 16777701)
2025/03/08 14:23:27 [INFO] (upload.go:974) Successfully uploaded 02 AARENA_(KNOCK2_REMIX).MP3 (object ID: 16783075) to /Music/ISOXO_KNOCK2/NITEHARTS/02 AARENA_(KNOCK2_REMIX).MP3
2025/03/08 14:23:27 [VERBOSE] (upload.go:1131) Using existing folder: JAUZ (ID: 16777307)
2025/03/08 14:23:27 [VERBOSE] (upload.go:1131) Using existing folder: ALPHA (ID: 16777664)
2025/03/08 14:23:27 [INFO] (upload.go:919) Uploading 03 ALPHA.MP3 to album folder (storage ID: 131073, folder ID: 16777664)
2025/03/08 14:23:27 [INFO] (upload.go:974) Successfully uploaded 03 ALPHA.MP3 (object ID: 16783076) to /Music/JAUZ/ALPHA/03 ALPHA.MP3
2025/03/08 14:23:27 [VERBOSE] (upload.go:1131) Using existing folder: HEROBUST (ID: 16777317)
2025/03/08 14:23:27 [VERBOSE] (upload.go:1131) Using existing folder: BRUH_! (ID: 16777680)
2025/03/08 14:23:27 [INFO] (upload.go:919) Uploading 04 BRUH!.MP3 to album folder (storage ID: 131073, folder ID: 16777680)
2025/03/08 14:23:28 [INFO] (upload.go:974) Successfully uploaded 04 BRUH!.MP3 (object ID: 16783077) to /Music/HEROBUST/BRUH_!/04 BRUH!.MP3
2025/03/08 14:23:28 [VERBOSE] (upload.go:1131) Using existing folder: BRO_SAFARI_TANK_PARADE (ID: 16777335)
2025/03/08 14:23:28 [VERBOSE] (upload.go:1131) Using existing folder: BLITZ (ID: 16777702)
2025/03/08 14:23:28 [INFO] (upload.go:919) Uploading 05 BLITZ.MP3 to album folder (storage ID: 131073, folder ID: 16777702)
2025/03/08 14:23:28 [INFO] (upload.go:974) Successfully uploaded 05 BLITZ.MP3 (object ID: 16783078) to /Music/BRO_SAFARI_TANK_PARADE/BLITZ/05 BLITZ.MP3
2025/03/08 14:23:28 [VERBOSE] (upload.go:1131) Using existing folder: HEROBUST (ID: 16777317)
2025/03/08 14:23:28 [VERBOSE] (upload.go:1131) Using existing folder: BLOCKBUSTER_VIP (ID: 16777681)
2025/03/08 14:23:28 [INFO] (upload.go:919) Uploading 06 BLOCKBUSTER_VIP.MP3 to album folder (storage ID: 131073, folder ID: 16777681)
2025/03/08 14:23:29 [INFO] (upload.go:974) Successfully uploaded 06 BLOCKBUSTER_VIP.MP3 (object ID: 16783079) to /Music/HEROBUST/BLOCKBUSTER_VIP/06 BLOCKBUSTER_VIP.MP3
2025/03/08 14:23:29 [VERBOSE] (upload.go:1131) Using existing folder: RUSKO_SUBTRONICS (ID: 16777336)
2025/03/08 14:23:29 [VERBOSE] (upload.go:1131) Using existing folder: BOUNCE (ID: 16777703)
2025/03/08 14:23:29 [INFO] (upload.go:919) Uploading 07 BOUNCE.MP3 to album folder (storage ID: 131073, folder ID: 16777703)
2025/03/08 14:23:29 [INFO] (upload.go:974) Successfully uploaded 07 BOUNCE.MP3 (object ID: 16783080) to /Music/RUSKO_SUBTRONICS/BOUNCE/07 BOUNCE.MP3
2025/03/08 14:23:29 [VERBOSE] (upload.go:1131) Using existing folder: 12TH_PLANET (ID: 16777325)
2025/03/08 14:23:29 [VERBOSE] (upload.go:1131) Using existing folder: CLAIRVOYANT (ID: 16777692)
2025/03/08 14:23:29 [INFO] (upload.go:919) Uploading 08 CLAIRVOYANT.MP3 to album folder (storage ID: 131073, folder ID: 16777692)
2025/03/08 14:23:30 [INFO] (upload.go:974) Successfully uploaded 08 CLAIRVOYANT.MP3 (object ID: 16783081) to /Music/12TH_PLANET/CLAIRVOYANT/08 CLAIRVOYANT.MP3
2025/03/08 14:23:30 [VERBOSE] (upload.go:1131) Using existing folder: 4B_NVRLEFT (ID: 16777337)
2025/03/08 14:23:30 [VERBOSE] (upload.go:1131) Using existing folder: DOPE (ID: 16777704)
2025/03/08 14:23:30 [INFO] (upload.go:919) Uploading 09 DOPE.MP3 to album folder (storage ID: 131073, folder ID: 16777704)
2025/03/08 14:23:30 [INFO] (upload.go:974) Successfully uploaded 09 DOPE.MP3 (object ID: 16783082) to /Music/4B_NVRLEFT/DOPE/09 DOPE.MP3
2025/03/08 14:23:30 [VERBOSE] (upload.go:1131) Using existing folder: RIOT (ID: 16777338)
2025/03/08 14:23:30 [VERBOSE] (upload.go:1131) Using existing folder: DOWN_WITH_YOUR_LOVE (ID: 16777705)
2025/03/08 14:23:30 [INFO] (upload.go:919) Uploading 10 DOWN_WITH_YOUR_LOVE.MP3 to album folder (storage ID: 131073, folder ID: 16777705)
2025/03/08 14:23:31 [INFO] (upload.go:974) Successfully uploaded 10 DOWN_WITH_YOUR_LOVE.MP3 (object ID: 16783083) to /Music/RIOT/DOWN_WITH_YOUR_LOVE/10 DOWN_WITH_YOUR_LOVE.MP3
2025/03/08 14:23:31 [VERBOSE] (upload.go:1131) Using existing folder: BRAINRACK_EYEZIC_ALLEYCVT (ID: 16777339)
2025/03/08 14:23:31 [VERBOSE] (upload.go:1131) Using existing folder: EYES_CLOSED (ID: 16777706)
2025/03/08 14:23:31 [INFO] (upload.go:919) Uploading 11 EYES_CLOSED.MP3 to album folder (storage ID: 131073, folder ID: 16777706)
2025/03/08 14:23:31 [INFO] (upload.go:974) Successfully uploaded 11 EYES_CLOSED.MP3 (object ID: 16783084) to /Music/BRAINRACK_EYEZIC_ALLEYCVT/EYES_CLOSED/11 EYES_CLOSED.MP3
2025/03/08 14:23:31 [VERBOSE] (upload.go:1131) Using existing folder: JAUZ (ID: 16777307)
2025/03/08 14:23:31 [VERBOSE] (upload.go:1131) Using existing folder: FEEL_THE_VOLUME (ID: 16777665)
2025/03/08 14:23:31 [INFO] (upload.go:919) Uploading 12 FEEL_THE_VOLUME.MP3 to album folder (storage ID: 131073, folder ID: 16777665)
2025/03/08 14:23:32 [INFO] (upload.go:974) Successfully uploaded 12 FEEL_THE_VOLUME.MP3 (object ID: 16783085) to /Music/JAUZ/FEEL_THE_VOLUME/12 FEEL_THE_VOLUME.MP3
2025/03/08 14:23:32 [VERBOSE] (upload.go:1131) Using existing folder: 12TH_PLANET_KATIE_SKY (ID: 16777340)
2025/03/08 14:23:32 [VERBOSE] (upload.go:1131) Using existing folder: FOLLOW (ID: 16777707)
2025/03/08 14:23:32 [INFO] (upload.go:919) Uploading 13 FOLLOW.MP3 to album folder (storage ID: 131073, folder ID: 16777707)
2025/03/08 14:23:32 [INFO] (upload.go:974) Successfully uploaded 13 FOLLOW.MP3 (object ID: 16783086) to /Music/12TH_PLANET_KATIE_SKY/FOLLOW/13 FOLLOW.MP3
2025/03/08 14:23:32 [VERBOSE] (upload.go:1131) Using existing folder: BUKU_BASSNECTAR (ID: 16777341)
2025/03/08 14:23:33 [VERBOSE] (upload.go:1131) Using existing folder: FRONT_TO_BACK_(BASSNECTAR_REMIX) (ID: 16777708)
2025/03/08 14:23:33 [INFO] (upload.go:919) Uploading 14 FRONT_TO_BACK_-_BASSNECTAR_REMIX.MP3 to album folder (storage ID: 131073, folder ID: 16777708)
2025/03/08 14:23:33 [INFO] (upload.go:974) Successfully uploaded 14 FRONT_TO_BACK_-_BASSNECTAR_REMIX.MP3 (object ID: 16783087) to /Music/BUKU_BASSNECTAR/FRONT_TO_BACK_(BASSNECTAR_REMIX)/14 FRONT_TO_BACK_-_BASSNECTAR_REMIX.MP3
2025/03/08 14:23:33 [VERBOSE] (upload.go:1131) Using existing folder: KNOCK2 (ID: 16777321)
2025/03/08 14:23:33 [VERBOSE] (upload.go:1131) Using existing folder: SABLE_VALLEY_SUMMER_VOL._1 (ID: 16777686)
2025/03/08 14:23:33 [INFO] (upload.go:919) Uploading 15 GEMS.MP3 to album folder (storage ID: 131073, folder ID: 16777686)
2025/03/08 14:23:33 [INFO] (upload.go:974) Successfully uploaded 15 GEMS.MP3 (object ID: 16783088) to /Music/KNOCK2/SABLE_VALLEY_SUMMER_VOL._1/15 GEMS.MP3
2025/03/08 14:23:33 [VERBOSE] (upload.go:1131) Using existing folder: JAUZ (ID: 16777307)
2025/03/08 14:23:33 [VERBOSE] (upload.go:1131) Using existing folder: GET_TO_ME (ID: 16777666)
2025/03/08 14:23:33 [INFO] (upload.go:919) Uploading 16 GET_TO_ME.MP3 to album folder (storage ID: 131073, folder ID: 16777666)
2025/03/08 14:23:34 [INFO] (upload.go:974) Successfully uploaded 16 GET_TO_ME.MP3 (object ID: 16783089) to /Music/JAUZ/GET_TO_ME/16 GET_TO_ME.MP3
2025/03/08 14:23:34 [VERBOSE] (upload.go:1131) Using existing folder: DEADMAU5_ROB_SWIRE_JAUZ (ID: 16777342)
2025/03/08 14:23:34 [VERBOSE] (upload.go:1131) Using existing folder: GHOSTS_'N'_STUFF_(JAUZ_REMIX) (ID: 16777709)
2025/03/08 14:23:34 [INFO] (upload.go:919) Uploading 17 GHOSTS_'N'_STUFF_-_JAUZ_REMIX.MP3 to album folder (storage ID: 131073, folder ID: 16777709)
2025/03/08 14:23:34 [INFO] (upload.go:974) Successfully uploaded 17 GHOSTS_'N'_STUFF_-_JAUZ_REMIX.MP3 (object ID: 16783090) to /Music/DEADMAU5_ROB_SWIRE_JAUZ/GHOSTS_'N'_STUFF_(JAUZ_REMIX)/17 GHOSTS_'N'_STUFF_-_JAUZ_REMIX.MP3
2025/03/08 14:23:34 [VERBOSE] (sanitize.go:238) Formatted playlist path to: 0:/MUSIC/JOYRYDE_SKRILLEX/AGEN_WIDA/01 AGEN_WIDA.MP3
2025/03/08 14:23:34 [VERBOSE] (upload.go:297) Added to playlist: 0:/Music/JOYRYDE_SKRILLEX/AGEN_WIDA/01 AGEN_WIDA.MP3 -> JOYRYDE SKRILLEX - 01 AGEN WIDA
2025/03/08 14:23:34 [VERBOSE] (sanitize.go:238) Formatted playlist path to: 0:/MUSIC/ISOXO_KNOCK2/NITEHARTS/02 AARENA_(KNOCK2_REMIX).MP3
2025/03/08 14:23:34 [VERBOSE] (upload.go:297) Added to playlist: 0:/Music/ISOXO_KNOCK2/NITEHARTS/02 AARENA_(KNOCK2_REMIX).MP3 -> ISOXO KNOCK2 - 02 AARENA (KNOCK2 REMIX)
2025/03/08 14:23:34 [VERBOSE] (sanitize.go:238) Formatted playlist path to: 0:/MUSIC/JAUZ/ALPHA/03 ALPHA.MP3
2025/03/08 14:23:34 [VERBOSE] (upload.go:297) Added to playlist: 0:/Music/JAUZ/ALPHA/03 ALPHA.MP3 -> JAUZ - 03 ALPHA
2025/03/08 14:23:34 [VERBOSE] (sanitize.go:238) Formatted playlist path to: 0:/MUSIC/HEROBUST/BRUH_!/04 BRUH!.MP3
2025/03/08 14:23:34 [VERBOSE] (upload.go:297) Added to playlist: 0:/Music/HEROBUST/BRUH_!/04 BRUH!.MP3 -> HEROBUST - 04 BRUH!
2025/03/08 14:23:34 [VERBOSE] (sanitize.go:238) Formatted playlist path to: 0:/MUSIC/BRO_SAFARI_TANK_PARADE/BLITZ/05 BLITZ.MP3
2025/03/08 14:23:34 [VERBOSE] (upload.go:297) Added to playlist: 0:/Music/BRO_SAFARI_TANK_PARADE/BLITZ/05 BLITZ.MP3 -> BRO SAFARI TANK PARADE - 05 BLITZ
2025/03/08 14:23:34 [VERBOSE] (sanitize.go:238) Formatted playlist path to: 0:/MUSIC/HEROBUST/BLOCKBUSTER_VIP/06 BLOCKBUSTER_VIP.MP3
2025/03/08 14:23:34 [VERBOSE] (upload.go:297) Added to playlist: 0:/Music/HEROBUST/BLOCKBUSTER_VIP/06 BLOCKBUSTER_VIP.MP3 -> HEROBUST - 06 BLOCKBUSTER VIP
2025/03/08 14:23:34 [VERBOSE] (sanitize.go:238) Formatted playlist path to: 0:/MUSIC/RUSKO_SUBTRONICS/BOUNCE/07 BOUNCE.MP3
2025/03/08 14:23:34 [VERBOSE] (upload.go:297) Added to playlist: 0:/Music/RUSKO_SUBTRONICS/BOUNCE/07 BOUNCE.MP3 -> RUSKO SUBTRONICS - 07 BOUNCE
2025/03/08 14:23:34 [VERBOSE] (sanitize.go:238) Formatted playlist path to: 0:/MUSIC/12TH_PLANET/CLAIRVOYANT/08 CLAIRVOYANT.MP3
2025/03/08 14:23:34 [VERBOSE] (upload.go:297) Added to playlist: 0:/Music/12TH_PLANET/CLAIRVOYANT/08 CLAIRVOYANT.MP3 -> 12TH PLANET - 08 CLAIRVOYANT
2025/03/08 14:23:34 [VERBOSE] (sanitize.go:238) Formatted playlist path to: 0:/MUSIC/4B_NVRLEFT/DOPE/09 DOPE.MP3
2025/03/08 14:23:34 [VERBOSE] (upload.go:297) Added to playlist: 0:/Music/4B_NVRLEFT/DOPE/09 DOPE.MP3 -> 4B NVRLEFT - 09 DOPE
2025/03/08 14:23:34 [VERBOSE] (sanitize.go:238) Formatted playlist path to: 0:/MUSIC/RIOT/DOWN_WITH_YOUR_LOVE/10 DOWN_WITH_YOUR_LOVE.MP3
2025/03/08 14:23:34 [VERBOSE] (upload.go:297) Added to playlist: 0:/Music/RIOT/DOWN_WITH_YOUR_LOVE/10 DOWN_WITH_YOUR_LOVE.MP3 -> RIOT - 10 DOWN WITH YOUR LOVE
2025/03/08 14:23:34 [VERBOSE] (sanitize.go:238) Formatted playlist path to: 0:/MUSIC/BRAINRACK_EYEZIC_ALLEYCVT/EYES_CLOSED/11 EYES_CLOSED.MP3
2025/03/08 14:23:34 [VERBOSE] (upload.go:297) Added to playlist: 0:/Music/BRAINRACK_EYEZIC_ALLEYCVT/EYES_CLOSED/11 EYES_CLOSED.MP3 -> BRAINRACK EYEZIC ALLEYCVT - 11 EYES CLOSED
2025/03/08 14:23:34 [VERBOSE] (sanitize.go:238) Formatted playlist path to: 0:/MUSIC/JAUZ/FEEL_THE_VOLUME/12 FEEL_THE_VOLUME.MP3
2025/03/08 14:23:34 [VERBOSE] (upload.go:297) Added to playlist: 0:/Music/JAUZ/FEEL_THE_VOLUME/12 FEEL_THE_VOLUME.MP3 -> JAUZ - 12 FEEL THE VOLUME
2025/03/08 14:23:34 [VERBOSE] (sanitize.go:238) Formatted playlist path to: 0:/MUSIC/12TH_PLANET_KATIE_SKY/FOLLOW/13 FOLLOW.MP3
2025/03/08 14:23:34 [VERBOSE] (upload.go:297) Added to playlist: 0:/Music/12TH_PLANET_KATIE_SKY/FOLLOW/13 FOLLOW.MP3 -> 12TH PLANET KATIE SKY - 13 FOLLOW
2025/03/08 14:23:34 [VERBOSE] (sanitize.go:238) Formatted playlist path to: 0:/MUSIC/BUKU_BASSNECTAR/FRONT_TO_BACK_(BASSNECTAR_REMIX)/14 FRONT_TO_BACK_-_BASSNECTAR_REMIX.MP3
2025/03/08 14:23:34 [VERBOSE] (upload.go:297) Added to playlist: 0:/Music/BUKU_BASSNECTAR/FRONT_TO_BACK_(BASSNECTAR_REMIX)/14 FRONT_TO_BACK_-_BASSNECTAR_REMIX.MP3 -> BUKU BASSNECTAR - 14 FRONT TO BACK - BASSNECTAR REMIX
2025/03/08 14:23:34 [VERBOSE] (sanitize.go:238) Formatted playlist path to: 0:/MUSIC/KNOCK2/SABLE_VALLEY_SUMMER_VOL._1/15 GEMS.MP3
2025/03/08 14:23:34 [VERBOSE] (upload.go:297) Added to playlist: 0:/Music/KNOCK2/SABLE_VALLEY_SUMMER_VOL._1/15 GEMS.MP3 -> KNOCK2 - 15 GEMS
2025/03/08 14:23:34 [VERBOSE] (sanitize.go:238) Formatted playlist path to: 0:/MUSIC/JAUZ/GET_TO_ME/16 GET_TO_ME.MP3
2025/03/08 14:23:34 [VERBOSE] (upload.go:297) Added to playlist: 0:/Music/JAUZ/GET_TO_ME/16 GET_TO_ME.MP3 -> JAUZ - 16 GET TO ME
2025/03/08 14:23:34 [VERBOSE] (sanitize.go:238) Formatted playlist path to: 0:/MUSIC/DEADMAU5_ROB_SWIRE_JAUZ/GHOSTS_'N'_STUFF_(JAUZ_REMIX)/17 GHOSTS_'N'_STUFF_-_JAUZ_REMIX.MP3
2025/03/08 14:23:34 [VERBOSE] (upload.go:297) Added to playlist: 0:/Music/DEADMAU5_ROB_SWIRE_JAUZ/GHOSTS_'N'_STUFF_(JAUZ_REMIX)/17 GHOSTS_'N'_STUFF_-_JAUZ_REMIX.MP3 -> DEADMAU5 ROB SWIRE JAUZ - 17 GHOSTS 'N' STUFF - JAUZ REMIX
2025/03/08 14:23:34 [VERBOSE] (upload.go:301) Full playlist content:
#EXTM3U
#EXTINF:-1,JOYRYDE SKRILLEX - 01 AGEN WIDA
0:/MUSIC/JOYRYDE_SKRILLEX/AGEN_WIDA/01 AGEN_WIDA.MP3
#EXTINF:-1,ISOXO KNOCK2 - 02 AARENA (KNOCK2 REMIX)
0:/MUSIC/ISOXO_KNOCK2/NITEHARTS/02 AARENA_(KNOCK2_REMIX).MP3
#EXTINF:-1,JAUZ - 03 ALPHA
0:/MUSIC/JAUZ/ALPHA/03 ALPHA.MP3
#EXTINF:-1,HEROBUST - 04 BRUH!
0:/MUSIC/HEROBUST/BRUH_!/04 BRUH!.MP3
#EXTINF:-1,BRO SAFARI TANK PARADE - 05 BLITZ
0:/MUSIC/BRO_SAFARI_TANK_PARADE/BLITZ/05 BLITZ.MP3
#EXTINF:-1,HEROBUST - 06 BLOCKBUSTER VIP
0:/MUSIC/HEROBUST/BLOCKBUSTER_VIP/06 BLOCKBUSTER_VIP.MP3
#EXTINF:-1,RUSKO SUBTRONICS - 07 BOUNCE
0:/MUSIC/RUSKO_SUBTRONICS/BOUNCE/07 BOUNCE.MP3
#EXTINF:-1,12TH PLANET - 08 CLAIRVOYANT
0:/MUSIC/12TH_PLANET/CLAIRVOYANT/08 CLAIRVOYANT.MP3
#EXTINF:-1,4B NVRLEFT - 09 DOPE
0:/MUSIC/4B_NVRLEFT/DOPE/09 DOPE.MP3
#EXTINF:-1,RIOT - 10 DOWN WITH YOUR LOVE
0:/MUSIC/RIOT/DOWN_WITH_YOUR_LOVE/10 DOWN_WITH_YOUR_LOVE.MP3
#EXTINF:-1,BRAINRACK EYEZIC ALLEYCVT - 11 EYES CLOSED
0:/MUSIC/BRAINRACK_EYEZIC_ALLEYCVT/EYES_CLOSED/11 EYES_CLOSED.MP3
#EXTINF:-1,JAUZ - 12 FEEL THE VOLUME
0:/MUSIC/JAUZ/FEEL_THE_VOLUME/12 FEEL_THE_VOLUME.MP3
#EXTINF:-1,12TH PLANET KATIE SKY - 13 FOLLOW
0:/MUSIC/12TH_PLANET_KATIE_SKY/FOLLOW/13 FOLLOW.MP3
#EXTINF:-1,BUKU BASSNECTAR - 14 FRONT TO BACK - BASSNECTAR REMIX
0:/MUSIC/BUKU_BASSNECTAR/FRONT_TO_BACK_(BASSNECTAR_REMIX)/14 FRONT_TO_BACK_-_BASSNECTAR_REMIX.MP3
#EXTINF:-1,KNOCK2 - 15 GEMS
0:/MUSIC/KNOCK2/SABLE_VALLEY_SUMMER_VOL._1/15 GEMS.MP3
#EXTINF:-1,JAUZ - 16 GET TO ME
0:/MUSIC/JAUZ/GET_TO_ME/16 GET_TO_ME.MP3
#EXTINF:-1,DEADMAU5 ROB SWIRE JAUZ - 17 GHOSTS 'N' STUFF - JAUZ REMIX
0:/MUSIC/DEADMAU5_ROB_SWIRE_JAUZ/GHOSTS_'N'_STUFF_(JAUZ_REMIX)/17 GHOSTS_'N'_STUFF_-_JAUZ_REMIX.MP3
2025/03/08 14:23:34 [INFO] (upload.go:380) Successfully created and uploaded playlist WORKINGJAUZ.m3u8 (object ID: 16783091) with 17 songs
2025/03/08 14:23:34 [INFO] (upload.go:612) Verifying playlist upload for WORKINGJAUZ.m3u8
2025/03/08 14:23:34 [INFO] (upload.go:636) Playlist verification: Found playlist WORKINGJAUZ.m3u8 directly in parent folder (ID: 16777343)
2025/03/08 14:23:34 [INFO] (upload.go:693) Attempting to read content of playlist WORKINGJAUZ.m3u8 (ID: 16777343)
2025/03/08 14:24:24 [INFO] (list.go:93) Searching for MP3 files...
2025/03/08 14:24:24 [INFO] (list.go:112) Searching storage #1:  (ID: 131073)
2025/03/08 14:24:29 [VERBOSE] (list.go:712) Found MP3: /Music/JAUZ/FEEL_THE_VOLUME/FEEL_THE_VOLUME.MP3 (Size: 3766959 bytes)
2025/03/08 14:24:29 [VERBOSE] (list.go:712) Found MP3: /Music/JAUZ/GET_TO_ME/GET_TO_ME.MP3 (Size: 4214562 bytes)
2025/03/08 14:24:29 [VERBOSE] (list.go:712) Found MP3: /Music/TI_STO_JAUZ/INFECTED/10 INFECTED.MP3 (Size: 4660354 bytes)
2025/03/08 14:24:30 [VERBOSE] (list.go:712) Found MP3: /Music/KNOCK2/SABLE_VALLEY_SUMMER,_VOL._1/GEMS.MP3 (Size: 3556564 bytes)
2025/03/08 14:24:32 [VERBOSE] (list.go:712) Found MP3: /Music/BUKU_BASSNECTAR/FRONT_TO_BACK_(BASSNECTAR_REMIX)/FRONT_TO_BACK_-_BASSNECTAR_REMIX.MP3 (Size: 3158589 bytes)
2025/03/08 14:24:33 [VERBOSE] (list.go:712) Found MP3: /Music/DEADMAU5_ROB_SWIRE_JAUZ/GHOSTS_'N'_STUFF_(JAUZ_REMIX)/GHOSTS_'N'_STUFF_-_JAUZ_REMIX.MP3 (Size: 3739538 bytes)
2025/03/08 14:24:33 [INFO] (list.go:722) Scanned 337 files in storage
2025/03/08 14:24:33 [INFO] (list.go:122) Found 6 MP3 files in storage #1
2025/03/08 14:24:33 [INFO] (list.go:132) Total MP3 files found across all storages: 6
