2025/03/08 13:51:48 --- MTP Music Manager Started ---
2025/03/08 13:51:48 OS: darwin, Architecture: arm64
2025/03/08 13:51:48 Verbose logging: true
2025/03/08 13:51:48 [VERBOSE] (main.go:25) Starting MTP Music Manager
2025/03/08 13:51:48 [VERBOSE] (connect.go:15) Initializing device with timeout of 30s...
2025/03/08 13:51:48 [VERBOSE] (connect.go:28) Starting MTP device detection in background goroutine
2025/03/08 13:51:48 [VERBOSE] (connect.go:40) MTP device found successfully
2025/03/08 13:51:48 [VERBOSE] (connect.go:54) Device initialized successfully
2025/03/08 13:51:48 [VERBOSE] (storage.go:21) Fetching storages with timeout of 30s...
2025/03/08 13:51:48 [VERBOSE] (storage.go:48) Found 1 storage(s) on device
2025/03/08 13:51:48 [VERBOSE] (storage.go:61) Storage #1:  (ID: 131073)
2025/03/08 13:51:49 [INFO] (list.go:92) Searching for MP3 files...
2025/03/08 13:51:49 [INFO] (list.go:111) Searching storage #1:  (ID: 131073)
2025/03/08 13:51:54 [VERBOSE] (upload.go:1170) Found MP3: /Music/JAUZ/FEEL_THE_VOLUME/FEEL_THE_VOLUME.MP3
2025/03/08 13:51:54 [VERBOSE] (upload.go:1170) Found MP3: /Music/JAUZ/GET_TO_ME/GET_TO_ME.MP3
2025/03/08 13:51:55 [VERBOSE] (upload.go:1170) Found MP3: /Music/TI_STO_JAUZ/INFECTED/10 INFECTED.MP3
2025/03/08 13:51:56 [VERBOSE] (upload.go:1170) Found MP3: /Music/KNOCK2/SABLE_VALLEY_SUMMER,_VOL._1/GEMS.MP3
2025/03/08 13:51:58 [VERBOSE] (upload.go:1170) Found MP3: /Music/BUKU_BASSNECTAR/FRONT_TO_BACK_(BASSNECTAR_REMIX)/FRONT_TO_BACK_-_BASSNECTAR_REMIX.MP3
2025/03/08 13:51:58 [VERBOSE] (upload.go:1170) Found MP3: /Music/DEADMAU5_ROB_SWIRE_JAUZ/GHOSTS_'N'_STUFF_(JAUZ_REMIX)/GHOSTS_'N'_STUFF_-_JAUZ_REMIX.MP3
2025/03/08 13:51:58 [VERBOSE] (upload.go:1180) Scanned 329 files, found 6 MP3s
2025/03/08 13:51:58 [INFO] (list.go:121) Found 6 MP3 files in storage #1
2025/03/08 13:51:58 [INFO] (list.go:131) Total MP3 files found across all storages: 6
