2025/03/08 14:00:19 --- MTP Music Manager Started ---
2025/03/08 14:00:19 OS: darwin, Architecture: arm64
2025/03/08 14:00:19 Verbose logging: true
2025/03/08 14:00:19 [VERBOSE] (main.go:25) Starting MTP Music Manager
2025/03/08 14:00:19 [VERBOSE] (connect.go:15) Initializing device with timeout of 30s...
2025/03/08 14:00:19 [VERBOSE] (connect.go:28) Starting MTP device detection in background goroutine
2025/03/08 14:00:19 [VERBOSE] (connect.go:40) MTP device found successfully
2025/03/08 14:00:19 [VERBOSE] (connect.go:54) Device initialized successfully
2025/03/08 14:00:19 [VERBOSE] (storage.go:21) Fetching storages with timeout of 30s...
2025/03/08 14:00:19 [VERBOSE] (storage.go:48) Found 1 storage(s) on device
2025/03/08 14:00:19 [VERBOSE] (storage.go:61) Storage #1:  (ID: 131073)
2025/03/08 14:00:21 [INFO] (list.go:25) Searching for playlists...
2025/03/08 14:00:21 [INFO] (list.go:46) Searching storage #1:  (ID: 131073)
2025/03/08 14:00:21 [INFO] (list.go:445) Searching for playlists only in /Music directory
2025/03/08 14:00:21 [VERBOSE] (list.go:479) Found playlist: /Music/WORKINGJAUZ.m3u8 (ID: 16777343, Format: 47633)
2025/03/08 14:00:21 [VERBOSE] (list.go:479) Found playlist: /Music/WORKINGJAUZ.m3u8 (ID: 16783084, Format: 47621)
2025/03/08 14:00:21 [INFO] (list.go:484) Total playlists found in /Music: 2
2025/03/08 14:00:21 [INFO] (list.go:56) Found 2 playlists in storage #1
2025/03/08 14:00:21 [VERBOSE] (list.go:274) Trying path variation: /Music/WORKINGJAUZ.m3u8
2025/03/08 14:00:21 [VERBOSE] (list.go:314) Found object: WORKINGJAUZ.m3u8 (ID: 16777343)
2025/03/08 14:00:21 [VERBOSE] (list.go:274) Trying path variation: /Music/WORKINGJAUZ.m3u8
2025/03/08 14:00:22 [VERBOSE] (list.go:314) Found object: WORKINGJAUZ.m3u8 (ID: 16777343)
2025/03/08 14:00:22 [INFO] (list.go:83) Total playlists found across all storages: 2
2025/03/08 14:00:32 [INFO] (list.go:91) Searching for MP3 files...
2025/03/08 14:00:32 [INFO] (list.go:110) Searching storage #1:  (ID: 131073)
2025/03/08 14:00:37 [VERBOSE] (upload.go:1170) Found MP3: /Music/JAUZ/FEEL_THE_VOLUME/FEEL_THE_VOLUME.MP3
2025/03/08 14:00:37 [VERBOSE] (upload.go:1170) Found MP3: /Music/JAUZ/GET_TO_ME/GET_TO_ME.MP3
2025/03/08 14:00:38 [VERBOSE] (upload.go:1170) Found MP3: /Music/TI_STO_JAUZ/INFECTED/10 INFECTED.MP3
2025/03/08 14:00:38 [VERBOSE] (upload.go:1170) Found MP3: /Music/KNOCK2/SABLE_VALLEY_SUMMER,_VOL._1/GEMS.MP3
2025/03/08 14:00:40 [VERBOSE] (upload.go:1170) Found MP3: /Music/BUKU_BASSNECTAR/FRONT_TO_BACK_(BASSNECTAR_REMIX)/FRONT_TO_BACK_-_BASSNECTAR_REMIX.MP3
2025/03/08 14:00:41 [VERBOSE] (upload.go:1170) Found MP3: /Music/DEADMAU5_ROB_SWIRE_JAUZ/GHOSTS_'N'_STUFF_(JAUZ_REMIX)/GHOSTS_'N'_STUFF_-_JAUZ_REMIX.MP3
2025/03/08 14:00:41 [VERBOSE] (upload.go:1180) Scanned 330 files, found 6 MP3s
2025/03/08 14:00:41 [INFO] (list.go:120) Found 6 MP3 files in storage #1
2025/03/08 14:00:41 [INFO] (list.go:130) Total MP3 files found across all storages: 6
2025/03/08 14:00:52 [INFO] (list.go:25) Searching for playlists...
2025/03/08 14:00:52 [INFO] (list.go:46) Searching storage #1:  (ID: 131073)
2025/03/08 14:00:52 [INFO] (list.go:445) Searching for playlists only in /Music directory
2025/03/08 14:00:52 [VERBOSE] (list.go:479) Found playlist: /Music/WORKINGJAUZ.m3u8 (ID: 16777343, Format: 47633)
2025/03/08 14:00:52 [VERBOSE] (list.go:479) Found playlist: /Music/WORKINGJAUZ.m3u8 (ID: 16783084, Format: 47621)
2025/03/08 14:00:52 [INFO] (list.go:484) Total playlists found in /Music: 2
2025/03/08 14:00:52 [INFO] (list.go:56) Found 2 playlists in storage #1
2025/03/08 14:00:52 [VERBOSE] (list.go:274) Trying path variation: /Music/WORKINGJAUZ.m3u8
2025/03/08 14:00:52 [VERBOSE] (list.go:314) Found object: WORKINGJAUZ.m3u8 (ID: 16777343)
2025/03/08 14:00:52 [VERBOSE] (list.go:274) Trying path variation: /Music/WORKINGJAUZ.m3u8
2025/03/08 14:00:52 [VERBOSE] (list.go:314) Found object: WORKINGJAUZ.m3u8 (ID: 16777343)
2025/03/08 14:00:52 [INFO] (list.go:83) Total playlists found across all storages: 2
2025/03/08 14:00:57 [VERBOSE] (list.go:491) Starting playlist deletion operation for WORKINGJAUZ.M3U8
2025/03/08 14:00:57 [INFO] (list.go:25) Searching for playlists...
2025/03/08 14:00:57 [INFO] (list.go:46) Searching storage #1:  (ID: 131073)
2025/03/08 14:00:57 [INFO] (list.go:445) Searching for playlists only in /Music directory
2025/03/08 14:00:58 [VERBOSE] (list.go:479) Found playlist: /Music/WORKINGJAUZ.m3u8 (ID: 16777343, Format: 47633)
2025/03/08 14:00:58 [VERBOSE] (list.go:479) Found playlist: /Music/WORKINGJAUZ.m3u8 (ID: 16783084, Format: 47621)
2025/03/08 14:00:58 [INFO] (list.go:484) Total playlists found in /Music: 2
2025/03/08 14:00:58 [INFO] (list.go:56) Found 2 playlists in storage #1
2025/03/08 14:00:58 [VERBOSE] (list.go:274) Trying path variation: /Music/WORKINGJAUZ.m3u8
2025/03/08 14:00:58 [VERBOSE] (list.go:314) Found object: WORKINGJAUZ.m3u8 (ID: 16777343)
2025/03/08 14:00:58 [VERBOSE] (list.go:274) Trying path variation: /Music/WORKINGJAUZ.m3u8
2025/03/08 14:00:58 [VERBOSE] (list.go:314) Found object: WORKINGJAUZ.m3u8 (ID: 16777343)
2025/03/08 14:00:58 [INFO] (list.go:83) Total playlists found across all storages: 2
2025/03/08 14:00:58 [VERBOSE] (list.go:499) Playlist: WORKINGJAUZ.m3u8
2025/03/08 14:00:58 [INFO] (list.go:520) Playlist contains 17 songs
2025/03/08 14:00:58 [VERBOSE] (list.go:274) Trying path variation: /0:/MUSIC/JOYRYDE_SKRILLEX/AGEN_WIDA/01 AGEN_WIDA.MP3
2025/03/08 14:00:59 [VERBOSE] (list.go:305) Error getting object info for handle 16783067: GeneralError
2025/03/08 14:00:59 [VERBOSE] (list.go:305) Error getting object info for handle 16783068: GeneralError
2025/03/08 14:00:59 [VERBOSE] (list.go:305) Error getting object info for handle 16783069: GeneralError
2025/03/08 14:00:59 [VERBOSE] (list.go:305) Error getting object info for handle 16783070: GeneralError
2025/03/08 14:00:59 [VERBOSE] (list.go:305) Error getting object info for handle 16783071: GeneralError
2025/03/08 14:00:59 [VERBOSE] (list.go:305) Error getting object info for handle 16783072: GeneralError
2025/03/08 14:00:59 [VERBOSE] (list.go:305) Error getting object info for handle 16783073: GeneralError
2025/03/08 14:00:59 [VERBOSE] (list.go:305) Error getting object info for handle 16783074: GeneralError
2025/03/08 14:00:59 [VERBOSE] (list.go:305) Error getting object info for handle 16783075: GeneralError
2025/03/08 14:00:59 [VERBOSE] (list.go:305) Error getting object info for handle 16783076: GeneralError
2025/03/08 14:00:59 [VERBOSE] (list.go:305) Error getting object info for handle 16783077: GeneralError
2025/03/08 14:00:59 [VERBOSE] (list.go:305) Error getting object info for handle 16783078: GeneralError
2025/03/08 14:00:59 [VERBOSE] (list.go:305) Error getting object info for handle 16783079: GeneralError
2025/03/08 14:00:59 [VERBOSE] (list.go:305) Error getting object info for handle 16783080: GeneralError
2025/03/08 14:00:59 [VERBOSE] (list.go:305) Error getting object info for handle 16783081: GeneralError
2025/03/08 14:00:59 [VERBOSE] (list.go:305) Error getting object info for handle 16783082: GeneralError
2025/03/08 14:00:59 [VERBOSE] (list.go:305) Error getting object info for handle 16783083: GeneralError
2025/03/08 14:00:59 [VERBOSE] (list.go:274) Trying path variation: /0:/MUSIC/JOYRYDE_SKRILLEX/AGEN_WIDA/01 AGEN_WIDA.MP3
2025/03/08 14:00:59 [VERBOSE] (list.go:305) Error getting object info for handle 16783067: GeneralError
2025/03/08 14:00:59 [VERBOSE] (list.go:305) Error getting object info for handle 16783068: GeneralError
2025/03/08 14:00:59 [VERBOSE] (list.go:305) Error getting object info for handle 16783069: GeneralError
2025/03/08 14:00:59 [VERBOSE] (list.go:305) Error getting object info for handle 16783070: GeneralError
2025/03/08 14:00:59 [VERBOSE] (list.go:305) Error getting object info for handle 16783071: GeneralError
2025/03/08 14:00:59 [VERBOSE] (list.go:305) Error getting object info for handle 16783072: GeneralError
2025/03/08 14:00:59 [VERBOSE] (list.go:305) Error getting object info for handle 16783073: GeneralError
2025/03/08 14:00:59 [VERBOSE] (list.go:305) Error getting object info for handle 16783074: GeneralError
2025/03/08 14:00:59 [VERBOSE] (list.go:305) Error getting object info for handle 16783075: GeneralError
2025/03/08 14:00:59 [VERBOSE] (list.go:305) Error getting object info for handle 16783076: GeneralError
2025/03/08 14:00:59 [VERBOSE] (list.go:305) Error getting object info for handle 16783077: GeneralError
2025/03/08 14:00:59 [VERBOSE] (list.go:305) Error getting object info for handle 16783078: GeneralError
2025/03/08 14:00:59 [VERBOSE] (list.go:305) Error getting object info for handle 16783079: GeneralError
2025/03/08 14:00:59 [VERBOSE] (list.go:305) Error getting object info for handle 16783080: GeneralError
2025/03/08 14:00:59 [VERBOSE] (list.go:305) Error getting object info for handle 16783081: GeneralError
2025/03/08 14:00:59 [VERBOSE] (list.go:305) Error getting object info for handle 16783082: GeneralError
2025/03/08 14:00:59 [VERBOSE] (list.go:305) Error getting object info for handle 16783083: GeneralError
2025/03/08 14:00:59 [VERBOSE] (list.go:274) Trying path variation: 0:/MUSIC/JOYRYDE_SKRILLEX/AGEN_WIDA/01 AGEN_WIDA.MP3
2025/03/08 14:01:00 [VERBOSE] (list.go:305) Error getting object info for handle 16783067: GeneralError
2025/03/08 14:01:00 [VERBOSE] (list.go:305) Error getting object info for handle 16783068: GeneralError
2025/03/08 14:01:00 [VERBOSE] (list.go:305) Error getting object info for handle 16783069: GeneralError
2025/03/08 14:01:00 [VERBOSE] (list.go:305) Error getting object info for handle 16783070: GeneralError
2025/03/08 14:01:00 [VERBOSE] (list.go:305) Error getting object info for handle 16783071: GeneralError
2025/03/08 14:01:00 [VERBOSE] (list.go:305) Error getting object info for handle 16783072: GeneralError
2025/03/08 14:01:00 [VERBOSE] (list.go:305) Error getting object info for handle 16783073: GeneralError
2025/03/08 14:01:00 [VERBOSE] (list.go:305) Error getting object info for handle 16783074: GeneralError
2025/03/08 14:01:00 [VERBOSE] (list.go:305) Error getting object info for handle 16783075: GeneralError
2025/03/08 14:01:00 [VERBOSE] (list.go:305) Error getting object info for handle 16783076: GeneralError
2025/03/08 14:01:00 [VERBOSE] (list.go:305) Error getting object info for handle 16783077: GeneralError
2025/03/08 14:01:00 [VERBOSE] (list.go:305) Error getting object info for handle 16783078: GeneralError
2025/03/08 14:01:00 [VERBOSE] (list.go:305) Error getting object info for handle 16783079: GeneralError
2025/03/08 14:01:00 [VERBOSE] (list.go:305) Error getting object info for handle 16783080: GeneralError
2025/03/08 14:01:00 [VERBOSE] (list.go:305) Error getting object info for handle 16783081: GeneralError
2025/03/08 14:01:00 [VERBOSE] (list.go:305) Error getting object info for handle 16783082: GeneralError
2025/03/08 14:01:00 [VERBOSE] (list.go:305) Error getting object info for handle 16783083: GeneralError
2025/03/08 14:01:00 [VERBOSE] (list.go:274) Trying path variation: 0:/0:/MUSIC/JOYRYDE_SKRILLEX/AGEN_WIDA/01 AGEN_WIDA.MP3
2025/03/08 14:01:01 [VERBOSE] (list.go:305) Error getting object info for handle 16783067: GeneralError
2025/03/08 14:01:01 [VERBOSE] (list.go:305) Error getting object info for handle 16783068: GeneralError
2025/03/08 14:01:01 [VERBOSE] (list.go:305) Error getting object info for handle 16783069: GeneralError
2025/03/08 14:01:01 [VERBOSE] (list.go:305) Error getting object info for handle 16783070: GeneralError
2025/03/08 14:01:01 [VERBOSE] (list.go:305) Error getting object info for handle 16783071: GeneralError
2025/03/08 14:01:01 [VERBOSE] (list.go:305) Error getting object info for handle 16783072: GeneralError
2025/03/08 14:01:01 [VERBOSE] (list.go:305) Error getting object info for handle 16783073: GeneralError
2025/03/08 14:01:01 [VERBOSE] (list.go:305) Error getting object info for handle 16783074: GeneralError
2025/03/08 14:01:01 [VERBOSE] (list.go:305) Error getting object info for handle 16783075: GeneralError
2025/03/08 14:01:01 [VERBOSE] (list.go:305) Error getting object info for handle 16783076: GeneralError
2025/03/08 14:01:01 [VERBOSE] (list.go:305) Error getting object info for handle 16783077: GeneralError
2025/03/08 14:01:01 [VERBOSE] (list.go:305) Error getting object info for handle 16783078: GeneralError
2025/03/08 14:01:01 [VERBOSE] (list.go:305) Error getting object info for handle 16783079: GeneralError
2025/03/08 14:01:01 [VERBOSE] (list.go:305) Error getting object info for handle 16783080: GeneralError
2025/03/08 14:01:01 [VERBOSE] (list.go:305) Error getting object info for handle 16783081: GeneralError
2025/03/08 14:01:01 [VERBOSE] (list.go:305) Error getting object info for handle 16783082: GeneralError
2025/03/08 14:01:01 [VERBOSE] (list.go:305) Error getting object info for handle 16783083: GeneralError
2025/03/08 14:01:01 [VERBOSE] (list.go:274) Trying path variation: 0:/0:/MUSIC/JOYRYDE_SKRILLEX/AGEN_WIDA/01 AGEN_WIDA.MP3
2025/03/08 14:01:02 [VERBOSE] (list.go:305) Error getting object info for handle 16783067: GeneralError
2025/03/08 14:01:02 [VERBOSE] (list.go:305) Error getting object info for handle 16783068: GeneralError
2025/03/08 14:01:02 [VERBOSE] (list.go:305) Error getting object info for handle 16783069: GeneralError
2025/03/08 14:01:02 [VERBOSE] (list.go:305) Error getting object info for handle 16783070: GeneralError
2025/03/08 14:01:02 [VERBOSE] (list.go:305) Error getting object info for handle 16783071: GeneralError
2025/03/08 14:01:02 [VERBOSE] (list.go:305) Error getting object info for handle 16783072: GeneralError
2025/03/08 14:01:02 [VERBOSE] (list.go:305) Error getting object info for handle 16783073: GeneralError
2025/03/08 14:01:02 [VERBOSE] (list.go:305) Error getting object info for handle 16783074: GeneralError
2025/03/08 14:01:02 [VERBOSE] (list.go:305) Error getting object info for handle 16783075: GeneralError
2025/03/08 14:01:02 [VERBOSE] (list.go:305) Error getting object info for handle 16783076: GeneralError
2025/03/08 14:01:02 [VERBOSE] (list.go:305) Error getting object info for handle 16783077: GeneralError
2025/03/08 14:01:02 [VERBOSE] (list.go:305) Error getting object info for handle 16783078: GeneralError
2025/03/08 14:01:02 [VERBOSE] (list.go:305) Error getting object info for handle 16783079: GeneralError
2025/03/08 14:01:02 [VERBOSE] (list.go:305) Error getting object info for handle 16783080: GeneralError
2025/03/08 14:01:02 [VERBOSE] (list.go:305) Error getting object info for handle 16783081: GeneralError
2025/03/08 14:01:02 [VERBOSE] (list.go:305) Error getting object info for handle 16783082: GeneralError
2025/03/08 14:01:02 [VERBOSE] (list.go:305) Error getting object info for handle 16783083: GeneralError
2025/03/08 14:01:02 [VERBOSE] (list.go:274) Trying path variation: /0:/MUSIC/JOYRYDE_SKRILLEX/AGEN_WIDA/01 AGEN_WIDA.MP3
2025/03/08 14:01:02 [VERBOSE] (list.go:305) Error getting object info for handle 16783067: GeneralError
2025/03/08 14:01:02 [VERBOSE] (list.go:305) Error getting object info for handle 16783068: GeneralError
2025/03/08 14:01:02 [VERBOSE] (list.go:305) Error getting object info for handle 16783069: GeneralError
2025/03/08 14:01:02 [VERBOSE] (list.go:305) Error getting object info for handle 16783070: GeneralError
2025/03/08 14:01:02 [VERBOSE] (list.go:305) Error getting object info for handle 16783071: GeneralError
2025/03/08 14:01:02 [VERBOSE] (list.go:305) Error getting object info for handle 16783072: GeneralError
2025/03/08 14:01:02 [VERBOSE] (list.go:305) Error getting object info for handle 16783073: GeneralError
2025/03/08 14:01:02 [VERBOSE] (list.go:305) Error getting object info for handle 16783074: GeneralError
2025/03/08 14:01:02 [VERBOSE] (list.go:305) Error getting object info for handle 16783075: GeneralError
2025/03/08 14:01:02 [VERBOSE] (list.go:305) Error getting object info for handle 16783076: GeneralError
2025/03/08 14:01:02 [VERBOSE] (list.go:305) Error getting object info for handle 16783077: GeneralError
2025/03/08 14:01:02 [VERBOSE] (list.go:305) Error getting object info for handle 16783078: GeneralError
2025/03/08 14:01:03 [VERBOSE] (list.go:305) Error getting object info for handle 16783079: GeneralError
2025/03/08 14:01:03 [VERBOSE] (list.go:305) Error getting object info for handle 16783080: GeneralError
2025/03/08 14:01:03 [VERBOSE] (list.go:305) Error getting object info for handle 16783081: GeneralError
2025/03/08 14:01:03 [VERBOSE] (list.go:305) Error getting object info for handle 16783082: GeneralError
2025/03/08 14:01:03 [VERBOSE] (list.go:305) Error getting object info for handle 16783083: GeneralError
2025/03/08 14:01:03 [VERBOSE] (list.go:274) Trying path variation: /0:/music/joyryde_skrillex/agen_wida/01 agen_wida.mp3
2025/03/08 14:01:03 [VERBOSE] (list.go:305) Error getting object info for handle 16783067: GeneralError
2025/03/08 14:01:03 [VERBOSE] (list.go:305) Error getting object info for handle 16783068: GeneralError
2025/03/08 14:01:03 [VERBOSE] (list.go:305) Error getting object info for handle 16783069: GeneralError
2025/03/08 14:01:03 [VERBOSE] (list.go:305) Error getting object info for handle 16783070: GeneralError
2025/03/08 14:01:03 [VERBOSE] (list.go:305) Error getting object info for handle 16783071: GeneralError
2025/03/08 14:01:03 [VERBOSE] (list.go:305) Error getting object info for handle 16783072: GeneralError
2025/03/08 14:01:03 [VERBOSE] (list.go:305) Error getting object info for handle 16783073: GeneralError
2025/03/08 14:01:03 [VERBOSE] (list.go:305) Error getting object info for handle 16783074: GeneralError
2025/03/08 14:01:03 [VERBOSE] (list.go:305) Error getting object info for handle 16783075: GeneralError
2025/03/08 14:01:03 [VERBOSE] (list.go:305) Error getting object info for handle 16783076: GeneralError
2025/03/08 14:01:03 [VERBOSE] (list.go:305) Error getting object info for handle 16783077: GeneralError
2025/03/08 14:01:03 [VERBOSE] (list.go:305) Error getting object info for handle 16783078: GeneralError
2025/03/08 14:01:03 [VERBOSE] (list.go:305) Error getting object info for handle 16783079: GeneralError
2025/03/08 14:01:03 [VERBOSE] (list.go:305) Error getting object info for handle 16783080: GeneralError
2025/03/08 14:01:03 [VERBOSE] (list.go:305) Error getting object info for handle 16783081: GeneralError
2025/03/08 14:01:03 [VERBOSE] (list.go:305) Error getting object info for handle 16783082: GeneralError
2025/03/08 14:01:03 [VERBOSE] (list.go:305) Error getting object info for handle 16783083: GeneralError
2025/03/08 14:01:03 [VERBOSE] (list.go:274) Trying path variation: /0:/MUSIC/JOYRYDE_SKRILLEX/AGEN_WIDA/01 AGEN_WIDA.MP3
2025/03/08 14:01:04 [VERBOSE] (list.go:305) Error getting object info for handle 16783067: GeneralError
2025/03/08 14:01:04 [VERBOSE] (list.go:305) Error getting object info for handle 16783068: GeneralError
2025/03/08 14:01:04 [VERBOSE] (list.go:305) Error getting object info for handle 16783069: GeneralError
2025/03/08 14:01:04 [VERBOSE] (list.go:305) Error getting object info for handle 16783070: GeneralError
2025/03/08 14:01:04 [VERBOSE] (list.go:305) Error getting object info for handle 16783071: GeneralError
2025/03/08 14:01:04 [VERBOSE] (list.go:305) Error getting object info for handle 16783072: GeneralError
2025/03/08 14:01:04 [VERBOSE] (list.go:305) Error getting object info for handle 16783073: GeneralError
2025/03/08 14:01:04 [VERBOSE] (list.go:305) Error getting object info for handle 16783074: GeneralError
2025/03/08 14:01:04 [VERBOSE] (list.go:305) Error getting object info for handle 16783075: GeneralError
2025/03/08 14:01:04 [VERBOSE] (list.go:305) Error getting object info for handle 16783076: GeneralError
2025/03/08 14:01:04 [VERBOSE] (list.go:305) Error getting object info for handle 16783077: GeneralError
2025/03/08 14:01:04 [VERBOSE] (list.go:305) Error getting object info for handle 16783078: GeneralError
2025/03/08 14:01:04 [VERBOSE] (list.go:305) Error getting object info for handle 16783079: GeneralError
2025/03/08 14:01:04 [VERBOSE] (list.go:305) Error getting object info for handle 16783080: GeneralError
2025/03/08 14:01:04 [VERBOSE] (list.go:305) Error getting object info for handle 16783081: GeneralError
2025/03/08 14:01:04 [VERBOSE] (list.go:305) Error getting object info for handle 16783082: GeneralError
2025/03/08 14:01:04 [VERBOSE] (list.go:305) Error getting object info for handle 16783083: GeneralError
2025/03/08 14:01:04 [VERBOSE] (list.go:274) Trying path variation: /0:/music/joyryde_skrillex/agen_wida/01 agen_wida.mp3
2025/03/08 14:01:05 [VERBOSE] (list.go:305) Error getting object info for handle 16783067: GeneralError
2025/03/08 14:01:05 [VERBOSE] (list.go:305) Error getting object info for handle 16783068: GeneralError
2025/03/08 14:01:05 [VERBOSE] (list.go:305) Error getting object info for handle 16783069: GeneralError
2025/03/08 14:01:05 [VERBOSE] (list.go:305) Error getting object info for handle 16783070: GeneralError
2025/03/08 14:01:05 [VERBOSE] (list.go:305) Error getting object info for handle 16783071: GeneralError
2025/03/08 14:01:05 [VERBOSE] (list.go:305) Error getting object info for handle 16783072: GeneralError
2025/03/08 14:01:05 [VERBOSE] (list.go:305) Error getting object info for handle 16783073: GeneralError
2025/03/08 14:01:05 [VERBOSE] (list.go:305) Error getting object info for handle 16783074: GeneralError
2025/03/08 14:01:05 [VERBOSE] (list.go:305) Error getting object info for handle 16783075: GeneralError
2025/03/08 14:01:05 [VERBOSE] (list.go:305) Error getting object info for handle 16783076: GeneralError
2025/03/08 14:01:05 [VERBOSE] (list.go:305) Error getting object info for handle 16783077: GeneralError
2025/03/08 14:01:05 [VERBOSE] (list.go:305) Error getting object info for handle 16783078: GeneralError
2025/03/08 14:01:05 [VERBOSE] (list.go:305) Error getting object info for handle 16783079: GeneralError
2025/03/08 14:01:05 [VERBOSE] (list.go:305) Error getting object info for handle 16783080: GeneralError
2025/03/08 14:01:05 [VERBOSE] (list.go:305) Error getting object info for handle 16783081: GeneralError
2025/03/08 14:01:05 [VERBOSE] (list.go:305) Error getting object info for handle 16783082: GeneralError
2025/03/08 14:01:05 [VERBOSE] (list.go:305) Error getting object info for handle 16783083: GeneralError
2025/03/08 14:01:05 [VERBOSE] (list.go:274) Trying path variation: 0:/MUSIC/JOYRYDE_SKRILLEX/AGEN_WIDA/01 AGEN_WIDA.MP3
2025/03/08 14:01:06 [VERBOSE] (list.go:305) Error getting object info for handle 16783067: GeneralError
2025/03/08 14:01:06 [VERBOSE] (list.go:305) Error getting object info for handle 16783068: GeneralError
2025/03/08 14:01:06 [VERBOSE] (list.go:305) Error getting object info for handle 16783069: GeneralError
2025/03/08 14:01:06 [VERBOSE] (list.go:305) Error getting object info for handle 16783070: GeneralError
2025/03/08 14:01:06 [VERBOSE] (list.go:305) Error getting object info for handle 16783071: GeneralError
2025/03/08 14:01:06 [VERBOSE] (list.go:305) Error getting object info for handle 16783072: GeneralError
2025/03/08 14:01:06 [VERBOSE] (list.go:305) Error getting object info for handle 16783073: GeneralError
2025/03/08 14:01:06 [VERBOSE] (list.go:305) Error getting object info for handle 16783074: GeneralError
2025/03/08 14:01:06 [VERBOSE] (list.go:305) Error getting object info for handle 16783075: GeneralError
2025/03/08 14:01:06 [VERBOSE] (list.go:305) Error getting object info for handle 16783076: GeneralError
2025/03/08 14:01:06 [VERBOSE] (list.go:305) Error getting object info for handle 16783077: GeneralError
2025/03/08 14:01:06 [VERBOSE] (list.go:305) Error getting object info for handle 16783078: GeneralError
2025/03/08 14:01:06 [VERBOSE] (list.go:305) Error getting object info for handle 16783079: GeneralError
2025/03/08 14:01:06 [VERBOSE] (list.go:305) Error getting object info for handle 16783080: GeneralError
2025/03/08 14:01:06 [VERBOSE] (list.go:305) Error getting object info for handle 16783081: GeneralError
2025/03/08 14:01:06 [VERBOSE] (list.go:305) Error getting object info for handle 16783082: GeneralError
2025/03/08 14:01:06 [VERBOSE] (list.go:305) Error getting object info for handle 16783083: GeneralError
2025/03/08 14:01:06 [VERBOSE] (list.go:274) Trying path variation: 0:/music/joyryde_skrillex/agen_wida/01 agen_wida.mp3
2025/03/08 14:01:06 [VERBOSE] (list.go:305) Error getting object info for handle 16783067: GeneralError
2025/03/08 14:01:06 [VERBOSE] (list.go:305) Error getting object info for handle 16783068: GeneralError
2025/03/08 14:01:06 [VERBOSE] (list.go:305) Error getting object info for handle 16783069: GeneralError
2025/03/08 14:01:06 [VERBOSE] (list.go:305) Error getting object info for handle 16783070: GeneralError
2025/03/08 14:01:06 [VERBOSE] (list.go:305) Error getting object info for handle 16783071: GeneralError
2025/03/08 14:01:06 [VERBOSE] (list.go:305) Error getting object info for handle 16783072: GeneralError
2025/03/08 14:01:06 [VERBOSE] (list.go:305) Error getting object info for handle 16783073: GeneralError
2025/03/08 14:01:06 [VERBOSE] (list.go:305) Error getting object info for handle 16783074: GeneralError
2025/03/08 14:01:06 [VERBOSE] (list.go:305) Error getting object info for handle 16783075: GeneralError
2025/03/08 14:01:06 [VERBOSE] (list.go:305) Error getting object info for handle 16783076: GeneralError
2025/03/08 14:01:06 [VERBOSE] (list.go:305) Error getting object info for handle 16783077: GeneralError
2025/03/08 14:01:06 [VERBOSE] (list.go:305) Error getting object info for handle 16783078: GeneralError
2025/03/08 14:01:06 [VERBOSE] (list.go:305) Error getting object info for handle 16783079: GeneralError
2025/03/08 14:01:06 [VERBOSE] (list.go:305) Error getting object info for handle 16783080: GeneralError
2025/03/08 14:01:06 [VERBOSE] (list.go:305) Error getting object info for handle 16783081: GeneralError
2025/03/08 14:01:06 [VERBOSE] (list.go:305) Error getting object info for handle 16783082: GeneralError
2025/03/08 14:01:06 [VERBOSE] (list.go:305) Error getting object info for handle 16783083: GeneralError
2025/03/08 14:01:06 [VERBOSE] (list.go:274) Trying path variation: 0:/0:/MUSIC/JOYRYDE_SKRILLEX/AGEN_WIDA/01 AGEN_WIDA.MP3
