2025/03/08 09:04:03 --- MTP Music Manager Started ---
2025/03/08 09:04:03 OS: darwin, Architecture: arm64
2025/03/08 09:04:03 Verbose logging: false
2025/03/08 09:04:03 [INFO] Starting MTP Music Manager
2025/03/08 09:04:03 [INFO] Running on darwin/arm64
2025/03/08 09:04:03 [INFO] Initializing device with timeout of 30s...
2025/03/08 09:04:03 [INFO] Starting MTP device detection in background goroutine
2025/03/08 09:04:03 [INFO] MTP device found successfully
2025/03/08 09:04:03 [INFO] Device initialized successfully
2025/03/08 09:04:03 [INFO] Fetching storages with timeout of 30s...
2025/03/08 09:04:03 [INFO] Found 1 storage(s) on device
2025/03/08 09:04:03 [INFO] Storages fetched successfully
2025/03/08 09:04:09 [INFO] Found existing Music folder with ID: 16777218
2025/03/08 09:04:47 [INFO] Found existing Music folder with ID: 16777218
2025/03/08 09:05:03 [ERROR] Error finding folder 'JOYRYDE_SKRILLEX': folder not found
2025/03/08 09:05:03 [INFO] Folder 'JOYRYDE_SKRILLEX' not found, creating it
2025/03/08 09:05:03 [INFO] Created folder 'JOYRYDE_SKRILLEX' with ID: 16783599
2025/03/08 09:05:03 [ERROR] Error finding folder 'AGEN_WIDA': folder not found
2025/03/08 09:05:03 [INFO] Folder 'AGEN_WIDA' not found, creating it
2025/03/08 09:05:03 [INFO] Created folder 'AGEN_WIDA' with ID: 16783600
2025/03/08 09:05:03 [INFO] Uploading AGEN_WIDA.MP3 to album folder (storage ID: 131073, folder ID: 16783600)
2025/03/08 09:05:03 [INFO] Successfully uploaded AGEN_WIDA.MP3 (object ID: 16783601) to /MUSIC/JOYRYDE_SKRILLEX/AGEN_WIDA/AGEN_WIDA.MP3
2025/03/08 09:05:03 [ERROR] Error finding folder 'ISOXO_KNOCK2': folder not found
2025/03/08 09:05:03 [INFO] Folder 'ISOXO_KNOCK2' not found, creating it
2025/03/08 09:05:04 [INFO] Created folder 'ISOXO_KNOCK2' with ID: 16783602
2025/03/08 09:05:04 [ERROR] Error finding folder 'NITEHARTS': folder not found
2025/03/08 09:05:04 [INFO] Folder 'NITEHARTS' not found, creating it
2025/03/08 09:05:04 [INFO] Created folder 'NITEHARTS' with ID: 16783603
2025/03/08 09:05:04 [INFO] Uploading AARENA_(KNOCK2_REMIX).MP3 to album folder (storage ID: 131073, folder ID: 16783603)
2025/03/08 09:05:04 [INFO] Successfully uploaded AARENA_(KNOCK2_REMIX).MP3 (object ID: 16783604) to /MUSIC/ISOXO_KNOCK2/NITEHARTS/AARENA_(KNOCK2_REMIX).MP3
2025/03/08 09:05:04 [ERROR] Error finding folder 'JAUZ': folder not found
2025/03/08 09:05:04 [INFO] Folder 'JAUZ' not found, creating it
2025/03/08 09:05:04 [INFO] Created folder 'JAUZ' with ID: 16783605
2025/03/08 09:05:04 [ERROR] Error finding folder 'ALPHA': folder not found
2025/03/08 09:05:04 [INFO] Folder 'ALPHA' not found, creating it
2025/03/08 09:05:04 [INFO] Created folder 'ALPHA' with ID: 16783606
2025/03/08 09:05:04 [INFO] Uploading ALPHA.MP3 to album folder (storage ID: 131073, folder ID: 16783606)
2025/03/08 09:05:05 [INFO] Successfully uploaded ALPHA.MP3 (object ID: 16783607) to /MUSIC/JAUZ/ALPHA/ALPHA.MP3
2025/03/08 09:05:05 [ERROR] Error finding folder 'HEROBUST': folder not found
2025/03/08 09:05:05 [INFO] Folder 'HEROBUST' not found, creating it
2025/03/08 09:05:05 [INFO] Created folder 'HEROBUST' with ID: 16783608
2025/03/08 09:05:05 [ERROR] Error finding folder 'BRUH_!': folder not found
2025/03/08 09:05:05 [INFO] Folder 'BRUH_!' not found, creating it
2025/03/08 09:05:05 [INFO] Created folder 'BRUH_!' with ID: 16783609
2025/03/08 09:05:05 [INFO] Uploading BRUH!.MP3 to album folder (storage ID: 131073, folder ID: 16783609)
2025/03/08 09:05:05 [INFO] Successfully uploaded BRUH!.MP3 (object ID: 16783610) to /MUSIC/HEROBUST/BRUH_!/BRUH!.MP3
2025/03/08 09:05:05 [ERROR] Error finding folder 'BRO_SAFARI_TANK_PARADE': folder not found
2025/03/08 09:05:05 [INFO] Folder 'BRO_SAFARI_TANK_PARADE' not found, creating it
2025/03/08 09:05:05 [INFO] Created folder 'BRO_SAFARI_TANK_PARADE' with ID: 16783611
2025/03/08 09:05:05 [ERROR] Error finding folder 'BLITZ': folder not found
2025/03/08 09:05:05 [INFO] Folder 'BLITZ' not found, creating it
2025/03/08 09:05:05 [INFO] Created folder 'BLITZ' with ID: 16783612
2025/03/08 09:05:05 [INFO] Uploading BLITZ.MP3 to album folder (storage ID: 131073, folder ID: 16783612)
2025/03/08 09:05:06 [INFO] Successfully uploaded BLITZ.MP3 (object ID: 16783613) to /MUSIC/BRO_SAFARI_TANK_PARADE/BLITZ/BLITZ.MP3
2025/03/08 09:05:06 [INFO] Found existing folder 'HEROBUST' with ID: 16783608
2025/03/08 09:05:06 [ERROR] Error finding folder 'BLOCKBUSTER_VIP': folder not found
2025/03/08 09:05:06 [INFO] Folder 'BLOCKBUSTER_VIP' not found, creating it
2025/03/08 09:05:06 [INFO] Created folder 'BLOCKBUSTER_VIP' with ID: 16783614
2025/03/08 09:05:06 [INFO] Uploading BLOCKBUSTER_VIP.MP3 to album folder (storage ID: 131073, folder ID: 16783614)
2025/03/08 09:05:06 [INFO] Successfully uploaded BLOCKBUSTER_VIP.MP3 (object ID: 16783615) to /MUSIC/HEROBUST/BLOCKBUSTER_VIP/BLOCKBUSTER_VIP.MP3
2025/03/08 09:05:06 [ERROR] Error finding folder 'RUSKO_SUBTRONICS': folder not found
2025/03/08 09:05:06 [INFO] Folder 'RUSKO_SUBTRONICS' not found, creating it
2025/03/08 09:05:06 [INFO] Created folder 'RUSKO_SUBTRONICS' with ID: 16783616
2025/03/08 09:05:06 [ERROR] Error finding folder 'BOUNCE': folder not found
2025/03/08 09:05:06 [INFO] Folder 'BOUNCE' not found, creating it
2025/03/08 09:05:06 [INFO] Created folder 'BOUNCE' with ID: 16783617
2025/03/08 09:05:06 [INFO] Uploading BOUNCE.MP3 to album folder (storage ID: 131073, folder ID: 16783617)
2025/03/08 09:05:07 [INFO] Successfully uploaded BOUNCE.MP3 (object ID: 16783618) to /MUSIC/RUSKO_SUBTRONICS/BOUNCE/BOUNCE.MP3
2025/03/08 09:05:07 [ERROR] Error finding folder '12TH_PLANET': folder not found
2025/03/08 09:05:07 [INFO] Folder '12TH_PLANET' not found, creating it
2025/03/08 09:05:07 [INFO] Created folder '12TH_PLANET' with ID: 16783619
2025/03/08 09:05:07 [ERROR] Error finding folder 'CLAIRVOYANT': folder not found
2025/03/08 09:05:07 [INFO] Folder 'CLAIRVOYANT' not found, creating it
2025/03/08 09:05:07 [INFO] Created folder 'CLAIRVOYANT' with ID: 16783620
2025/03/08 09:05:07 [INFO] Uploading CLAIRVOYANT.MP3 to album folder (storage ID: 131073, folder ID: 16783620)
2025/03/08 09:05:07 [INFO] Successfully uploaded CLAIRVOYANT.MP3 (object ID: 16783621) to /MUSIC/12TH_PLANET/CLAIRVOYANT/CLAIRVOYANT.MP3
2025/03/08 09:05:07 [ERROR] Error finding folder '4B_NVRLEFT': folder not found
2025/03/08 09:05:07 [INFO] Folder '4B_NVRLEFT' not found, creating it
2025/03/08 09:05:08 [INFO] Created folder '4B_NVRLEFT' with ID: 16783622
2025/03/08 09:05:08 [ERROR] Error finding folder 'DOPE': folder not found
2025/03/08 09:05:08 [INFO] Folder 'DOPE' not found, creating it
2025/03/08 09:05:08 [INFO] Created folder 'DOPE' with ID: 16783623
2025/03/08 09:05:08 [INFO] Uploading DOPE.MP3 to album folder (storage ID: 131073, folder ID: 16783623)
2025/03/08 09:05:08 [INFO] Successfully uploaded DOPE.MP3 (object ID: 16783624) to /MUSIC/4B_NVRLEFT/DOPE/DOPE.MP3
2025/03/08 09:05:08 [ERROR] Error finding folder 'RIOT': folder not found
2025/03/08 09:05:08 [INFO] Folder 'RIOT' not found, creating it
2025/03/08 09:05:08 [INFO] Created folder 'RIOT' with ID: 16783625
2025/03/08 09:05:08 [ERROR] Error finding folder 'DOWN_WITH_YOUR_LOVE': folder not found
2025/03/08 09:05:08 [INFO] Folder 'DOWN_WITH_YOUR_LOVE' not found, creating it
2025/03/08 09:05:08 [INFO] Created folder 'DOWN_WITH_YOUR_LOVE' with ID: 16783626
2025/03/08 09:05:08 [INFO] Uploading DOWN_WITH_YOUR_LOVE.MP3 to album folder (storage ID: 131073, folder ID: 16783626)
2025/03/08 09:05:08 [INFO] Successfully uploaded DOWN_WITH_YOUR_LOVE.MP3 (object ID: 16783627) to /MUSIC/RIOT/DOWN_WITH_YOUR_LOVE/DOWN_WITH_YOUR_LOVE.MP3
2025/03/08 09:05:09 [ERROR] Error finding folder 'BRAINRACK_EYEZIC_ALLEYCVT': folder not found
2025/03/08 09:05:09 [INFO] Folder 'BRAINRACK_EYEZIC_ALLEYCVT' not found, creating it
2025/03/08 09:05:09 [INFO] Created folder 'BRAINRACK_EYEZIC_ALLEYCVT' with ID: 16783628
2025/03/08 09:05:09 [ERROR] Error finding folder 'EYES_CLOSED': folder not found
2025/03/08 09:05:09 [INFO] Folder 'EYES_CLOSED' not found, creating it
2025/03/08 09:05:09 [INFO] Created folder 'EYES_CLOSED' with ID: 16783629
2025/03/08 09:05:09 [INFO] Uploading EYES_CLOSED.MP3 to album folder (storage ID: 131073, folder ID: 16783629)
2025/03/08 09:05:09 [INFO] Successfully uploaded EYES_CLOSED.MP3 (object ID: 16783630) to /MUSIC/BRAINRACK_EYEZIC_ALLEYCVT/EYES_CLOSED/EYES_CLOSED.MP3
2025/03/08 09:05:09 [INFO] Found existing folder 'JAUZ' with ID: 16783605
2025/03/08 09:05:09 [ERROR] Error finding folder 'FEEL_THE_VOLUME': folder not found
2025/03/08 09:05:09 [INFO] Folder 'FEEL_THE_VOLUME' not found, creating it
2025/03/08 09:05:09 [INFO] Created folder 'FEEL_THE_VOLUME' with ID: 16783631
2025/03/08 09:05:09 [INFO] Uploading FEEL_THE_VOLUME.MP3 to album folder (storage ID: 131073, folder ID: 16783631)
2025/03/08 09:05:10 [INFO] Successfully uploaded FEEL_THE_VOLUME.MP3 (object ID: 16783632) to /MUSIC/JAUZ/FEEL_THE_VOLUME/FEEL_THE_VOLUME.MP3
2025/03/08 09:05:10 [ERROR] Error finding folder '12TH_PLANET_KATIE_SKY': folder not found
2025/03/08 09:05:10 [INFO] Folder '12TH_PLANET_KATIE_SKY' not found, creating it
2025/03/08 09:05:10 [INFO] Created folder '12TH_PLANET_KATIE_SKY' with ID: 16783633
2025/03/08 09:05:10 [ERROR] Error finding folder 'FOLLOW': folder not found
2025/03/08 09:05:10 [INFO] Folder 'FOLLOW' not found, creating it
2025/03/08 09:05:10 [INFO] Created folder 'FOLLOW' with ID: 16783634
2025/03/08 09:05:10 [INFO] Uploading FOLLOW.MP3 to album folder (storage ID: 131073, folder ID: 16783634)
2025/03/08 09:05:10 [INFO] Successfully uploaded FOLLOW.MP3 (object ID: 16783635) to /MUSIC/12TH_PLANET_KATIE_SKY/FOLLOW/FOLLOW.MP3
2025/03/08 09:05:10 [ERROR] Error finding folder 'BUKU_BASSNECTAR': folder not found
2025/03/08 09:05:10 [INFO] Folder 'BUKU_BASSNECTAR' not found, creating it
2025/03/08 09:05:10 [INFO] Created folder 'BUKU_BASSNECTAR' with ID: 16783636
2025/03/08 09:05:10 [ERROR] Error finding folder 'FRONT_TO_BACK_(BASSNECTAR_REMIX)': folder not found
2025/03/08 09:05:10 [INFO] Folder 'FRONT_TO_BACK_(BASSNECTAR_REMIX)' not found, creating it
2025/03/08 09:05:10 [INFO] Created folder 'FRONT_TO_BACK_(BASSNECTAR_REMIX)' with ID: 16783637
2025/03/08 09:05:10 [INFO] Uploading FRONT_TO_BACK_-_BASSNECTAR_REMIX.MP3 to album folder (storage ID: 131073, folder ID: 16783637)
2025/03/08 09:05:11 [INFO] Successfully uploaded FRONT_TO_BACK_-_BASSNECTAR_REMIX.MP3 (object ID: 16783638) to /MUSIC/BUKU_BASSNECTAR/FRONT_TO_BACK_(BASSNECTAR_REMIX)/FRONT_TO_BACK_-_BASSNECTAR_REMIX.MP3
2025/03/08 09:05:11 [ERROR] Error finding folder 'KNOCK2': folder not found
2025/03/08 09:05:11 [INFO] Folder 'KNOCK2' not found, creating it
2025/03/08 09:05:11 [INFO] Created folder 'KNOCK2' with ID: 16783639
2025/03/08 09:05:11 [ERROR] Error finding folder 'SABLE_VALLEY_SUMMER_VOL._1': folder not found
2025/03/08 09:05:11 [INFO] Folder 'SABLE_VALLEY_SUMMER_VOL._1' not found, creating it
2025/03/08 09:05:11 [INFO] Created folder 'SABLE_VALLEY_SUMMER_VOL._1' with ID: 16783640
2025/03/08 09:05:11 [INFO] Uploading GEMS.MP3 to album folder (storage ID: 131073, folder ID: 16783640)
2025/03/08 09:05:11 [INFO] Successfully uploaded GEMS.MP3 (object ID: 16783641) to /MUSIC/KNOCK2/SABLE_VALLEY_SUMMER_VOL._1/GEMS.MP3
2025/03/08 09:05:11 [INFO] Found existing folder 'JAUZ' with ID: 16783605
2025/03/08 09:05:11 [ERROR] Error finding folder 'GET_TO_ME': folder not found
2025/03/08 09:05:11 [INFO] Folder 'GET_TO_ME' not found, creating it
2025/03/08 09:05:11 [INFO] Created folder 'GET_TO_ME' with ID: 16783642
2025/03/08 09:05:11 [INFO] Uploading GET_TO_ME.MP3 to album folder (storage ID: 131073, folder ID: 16783642)
2025/03/08 09:05:12 [INFO] Successfully uploaded GET_TO_ME.MP3 (object ID: 16783643) to /MUSIC/JAUZ/GET_TO_ME/GET_TO_ME.MP3
2025/03/08 09:05:12 [ERROR] Error finding folder 'DEADMAU5_ROB_SWIRE_JAUZ': folder not found
2025/03/08 09:05:12 [INFO] Folder 'DEADMAU5_ROB_SWIRE_JAUZ' not found, creating it
2025/03/08 09:05:12 [INFO] Created folder 'DEADMAU5_ROB_SWIRE_JAUZ' with ID: 16783644
2025/03/08 09:05:12 [ERROR] Error finding folder 'GHOSTS_'N'_STUFF_(JAUZ_REMIX)': folder not found
2025/03/08 09:05:12 [INFO] Folder 'GHOSTS_'N'_STUFF_(JAUZ_REMIX)' not found, creating it
2025/03/08 09:05:12 [INFO] Created folder 'GHOSTS_'N'_STUFF_(JAUZ_REMIX)' with ID: 16783645
2025/03/08 09:05:12 [INFO] Uploading GHOSTS_'N'_STUFF_-_JAUZ_REMIX.MP3 to album folder (storage ID: 131073, folder ID: 16783645)
2025/03/08 09:05:12 [INFO] Successfully uploaded GHOSTS_'N'_STUFF_-_JAUZ_REMIX.MP3 (object ID: 16783646) to /MUSIC/DEADMAU5_ROB_SWIRE_JAUZ/GHOSTS_'N'_STUFF_(JAUZ_REMIX)/GHOSTS_'N'_STUFF_-_JAUZ_REMIX.MP3
2025/03/08 09:05:12 [ERROR] Error finding folder 'ROOTKIT_TYLOR_MAURER': folder not found
2025/03/08 09:05:12 [INFO] Folder 'ROOTKIT_TYLOR_MAURER' not found, creating it
2025/03/08 09:05:13 [INFO] Created folder 'ROOTKIT_TYLOR_MAURER' with ID: 16783647
2025/03/08 09:05:13 [ERROR] Error finding folder 'GOOD_2_GO': folder not found
2025/03/08 09:05:13 [INFO] Folder 'GOOD_2_GO' not found, creating it
2025/03/08 09:05:13 [INFO] Created folder 'GOOD_2_GO' with ID: 16783648
2025/03/08 09:05:13 [INFO] Uploading GOOD_2_GO.MP3 to album folder (storage ID: 131073, folder ID: 16783648)
2025/03/08 09:05:13 [INFO] Successfully uploaded GOOD_2_GO.MP3 (object ID: 16783649) to /MUSIC/ROOTKIT_TYLOR_MAURER/GOOD_2_GO/GOOD_2_GO.MP3
2025/03/08 09:05:13 [INFO] Found existing folder 'JAUZ' with ID: 16783605
2025/03/08 09:05:13 [ERROR] Error finding folder 'GOODIEZ': folder not found
2025/03/08 09:05:13 [INFO] Folder 'GOODIEZ' not found, creating it
2025/03/08 09:05:13 [INFO] Created folder 'GOODIEZ' with ID: 16783650
2025/03/08 09:05:13 [INFO] Uploading GOODIEZ.MP3 to album folder (storage ID: 131073, folder ID: 16783650)
2025/03/08 09:05:14 [INFO] Successfully uploaded GOODIEZ.MP3 (object ID: 16783651) to /MUSIC/JAUZ/GOODIEZ/GOODIEZ.MP3
2025/03/08 09:05:14 [ERROR] Error finding folder 'QUIX': folder not found
2025/03/08 09:05:14 [INFO] Folder 'QUIX' not found, creating it
2025/03/08 09:05:14 [INFO] Created folder 'QUIX' with ID: 16783652
2025/03/08 09:05:14 [ERROR] Error finding folder 'GRENADE': folder not found
2025/03/08 09:05:14 [INFO] Folder 'GRENADE' not found, creating it
2025/03/08 09:05:14 [INFO] Created folder 'GRENADE' with ID: 16783653
2025/03/08 09:05:14 [INFO] Uploading GRENADE.MP3 to album folder (storage ID: 131073, folder ID: 16783653)
2025/03/08 09:05:14 [INFO] Successfully uploaded GRENADE.MP3 (object ID: 16783654) to /MUSIC/QUIX/GRENADE/GRENADE.MP3
2025/03/08 09:05:14 [ERROR] Error finding folder 'JOYRYDE': folder not found
2025/03/08 09:05:14 [INFO] Folder 'JOYRYDE' not found, creating it
2025/03/08 09:05:14 [INFO] Created folder 'JOYRYDE' with ID: 16783655
2025/03/08 09:05:14 [ERROR] Error finding folder 'HOT_DRUM': folder not found
2025/03/08 09:05:14 [INFO] Folder 'HOT_DRUM' not found, creating it
2025/03/08 09:05:15 [INFO] Created folder 'HOT_DRUM' with ID: 16783656
2025/03/08 09:05:15 [INFO] Uploading HOT_DRUM.MP3 to album folder (storage ID: 131073, folder ID: 16783656)
2025/03/08 09:05:15 [INFO] Successfully uploaded HOT_DRUM.MP3 (object ID: 16783657) to /MUSIC/JOYRYDE/HOT_DRUM/HOT_DRUM.MP3
2025/03/08 09:05:15 [ERROR] Error finding folder 'QUIX_AMBA_SHEPHERD': folder not found
2025/03/08 09:05:15 [INFO] Folder 'QUIX_AMBA_SHEPHERD' not found, creating it
2025/03/08 09:05:15 [INFO] Created folder 'QUIX_AMBA_SHEPHERD' with ID: 16783658
2025/03/08 09:05:15 [ERROR] Error finding folder 'HEADS_OR_TAILS': folder not found
2025/03/08 09:05:15 [INFO] Folder 'HEADS_OR_TAILS' not found, creating it
2025/03/08 09:05:15 [INFO] Created folder 'HEADS_OR_TAILS' with ID: 16783659
2025/03/08 09:05:15 [INFO] Uploading HEADS_OR_TAILS.MP3 to album folder (storage ID: 131073, folder ID: 16783659)
2025/03/08 09:05:15 [INFO] Successfully uploaded HEADS_OR_TAILS.MP3 (object ID: 16783660) to /MUSIC/QUIX_AMBA_SHEPHERD/HEADS_OR_TAILS/HEADS_OR_TAILS.MP3
2025/03/08 09:05:16 [ERROR] Error finding folder 'EPHWURD_SWAGE': folder not found
2025/03/08 09:05:16 [INFO] Folder 'EPHWURD_SWAGE' not found, creating it
2025/03/08 09:05:16 [INFO] Created folder 'EPHWURD_SWAGE' with ID: 16783661
2025/03/08 09:05:16 [ERROR] Error finding folder 'HECTIC': folder not found
2025/03/08 09:05:16 [INFO] Folder 'HECTIC' not found, creating it
2025/03/08 09:05:16 [INFO] Created folder 'HECTIC' with ID: 16783662
2025/03/08 09:05:16 [INFO] Uploading HECTIC.MP3 to album folder (storage ID: 131073, folder ID: 16783662)
2025/03/08 09:05:16 [INFO] Successfully uploaded HECTIC.MP3 (object ID: 16783663) to /MUSIC/EPHWURD_SWAGE/HECTIC/HECTIC.MP3
2025/03/08 09:05:16 [ERROR] Error finding folder 'AHEE_DEFUNK': folder not found
2025/03/08 09:05:16 [INFO] Folder 'AHEE_DEFUNK' not found, creating it
2025/03/08 09:05:16 [INFO] Created folder 'AHEE_DEFUNK' with ID: 16783664
2025/03/08 09:05:16 [ERROR] Error finding folder 'I_FEEL_IT': folder not found
2025/03/08 09:05:16 [INFO] Folder 'I_FEEL_IT' not found, creating it
2025/03/08 09:05:16 [INFO] Created folder 'I_FEEL_IT' with ID: 16783665
2025/03/08 09:05:16 [INFO] Uploading I_FEEL_IT.MP3 to album folder (storage ID: 131073, folder ID: 16783665)
2025/03/08 09:05:17 [INFO] Successfully uploaded I_FEEL_IT.MP3 (object ID: 16783666) to /MUSIC/AHEE_DEFUNK/I_FEEL_IT/I_FEEL_IT.MP3
2025/03/08 09:05:17 [INFO] Found existing folder 'JOYRYDE' with ID: 16783655
2025/03/08 09:05:17 [ERROR] Error finding folder 'BRAVE': folder not found
2025/03/08 09:05:17 [INFO] Folder 'BRAVE' not found, creating it
2025/03/08 09:05:17 [INFO] Created folder 'BRAVE' with ID: 16783667
2025/03/08 09:05:17 [INFO] Uploading IM_GONE.MP3 to album folder (storage ID: 131073, folder ID: 16783667)
2025/03/08 09:05:17 [INFO] Successfully uploaded IM_GONE.MP3 (object ID: 16783668) to /MUSIC/JOYRYDE/BRAVE/IM_GONE.MP3
2025/03/08 09:05:17 [ERROR] Error finding folder 'JAUZ_EXAMPLE': folder not found
2025/03/08 09:05:17 [INFO] Folder 'JAUZ_EXAMPLE' not found, creating it
2025/03/08 09:05:17 [INFO] Created folder 'JAUZ_EXAMPLE' with ID: 16783669
2025/03/08 09:05:17 [ERROR] Error finding folder 'THE_WISE_AND_THE_WICKED': folder not found
2025/03/08 09:05:17 [INFO] Folder 'THE_WISE_AND_THE_WICKED' not found, creating it
2025/03/08 09:05:18 [INFO] Created folder 'THE_WISE_AND_THE_WICKED' with ID: 16783670
2025/03/08 09:05:18 [INFO] Uploading IN_THE_ZONE.MP3 to album folder (storage ID: 131073, folder ID: 16783670)
2025/03/08 09:05:18 [INFO] Successfully uploaded IN_THE_ZONE.MP3 (object ID: 16783671) to /MUSIC/JAUZ_EXAMPLE/THE_WISE_AND_THE_WICKED/IN_THE_ZONE.MP3
2025/03/08 09:05:18 [ERROR] Error finding folder 'TI_STO_JAUZ': folder not found
2025/03/08 09:05:18 [INFO] Folder 'TI_STO_JAUZ' not found, creating it
2025/03/08 09:05:18 [INFO] Created folder 'TI_STO_JAUZ' with ID: 16783672
2025/03/08 09:05:18 [ERROR] Error finding folder 'INFECTED': folder not found
2025/03/08 09:05:18 [INFO] Folder 'INFECTED' not found, creating it
2025/03/08 09:05:18 [INFO] Created folder 'INFECTED' with ID: 16783673
2025/03/08 09:05:18 [INFO] Uploading INFECTED.MP3 to album folder (storage ID: 131073, folder ID: 16783673)
2025/03/08 09:05:19 [INFO] Successfully uploaded INFECTED.MP3 (object ID: 16783674) to /MUSIC/TI_STO_JAUZ/INFECTED/INFECTED.MP3
2025/03/08 09:05:19 [ERROR] Error finding folder 'ZEDS_DEAD_JAUZ_SUBTRONICS': folder not found
2025/03/08 09:05:19 [INFO] Folder 'ZEDS_DEAD_JAUZ_SUBTRONICS' not found, creating it
2025/03/08 09:05:19 [INFO] Created folder 'ZEDS_DEAD_JAUZ_SUBTRONICS' with ID: 16783675
2025/03/08 09:05:19 [ERROR] Error finding folder 'LIGHTS_GO_DOWN_(REMIXES)': folder not found
2025/03/08 09:05:19 [INFO] Folder 'LIGHTS_GO_DOWN_(REMIXES)' not found, creating it
2025/03/08 09:05:19 [INFO] Created folder 'LIGHTS_GO_DOWN_(REMIXES)' with ID: 16783676
2025/03/08 09:05:19 [INFO] Uploading LIGHTS_GO_DOWN_-_SUBTRONICS_REMIX.MP3 to album folder (storage ID: 131073, folder ID: 16783676)
2025/03/08 09:05:19 [INFO] Successfully uploaded LIGHTS_GO_DOWN_-_SUBTRONICS_REMIX.MP3 (object ID: 16783677) to /MUSIC/ZEDS_DEAD_JAUZ_SUBTRONICS/LIGHTS_GO_DOWN_(REMIXES)/LIGHTS_GO_DOWN_-_SUBTRONICS_REMIX.MP3
2025/03/08 09:05:19 [INFO] Found existing folder 'JOYRYDE' with ID: 16783655
2025/03/08 09:05:19 [INFO] Found existing folder 'BRAVE' with ID: 16783667
2025/03/08 09:05:19 [INFO] Uploading MADDEN.MP3 to album folder (storage ID: 131073, folder ID: 16783667)
2025/03/08 09:05:20 [INFO] Successfully uploaded MADDEN.MP3 (object ID: 16783678) to /MUSIC/JOYRYDE/BRAVE/MADDEN.MP3
2025/03/08 09:05:20 [ERROR] Error finding folder 'DREZO': folder not found
2025/03/08 09:05:20 [INFO] Folder 'DREZO' not found, creating it
2025/03/08 09:05:20 [INFO] Created folder 'DREZO' with ID: 16783679
2025/03/08 09:05:20 [ERROR] Error finding folder 'MALICE': folder not found
2025/03/08 09:05:20 [INFO] Folder 'MALICE' not found, creating it
2025/03/08 09:05:20 [INFO] Created folder 'MALICE' with ID: 16783680
2025/03/08 09:05:20 [INFO] Uploading MALICE.MP3 to album folder (storage ID: 131073, folder ID: 16783680)
2025/03/08 09:05:20 [INFO] Successfully uploaded MALICE.MP3 (object ID: 16783681) to /MUSIC/DREZO/MALICE/MALICE.MP3
2025/03/08 09:05:20 [INFO] Found existing folder 'HEROBUST' with ID: 16783608
2025/03/08 09:05:20 [ERROR] Error finding folder 'VERTEBREAKER_(REMIXES)': folder not found
2025/03/08 09:05:20 [INFO] Folder 'VERTEBREAKER_(REMIXES)' not found, creating it
2025/03/08 09:05:21 [INFO] Created folder 'VERTEBREAKER_(REMIXES)' with ID: 16783682
2025/03/08 09:05:21 [INFO] Uploading MOVE_MINT_-_VIP.MP3 to album folder (storage ID: 131073, folder ID: 16783682)
2025/03/08 09:05:21 [INFO] Successfully uploaded MOVE_MINT_-_VIP.MP3 (object ID: 16783683) to /MUSIC/HEROBUST/VERTEBREAKER_(REMIXES)/MOVE_MINT_-_VIP.MP3
2025/03/08 09:05:21 [ERROR] Error finding folder 'JAUZ_SAN_HOLO': folder not found
2025/03/08 09:05:21 [INFO] Folder 'JAUZ_SAN_HOLO' not found, creating it
2025/03/08 09:05:21 [INFO] Created folder 'JAUZ_SAN_HOLO' with ID: 16783684
2025/03/08 09:05:21 [ERROR] Error finding folder 'OK!': folder not found
2025/03/08 09:05:21 [INFO] Folder 'OK!' not found, creating it
2025/03/08 09:05:21 [INFO] Created folder 'OK!' with ID: 16783685
2025/03/08 09:05:21 [INFO] Uploading OK!.MP3 to album folder (storage ID: 131073, folder ID: 16783685)
2025/03/08 09:05:22 [INFO] Successfully uploaded OK!.MP3 (object ID: 16783686) to /MUSIC/JAUZ_SAN_HOLO/OK!/OK!.MP3
2025/03/08 09:05:22 [ERROR] Error finding folder 'BONNIE_X_CLYDE': folder not found
2025/03/08 09:05:22 [INFO] Folder 'BONNIE_X_CLYDE' not found, creating it
2025/03/08 09:05:22 [INFO] Created folder 'BONNIE_X_CLYDE' with ID: 16783687
2025/03/08 09:05:22 [ERROR] Error finding folder 'OURS': folder not found
2025/03/08 09:05:22 [INFO] Folder 'OURS' not found, creating it
2025/03/08 09:05:22 [INFO] Created folder 'OURS' with ID: 16783688
2025/03/08 09:05:22 [INFO] Uploading OURS.MP3 to album folder (storage ID: 131073, folder ID: 16783688)
2025/03/08 09:05:22 [INFO] Successfully uploaded OURS.MP3 (object ID: 16783689) to /MUSIC/BONNIE_X_CLYDE/OURS/OURS.MP3
2025/03/08 09:05:22 [ERROR] Error finding folder 'MONXX': folder not found
2025/03/08 09:05:22 [INFO] Folder 'MONXX' not found, creating it
2025/03/08 09:05:22 [INFO] Created folder 'MONXX' with ID: 16783690
2025/03/08 09:05:22 [ERROR] Error finding folder 'ON_YOU': folder not found
2025/03/08 09:05:22 [INFO] Folder 'ON_YOU' not found, creating it
2025/03/08 09:05:22 [INFO] Created folder 'ON_YOU' with ID: 16783691
2025/03/08 09:05:22 [INFO] Uploading ON_YOU.MP3 to album folder (storage ID: 131073, folder ID: 16783691)
2025/03/08 09:05:22 [INFO] Successfully uploaded ON_YOU.MP3 (object ID: 16783692) to /MUSIC/MONXX/ON_YOU/ON_YOU.MP3
2025/03/08 09:05:22 [INFO] Found existing folder 'KNOCK2' with ID: 16783639
2025/03/08 09:05:23 [ERROR] Error finding folder 'PARANOID': folder not found
2025/03/08 09:05:23 [INFO] Folder 'PARANOID' not found, creating it
2025/03/08 09:05:23 [INFO] Created folder 'PARANOID' with ID: 16783693
2025/03/08 09:05:23 [INFO] Uploading PARANOID.MP3 to album folder (storage ID: 131073, folder ID: 16783693)
2025/03/08 09:05:23 [INFO] Successfully uploaded PARANOID.MP3 (object ID: 16783694) to /MUSIC/KNOCK2/PARANOID/PARANOID.MP3
2025/03/08 09:05:23 [ERROR] Error finding folder 'KNIFE_PARTY_JAUZ': folder not found
2025/03/08 09:05:23 [INFO] Folder 'KNIFE_PARTY_JAUZ' not found, creating it
2025/03/08 09:05:23 [INFO] Created folder 'KNIFE_PARTY_JAUZ' with ID: 16783695
2025/03/08 09:05:23 [ERROR] Error finding folder 'TRIGGER_WARNING': folder not found
2025/03/08 09:05:23 [INFO] Folder 'TRIGGER_WARNING' not found, creating it
2025/03/08 09:05:23 [INFO] Created folder 'TRIGGER_WARNING' with ID: 16783696
2025/03/08 09:05:23 [INFO] Uploading PLUR_POLICE_-_JAUZ_REMIX.MP3 to album folder (storage ID: 131073, folder ID: 16783696)
2025/03/08 09:05:24 [INFO] Successfully uploaded PLUR_POLICE_-_JAUZ_REMIX.MP3 (object ID: 16783697) to /MUSIC/KNIFE_PARTY_JAUZ/TRIGGER_WARNING/PLUR_POLICE_-_JAUZ_REMIX.MP3
2025/03/08 09:05:24 [ERROR] Error finding folder 'BRO_SAFARI_SARAH_HUDSON': folder not found
2025/03/08 09:05:24 [INFO] Folder 'BRO_SAFARI_SARAH_HUDSON' not found, creating it
2025/03/08 09:05:24 [INFO] Created folder 'BRO_SAFARI_SARAH_HUDSON' with ID: 16783698
2025/03/08 09:05:24 [ERROR] Error finding folder 'COLLISIONS': folder not found
2025/03/08 09:05:24 [INFO] Folder 'COLLISIONS' not found, creating it
2025/03/08 09:05:24 [INFO] Created folder 'COLLISIONS' with ID: 16783699
2025/03/08 09:05:24 [INFO] Uploading REALITY.MP3 to album folder (storage ID: 131073, folder ID: 16783699)
2025/03/08 09:05:24 [INFO] Successfully uploaded REALITY.MP3 (object ID: 16783700) to /MUSIC/BRO_SAFARI_SARAH_HUDSON/COLLISIONS/REALITY.MP3
2025/03/08 09:05:24 [ERROR] Error finding folder 'JAUZ_EPHWURD': folder not found
2025/03/08 09:05:24 [INFO] Folder 'JAUZ_EPHWURD' not found, creating it
2025/03/08 09:05:24 [INFO] Created folder 'JAUZ_EPHWURD' with ID: 16783701
2025/03/08 09:05:24 [ERROR] Error finding folder 'ROCK_THE_PARTY': folder not found
2025/03/08 09:05:24 [INFO] Folder 'ROCK_THE_PARTY' not found, creating it
2025/03/08 09:05:24 [INFO] Created folder 'ROCK_THE_PARTY' with ID: 16783702
2025/03/08 09:05:24 [INFO] Uploading ROCK_THE_PARTY.MP3 to album folder (storage ID: 131073, folder ID: 16783702)
2025/03/08 09:05:25 [INFO] Successfully uploaded ROCK_THE_PARTY.MP3 (object ID: 16783703) to /MUSIC/JAUZ_EPHWURD/ROCK_THE_PARTY/ROCK_THE_PARTY.MP3
2025/03/08 09:05:25 [INFO] Found existing folder 'JOYRYDE' with ID: 16783655
2025/03/08 09:05:25 [INFO] Found existing folder 'BRAVE' with ID: 16783667
2025/03/08 09:05:25 [INFO] Uploading SELECTA_19.MP3 to album folder (storage ID: 131073, folder ID: 16783667)
2025/03/08 09:05:25 [INFO] Successfully uploaded SELECTA_19.MP3 (object ID: 16783704) to /MUSIC/JOYRYDE/BRAVE/SELECTA_19.MP3
2025/03/08 09:05:26 [INFO] Found existing folder 'JOYRYDE' with ID: 16783655
2025/03/08 09:05:26 [ERROR] Error finding folder 'SPEED_TRAP': folder not found
2025/03/08 09:05:26 [INFO] Folder 'SPEED_TRAP' not found, creating it
2025/03/08 09:05:26 [INFO] Created folder 'SPEED_TRAP' with ID: 16783705
2025/03/08 09:05:26 [INFO] Uploading SPEED_TRAP.MP3 to album folder (storage ID: 131073, folder ID: 16783705)
2025/03/08 09:05:26 [INFO] Successfully uploaded SPEED_TRAP.MP3 (object ID: 16783706) to /MUSIC/JOYRYDE/SPEED_TRAP/SPEED_TRAP.MP3
2025/03/08 09:05:26 [INFO] Found existing folder '12TH_PLANET' with ID: 16783619
2025/03/08 09:05:26 [ERROR] Error finding folder 'SHIPWRECK'D': folder not found
2025/03/08 09:05:26 [INFO] Folder 'SHIPWRECK'D' not found, creating it
2025/03/08 09:05:26 [INFO] Created folder 'SHIPWRECK'D' with ID: 16783707
2025/03/08 09:05:26 [INFO] Uploading SHIPWRECK'D.MP3 to album folder (storage ID: 131073, folder ID: 16783707)
2025/03/08 09:05:27 [INFO] Successfully uploaded SHIPWRECK'D.MP3 (object ID: 16783708) to /MUSIC/12TH_PLANET/SHIPWRECK'D/SHIPWRECK'D.MP3
2025/03/08 09:05:27 [ERROR] Error finding folder 'SIKDOPE_LOUD_ABOUT_US!': folder not found
2025/03/08 09:05:27 [INFO] Folder 'SIKDOPE_LOUD_ABOUT_US!' not found, creating it
2025/03/08 09:05:27 [INFO] Created folder 'SIKDOPE_LOUD_ABOUT_US!' with ID: 16783709
2025/03/08 09:05:27 [ERROR] Error finding folder 'SLOW_IT_DOWN': folder not found
2025/03/08 09:05:27 [INFO] Folder 'SLOW_IT_DOWN' not found, creating it
2025/03/08 09:05:27 [INFO] Created folder 'SLOW_IT_DOWN' with ID: 16783710
2025/03/08 09:05:27 [INFO] Uploading SLOW_IT_DOWN.MP3 to album folder (storage ID: 131073, folder ID: 16783710)
2025/03/08 09:05:27 [INFO] Successfully uploaded SLOW_IT_DOWN.MP3 (object ID: 16783711) to /MUSIC/SIKDOPE_LOUD_ABOUT_US!/SLOW_IT_DOWN/SLOW_IT_DOWN.MP3
2025/03/08 09:05:27 [ERROR] Error finding folder 'JAUZ_666': folder not found
2025/03/08 09:05:27 [INFO] Folder 'JAUZ_666' not found, creating it
2025/03/08 09:05:27 [INFO] Created folder 'JAUZ_666' with ID: 16783712
2025/03/08 09:05:27 [ERROR] Error finding folder 'THE_WISE_AND_THE_WICKED': folder not found
2025/03/08 09:05:27 [INFO] Folder 'THE_WISE_AND_THE_WICKED' not found, creating it
2025/03/08 09:05:27 [INFO] Created folder 'THE_WISE_AND_THE_WICKED' with ID: 16783713
2025/03/08 09:05:27 [INFO] Uploading SUPER_FLY.MP3 to album folder (storage ID: 131073, folder ID: 16783713)
2025/03/08 09:05:28 [INFO] Successfully uploaded SUPER_FLY.MP3 (object ID: 16783714) to /MUSIC/JAUZ_666/THE_WISE_AND_THE_WICKED/SUPER_FLY.MP3
2025/03/08 09:05:28 [ERROR] Error finding folder 'JAUZ_NONSENS': folder not found
2025/03/08 09:05:28 [INFO] Folder 'JAUZ_NONSENS' not found, creating it
2025/03/08 09:05:28 [INFO] Created folder 'JAUZ_NONSENS' with ID: 16783715
2025/03/08 09:05:28 [ERROR] Error finding folder 'THE_BEAT': folder not found
2025/03/08 09:05:28 [INFO] Folder 'THE_BEAT' not found, creating it
2025/03/08 09:05:28 [INFO] Created folder 'THE_BEAT' with ID: 16783716
2025/03/08 09:05:28 [INFO] Uploading THE_BEAT.MP3 to album folder (storage ID: 131073, folder ID: 16783716)
2025/03/08 09:05:29 [INFO] Successfully uploaded THE_BEAT.MP3 (object ID: 16783717) to /MUSIC/JAUZ_NONSENS/THE_BEAT/THE_BEAT.MP3
2025/03/08 09:05:29 [INFO] Found existing folder 'JAUZ' with ID: 16783605
2025/03/08 09:05:29 [ERROR] Error finding folder 'THE_GAME': folder not found
2025/03/08 09:05:29 [INFO] Folder 'THE_GAME' not found, creating it
2025/03/08 09:05:29 [INFO] Created folder 'THE_GAME' with ID: 16783718
2025/03/08 09:05:29 [INFO] Uploading THE_GAME.MP3 to album folder (storage ID: 131073, folder ID: 16783718)
2025/03/08 09:05:29 [INFO] Successfully uploaded THE_GAME.MP3 (object ID: 16783719) to /MUSIC/JAUZ/THE_GAME/THE_GAME.MP3
2025/03/08 09:05:29 [ERROR] Error finding folder '4B': folder not found
2025/03/08 09:05:29 [INFO] Folder '4B' not found, creating it
2025/03/08 09:05:29 [INFO] Created folder '4B' with ID: 16783720
2025/03/08 09:05:29 [ERROR] Error finding folder 'THERE_4_YOU': folder not found
2025/03/08 09:05:29 [INFO] Folder 'THERE_4_YOU' not found, creating it
2025/03/08 09:05:29 [INFO] Created folder 'THERE_4_YOU' with ID: 16783721
2025/03/08 09:05:29 [INFO] Uploading THERE_4_YOU.MP3 to album folder (storage ID: 131073, folder ID: 16783721)
2025/03/08 09:05:30 [INFO] Successfully uploaded THERE_4_YOU.MP3 (object ID: 16783722) to /MUSIC/4B/THERE_4_YOU/THERE_4_YOU.MP3
2025/03/08 09:05:30 [ERROR] Error finding folder 'APASHE_LEVEL_UP_SAMI_CHAOUKI': folder not found
2025/03/08 09:05:30 [INFO] Folder 'APASHE_LEVEL_UP_SAMI_CHAOUKI' not found, creating it
2025/03/08 09:05:30 [INFO] Created folder 'APASHE_LEVEL_UP_SAMI_CHAOUKI' with ID: 16783723
2025/03/08 09:05:30 [ERROR] Error finding folder 'TIME_WARP_(LEVEL_UP_REMIX)': folder not found
2025/03/08 09:05:30 [INFO] Folder 'TIME_WARP_(LEVEL_UP_REMIX)' not found, creating it
2025/03/08 09:05:30 [INFO] Created folder 'TIME_WARP_(LEVEL_UP_REMIX)' with ID: 16783724
2025/03/08 09:05:30 [INFO] Uploading TIME_WARP_-_LEVEL_UP_REMIX.MP3 to album folder (storage ID: 131073, folder ID: 16783724)
2025/03/08 09:05:30 [INFO] Successfully uploaded TIME_WARP_-_LEVEL_UP_REMIX.MP3 (object ID: 16783725) to /MUSIC/APASHE_LEVEL_UP_SAMI_CHAOUKI/TIME_WARP_(LEVEL_UP_REMIX)/TIME_WARP_-_LEVEL_UP_REMIX.MP3
2025/03/08 09:05:30 [INFO] Found existing folder 'HEROBUST' with ID: 16783608
2025/03/08 09:05:30 [ERROR] Error finding folder 'WTF': folder not found
2025/03/08 09:05:30 [INFO] Folder 'WTF' not found, creating it
2025/03/08 09:05:30 [INFO] Created folder 'WTF' with ID: 16783726
2025/03/08 09:05:30 [INFO] Uploading WTF.MP3 to album folder (storage ID: 131073, folder ID: 16783726)
2025/03/08 09:05:31 [INFO] Successfully uploaded WTF.MP3 (object ID: 16783727) to /MUSIC/HEROBUST/WTF/WTF.MP3
2025/03/08 09:05:31 [ERROR] Error finding folder 'FUNTCASE_DANI_POPPITT': folder not found
2025/03/08 09:05:31 [INFO] Folder 'FUNTCASE_DANI_POPPITT' not found, creating it
2025/03/08 09:05:31 [INFO] Created folder 'FUNTCASE_DANI_POPPITT' with ID: 16783728
2025/03/08 09:05:31 [ERROR] Error finding folder 'NEXT_CHAPTER': folder not found
2025/03/08 09:05:31 [INFO] Folder 'NEXT_CHAPTER' not found, creating it
2025/03/08 09:05:31 [INFO] Created folder 'NEXT_CHAPTER' with ID: 16783729
2025/03/08 09:05:31 [INFO] Uploading WITHOUT.MP3 to album folder (storage ID: 131073, folder ID: 16783729)
2025/03/08 09:05:32 [INFO] Successfully uploaded WITHOUT.MP3 (object ID: 16783730) to /MUSIC/FUNTCASE_DANI_POPPITT/NEXT_CHAPTER/WITHOUT.MP3
2025/03/08 09:05:32 [INFO] Using alternative transfer method for data of size 4312 bytes
2025/03/08 09:05:32 [INFO] Successfully created and uploaded playlist JAUZTESTING.m3u8 (object ID: 16783731) with 49 songs
2025/03/08 09:05:32 [INFO] Verifying playlist upload for JAUZTESTING.m3u8
2025/03/08 09:05:32 [INFO] Playlist verification: Found playlist JAUZTESTING.m3u8 directly in parent folder (ID: 16783731)
2025/03/08 09:05:32 [INFO] Attempting to read content of playlist JAUZTESTING.m3u8 (ID: 16783731)
2025/03/08 09:05:43 [INFO] Searching for playlists...
2025/03/08 09:05:43 [INFO] Searching storage #1:  (ID: 131073)
2025/03/08 09:05:53 [INFO] Walk scan completed: checked 348 files, found 1 playlists
2025/03/08 09:05:53 [INFO] Total unique playlists found: 1
2025/03/08 09:05:53 [INFO] Found 1 playlists in storage #1
2025/03/08 09:05:53 [INFO] Total playlists found across all storages: 1
2025/03/08 09:06:13 [INFO] Program completed
