2025/03/08 16:07:23 --- MTP Music Manager Started ---
2025/03/08 16:07:23 OS: darwin, Architecture: arm64
2025/03/08 16:07:23 Verbose logging: true
2025/03/08 16:07:23 [VERBOSE] (main.go:25) Starting MTP Music Manager
2025/03/08 16:07:23 [VERBOSE] (connect.go:15) Initializing device with timeout of 30s...
2025/03/08 16:07:23 [VERBOSE] (connect.go:28) Starting MTP device detection in background goroutine
2025/03/08 16:07:23 [VERBOSE] (connect.go:40) MTP device found successfully
2025/03/08 16:07:23 [VERBOSE] (connect.go:54) Device initialized successfully
2025/03/08 16:07:23 [VERBOSE] (storage.go:22) Fetching storages with timeout of 30s...
2025/03/08 16:07:23 [VERBOSE] (storage.go:49) Found 1 storage(s) on device
2025/03/08 16:07:23 [VERBOSE] (storage.go:62) Storage #1:  (ID: 131073)
2025/03/08 16:07:25 [INFO] (list.go:680) Searching for playlists...
2025/03/08 16:07:25 [INFO] (list.go:699) Searching storage #1:  (ID: 131073)
2025/03/08 16:07:25 [INFO] (list.go:468) Searching for playlists in both /MUSIC and /Music directories
2025/03/08 16:07:25 [VERBOSE] (list.go:507) Found playlist: /Music/SICKATHON.m3u8 (ID: 16782729, Format: 47621)
2025/03/08 16:07:25 [INFO] (list.go:512) Playlists found in /Music: 1
2025/03/08 16:07:25 [INFO] (list.go:515) Total playlists found: 1
2025/03/08 16:07:25 [INFO] (list.go:709) Found 1 playlists in storage #1
2025/03/08 16:07:25 [VERBOSE] (list.go:180) Normalized path for lookup: /Music/SICKATHON.m3u8
2025/03/08 16:07:25 [VERBOSE] (list.go:295) Trying path variation: /Music/SICKATHON.m3u8
2025/03/08 16:07:25 [VERBOSE] (list.go:335) Found object: SICKATHON.m3u8 (ID: 16782729)
2025/03/08 16:07:25 [VERBOSE] (list.go:185) Found object by path: /Music/SICKATHON.m3u8 (ID: 16782729)
2025/03/08 16:07:25 [INFO] (list.go:732) Total playlists found across all storages: 1
2025/03/08 16:07:30 [INFO] (list.go:27) Searching for MP3 files...
2025/03/08 16:07:30 [INFO] (list.go:46) Searching storage #1:  (ID: 131073)
2025/03/08 16:07:30 [INFO] (list.go:610) Searching for MP3 files in both case variations of music directories
2025/03/08 16:07:30 [INFO] (list.go:619) Searching in /MUSIC directory
2025/03/08 16:07:30 [VERBOSE] (list.go:636) Found MP3: /MUSIC/HWLS/HWLS/01 001.MP3 (Size: 3875427 bytes, ID: 16782638)
2025/03/08 16:07:30 [VERBOSE] (list.go:636) Found MP3: /MUSIC/OF_THE_TREES/DREAM_ATLAS/02 6AM.MP3 (Size: 5148063 bytes, ID: 16782641)
2025/03/08 16:07:30 [VERBOSE] (list.go:636) Found MP3: /MUSIC/GRIZMATIK_GRIZ_GRAMATIK/AS_WE_PROCEED/03 AS_WE_PROCEED.MP3 (Size: 4527705 bytes, ID: 16782644)
2025/03/08 16:07:30 [VERBOSE] (list.go:636) Found MP3: /MUSIC/CAPTAIN_PLANET_SHUNGUDZO/NO_VISA/04 BIG_MAN.MP3 (Size: 3779247 bytes, ID: 16782647)
2025/03/08 16:07:30 [VERBOSE] (list.go:636) Found MP3: /MUSIC/THE_POLISH_AMBASSADOR/TIME'S_RUNNING_IN/05 BEBE.MP3 (Size: 7358898 bytes, ID: 16782650)
2025/03/08 16:07:31 [VERBOSE] (list.go:636) Found MP3: /MUSIC/SHUB_BLACK_LODGE_SINGERS/POWWOWSTEP/06 BIG_CROW.MP3 (Size: 4084850 bytes, ID: 16782653)
2025/03/08 16:07:31 [VERBOSE] (list.go:636) Found MP3: /MUSIC/STICKYBUDS_K+LAB_KWADI/CLAP_YA_HANDS_NOW/07 CLAP_YA_HANDS_NOW.MP3 (Size: 4199670 bytes, ID: 16782656)
2025/03/08 16:07:31 [VERBOSE] (list.go:636) Found MP3: /MUSIC/WOO2TECH/DON'T_BE_LATE_EP/08 DON'T_BE_LATE_-_ORIGINAL_MIX.MP3 (Size: 6624179 bytes, ID: 16782659)
2025/03/08 16:07:31 [VERBOSE] (list.go:636) Found MP3: /MUSIC/SUPAMAN_WALKING_BUFFALO/MEDICINE_BUNDLE/09 ETHNOCIDE.MP3 (Size: 2242365 bytes, ID: 16782662)
2025/03/08 16:07:31 [VERBOSE] (list.go:636) Found MP3: /MUSIC/THE_FUNK_HUNTERS_MOONTRICKS/MUSIC_W_FRIENDS/10 GET_UP_N_GO.MP3 (Size: 3922502 bytes, ID: 16782665)
2025/03/08 16:07:31 [VERBOSE] (list.go:636) Found MP3: /MUSIC/TNGHT_HUDSON_MOHAWKE_LUNICE/TNGHT/11 GOOOO.MP3 (Size: 3450270 bytes, ID: 16782668)
2025/03/08 16:07:31 [VERBOSE] (list.go:636) Found MP3: /MUSIC/DIRTYPHONICS_SULLIVAN_KING/VANTABLACK/12 HAMMER.MP3 (Size: 3259939 bytes, ID: 16782671)
2025/03/08 16:07:31 [VERBOSE] (list.go:636) Found MP3: /MUSIC/ALANIS_MORISSETTE/JAGGED_LITTLE_PILL_(2015_REMASTER)/13 HAND_IN_MY_POCKET_-_2015_REMASTER.MP3 (Size: 3687189 bytes, ID: 16782674)
2025/03/08 16:07:31 [VERBOSE] (list.go:636) Found MP3: /MUSIC/STYLUST_LAFA_TAYLOR_NEON_STEVE/HEATROCKS/14 HEAVY_METAL_SHIT_(FEAT._LAFA_TAYLOR_&_NEON_STEVE).MP3 (Size: 2991015 bytes, ID: 16782677)
2025/03/08 16:07:32 [VERBOSE] (list.go:636) Found MP3: /MUSIC/PAUL_CAUTHEN_ELECTROPHUNCK/HOLY_GHOST_FIRE_(ELECTROPHUNCK_REMIX)/15 HOLY_GHOST_FIRE_-_ELECTROPHUNCK_REMIX.MP3 (Size: 4180755 bytes, ID: 16782680)
2025/03/08 16:07:32 [VERBOSE] (list.go:636) Found MP3: /MUSIC/AMP_LIVE/THE_SPACE_BURRITO_EXPERIMENT/16 I_GOT_5.MP3 (Size: 3108644 bytes, ID: 16782683)
2025/03/08 16:07:32 [VERBOSE] (list.go:636) Found MP3: /MUSIC/DENM_LANDON_MCNAMARA_JESSE_JAMES_PARIAH/SLUM_BEACH_POSSE._VOL._1/17 LOSE_MYSELF_(FEAT._JESSE_JAMES_PARIAH).MP3 (Size: 3638674 bytes, ID: 16782686)
2025/03/08 16:07:32 [VERBOSE] (list.go:636) Found MP3: /MUSIC/GHOSTLAND_OBSERVATORY/PAPARAZZI_LIGHTNING/18 MIDNIGHT_VOYAGE.MP3 (Size: 6134642 bytes, ID: 16782689)
2025/03/08 16:07:32 [VERBOSE] (list.go:636) Found MP3: /MUSIC/BOOGIE_T.RIO/THREE_FOR_ALL_EP/19 PACKING_BAGS.MP3 (Size: 5634788 bytes, ID: 16782692)
2025/03/08 16:07:32 [VERBOSE] (list.go:636) Found MP3: /MUSIC/HIGH_STEP_SOCIETY/PERCEPTION/20 PERCEPTION.MP3 (Size: 3933976 bytes, ID: 16782695)
2025/03/08 16:07:32 [VERBOSE] (list.go:636) Found MP3: /MUSIC/THE_FLOOZIES/POTATOES/21 POTATOES.MP3 (Size: 2499548 bytes, ID: 16782698)
2025/03/08 16:07:32 [VERBOSE] (list.go:636) Found MP3: /MUSIC/K+LAB_MELODOWNZ_MUSTAFA_AKBAR/THE_WORLDLY'S/22 PULL_UP.MP3 (Size: 3356911 bytes, ID: 16782701)
2025/03/08 16:07:32 [VERBOSE] (list.go:636) Found MP3: /MUSIC/OPIUO/SLURP_AND_GIGGLE/23 ROBO_BOOTY.MP3 (Size: 4648674 bytes, ID: 16782704)
2025/03/08 16:07:33 [VERBOSE] (list.go:636) Found MP3: /MUSIC/HABITAAT_BLIMES/FALL_IN_DEEP/24 SHAKE.MP3 (Size: 2866072 bytes, ID: 16782707)
2025/03/08 16:07:33 [VERBOSE] (list.go:636) Found MP3: /MUSIC/BOOMBOX/DOWNRIVERELECTRIC/25 SHAKEDOWN_STREET.MP3 (Size: 3394282 bytes, ID: 16782710)
2025/03/08 16:07:33 [VERBOSE] (list.go:636) Found MP3: /MUSIC/MOUNTAIN_HEAD/SHIMMY_SHIMMY_YA/26 SHIMMY_SHIMMY_YA.MP3 (Size: 3131167 bytes, ID: 16782713)
2025/03/08 16:07:33 [VERBOSE] (list.go:636) Found MP3: /MUSIC/CODY_KO_MOONLGHT/SHOULD_I_STAY_OR_SHOULD_I_GO/27 SHOULD_I_STAY_OR_SHOULD_I_GO.MP3 (Size: 2357044 bytes, ID: 16782716)
2025/03/08 16:07:33 [VERBOSE] (list.go:636) Found MP3: /MUSIC/CHARLESTHEFIRST/STEP_TIME/28 STEP_TIME.MP3 (Size: 3779041 bytes, ID: 16782719)
2025/03/08 16:07:33 [VERBOSE] (list.go:636) Found MP3: /MUSIC/DIRTWIRE/BLAZE/29 STRANGER.MP3 (Size: 3833090 bytes, ID: 16782722)
2025/03/08 16:07:33 [VERBOSE] (list.go:636) Found MP3: /MUSIC/PHYPHR/UP/30 UP.MP3 (Size: 3093155 bytes, ID: 16782725)
2025/03/08 16:07:33 [VERBOSE] (list.go:636) Found MP3: /MUSIC/ARTIKAL_SOUND_SYSTEM_LITTLE_STRANGER/WELCOME_TO_FLORIDA/31 WHEN_I_WANNA_(FEAT._LITTLE_STRANGER).MP3 (Size: 3365346 bytes, ID: 16782728)
2025/03/08 16:07:33 [INFO] (list.go:649) Found 32 total objects in /MUSIC directory
2025/03/08 16:07:33 [INFO] (list.go:619) Searching in /Music directory
2025/03/08 16:07:34 [VERBOSE] (list.go:636) Found MP3: /Music/HWLS/HWLS/01 001.MP3 (Size: 3875427 bytes, ID: 16782638)
2025/03/08 16:07:34 [VERBOSE] (list.go:636) Found MP3: /Music/OF_THE_TREES/DREAM_ATLAS/02 6AM.MP3 (Size: 5148063 bytes, ID: 16782641)
2025/03/08 16:07:34 [VERBOSE] (list.go:636) Found MP3: /Music/GRIZMATIK_GRIZ_GRAMATIK/AS_WE_PROCEED/03 AS_WE_PROCEED.MP3 (Size: 4527705 bytes, ID: 16782644)
2025/03/08 16:07:34 [VERBOSE] (list.go:636) Found MP3: /Music/CAPTAIN_PLANET_SHUNGUDZO/NO_VISA/04 BIG_MAN.MP3 (Size: 3779247 bytes, ID: 16782647)
2025/03/08 16:07:34 [VERBOSE] (list.go:636) Found MP3: /Music/THE_POLISH_AMBASSADOR/TIME'S_RUNNING_IN/05 BEBE.MP3 (Size: 7358898 bytes, ID: 16782650)
2025/03/08 16:07:34 [VERBOSE] (list.go:636) Found MP3: /Music/SHUB_BLACK_LODGE_SINGERS/POWWOWSTEP/06 BIG_CROW.MP3 (Size: 4084850 bytes, ID: 16782653)
2025/03/08 16:07:34 [VERBOSE] (list.go:636) Found MP3: /Music/STICKYBUDS_K+LAB_KWADI/CLAP_YA_HANDS_NOW/07 CLAP_YA_HANDS_NOW.MP3 (Size: 4199670 bytes, ID: 16782656)
2025/03/08 16:07:34 [VERBOSE] (list.go:636) Found MP3: /Music/WOO2TECH/DON'T_BE_LATE_EP/08 DON'T_BE_LATE_-_ORIGINAL_MIX.MP3 (Size: 6624179 bytes, ID: 16782659)
2025/03/08 16:07:34 [VERBOSE] (list.go:636) Found MP3: /Music/SUPAMAN_WALKING_BUFFALO/MEDICINE_BUNDLE/09 ETHNOCIDE.MP3 (Size: 2242365 bytes, ID: 16782662)
2025/03/08 16:07:35 [VERBOSE] (list.go:636) Found MP3: /Music/THE_FUNK_HUNTERS_MOONTRICKS/MUSIC_W_FRIENDS/10 GET_UP_N_GO.MP3 (Size: 3922502 bytes, ID: 16782665)
2025/03/08 16:07:35 [VERBOSE] (list.go:636) Found MP3: /Music/TNGHT_HUDSON_MOHAWKE_LUNICE/TNGHT/11 GOOOO.MP3 (Size: 3450270 bytes, ID: 16782668)
2025/03/08 16:07:35 [VERBOSE] (list.go:636) Found MP3: /Music/DIRTYPHONICS_SULLIVAN_KING/VANTABLACK/12 HAMMER.MP3 (Size: 3259939 bytes, ID: 16782671)
2025/03/08 16:07:35 [VERBOSE] (list.go:636) Found MP3: /Music/ALANIS_MORISSETTE/JAGGED_LITTLE_PILL_(2015_REMASTER)/13 HAND_IN_MY_POCKET_-_2015_REMASTER.MP3 (Size: 3687189 bytes, ID: 16782674)
2025/03/08 16:07:35 [VERBOSE] (list.go:636) Found MP3: /Music/STYLUST_LAFA_TAYLOR_NEON_STEVE/HEATROCKS/14 HEAVY_METAL_SHIT_(FEAT._LAFA_TAYLOR_&_NEON_STEVE).MP3 (Size: 2991015 bytes, ID: 16782677)
2025/03/08 16:07:35 [VERBOSE] (list.go:636) Found MP3: /Music/PAUL_CAUTHEN_ELECTROPHUNCK/HOLY_GHOST_FIRE_(ELECTROPHUNCK_REMIX)/15 HOLY_GHOST_FIRE_-_ELECTROPHUNCK_REMIX.MP3 (Size: 4180755 bytes, ID: 16782680)
2025/03/08 16:07:35 [VERBOSE] (list.go:636) Found MP3: /Music/AMP_LIVE/THE_SPACE_BURRITO_EXPERIMENT/16 I_GOT_5.MP3 (Size: 3108644 bytes, ID: 16782683)
2025/03/08 16:07:35 [VERBOSE] (list.go:636) Found MP3: /Music/DENM_LANDON_MCNAMARA_JESSE_JAMES_PARIAH/SLUM_BEACH_POSSE._VOL._1/17 LOSE_MYSELF_(FEAT._JESSE_JAMES_PARIAH).MP3 (Size: 3638674 bytes, ID: 16782686)
2025/03/08 16:07:35 [VERBOSE] (list.go:636) Found MP3: /Music/GHOSTLAND_OBSERVATORY/PAPARAZZI_LIGHTNING/18 MIDNIGHT_VOYAGE.MP3 (Size: 6134642 bytes, ID: 16782689)
2025/03/08 16:07:35 [VERBOSE] (list.go:636) Found MP3: /Music/BOOGIE_T.RIO/THREE_FOR_ALL_EP/19 PACKING_BAGS.MP3 (Size: 5634788 bytes, ID: 16782692)
2025/03/08 16:07:36 [VERBOSE] (list.go:636) Found MP3: /Music/HIGH_STEP_SOCIETY/PERCEPTION/20 PERCEPTION.MP3 (Size: 3933976 bytes, ID: 16782695)
2025/03/08 16:07:36 [VERBOSE] (list.go:636) Found MP3: /Music/THE_FLOOZIES/POTATOES/21 POTATOES.MP3 (Size: 2499548 bytes, ID: 16782698)
2025/03/08 16:07:36 [VERBOSE] (list.go:636) Found MP3: /Music/K+LAB_MELODOWNZ_MUSTAFA_AKBAR/THE_WORLDLY'S/22 PULL_UP.MP3 (Size: 3356911 bytes, ID: 16782701)
2025/03/08 16:07:36 [VERBOSE] (list.go:636) Found MP3: /Music/OPIUO/SLURP_AND_GIGGLE/23 ROBO_BOOTY.MP3 (Size: 4648674 bytes, ID: 16782704)
2025/03/08 16:07:36 [VERBOSE] (list.go:636) Found MP3: /Music/HABITAAT_BLIMES/FALL_IN_DEEP/24 SHAKE.MP3 (Size: 2866072 bytes, ID: 16782707)
2025/03/08 16:07:36 [VERBOSE] (list.go:636) Found MP3: /Music/BOOMBOX/DOWNRIVERELECTRIC/25 SHAKEDOWN_STREET.MP3 (Size: 3394282 bytes, ID: 16782710)
2025/03/08 16:07:36 [VERBOSE] (list.go:636) Found MP3: /Music/MOUNTAIN_HEAD/SHIMMY_SHIMMY_YA/26 SHIMMY_SHIMMY_YA.MP3 (Size: 3131167 bytes, ID: 16782713)
2025/03/08 16:07:36 [VERBOSE] (list.go:636) Found MP3: /Music/CODY_KO_MOONLGHT/SHOULD_I_STAY_OR_SHOULD_I_GO/27 SHOULD_I_STAY_OR_SHOULD_I_GO.MP3 (Size: 2357044 bytes, ID: 16782716)
2025/03/08 16:07:36 [VERBOSE] (list.go:636) Found MP3: /Music/CHARLESTHEFIRST/STEP_TIME/28 STEP_TIME.MP3 (Size: 3779041 bytes, ID: 16782719)
2025/03/08 16:07:37 [VERBOSE] (list.go:636) Found MP3: /Music/DIRTWIRE/BLAZE/29 STRANGER.MP3 (Size: 3833090 bytes, ID: 16782722)
2025/03/08 16:07:37 [VERBOSE] (list.go:636) Found MP3: /Music/PHYPHR/UP/30 UP.MP3 (Size: 3093155 bytes, ID: 16782725)
2025/03/08 16:07:37 [VERBOSE] (list.go:636) Found MP3: /Music/ARTIKAL_SOUND_SYSTEM_LITTLE_STRANGER/WELCOME_TO_FLORIDA/31 WHEN_I_WANNA_(FEAT._LITTLE_STRANGER).MP3 (Size: 3365346 bytes, ID: 16782728)
2025/03/08 16:07:37 [INFO] (list.go:649) Found 32 total objects in /Music directory
2025/03/08 16:07:37 [INFO] (list.go:670) Found 62 valid MP3 files and 0 empty MP3 files across all music directories
2025/03/08 16:07:37 [INFO] (list.go:56) Found 62 MP3 files in storage #1
2025/03/08 16:07:37 [INFO] (list.go:66) Total MP3 files found across all storages: 62
