2025/03/08 14:12:15 --- MTP Music Manager Started ---
2025/03/08 14:12:15 OS: darwin, Architecture: arm64
2025/03/08 14:12:15 Verbose logging: true
2025/03/08 14:12:15 [VERBOSE] (main.go:25) Starting MTP Music Manager
2025/03/08 14:12:15 [VERBOSE] (connect.go:15) Initializing device with timeout of 30s...
2025/03/08 14:12:15 [VERBOSE] (connect.go:28) Starting MTP device detection in background goroutine
2025/03/08 14:12:15 [VERBOSE] (connect.go:40) MTP device found successfully
2025/03/08 14:12:15 [VERBOSE] (connect.go:54) Device initialized successfully
2025/03/08 14:12:15 [VERBOSE] (storage.go:21) Fetching storages with timeout of 30s...
2025/03/08 14:12:15 [VERBOSE] (storage.go:48) Found 1 storage(s) on device
2025/03/08 14:12:15 [VERBOSE] (storage.go:61) Storage #1:  (ID: 131073)
2025/03/08 14:12:23 [VERBOSE] (list.go:502) Starting playlist deletion operation for WORKINGJAUZ.M3U8
2025/03/08 14:12:23 [INFO] (list.go:25) Searching for playlists...
2025/03/08 14:12:23 [INFO] (list.go:46) Searching storage #1:  (ID: 131073)
2025/03/08 14:12:23 [INFO] (list.go:456) Searching for playlists only in /Music directory
2025/03/08 14:12:23 [VERBOSE] (list.go:490) Found playlist: /Music/WORKINGJAUZ.m3u8 (ID: 16777343, Format: 47633)
2025/03/08 14:12:23 [INFO] (list.go:495) Total playlists found in /Music: 1
2025/03/08 14:12:23 [INFO] (list.go:56) Found 1 playlists in storage #1
2025/03/08 14:12:23 [VERBOSE] (list.go:273) Trimmed path: /Music/WORKINGJAUZ.m3u8
2025/03/08 14:12:23 [VERBOSE] (list.go:278) Normalized path: /Music/WORKINGJAUZ.m3u8
2025/03/08 14:12:23 [VERBOSE] (list.go:285) Trying path variation: /Music/WORKINGJAUZ.m3u8
2025/03/08 14:12:23 [VERBOSE] (list.go:325) Found object: WORKINGJAUZ.m3u8 (ID: 16777343)
2025/03/08 14:12:23 [VERBOSE] (list.go:233) Found object by path: /Music/WORKINGJAUZ.m3u8 (ID: 16777343)
2025/03/08 14:12:23 [INFO] (list.go:83) Total playlists found across all storages: 1
2025/03/08 14:12:23 [VERBOSE] (list.go:510) Playlist: WORKINGJAUZ.m3u8
2025/03/08 14:12:23 [INFO] (list.go:531) Playlist contains 17 songs
2025/03/08 14:12:23 [VERBOSE] (list.go:549) Original song path: 0:/MUSIC/JOYRYDE_SKRILLEX/AGEN_WIDA/01 AGEN_WIDA.MP3
2025/03/08 14:12:23 [VERBOSE] (list.go:550) Normalized song path: /Music/JOYRYDE_SKRILLEX/AGEN_WIDA/01 AGEN_WIDA.MP3
2025/03/08 14:12:23 [VERBOSE] (list.go:552) Deleting song: /Music/JOYRYDE_SKRILLEX/AGEN_WIDA/01 AGEN_WIDA.MP3
2025/03/08 14:12:23 [VERBOSE] (list.go:273) Trimmed path: /Music/JOYRYDE_SKRILLEX/AGEN_WIDA/01 AGEN_WIDA.MP3
2025/03/08 14:12:23 [VERBOSE] (list.go:278) Normalized path: /Music/JOYRYDE_SKRILLEX/AGEN_WIDA/01 AGEN_WIDA.MP3
2025/03/08 14:12:23 [VERBOSE] (list.go:285) Trying path variation: /Music/JOYRYDE_SKRILLEX/AGEN_WIDA/01 AGEN_WIDA.MP3
2025/03/08 14:12:23 [VERBOSE] (list.go:285) Trying path variation: /Music/JOYRYDE_SKRILLEX/AGEN_WIDA/01 AGEN_WIDA.MP3
2025/03/08 14:12:24 [VERBOSE] (list.go:285) Trying path variation: Music/JOYRYDE_SKRILLEX/AGEN_WIDA/01 AGEN_WIDA.MP3
2025/03/08 14:12:24 [VERBOSE] (list.go:285) Trying path variation: 0:/Music/JOYRYDE_SKRILLEX/AGEN_WIDA/01 AGEN_WIDA.MP3
2025/03/08 14:12:24 [VERBOSE] (list.go:285) Trying path variation: 0:/Music/JOYRYDE_SKRILLEX/AGEN_WIDA/01 AGEN_WIDA.MP3
2025/03/08 14:12:25 [VERBOSE] (list.go:285) Trying path variation: /MUSIC/JOYRYDE_SKRILLEX/AGEN_WIDA/01 AGEN_WIDA.MP3
2025/03/08 14:12:25 [VERBOSE] (list.go:285) Trying path variation: /music/joyryde_skrillex/agen_wida/01 agen_wida.mp3
2025/03/08 14:12:26 [VERBOSE] (list.go:285) Trying path variation: /MUSIC/JOYRYDE_SKRILLEX/AGEN_WIDA/01 AGEN_WIDA.MP3
2025/03/08 14:12:26 [VERBOSE] (list.go:285) Trying path variation: /music/joyryde_skrillex/agen_wida/01 agen_wida.mp3
2025/03/08 14:12:26 [VERBOSE] (list.go:285) Trying path variation: MUSIC/JOYRYDE_SKRILLEX/AGEN_WIDA/01 AGEN_WIDA.MP3
2025/03/08 14:12:26 [VERBOSE] (list.go:285) Trying path variation: music/joyryde_skrillex/agen_wida/01 agen_wida.mp3
2025/03/08 14:12:27 [VERBOSE] (list.go:285) Trying path variation: 0:/MUSIC/JOYRYDE_SKRILLEX/AGEN_WIDA/01 AGEN_WIDA.MP3
2025/03/08 14:12:27 [VERBOSE] (list.go:285) Trying path variation: 0:/music/joyryde_skrillex/agen_wida/01 agen_wida.mp3
2025/03/08 14:12:28 [VERBOSE] (list.go:285) Trying path variation: 0:/MUSIC/JOYRYDE_SKRILLEX/AGEN_WIDA/01 AGEN_WIDA.MP3
2025/03/08 14:12:29 [VERBOSE] (list.go:285) Trying path variation: 0:/music/joyryde_skrillex/agen_wida/01 agen_wida.mp3
2025/03/08 14:12:30 [VERBOSE] (list.go:233) Found object by path: /Music/JOYRYDE_SKRILLEX/AGEN_WIDA/01 AGEN_WIDA.MP3 (ID: 0)
2025/03/08 14:12:35 [VERBOSE] (upload.go:1170) Found MP3: /Music/JAUZ/FEEL_THE_VOLUME/FEEL_THE_VOLUME.MP3
2025/03/08 14:12:35 [VERBOSE] (upload.go:1170) Found MP3: /Music/JAUZ/GET_TO_ME/GET_TO_ME.MP3
2025/03/08 14:12:35 [VERBOSE] (upload.go:1170) Found MP3: /Music/TI_STO_JAUZ/INFECTED/10 INFECTED.MP3
2025/03/08 14:12:36 [VERBOSE] (upload.go:1170) Found MP3: /Music/KNOCK2/SABLE_VALLEY_SUMMER,_VOL._1/GEMS.MP3
