2025/03/08 14:20:33 --- MTP Music Manager Started ---
2025/03/08 14:20:33 OS: darwin, Architecture: arm64
2025/03/08 14:20:33 Verbose logging: true
2025/03/08 14:20:33 [VERBOSE] (main.go:25) Starting MTP Music Manager
2025/03/08 14:20:33 [VERBOSE] (connect.go:15) Initializing device with timeout of 30s...
2025/03/08 14:20:33 [VERBOSE] (connect.go:28) Starting MTP device detection in background goroutine
2025/03/08 14:20:33 [VERBOSE] (connect.go:40) MTP device found successfully
2025/03/08 14:20:33 [VERBOSE] (connect.go:54) Device initialized successfully
2025/03/08 14:20:33 [VERBOSE] (storage.go:21) Fetching storages with timeout of 30s...
2025/03/08 14:20:33 [VERBOSE] (storage.go:48) Found 1 storage(s) on device
2025/03/08 14:20:33 [VERBOSE] (storage.go:61) Storage #1:  (ID: 131073)
2025/03/08 14:20:34 [INFO] (list.go:93) Searching for MP3 files...
2025/03/08 14:20:34 [INFO] (list.go:112) Searching storage #1:  (ID: 131073)
2025/03/08 14:20:39 [VERBOSE] (list.go:712) Found MP3: /Music/JAUZ/FEEL_THE_VOLUME/FEEL_THE_VOLUME.MP3 (Size: 3766959 bytes)
2025/03/08 14:20:39 [VERBOSE] (list.go:712) Found MP3: /Music/JAUZ/GET_TO_ME/GET_TO_ME.MP3 (Size: 4214562 bytes)
2025/03/08 14:20:40 [VERBOSE] (list.go:712) Found MP3: /Music/TI_STO_JAUZ/INFECTED/10 INFECTED.MP3 (Size: 4660354 bytes)
2025/03/08 14:20:40 [VERBOSE] (list.go:712) Found MP3: /Music/KNOCK2/SABLE_VALLEY_SUMMER,_VOL._1/GEMS.MP3 (Size: 3556564 bytes)
2025/03/08 14:20:42 [VERBOSE] (list.go:712) Found MP3: /Music/BUKU_BASSNECTAR/FRONT_TO_BACK_(BASSNECTAR_REMIX)/FRONT_TO_BACK_-_BASSNECTAR_REMIX.MP3 (Size: 3158589 bytes)
2025/03/08 14:20:42 [VERBOSE] (list.go:712) Found MP3: /Music/DEADMAU5_ROB_SWIRE_JAUZ/GHOSTS_'N'_STUFF_(JAUZ_REMIX)/GHOSTS_'N'_STUFF_-_JAUZ_REMIX.MP3 (Size: 3739538 bytes)
2025/03/08 14:20:42 [INFO] (list.go:722) Scanned 336 files in storage
2025/03/08 14:20:42 [INFO] (list.go:122) Found 6 MP3 files in storage #1
2025/03/08 14:20:42 [INFO] (list.go:132) Total MP3 files found across all storages: 6
2025/03/08 14:22:09 [INFO] (list.go:27) Searching for playlists...
2025/03/08 14:22:09 [INFO] (list.go:48) Searching storage #1:  (ID: 131073)
2025/03/08 14:22:09 [INFO] (list.go:568) Searching for playlists only in /Music directory
2025/03/08 14:22:09 [VERBOSE] (list.go:602) Found playlist: /Music/WORKINGJAUZ.m3u8 (ID: 16777343, Format: 47633)
2025/03/08 14:22:09 [INFO] (list.go:607) Total playlists found in /Music: 1
2025/03/08 14:22:09 [INFO] (list.go:58) Found 1 playlists in storage #1
2025/03/08 14:22:09 [VERBOSE] (list.go:245) Normalized path for lookup: /Music/WORKINGJAUZ.m3u8
2025/03/08 14:22:09 [VERBOSE] (list.go:359) Trimmed path: /Music/WORKINGJAUZ.m3u8
2025/03/08 14:22:09 [VERBOSE] (list.go:364) Normalized path: /Music/WORKINGJAUZ.m3u8
2025/03/08 14:22:09 [VERBOSE] (list.go:371) Trying path variation: /Music/WORKINGJAUZ.m3u8
2025/03/08 14:22:09 [VERBOSE] (list.go:411) Found object: WORKINGJAUZ.m3u8 (ID: 16777343)
2025/03/08 14:22:09 [VERBOSE] (list.go:250) Found object by path: /Music/WORKINGJAUZ.m3u8 (ID: 16777343)
2025/03/08 14:22:09 [INFO] (list.go:85) Total playlists found across all storages: 1
2025/03/08 14:22:13 [INFO] (list.go:93) Searching for MP3 files...
2025/03/08 14:22:13 [INFO] (list.go:112) Searching storage #1:  (ID: 131073)
2025/03/08 14:22:18 [VERBOSE] (list.go:712) Found MP3: /Music/JAUZ/FEEL_THE_VOLUME/FEEL_THE_VOLUME.MP3 (Size: 3766959 bytes)
2025/03/08 14:22:18 [VERBOSE] (list.go:712) Found MP3: /Music/JAUZ/GET_TO_ME/GET_TO_ME.MP3 (Size: 4214562 bytes)
2025/03/08 14:22:18 [VERBOSE] (list.go:712) Found MP3: /Music/TI_STO_JAUZ/INFECTED/10 INFECTED.MP3 (Size: 4660354 bytes)
2025/03/08 14:22:19 [VERBOSE] (list.go:712) Found MP3: /Music/KNOCK2/SABLE_VALLEY_SUMMER,_VOL._1/GEMS.MP3 (Size: 3556564 bytes)
2025/03/08 14:22:21 [VERBOSE] (list.go:712) Found MP3: /Music/BUKU_BASSNECTAR/FRONT_TO_BACK_(BASSNECTAR_REMIX)/FRONT_TO_BACK_-_BASSNECTAR_REMIX.MP3 (Size: 3158589 bytes)
2025/03/08 14:22:21 [VERBOSE] (list.go:712) Found MP3: /Music/DEADMAU5_ROB_SWIRE_JAUZ/GHOSTS_'N'_STUFF_(JAUZ_REMIX)/GHOSTS_'N'_STUFF_-_JAUZ_REMIX.MP3 (Size: 3739538 bytes)
2025/03/08 14:22:21 [INFO] (list.go:722) Scanned 336 files in storage
2025/03/08 14:22:21 [INFO] (list.go:122) Found 6 MP3 files in storage #1
2025/03/08 14:22:21 [INFO] (list.go:132) Total MP3 files found across all storages: 6
